"4624","thig1","System.Byte[]","71732","(12544)","12544","SuccessAudit","An account was successfully logged on.

Subject:
	Security ID:		S-1-0-0
	Account Name:		-
	Account Domain:		-
	Logon ID:		0x0

Logon Information:
	Logon Type:		3
	Restricted Admin Mode:	-
	Virtual Account:		%%1843
	Elevated Token:		%%1843

Impersonation Level:		%%1833

New Logon:
	Security ID:		S-1-5-7
	Account Name:		ANONYMOUS LOGON
	Account Domain:		NT AUTHORITY
	Logon ID:		0x233239ef
	Linked Logon ID:		0x0
	Network Account Name:	-
	Network Account Domain:	-
	Logon GUID:		{00000000-0000-0000-0000-000000000000}

Process Information:
	Process ID:		0x0
	Process Name:		-

Network Information:
	Workstation Name:	VANI-HP
	Source Network Address:	10.0.0.23
	Source Port:		61255

Detailed Authentication Information:
	Logon Process:		NtLmSsp 
	Authentication Package:	NTLM
	Transited Services:	-
	Package Name (NTLM only):	NTLM V1
	Key Length:		128

This event is generated when a logon session is created. It is generated on the computer that was accessed.

The subject fields indicate the account on the local system which requested the logon. This is most commonly a service such as the Server service, or a local process such as Winlogon.exe or Services.exe.

The logon type field indicates the kind of logon that occurred. The most common types are 2 (interactive) and 3 (network).

The New Logon fields indicate the account for whom the new logon was created, i.e. the account that was logged on.

The network fields indicate where a remote logon request originated. Workstation name is not always available and may be left blank in some cases.

The impersonation level field indicates the extent to which a process in the logon session can impersonate.

The authentication information fields provide detailed information about this specific logon request.
	- Logon GUID is a unique identifier that can be used to correlate this event with a KDC event.
	- Transited services indicate which intermediate services have participated in this logon request.
	- Package name indicates which sub-protocol was used among the NTLM protocols.
	- Key length indicates the length of the generated session key. This will be 0 if no session key was requested.","Microsoft-Windows-Security-Auditing","System.String[]","4624","9/21/2016 5:28:09 PM","9/21/2016 5:28:09 PM",,,
"4634","thig1","System.Byte[]","71731","(12545)","12545","SuccessAudit","An account was logged off.

Subject:
	Security ID:		S-1-5-7
	Account Name:		ANONYMOUS LOGON
	Account Domain:		NT AUTHORITY
	Logon ID:		0x2332376d

Logon Type:			3

This event is generated when a logon session is destroyed. It may be positively correlated with a logon event using the Logon ID value. Logon IDs are only unique between reboots on the same computer.","Microsoft-Windows-Security-Auditing","System.String[]","4634","9/21/2016 5:28:08 PM","9/21/2016 5:28:08 PM",,,
"4624","thig1","System.Byte[]","71730","(12544)","12544","SuccessAudit","An account was successfully logged on.

Subject:
	Security ID:		S-1-0-0
	Account Name:		-
	Account Domain:		-
	Logon ID:		0x0

Logon Information:
	Logon Type:		3
	Restricted Admin Mode:	-
	Virtual Account:		%%1843
	Elevated Token:		%%1843

Impersonation Level:		%%1833

New Logon:
	Security ID:		S-1-5-7
	Account Name:		ANONYMOUS LOGON
	Account Domain:		NT AUTHORITY
	Logon ID:		0x2332376d
	Linked Logon ID:		0x0
	Network Account Name:	-
	Network Account Domain:	-
	Logon GUID:		{00000000-0000-0000-0000-000000000000}

Process Information:
	Process ID:		0x0
	Process Name:		-

Network Information:
	Workstation Name:	VANI-HP
	Source Network Address:	10.0.0.23
	Source Port:		61254

Detailed Authentication Information:
	Logon Process:		NtLmSsp 
	Authentication Package:	NTLM
	Transited Services:	-
	Package Name (NTLM only):	NTLM V1
	Key Length:		128

This event is generated when a logon session is created. It is generated on the computer that was accessed.

The subject fields indicate the account on the local system which requested the logon. This is most commonly a service such as the Server service, or a local process such as Winlogon.exe or Services.exe.

The logon type field indicates the kind of logon that occurred. The most common types are 2 (interactive) and 3 (network).

The New Logon fields indicate the account for whom the new logon was created, i.e. the account that was logged on.

The network fields indicate where a remote logon request originated. Workstation name is not always available and may be left blank in some cases.

The impersonation level field indicates the extent to which a process in the logon session can impersonate.

The authentication information fields provide detailed information about this specific logon request.
	- Logon GUID is a unique identifier that can be used to correlate this event with a KDC event.
	- Transited services indicate which intermediate services have participated in this logon request.
	- Package name indicates which sub-protocol was used among the NTLM protocols.
	- Key length indicates the length of the generated session key. This will be 0 if no session key was requested.","Microsoft-Windows-Security-Auditing","System.String[]","4624","9/21/2016 5:28:08 PM","9/21/2016 5:28:08 PM",,,
"4634","thig1","System.Byte[]","71729","(12545)","12545","SuccessAudit","An account was logged off.

Subject:
	Security ID:		S-1-5-7
	Account Name:		ANONYMOUS LOGON
	Account Domain:		NT AUTHORITY
	Logon ID:		0x231d32af

Logon Type:			3

This event is generated when a logon session is destroyed. It may be positively correlated with a logon event using the Logon ID value. Logon IDs are only unique between reboots on the same computer.","Microsoft-Windows-Security-Auditing","System.String[]","4634","9/21/2016 5:16:19 PM","9/21/2016 5:16:19 PM",,,
"4634","thig1","System.Byte[]","71728","(12545)","12545","SuccessAudit","An account was logged off.

Subject:
	Security ID:		S-1-5-7
	Account Name:		ANONYMOUS LOGON
	Account Domain:		NT AUTHORITY
	Logon ID:		0x231d4b0d

Logon Type:			3

This event is generated when a logon session is destroyed. It may be positively correlated with a logon event using the Logon ID value. Logon IDs are only unique between reboots on the same computer.","Microsoft-Windows-Security-Auditing","System.String[]","4634","9/21/2016 5:16:07 PM","9/21/2016 5:16:07 PM",,,
"4624","thig1","System.Byte[]","71727","(12544)","12544","SuccessAudit","An account was successfully logged on.

Subject:
	Security ID:		S-1-0-0
	Account Name:		-
	Account Domain:		-
	Logon ID:		0x0

Logon Information:
	Logon Type:		3
	Restricted Admin Mode:	-
	Virtual Account:		%%1843
	Elevated Token:		%%1843

Impersonation Level:		%%1833

New Logon:
	Security ID:		S-1-5-7
	Account Name:		ANONYMOUS LOGON
	Account Domain:		NT AUTHORITY
	Logon ID:		0x231d4b0d
	Linked Logon ID:		0x0
	Network Account Name:	-
	Network Account Domain:	-
	Logon GUID:		{00000000-0000-0000-0000-000000000000}

Process Information:
	Process ID:		0x0
	Process Name:		-

Network Information:
	Workstation Name:	VANI-HP
	Source Network Address:	10.0.0.23
	Source Port:		61225

Detailed Authentication Information:
	Logon Process:		NtLmSsp 
	Authentication Package:	NTLM
	Transited Services:	-
	Package Name (NTLM only):	NTLM V1
	Key Length:		128

This event is generated when a logon session is created. It is generated on the computer that was accessed.

The subject fields indicate the account on the local system which requested the logon. This is most commonly a service such as the Server service, or a local process such as Winlogon.exe or Services.exe.

The logon type field indicates the kind of logon that occurred. The most common types are 2 (interactive) and 3 (network).

The New Logon fields indicate the account for whom the new logon was created, i.e. the account that was logged on.

The network fields indicate where a remote logon request originated. Workstation name is not always available and may be left blank in some cases.

The impersonation level field indicates the extent to which a process in the logon session can impersonate.

The authentication information fields provide detailed information about this specific logon request.
	- Logon GUID is a unique identifier that can be used to correlate this event with a KDC event.
	- Transited services indicate which intermediate services have participated in this logon request.
	- Package name indicates which sub-protocol was used among the NTLM protocols.
	- Key length indicates the length of the generated session key. This will be 0 if no session key was requested.","Microsoft-Windows-Security-Auditing","System.String[]","4624","9/21/2016 5:16:07 PM","9/21/2016 5:16:07 PM",,,
"4624","thig1","System.Byte[]","71726","(12544)","12544","SuccessAudit","An account was successfully logged on.

Subject:
	Security ID:		S-1-0-0
	Account Name:		-
	Account Domain:		-
	Logon ID:		0x0

Logon Information:
	Logon Type:		3
	Restricted Admin Mode:	-
	Virtual Account:		%%1843
	Elevated Token:		%%1843

Impersonation Level:		%%1833

New Logon:
	Security ID:		S-1-5-7
	Account Name:		ANONYMOUS LOGON
	Account Domain:		NT AUTHORITY
	Logon ID:		0x231d32af
	Linked Logon ID:		0x0
	Network Account Name:	-
	Network Account Domain:	-
	Logon GUID:		{00000000-0000-0000-0000-000000000000}

Process Information:
	Process ID:		0x0
	Process Name:		-

Network Information:
	Workstation Name:	VANI-HP
	Source Network Address:	10.0.0.23
	Source Port:		61224

Detailed Authentication Information:
	Logon Process:		NtLmSsp 
	Authentication Package:	NTLM
	Transited Services:	-
	Package Name (NTLM only):	NTLM V1
	Key Length:		128

This event is generated when a logon session is created. It is generated on the computer that was accessed.

The subject fields indicate the account on the local system which requested the logon. This is most commonly a service such as the Server service, or a local process such as Winlogon.exe or Services.exe.

The logon type field indicates the kind of logon that occurred. The most common types are 2 (interactive) and 3 (network).

The New Logon fields indicate the account for whom the new logon was created, i.e. the account that was logged on.

The network fields indicate where a remote logon request originated. Workstation name is not always available and may be left blank in some cases.

The impersonation level field indicates the extent to which a process in the logon session can impersonate.

The authentication information fields provide detailed information about this specific logon request.
	- Logon GUID is a unique identifier that can be used to correlate this event with a KDC event.
	- Transited services indicate which intermediate services have participated in this logon request.
	- Package name indicates which sub-protocol was used among the NTLM protocols.
	- Key length indicates the length of the generated session key. This will be 0 if no session key was requested.","Microsoft-Windows-Security-Auditing","System.String[]","4624","9/21/2016 5:16:07 PM","9/21/2016 5:16:07 PM",,,
"4634","thig1","System.Byte[]","71725","(12545)","12545","SuccessAudit","An account was logged off.

Subject:
	Security ID:		S-1-5-7
	Account Name:		ANONYMOUS LOGON
	Account Domain:		NT AUTHORITY
	Logon ID:		0x231d3051

Logon Type:			3

This event is generated when a logon session is destroyed. It may be positively correlated with a logon event using the Logon ID value. Logon IDs are only unique between reboots on the same computer.","Microsoft-Windows-Security-Auditing","System.String[]","4634","9/21/2016 5:16:07 PM","9/21/2016 5:16:07 PM",,,
"4624","thig1","System.Byte[]","71724","(12544)","12544","SuccessAudit","An account was successfully logged on.

Subject:
	Security ID:		S-1-0-0
	Account Name:		-
	Account Domain:		-
	Logon ID:		0x0

Logon Information:
	Logon Type:		3
	Restricted Admin Mode:	-
	Virtual Account:		%%1843
	Elevated Token:		%%1843

Impersonation Level:		%%1833

New Logon:
	Security ID:		S-1-5-7
	Account Name:		ANONYMOUS LOGON
	Account Domain:		NT AUTHORITY
	Logon ID:		0x231d3051
	Linked Logon ID:		0x0
	Network Account Name:	-
	Network Account Domain:	-
	Logon GUID:		{00000000-0000-0000-0000-000000000000}

Process Information:
	Process ID:		0x0
	Process Name:		-

Network Information:
	Workstation Name:	VANI-HP
	Source Network Address:	10.0.0.23
	Source Port:		61223

Detailed Authentication Information:
	Logon Process:		NtLmSsp 
	Authentication Package:	NTLM
	Transited Services:	-
	Package Name (NTLM only):	NTLM V1
	Key Length:		128

This event is generated when a logon session is created. It is generated on the computer that was accessed.

The subject fields indicate the account on the local system which requested the logon. This is most commonly a service such as the Server service, or a local process such as Winlogon.exe or Services.exe.

The logon type field indicates the kind of logon that occurred. The most common types are 2 (interactive) and 3 (network).

The New Logon fields indicate the account for whom the new logon was created, i.e. the account that was logged on.

The network fields indicate where a remote logon request originated. Workstation name is not always available and may be left blank in some cases.

The impersonation level field indicates the extent to which a process in the logon session can impersonate.

The authentication information fields provide detailed information about this specific logon request.
	- Logon GUID is a unique identifier that can be used to correlate this event with a KDC event.
	- Transited services indicate which intermediate services have participated in this logon request.
	- Package name indicates which sub-protocol was used among the NTLM protocols.
	- Key length indicates the length of the generated session key. This will be 0 if no session key was requested.","Microsoft-Windows-Security-Auditing","System.String[]","4624","9/21/2016 5:16:07 PM","9/21/2016 5:16:07 PM",,,
"4798","thig1","System.Byte[]","71723","(13824)","13824","SuccessAudit","A user's local group membership was enumerated.

Subject:
	Security ID:		S-1-5-21-3778695357-1403243780-3080767088-1001
	Account Name:		Destiny
	Account Domain:		THIG1
	Logon ID:		0x1b5822d1

User:
	Security ID:		S-1-5-21-3778695357-1403243780-3080767088-1001
	Account Name:		Destiny
	Account Domain:		thig1

Process Information:
	Process ID:		0x1f64
	Process Name:		C:\Windows\explorer.exe","Microsoft-Windows-Security-Auditing","System.String[]","4798","9/21/2016 5:09:25 PM","9/21/2016 5:09:25 PM",,,
"4797","thig1","System.Byte[]","71722","(13824)","13824","SuccessAudit","An attempt was made to query the existence of a blank password for an account.

Subject:
	Security ID:		S-1-5-21-3778695357-1403243780-3080767088-1001
	Account Name:		Destiny
	Account Domain:		THIG1
	Logon ID:		0x1b5822d1

Additional Information:
	Caller Workstation:	THIG1
	Target Account Name:	Guest
	Target Account Domain:	thig1","Microsoft-Windows-Security-Auditing","System.String[]","4797","9/21/2016 5:09:25 PM","9/21/2016 5:09:25 PM",,,
"4797","thig1","System.Byte[]","71721","(13824)","13824","SuccessAudit","An attempt was made to query the existence of a blank password for an account.

Subject:
	Security ID:		S-1-5-21-3778695357-1403243780-3080767088-1001
	Account Name:		Destiny
	Account Domain:		THIG1
	Logon ID:		0x1b5822d1

Additional Information:
	Caller Workstation:	THIG1
	Target Account Name:	DefaultAccount
	Target Account Domain:	thig1","Microsoft-Windows-Security-Auditing","System.String[]","4797","9/21/2016 5:09:25 PM","9/21/2016 5:09:25 PM",,,
"4797","thig1","System.Byte[]","71720","(13824)","13824","SuccessAudit","An attempt was made to query the existence of a blank password for an account.

Subject:
	Security ID:		S-1-5-21-3778695357-1403243780-3080767088-1001
	Account Name:		Destiny
	Account Domain:		THIG1
	Logon ID:		0x1b5822d1

Additional Information:
	Caller Workstation:	THIG1
	Target Account Name:	Administrator
	Target Account Domain:	thig1","Microsoft-Windows-Security-Auditing","System.String[]","4797","9/21/2016 5:09:25 PM","9/21/2016 5:09:25 PM",,,
"4798","thig1","System.Byte[]","71719","(13824)","13824","SuccessAudit","A user's local group membership was enumerated.

Subject:
	Security ID:		S-1-5-21-3778695357-1403243780-3080767088-1001
	Account Name:		Destiny
	Account Domain:		THIG1
	Logon ID:		0x1b5822d1

User:
	Security ID:		S-1-5-21-3778695357-1403243780-3080767088-1001
	Account Name:		Destiny
	Account Domain:		thig1

Process Information:
	Process ID:		0x1f64
	Process Name:		C:\Windows\explorer.exe","Microsoft-Windows-Security-Auditing","System.String[]","4798","9/21/2016 5:09:09 PM","9/21/2016 5:09:09 PM",,,
"4797","thig1","System.Byte[]","71718","(13824)","13824","SuccessAudit","An attempt was made to query the existence of a blank password for an account.

Subject:
	Security ID:		S-1-5-21-3778695357-1403243780-3080767088-1001
	Account Name:		Destiny
	Account Domain:		THIG1
	Logon ID:		0x1b5822d1

Additional Information:
	Caller Workstation:	THIG1
	Target Account Name:	Guest
	Target Account Domain:	thig1","Microsoft-Windows-Security-Auditing","System.String[]","4797","9/21/2016 5:09:09 PM","9/21/2016 5:09:09 PM",,,
"4797","thig1","System.Byte[]","71717","(13824)","13824","SuccessAudit","An attempt was made to query the existence of a blank password for an account.

Subject:
	Security ID:		S-1-5-21-3778695357-1403243780-3080767088-1001
	Account Name:		Destiny
	Account Domain:		THIG1
	Logon ID:		0x1b5822d1

Additional Information:
	Caller Workstation:	THIG1
	Target Account Name:	DefaultAccount
	Target Account Domain:	thig1","Microsoft-Windows-Security-Auditing","System.String[]","4797","9/21/2016 5:09:09 PM","9/21/2016 5:09:09 PM",,,
"4797","thig1","System.Byte[]","71716","(13824)","13824","SuccessAudit","An attempt was made to query the existence of a blank password for an account.

Subject:
	Security ID:		S-1-5-21-3778695357-1403243780-3080767088-1001
	Account Name:		Destiny
	Account Domain:		THIG1
	Logon ID:		0x1b5822d1

Additional Information:
	Caller Workstation:	THIG1
	Target Account Name:	Administrator
	Target Account Domain:	thig1","Microsoft-Windows-Security-Auditing","System.String[]","4797","9/21/2016 5:09:09 PM","9/21/2016 5:09:09 PM",,,
"4634","thig1","System.Byte[]","71715","(12545)","12545","SuccessAudit","An account was logged off.

Subject:
	Security ID:		S-1-5-7
	Account Name:		ANONYMOUS LOGON
	Account Domain:		NT AUTHORITY
	Logon ID:		0x230bf4ed

Logon Type:			3

This event is generated when a logon session is destroyed. It may be positively correlated with a logon event using the Logon ID value. Logon IDs are only unique between reboots on the same computer.","Microsoft-Windows-Security-Auditing","System.String[]","4634","9/21/2016 5:06:58 PM","9/21/2016 5:06:58 PM",,,
"4624","thig1","System.Byte[]","71714","(12544)","12544","SuccessAudit","An account was successfully logged on.

Subject:
	Security ID:		S-1-0-0
	Account Name:		-
	Account Domain:		-
	Logon ID:		0x0

Logon Information:
	Logon Type:		3
	Restricted Admin Mode:	-
	Virtual Account:		%%1843
	Elevated Token:		%%1843

Impersonation Level:		%%1833

New Logon:
	Security ID:		S-1-5-7
	Account Name:		ANONYMOUS LOGON
	Account Domain:		NT AUTHORITY
	Logon ID:		0x230bf4ed
	Linked Logon ID:		0x0
	Network Account Name:	-
	Network Account Domain:	-
	Logon GUID:		{00000000-0000-0000-0000-000000000000}

Process Information:
	Process ID:		0x0
	Process Name:		-

Network Information:
	Workstation Name:	GIDA-HP
	Source Network Address:	10.0.0.127
	Source Port:		62603

Detailed Authentication Information:
	Logon Process:		NtLmSsp 
	Authentication Package:	NTLM
	Transited Services:	-
	Package Name (NTLM only):	NTLM V1
	Key Length:		128

This event is generated when a logon session is created. It is generated on the computer that was accessed.

The subject fields indicate the account on the local system which requested the logon. This is most commonly a service such as the Server service, or a local process such as Winlogon.exe or Services.exe.

The logon type field indicates the kind of logon that occurred. The most common types are 2 (interactive) and 3 (network).

The New Logon fields indicate the account for whom the new logon was created, i.e. the account that was logged on.

The network fields indicate where a remote logon request originated. Workstation name is not always available and may be left blank in some cases.

The impersonation level field indicates the extent to which a process in the logon session can impersonate.

The authentication information fields provide detailed information about this specific logon request.
	- Logon GUID is a unique identifier that can be used to correlate this event with a KDC event.
	- Transited services indicate which intermediate services have participated in this logon request.
	- Package name indicates which sub-protocol was used among the NTLM protocols.
	- Key length indicates the length of the generated session key. This will be 0 if no session key was requested.","Microsoft-Windows-Security-Auditing","System.String[]","4624","9/21/2016 5:06:47 PM","9/21/2016 5:06:47 PM",,,
"4634","thig1","System.Byte[]","71713","(12545)","12545","SuccessAudit","An account was logged off.

Subject:
	Security ID:		S-1-5-7
	Account Name:		ANONYMOUS LOGON
	Account Domain:		NT AUTHORITY
	Logon ID:		0x23079540

Logon Type:			3

This event is generated when a logon session is destroyed. It may be positively correlated with a logon event using the Logon ID value. Logon IDs are only unique between reboots on the same computer.","Microsoft-Windows-Security-Auditing","System.String[]","4634","9/21/2016 5:04:19 PM","9/21/2016 5:04:19 PM",,,
"4634","thig1","System.Byte[]","71712","(12545)","12545","SuccessAudit","An account was logged off.

Subject:
	Security ID:		S-1-5-7
	Account Name:		ANONYMOUS LOGON
	Account Domain:		NT AUTHORITY
	Logon ID:		0x2307a913

Logon Type:			3

This event is generated when a logon session is destroyed. It may be positively correlated with a logon event using the Logon ID value. Logon IDs are only unique between reboots on the same computer.","Microsoft-Windows-Security-Auditing","System.String[]","4634","9/21/2016 5:04:07 PM","9/21/2016 5:04:07 PM",,,
"4624","thig1","System.Byte[]","71711","(12544)","12544","SuccessAudit","An account was successfully logged on.

Subject:
	Security ID:		S-1-0-0
	Account Name:		-
	Account Domain:		-
	Logon ID:		0x0

Logon Information:
	Logon Type:		3
	Restricted Admin Mode:	-
	Virtual Account:		%%1843
	Elevated Token:		%%1843

Impersonation Level:		%%1833

New Logon:
	Security ID:		S-1-5-7
	Account Name:		ANONYMOUS LOGON
	Account Domain:		NT AUTHORITY
	Logon ID:		0x2307a913
	Linked Logon ID:		0x0
	Network Account Name:	-
	Network Account Domain:	-
	Logon GUID:		{00000000-0000-0000-0000-000000000000}

Process Information:
	Process ID:		0x0
	Process Name:		-

Network Information:
	Workstation Name:	VANI-HP
	Source Network Address:	10.0.0.23
	Source Port:		61194

Detailed Authentication Information:
	Logon Process:		NtLmSsp 
	Authentication Package:	NTLM
	Transited Services:	-
	Package Name (NTLM only):	NTLM V1
	Key Length:		128

This event is generated when a logon session is created. It is generated on the computer that was accessed.

The subject fields indicate the account on the local system which requested the logon. This is most commonly a service such as the Server service, or a local process such as Winlogon.exe or Services.exe.

The logon type field indicates the kind of logon that occurred. The most common types are 2 (interactive) and 3 (network).

The New Logon fields indicate the account for whom the new logon was created, i.e. the account that was logged on.

The network fields indicate where a remote logon request originated. Workstation name is not always available and may be left blank in some cases.

The impersonation level field indicates the extent to which a process in the logon session can impersonate.

The authentication information fields provide detailed information about this specific logon request.
	- Logon GUID is a unique identifier that can be used to correlate this event with a KDC event.
	- Transited services indicate which intermediate services have participated in this logon request.
	- Package name indicates which sub-protocol was used among the NTLM protocols.
	- Key length indicates the length of the generated session key. This will be 0 if no session key was requested.","Microsoft-Windows-Security-Auditing","System.String[]","4624","9/21/2016 5:04:07 PM","9/21/2016 5:04:07 PM",,,
"4624","thig1","System.Byte[]","71710","(12544)","12544","SuccessAudit","An account was successfully logged on.

Subject:
	Security ID:		S-1-0-0
	Account Name:		-
	Account Domain:		-
	Logon ID:		0x0

Logon Information:
	Logon Type:		3
	Restricted Admin Mode:	-
	Virtual Account:		%%1843
	Elevated Token:		%%1843

Impersonation Level:		%%1833

New Logon:
	Security ID:		S-1-5-7
	Account Name:		ANONYMOUS LOGON
	Account Domain:		NT AUTHORITY
	Logon ID:		0x23079540
	Linked Logon ID:		0x0
	Network Account Name:	-
	Network Account Domain:	-
	Logon GUID:		{00000000-0000-0000-0000-000000000000}

Process Information:
	Process ID:		0x0
	Process Name:		-

Network Information:
	Workstation Name:	VANI-HP
	Source Network Address:	10.0.0.23
	Source Port:		61193

Detailed Authentication Information:
	Logon Process:		NtLmSsp 
	Authentication Package:	NTLM
	Transited Services:	-
	Package Name (NTLM only):	NTLM V1
	Key Length:		128

This event is generated when a logon session is created. It is generated on the computer that was accessed.

The subject fields indicate the account on the local system which requested the logon. This is most commonly a service such as the Server service, or a local process such as Winlogon.exe or Services.exe.

The logon type field indicates the kind of logon that occurred. The most common types are 2 (interactive) and 3 (network).

The New Logon fields indicate the account for whom the new logon was created, i.e. the account that was logged on.

The network fields indicate where a remote logon request originated. Workstation name is not always available and may be left blank in some cases.

The impersonation level field indicates the extent to which a process in the logon session can impersonate.

The authentication information fields provide detailed information about this specific logon request.
	- Logon GUID is a unique identifier that can be used to correlate this event with a KDC event.
	- Transited services indicate which intermediate services have participated in this logon request.
	- Package name indicates which sub-protocol was used among the NTLM protocols.
	- Key length indicates the length of the generated session key. This will be 0 if no session key was requested.","Microsoft-Windows-Security-Auditing","System.String[]","4624","9/21/2016 5:04:06 PM","9/21/2016 5:04:06 PM",,,
"4634","thig1","System.Byte[]","71709","(12545)","12545","SuccessAudit","An account was logged off.

Subject:
	Security ID:		S-1-5-7
	Account Name:		ANONYMOUS LOGON
	Account Domain:		NT AUTHORITY
	Logon ID:		0x23076f77

Logon Type:			3

This event is generated when a logon session is destroyed. It may be positively correlated with a logon event using the Logon ID value. Logon IDs are only unique between reboots on the same computer.","Microsoft-Windows-Security-Auditing","System.String[]","4634","9/21/2016 5:04:06 PM","9/21/2016 5:04:06 PM",,,
"4624","thig1","System.Byte[]","71708","(12544)","12544","SuccessAudit","An account was successfully logged on.

Subject:
	Security ID:		S-1-0-0
	Account Name:		-
	Account Domain:		-
	Logon ID:		0x0

Logon Information:
	Logon Type:		3
	Restricted Admin Mode:	-
	Virtual Account:		%%1843
	Elevated Token:		%%1843

Impersonation Level:		%%1833

New Logon:
	Security ID:		S-1-5-7
	Account Name:		ANONYMOUS LOGON
	Account Domain:		NT AUTHORITY
	Logon ID:		0x23076f77
	Linked Logon ID:		0x0
	Network Account Name:	-
	Network Account Domain:	-
	Logon GUID:		{00000000-0000-0000-0000-000000000000}

Process Information:
	Process ID:		0x0
	Process Name:		-

Network Information:
	Workstation Name:	VANI-HP
	Source Network Address:	10.0.0.23
	Source Port:		61192

Detailed Authentication Information:
	Logon Process:		NtLmSsp 
	Authentication Package:	NTLM
	Transited Services:	-
	Package Name (NTLM only):	NTLM V1
	Key Length:		128

This event is generated when a logon session is created. It is generated on the computer that was accessed.

The subject fields indicate the account on the local system which requested the logon. This is most commonly a service such as the Server service, or a local process such as Winlogon.exe or Services.exe.

The logon type field indicates the kind of logon that occurred. The most common types are 2 (interactive) and 3 (network).

The New Logon fields indicate the account for whom the new logon was created, i.e. the account that was logged on.

The network fields indicate where a remote logon request originated. Workstation name is not always available and may be left blank in some cases.

The impersonation level field indicates the extent to which a process in the logon session can impersonate.

The authentication information fields provide detailed information about this specific logon request.
	- Logon GUID is a unique identifier that can be used to correlate this event with a KDC event.
	- Transited services indicate which intermediate services have participated in this logon request.
	- Package name indicates which sub-protocol was used among the NTLM protocols.
	- Key length indicates the length of the generated session key. This will be 0 if no session key was requested.","Microsoft-Windows-Security-Auditing","System.String[]","4624","9/21/2016 5:04:06 PM","9/21/2016 5:04:06 PM",,,
"4798","thig1","System.Byte[]","71707","(13824)","13824","SuccessAudit","A user's local group membership was enumerated.

Subject:
	Security ID:		S-1-5-21-3778695357-1403243780-3080767088-1001
	Account Name:		Destiny
	Account Domain:		THIG1
	Logon ID:		0x1b5822d1

User:
	Security ID:		S-1-5-21-3778695357-1403243780-3080767088-1001
	Account Name:		Destiny
	Account Domain:		thig1

Process Information:
	Process ID:		0x1f64
	Process Name:		C:\Windows\explorer.exe","Microsoft-Windows-Security-Auditing","System.String[]","4798","9/21/2016 5:03:47 PM","9/21/2016 5:03:47 PM",,,
"4797","thig1","System.Byte[]","71706","(13824)","13824","SuccessAudit","An attempt was made to query the existence of a blank password for an account.

Subject:
	Security ID:		S-1-5-21-3778695357-1403243780-3080767088-1001
	Account Name:		Destiny
	Account Domain:		THIG1
	Logon ID:		0x1b5822d1

Additional Information:
	Caller Workstation:	THIG1
	Target Account Name:	Guest
	Target Account Domain:	thig1","Microsoft-Windows-Security-Auditing","System.String[]","4797","9/21/2016 5:03:47 PM","9/21/2016 5:03:47 PM",,,
"4797","thig1","System.Byte[]","71705","(13824)","13824","SuccessAudit","An attempt was made to query the existence of a blank password for an account.

Subject:
	Security ID:		S-1-5-21-3778695357-1403243780-3080767088-1001
	Account Name:		Destiny
	Account Domain:		THIG1
	Logon ID:		0x1b5822d1

Additional Information:
	Caller Workstation:	THIG1
	Target Account Name:	DefaultAccount
	Target Account Domain:	thig1","Microsoft-Windows-Security-Auditing","System.String[]","4797","9/21/2016 5:03:47 PM","9/21/2016 5:03:47 PM",,,
"4797","thig1","System.Byte[]","71704","(13824)","13824","SuccessAudit","An attempt was made to query the existence of a blank password for an account.

Subject:
	Security ID:		S-1-5-21-3778695357-1403243780-3080767088-1001
	Account Name:		Destiny
	Account Domain:		THIG1
	Logon ID:		0x1b5822d1

Additional Information:
	Caller Workstation:	THIG1
	Target Account Name:	Administrator
	Target Account Domain:	thig1","Microsoft-Windows-Security-Auditing","System.String[]","4797","9/21/2016 5:03:47 PM","9/21/2016 5:03:47 PM",,,
"4798","thig1","System.Byte[]","71703","(13824)","13824","SuccessAudit","A user's local group membership was enumerated.

Subject:
	Security ID:		S-1-5-21-3778695357-1403243780-3080767088-1001
	Account Name:		Destiny
	Account Domain:		THIG1
	Logon ID:		0x1b5822d1

User:
	Security ID:		S-1-5-21-3778695357-1403243780-3080767088-1001
	Account Name:		Destiny
	Account Domain:		thig1

Process Information:
	Process ID:		0x1f64
	Process Name:		C:\Windows\explorer.exe","Microsoft-Windows-Security-Auditing","System.String[]","4798","9/21/2016 5:03:47 PM","9/21/2016 5:03:47 PM",,,
"4797","thig1","System.Byte[]","71702","(13824)","13824","SuccessAudit","An attempt was made to query the existence of a blank password for an account.

Subject:
	Security ID:		S-1-5-21-3778695357-1403243780-3080767088-1001
	Account Name:		Destiny
	Account Domain:		THIG1
	Logon ID:		0x1b5822d1

Additional Information:
	Caller Workstation:	THIG1
	Target Account Name:	Guest
	Target Account Domain:	thig1","Microsoft-Windows-Security-Auditing","System.String[]","4797","9/21/2016 5:03:47 PM","9/21/2016 5:03:47 PM",,,
"4797","thig1","System.Byte[]","71701","(13824)","13824","SuccessAudit","An attempt was made to query the existence of a blank password for an account.

Subject:
	Security ID:		S-1-5-21-3778695357-1403243780-3080767088-1001
	Account Name:		Destiny
	Account Domain:		THIG1
	Logon ID:		0x1b5822d1

Additional Information:
	Caller Workstation:	THIG1
	Target Account Name:	DefaultAccount
	Target Account Domain:	thig1","Microsoft-Windows-Security-Auditing","System.String[]","4797","9/21/2016 5:03:47 PM","9/21/2016 5:03:47 PM",,,
"4797","thig1","System.Byte[]","71700","(13824)","13824","SuccessAudit","An attempt was made to query the existence of a blank password for an account.

Subject:
	Security ID:		S-1-5-21-3778695357-1403243780-3080767088-1001
	Account Name:		Destiny
	Account Domain:		THIG1
	Logon ID:		0x1b5822d1

Additional Information:
	Caller Workstation:	THIG1
	Target Account Name:	Administrator
	Target Account Domain:	thig1","Microsoft-Windows-Security-Auditing","System.String[]","4797","9/21/2016 5:03:47 PM","9/21/2016 5:03:47 PM",,,
"4672","thig1","System.Byte[]","71699","(12548)","12548","SuccessAudit","Special privileges assigned to new logon.

Subject:
	Security ID:		S-1-5-18
	Account Name:		SYSTEM
	Account Domain:		NT AUTHORITY
	Logon ID:		0x3e7

Privileges:		SeAssignPrimaryTokenPrivilege
			SeTcbPrivilege
			SeSecurityPrivilege
			SeTakeOwnershipPrivilege
			SeLoadDriverPrivilege
			SeBackupPrivilege
			SeRestorePrivilege
			SeDebugPrivilege
			SeAuditPrivilege
			SeSystemEnvironmentPrivilege
			SeImpersonatePrivilege","Microsoft-Windows-Security-Auditing","System.String[]","4672","9/21/2016 5:03:44 PM","9/21/2016 5:03:44 PM",,,
"4624","thig1","System.Byte[]","71698","(12544)","12544","SuccessAudit","An account was successfully logged on.

Subject:
	Security ID:		S-1-5-18
	Account Name:		THIG1$
	Account Domain:		WORKGROUP
	Logon ID:		0x3e7

Logon Information:
	Logon Type:		5
	Restricted Admin Mode:	-
	Virtual Account:		%%1843
	Elevated Token:		%%1842

Impersonation Level:		%%1833

New Logon:
	Security ID:		S-1-5-18
	Account Name:		SYSTEM
	Account Domain:		NT AUTHORITY
	Logon ID:		0x3e7
	Linked Logon ID:		0x0
	Network Account Name:	-
	Network Account Domain:	-
	Logon GUID:		{00000000-0000-0000-0000-000000000000}

Process Information:
	Process ID:		0x2e4
	Process Name:		C:\Windows\System32\services.exe

Network Information:
	Workstation Name:	
	Source Network Address:	-
	Source Port:		-

Detailed Authentication Information:
	Logon Process:		Advapi  
	Authentication Package:	Negotiate
	Transited Services:	-
	Package Name (NTLM only):	-
	Key Length:		0

This event is generated when a logon session is created. It is generated on the computer that was accessed.

The subject fields indicate the account on the local system which requested the logon. This is most commonly a service such as the Server service, or a local process such as Winlogon.exe or Services.exe.

The logon type field indicates the kind of logon that occurred. The most common types are 2 (interactive) and 3 (network).

The New Logon fields indicate the account for whom the new logon was created, i.e. the account that was logged on.

The network fields indicate where a remote logon request originated. Workstation name is not always available and may be left blank in some cases.

The impersonation level field indicates the extent to which a process in the logon session can impersonate.

The authentication information fields provide detailed information about this specific logon request.
	- Logon GUID is a unique identifier that can be used to correlate this event with a KDC event.
	- Transited services indicate which intermediate services have participated in this logon request.
	- Package name indicates which sub-protocol was used among the NTLM protocols.
	- Key length indicates the length of the generated session key. This will be 0 if no session key was requested.","Microsoft-Windows-Security-Auditing","System.String[]","4624","9/21/2016 5:03:44 PM","9/21/2016 5:03:44 PM",,,
"4634","thig1","System.Byte[]","71697","(12545)","12545","SuccessAudit","An account was logged off.

Subject:
	Security ID:		S-1-5-7
	Account Name:		ANONYMOUS LOGON
	Account Domain:		NT AUTHORITY
	Logon ID:		0x22f3c367

Logon Type:			3

This event is generated when a logon session is destroyed. It may be positively correlated with a logon event using the Logon ID value. Logon IDs are only unique between reboots on the same computer.","Microsoft-Windows-Security-Auditing","System.String[]","4634","9/21/2016 4:52:19 PM","9/21/2016 4:52:19 PM",,,
"4634","thig1","System.Byte[]","71696","(12545)","12545","SuccessAudit","An account was logged off.

Subject:
	Security ID:		S-1-5-7
	Account Name:		ANONYMOUS LOGON
	Account Domain:		NT AUTHORITY
	Logon ID:		0x22f3c4d7

Logon Type:			3

This event is generated when a logon session is destroyed. It may be positively correlated with a logon event using the Logon ID value. Logon IDs are only unique between reboots on the same computer.","Microsoft-Windows-Security-Auditing","System.String[]","4634","9/21/2016 4:52:05 PM","9/21/2016 4:52:05 PM",,,
"4624","thig1","System.Byte[]","71695","(12544)","12544","SuccessAudit","An account was successfully logged on.

Subject:
	Security ID:		S-1-0-0
	Account Name:		-
	Account Domain:		-
	Logon ID:		0x0

Logon Information:
	Logon Type:		3
	Restricted Admin Mode:	-
	Virtual Account:		%%1843
	Elevated Token:		%%1843

Impersonation Level:		%%1833

New Logon:
	Security ID:		S-1-5-7
	Account Name:		ANONYMOUS LOGON
	Account Domain:		NT AUTHORITY
	Logon ID:		0x22f3c4d7
	Linked Logon ID:		0x0
	Network Account Name:	-
	Network Account Domain:	-
	Logon GUID:		{00000000-0000-0000-0000-000000000000}

Process Information:
	Process ID:		0x0
	Process Name:		-

Network Information:
	Workstation Name:	VANI-HP
	Source Network Address:	10.0.0.23
	Source Port:		61169

Detailed Authentication Information:
	Logon Process:		NtLmSsp 
	Authentication Package:	NTLM
	Transited Services:	-
	Package Name (NTLM only):	NTLM V1
	Key Length:		128

This event is generated when a logon session is created. It is generated on the computer that was accessed.

The subject fields indicate the account on the local system which requested the logon. This is most commonly a service such as the Server service, or a local process such as Winlogon.exe or Services.exe.

The logon type field indicates the kind of logon that occurred. The most common types are 2 (interactive) and 3 (network).

The New Logon fields indicate the account for whom the new logon was created, i.e. the account that was logged on.

The network fields indicate where a remote logon request originated. Workstation name is not always available and may be left blank in some cases.

The impersonation level field indicates the extent to which a process in the logon session can impersonate.

The authentication information fields provide detailed information about this specific logon request.
	- Logon GUID is a unique identifier that can be used to correlate this event with a KDC event.
	- Transited services indicate which intermediate services have participated in this logon request.
	- Package name indicates which sub-protocol was used among the NTLM protocols.
	- Key length indicates the length of the generated session key. This will be 0 if no session key was requested.","Microsoft-Windows-Security-Auditing","System.String[]","4624","9/21/2016 4:52:05 PM","9/21/2016 4:52:05 PM",,,
"4624","thig1","System.Byte[]","71694","(12544)","12544","SuccessAudit","An account was successfully logged on.

Subject:
	Security ID:		S-1-0-0
	Account Name:		-
	Account Domain:		-
	Logon ID:		0x0

Logon Information:
	Logon Type:		3
	Restricted Admin Mode:	-
	Virtual Account:		%%1843
	Elevated Token:		%%1843

Impersonation Level:		%%1833

New Logon:
	Security ID:		S-1-5-7
	Account Name:		ANONYMOUS LOGON
	Account Domain:		NT AUTHORITY
	Logon ID:		0x22f3c367
	Linked Logon ID:		0x0
	Network Account Name:	-
	Network Account Domain:	-
	Logon GUID:		{00000000-0000-0000-0000-000000000000}

Process Information:
	Process ID:		0x0
	Process Name:		-

Network Information:
	Workstation Name:	VANI-HP
	Source Network Address:	10.0.0.23
	Source Port:		61168

Detailed Authentication Information:
	Logon Process:		NtLmSsp 
	Authentication Package:	NTLM
	Transited Services:	-
	Package Name (NTLM only):	NTLM V1
	Key Length:		128

This event is generated when a logon session is created. It is generated on the computer that was accessed.

The subject fields indicate the account on the local system which requested the logon. This is most commonly a service such as the Server service, or a local process such as Winlogon.exe or Services.exe.

The logon type field indicates the kind of logon that occurred. The most common types are 2 (interactive) and 3 (network).

The New Logon fields indicate the account for whom the new logon was created, i.e. the account that was logged on.

The network fields indicate where a remote logon request originated. Workstation name is not always available and may be left blank in some cases.

The impersonation level field indicates the extent to which a process in the logon session can impersonate.

The authentication information fields provide detailed information about this specific logon request.
	- Logon GUID is a unique identifier that can be used to correlate this event with a KDC event.
	- Transited services indicate which intermediate services have participated in this logon request.
	- Package name indicates which sub-protocol was used among the NTLM protocols.
	- Key length indicates the length of the generated session key. This will be 0 if no session key was requested.","Microsoft-Windows-Security-Auditing","System.String[]","4624","9/21/2016 4:52:05 PM","9/21/2016 4:52:05 PM",,,
"4634","thig1","System.Byte[]","71693","(12545)","12545","SuccessAudit","An account was logged off.

Subject:
	Security ID:		S-1-5-7
	Account Name:		ANONYMOUS LOGON
	Account Domain:		NT AUTHORITY
	Logon ID:		0x22f3c08c

Logon Type:			3

This event is generated when a logon session is destroyed. It may be positively correlated with a logon event using the Logon ID value. Logon IDs are only unique between reboots on the same computer.","Microsoft-Windows-Security-Auditing","System.String[]","4634","9/21/2016 4:52:05 PM","9/21/2016 4:52:05 PM",,,
"4624","thig1","System.Byte[]","71692","(12544)","12544","SuccessAudit","An account was successfully logged on.

Subject:
	Security ID:		S-1-0-0
	Account Name:		-
	Account Domain:		-
	Logon ID:		0x0

Logon Information:
	Logon Type:		3
	Restricted Admin Mode:	-
	Virtual Account:		%%1843
	Elevated Token:		%%1843

Impersonation Level:		%%1833

New Logon:
	Security ID:		S-1-5-7
	Account Name:		ANONYMOUS LOGON
	Account Domain:		NT AUTHORITY
	Logon ID:		0x22f3c08c
	Linked Logon ID:		0x0
	Network Account Name:	-
	Network Account Domain:	-
	Logon GUID:		{00000000-0000-0000-0000-000000000000}

Process Information:
	Process ID:		0x0
	Process Name:		-

Network Information:
	Workstation Name:	VANI-HP
	Source Network Address:	10.0.0.23
	Source Port:		61167

Detailed Authentication Information:
	Logon Process:		NtLmSsp 
	Authentication Package:	NTLM
	Transited Services:	-
	Package Name (NTLM only):	NTLM V1
	Key Length:		128

This event is generated when a logon session is created. It is generated on the computer that was accessed.

The subject fields indicate the account on the local system which requested the logon. This is most commonly a service such as the Server service, or a local process such as Winlogon.exe or Services.exe.

The logon type field indicates the kind of logon that occurred. The most common types are 2 (interactive) and 3 (network).

The New Logon fields indicate the account for whom the new logon was created, i.e. the account that was logged on.

The network fields indicate where a remote logon request originated. Workstation name is not always available and may be left blank in some cases.

The impersonation level field indicates the extent to which a process in the logon session can impersonate.

The authentication information fields provide detailed information about this specific logon request.
	- Logon GUID is a unique identifier that can be used to correlate this event with a KDC event.
	- Transited services indicate which intermediate services have participated in this logon request.
	- Package name indicates which sub-protocol was used among the NTLM protocols.
	- Key length indicates the length of the generated session key. This will be 0 if no session key was requested.","Microsoft-Windows-Security-Auditing","System.String[]","4624","9/21/2016 4:52:05 PM","9/21/2016 4:52:05 PM",,,
"4634","thig1","System.Byte[]","71691","(12545)","12545","SuccessAudit","An account was logged off.

Subject:
	Security ID:		S-1-5-7
	Account Name:		ANONYMOUS LOGON
	Account Domain:		NT AUTHORITY
	Logon ID:		0x22e1c0e1

Logon Type:			3

This event is generated when a logon session is destroyed. It may be positively correlated with a logon event using the Logon ID value. Logon IDs are only unique between reboots on the same computer.","Microsoft-Windows-Security-Auditing","System.String[]","4634","9/21/2016 4:40:19 PM","9/21/2016 4:40:19 PM",,,
"4634","thig1","System.Byte[]","71690","(12545)","12545","SuccessAudit","An account was logged off.

Subject:
	Security ID:		S-1-5-7
	Account Name:		ANONYMOUS LOGON
	Account Domain:		NT AUTHORITY
	Logon ID:		0x22e1c24a

Logon Type:			3

This event is generated when a logon session is destroyed. It may be positively correlated with a logon event using the Logon ID value. Logon IDs are only unique between reboots on the same computer.","Microsoft-Windows-Security-Auditing","System.String[]","4634","9/21/2016 4:40:04 PM","9/21/2016 4:40:04 PM",,,
"4624","thig1","System.Byte[]","71689","(12544)","12544","SuccessAudit","An account was successfully logged on.

Subject:
	Security ID:		S-1-0-0
	Account Name:		-
	Account Domain:		-
	Logon ID:		0x0

Logon Information:
	Logon Type:		3
	Restricted Admin Mode:	-
	Virtual Account:		%%1843
	Elevated Token:		%%1843

Impersonation Level:		%%1833

New Logon:
	Security ID:		S-1-5-7
	Account Name:		ANONYMOUS LOGON
	Account Domain:		NT AUTHORITY
	Logon ID:		0x22e1c24a
	Linked Logon ID:		0x0
	Network Account Name:	-
	Network Account Domain:	-
	Logon GUID:		{00000000-0000-0000-0000-000000000000}

Process Information:
	Process ID:		0x0
	Process Name:		-

Network Information:
	Workstation Name:	VANI-HP
	Source Network Address:	10.0.0.23
	Source Port:		61159

Detailed Authentication Information:
	Logon Process:		NtLmSsp 
	Authentication Package:	NTLM
	Transited Services:	-
	Package Name (NTLM only):	NTLM V1
	Key Length:		128

This event is generated when a logon session is created. It is generated on the computer that was accessed.

The subject fields indicate the account on the local system which requested the logon. This is most commonly a service such as the Server service, or a local process such as Winlogon.exe or Services.exe.

The logon type field indicates the kind of logon that occurred. The most common types are 2 (interactive) and 3 (network).

The New Logon fields indicate the account for whom the new logon was created, i.e. the account that was logged on.

The network fields indicate where a remote logon request originated. Workstation name is not always available and may be left blank in some cases.

The impersonation level field indicates the extent to which a process in the logon session can impersonate.

The authentication information fields provide detailed information about this specific logon request.
	- Logon GUID is a unique identifier that can be used to correlate this event with a KDC event.
	- Transited services indicate which intermediate services have participated in this logon request.
	- Package name indicates which sub-protocol was used among the NTLM protocols.
	- Key length indicates the length of the generated session key. This will be 0 if no session key was requested.","Microsoft-Windows-Security-Auditing","System.String[]","4624","9/21/2016 4:40:04 PM","9/21/2016 4:40:04 PM",,,
