"4907","thig1","System.Byte[]","69723","(13568)","13568","SuccessAudit","Auditing settings on object were changed.

Subject:
	Security ID:		S-1-5-18
	Account Name:		THIG1$
	Account Domain:		WORKGROUP
	Logon ID:		0x3e7

Object:
	Object Server:	Security
	Object Type:	File
	Object Name:	C:\$WINDOWS.~BT\Sources\SafeOS\SafeOS.Mount\windows\winsxs\filemaps\$$_syswow64_sr-latn-rs_f675dc9d3d7875cf.cdf-ms
	Handle ID:	0x1414

Process Information:
	Process ID:	0x1230
	Process Name:	C:\$WINDOWS.~BT\Sources\SetupHost.exe

Auditing Settings:
	Original Security Descriptor:	
	New Security Descriptor:		S:ARAI(AU;SAFA;0x1f0116;;;WD)","Microsoft-Windows-Security-Auditing","System.String[]","4907","9/21/2016 8:09:25 AM","9/21/2016 8:09:25 AM",,,
"4907","thig1","System.Byte[]","69722","(13568)","13568","SuccessAudit","Auditing settings on object were changed.

Subject:
	Security ID:		S-1-5-18
	Account Name:		THIG1$
	Account Domain:		WORKGROUP
	Logon ID:		0x3e7

Object:
	Object Server:	Security
	Object Type:	File
	Object Name:	C:\$WINDOWS.~BT\Sources\SafeOS\SafeOS.Mount\windows\winsxs\filemaps\$$_syswow64_sv-se_b8f1d9684fb17aaa.cdf-ms
	Handle ID:	0x141c

Process Information:
	Process ID:	0x1230
	Process Name:	C:\$WINDOWS.~BT\Sources\SetupHost.exe

Auditing Settings:
	Original Security Descriptor:	
	New Security Descriptor:		S:ARAI(AU;SAFA;0x1f0116;;;WD)","Microsoft-Windows-Security-Auditing","System.String[]","4907","9/21/2016 8:09:25 AM","9/21/2016 8:09:25 AM",,,
"4907","thig1","System.Byte[]","69721","(13568)","13568","SuccessAudit","Auditing settings on object were changed.

Subject:
	Security ID:		S-1-5-18
	Account Name:		THIG1$
	Account Domain:		WORKGROUP
	Logon ID:		0x3e7

Object:
	Object Server:	Security
	Object Type:	File
	Object Name:	C:\$WINDOWS.~BT\Sources\SafeOS\SafeOS.Mount\windows\winsxs\filemaps\$$_syswow64_sr-latn-cs_f675c0233d78a086.cdf-ms
	Handle ID:	0x1424

Process Information:
	Process ID:	0x1230
	Process Name:	C:\$WINDOWS.~BT\Sources\SetupHost.exe

Auditing Settings:
	Original Security Descriptor:	
	New Security Descriptor:		S:ARAI(AU;SAFA;0x1f0116;;;WD)","Microsoft-Windows-Security-Auditing","System.String[]","4907","9/21/2016 8:09:25 AM","9/21/2016 8:09:25 AM",,,
"4907","thig1","System.Byte[]","69720","(13568)","13568","SuccessAudit","Auditing settings on object were changed.

Subject:
	Security ID:		S-1-5-18
	Account Name:		THIG1$
	Account Domain:		WORKGROUP
	Logon ID:		0x3e7

Object:
	Object Server:	Security
	Object Type:	File
	Object Name:	C:\$WINDOWS.~BT\Sources\SafeOS\SafeOS.Mount\windows\winsxs\filemaps\$$_syswow64_smi_store_7b60732feba1c4a2.cdf-ms
	Handle ID:	0x1428

Process Information:
	Process ID:	0x1230
	Process Name:	C:\$WINDOWS.~BT\Sources\SetupHost.exe

Auditing Settings:
	Original Security Descriptor:	
	New Security Descriptor:		S:ARAI(AU;SAFA;0x1f0116;;;WD)","Microsoft-Windows-Security-Auditing","System.String[]","4907","9/21/2016 8:09:25 AM","9/21/2016 8:09:25 AM",,,
"4907","thig1","System.Byte[]","69719","(13568)","13568","SuccessAudit","Auditing settings on object were changed.

Subject:
	Security ID:		S-1-5-18
	Account Name:		THIG1$
	Account Domain:		WORKGROUP
	Logon ID:		0x3e7

Object:
	Object Server:	Security
	Object Type:	File
	Object Name:	C:\$WINDOWS.~BT\Sources\SafeOS\SafeOS.Mount\windows\winsxs\filemaps\$$_syswow64_smi_store_machine_d77e364e5a797f0d.cdf-ms
	Handle ID:	0x940

Process Information:
	Process ID:	0x1230
	Process Name:	C:\$WINDOWS.~BT\Sources\SetupHost.exe

Auditing Settings:
	Original Security Descriptor:	
	New Security Descriptor:		S:ARAI(AU;SAFA;0x1f0116;;;WD)","Microsoft-Windows-Security-Auditing","System.String[]","4907","9/21/2016 8:09:25 AM","9/21/2016 8:09:25 AM",,,
"4907","thig1","System.Byte[]","69718","(13568)","13568","SuccessAudit","Auditing settings on object were changed.

Subject:
	Security ID:		S-1-5-18
	Account Name:		THIG1$
	Account Domain:		WORKGROUP
	Logon ID:		0x3e7

Object:
	Object Server:	Security
	Object Type:	File
	Object Name:	C:\$WINDOWS.~BT\Sources\SafeOS\SafeOS.Mount\windows\winsxs\filemaps\$$_syswow64_smi_1bf253f5a7664eed.cdf-ms
	Handle ID:	0x944

Process Information:
	Process ID:	0x1230
	Process Name:	C:\$WINDOWS.~BT\Sources\SetupHost.exe

Auditing Settings:
	Original Security Descriptor:	
	New Security Descriptor:		S:ARAI(AU;SAFA;0x1f0116;;;WD)","Microsoft-Windows-Security-Auditing","System.String[]","4907","9/21/2016 8:09:25 AM","9/21/2016 8:09:25 AM",,,
"4907","thig1","System.Byte[]","69717","(13568)","13568","SuccessAudit","Auditing settings on object were changed.

Subject:
	Security ID:		S-1-5-18
	Account Name:		THIG1$
	Account Domain:		WORKGROUP
	Logon ID:		0x3e7

Object:
	Object Server:	Security
	Object Type:	File
	Object Name:	C:\$WINDOWS.~BT\Sources\SafeOS\SafeOS.Mount\windows\winsxs\filemaps\$$_syswow64_smi_manifests_3a5de332226f42b3.cdf-ms
	Handle ID:	0x948

Process Information:
	Process ID:	0x1230
	Process Name:	C:\$WINDOWS.~BT\Sources\SetupHost.exe

Auditing Settings:
	Original Security Descriptor:	
	New Security Descriptor:		S:ARAI(AU;SAFA;0x1f0116;;;WD)","Microsoft-Windows-Security-Auditing","System.String[]","4907","9/21/2016 8:09:25 AM","9/21/2016 8:09:25 AM",,,
"4907","thig1","System.Byte[]","69716","(13568)","13568","SuccessAudit","Auditing settings on object were changed.

Subject:
	Security ID:		S-1-5-18
	Account Name:		THIG1$
	Account Domain:		WORKGROUP
	Logon ID:		0x3e7

Object:
	Object Server:	Security
	Object Type:	File
	Object Name:	C:\$WINDOWS.~BT\Sources\SafeOS\SafeOS.Mount\windows\winsxs\filemaps\$$_syswow64_sl-si_b8f1e2684fb16c1c.cdf-ms
	Handle ID:	0x93c

Process Information:
	Process ID:	0x1230
	Process Name:	C:\$WINDOWS.~BT\Sources\SetupHost.exe

Auditing Settings:
	Original Security Descriptor:	
	New Security Descriptor:		S:ARAI(AU;SAFA;0x1f0116;;;WD)","Microsoft-Windows-Security-Auditing","System.String[]","4907","9/21/2016 8:09:25 AM","9/21/2016 8:09:25 AM",,,
"4907","thig1","System.Byte[]","69715","(13568)","13568","SuccessAudit","Auditing settings on object were changed.

Subject:
	Security ID:		S-1-5-18
	Account Name:		THIG1$
	Account Domain:		WORKGROUP
	Logon ID:		0x3e7

Object:
	Object Server:	Security
	Object Type:	File
	Object Name:	C:\$WINDOWS.~BT\Sources\SafeOS\SafeOS.Mount\windows\winsxs\filemaps\$$_syswow64_sk-sk_b8f1e6584fb16619.cdf-ms
	Handle ID:	0xa44

Process Information:
	Process ID:	0x1230
	Process Name:	C:\$WINDOWS.~BT\Sources\SetupHost.exe

Auditing Settings:
	Original Security Descriptor:	
	New Security Descriptor:		S:ARAI(AU;SAFA;0x1f0116;;;WD)","Microsoft-Windows-Security-Auditing","System.String[]","4907","9/21/2016 8:09:25 AM","9/21/2016 8:09:25 AM",,,
"4907","thig1","System.Byte[]","69714","(13568)","13568","SuccessAudit","Auditing settings on object were changed.

Subject:
	Security ID:		S-1-5-18
	Account Name:		THIG1$
	Account Domain:		WORKGROUP
	Logon ID:		0x3e7

Object:
	Object Server:	Security
	Object Type:	File
	Object Name:	C:\$WINDOWS.~BT\Sources\SafeOS\SafeOS.Mount\windows\winsxs\filemaps\$$_syswow64_ru-ru_b70b8052528b002f.cdf-ms
	Handle ID:	0x4e4

Process Information:
	Process ID:	0x1230
	Process Name:	C:\$WINDOWS.~BT\Sources\SetupHost.exe

Auditing Settings:
	Original Security Descriptor:	
	New Security Descriptor:		S:ARAI(AU;SAFA;0x1f0116;;;WD)","Microsoft-Windows-Security-Auditing","System.String[]","4907","9/21/2016 8:09:25 AM","9/21/2016 8:09:25 AM",,,
"4907","thig1","System.Byte[]","69713","(13568)","13568","SuccessAudit","Auditing settings on object were changed.

Subject:
	Security ID:		S-1-5-18
	Account Name:		THIG1$
	Account Domain:		WORKGROUP
	Logon ID:		0x3e7

Object:
	Object Server:	Security
	Object Type:	File
	Object Name:	C:\$WINDOWS.~BT\Sources\SafeOS\SafeOS.Mount\windows\winsxs\filemaps\$$_syswow64_ro-ro_b70b75c6528b0f5f.cdf-ms
	Handle ID:	0xb18

Process Information:
	Process ID:	0x1230
	Process Name:	C:\$WINDOWS.~BT\Sources\SetupHost.exe

Auditing Settings:
	Original Security Descriptor:	
	New Security Descriptor:		S:ARAI(AU;SAFA;0x1f0116;;;WD)","Microsoft-Windows-Security-Auditing","System.String[]","4907","9/21/2016 8:09:25 AM","9/21/2016 8:09:25 AM",,,
"4907","thig1","System.Byte[]","69712","(13568)","13568","SuccessAudit","Auditing settings on object were changed.

Subject:
	Security ID:		S-1-5-18
	Account Name:		THIG1$
	Account Domain:		WORKGROUP
	Logon ID:		0x3e7

Object:
	Object Server:	Security
	Object Type:	File
	Object Name:	C:\$WINDOWS.~BT\Sources\SafeOS\SafeOS.Mount\windows\winsxs\filemaps\$$_syswow64_pt-pt_b33e8f5c583e6983.cdf-ms
	Handle ID:	0x838

Process Information:
	Process ID:	0x1230
	Process Name:	C:\$WINDOWS.~BT\Sources\SetupHost.exe

Auditing Settings:
	Original Security Descriptor:	
	New Security Descriptor:		S:ARAI(AU;SAFA;0x1f0116;;;WD)","Microsoft-Windows-Security-Auditing","System.String[]","4907","9/21/2016 8:09:25 AM","9/21/2016 8:09:25 AM",,,
"4907","thig1","System.Byte[]","69711","(13568)","13568","SuccessAudit","Auditing settings on object were changed.

Subject:
	Security ID:		S-1-5-18
	Account Name:		THIG1$
	Account Domain:		WORKGROUP
	Logon ID:		0x3e7

Object:
	Object Server:	Security
	Object Type:	File
	Object Name:	C:\$WINDOWS.~BT\Sources\SafeOS\SafeOS.Mount\windows\winsxs\filemaps\$$_syswow64_pt-br_b33e8b90583e6f27.cdf-ms
	Handle ID:	0xb34

Process Information:
	Process ID:	0x1230
	Process Name:	C:\$WINDOWS.~BT\Sources\SetupHost.exe

Auditing Settings:
	Original Security Descriptor:	
	New Security Descriptor:		S:ARAI(AU;SAFA;0x1f0116;;;WD)","Microsoft-Windows-Security-Auditing","System.String[]","4907","9/21/2016 8:09:25 AM","9/21/2016 8:09:25 AM",,,
"4907","thig1","System.Byte[]","69710","(13568)","13568","SuccessAudit","Auditing settings on object were changed.

Subject:
	Security ID:		S-1-5-18
	Account Name:		THIG1$
	Account Domain:		WORKGROUP
	Logon ID:		0x3e7

Object:
	Object Server:	Security
	Object Type:	File
	Object Name:	C:\$WINDOWS.~BT\Sources\SafeOS\SafeOS.Mount\windows\winsxs\filemaps\$$_syswow64_oobe_1bf24c07bb30ce37.cdf-ms
	Handle ID:	0x4d8

Process Information:
	Process ID:	0x1230
	Process Name:	C:\$WINDOWS.~BT\Sources\SetupHost.exe

Auditing Settings:
	Original Security Descriptor:	
	New Security Descriptor:		S:ARAI(AU;SAFA;0x1f0116;;;WD)","Microsoft-Windows-Security-Auditing","System.String[]","4907","9/21/2016 8:09:25 AM","9/21/2016 8:09:25 AM",,,
"4907","thig1","System.Byte[]","69709","(13568)","13568","SuccessAudit","Auditing settings on object were changed.

Subject:
	Security ID:		S-1-5-18
	Account Name:		THIG1$
	Account Domain:		WORKGROUP
	Logon ID:		0x3e7

Object:
	Object Server:	Security
	Object Type:	File
	Object Name:	C:\$WINDOWS.~BT\Sources\SafeOS\SafeOS.Mount\windows\winsxs\filemaps\$$_syswow64_pl-pl_b33e814c583e7dc3.cdf-ms
	Handle ID:	0x5c0

Process Information:
	Process ID:	0x1230
	Process Name:	C:\$WINDOWS.~BT\Sources\SetupHost.exe

Auditing Settings:
	Original Security Descriptor:	
	New Security Descriptor:		S:ARAI(AU;SAFA;0x1f0116;;;WD)","Microsoft-Windows-Security-Auditing","System.String[]","4907","9/21/2016 8:09:25 AM","9/21/2016 8:09:25 AM",,,
"4907","thig1","System.Byte[]","69708","(13568)","13568","SuccessAudit","Auditing settings on object were changed.

Subject:
	Security ID:		S-1-5-18
	Account Name:		THIG1$
	Account Domain:		WORKGROUP
	Logon ID:		0x3e7

Object:
	Object Server:	Security
	Object Type:	File
	Object Name:	C:\$WINDOWS.~BT\Sources\SafeOS\SafeOS.Mount\windows\winsxs\filemaps\$$_syswow64_nb-no_af7199325df1d8da.cdf-ms
	Handle ID:	0x894

Process Information:
	Process ID:	0x1230
	Process Name:	C:\$WINDOWS.~BT\Sources\SetupHost.exe

Auditing Settings:
	Original Security Descriptor:	
	New Security Descriptor:		S:ARAI(AU;SAFA;0x1f0116;;;WD)","Microsoft-Windows-Security-Auditing","System.String[]","4907","9/21/2016 8:09:25 AM","9/21/2016 8:09:25 AM",,,
"4907","thig1","System.Byte[]","69707","(13568)","13568","SuccessAudit","Auditing settings on object were changed.

Subject:
	Security ID:		S-1-5-18
	Account Name:		THIG1$
	Account Domain:		WORKGROUP
	Logon ID:		0x3e7

Object:
	Object Server:	Security
	Object Type:	File
	Object Name:	C:\$WINDOWS.~BT\Sources\SafeOS\SafeOS.Mount\windows\winsxs\filemaps\$$_syswow64_nl-nl_af7192185df1e48f.cdf-ms
	Handle ID:	0xbb0

Process Information:
	Process ID:	0x1230
	Process Name:	C:\$WINDOWS.~BT\Sources\SetupHost.exe

Auditing Settings:
	Original Security Descriptor:	
	New Security Descriptor:		S:ARAI(AU;SAFA;0x1f0116;;;WD)","Microsoft-Windows-Security-Auditing","System.String[]","4907","9/21/2016 8:09:25 AM","9/21/2016 8:09:25 AM",,,
"4907","thig1","System.Byte[]","69706","(13568)","13568","SuccessAudit","Auditing settings on object were changed.

Subject:
	Security ID:		S-1-5-18
	Account Name:		THIG1$
	Account Domain:		WORKGROUP
	Logon ID:		0x3e7

Object:
	Object Server:	Security
	Object Type:	File
	Object Name:	C:\$WINDOWS.~BT\Sources\SafeOS\SafeOS.Mount\windows\winsxs\filemaps\$$_syswow64_migration_bdcfa47e8790e0c4.cdf-ms
	Handle ID:	0xa4c

Process Information:
	Process ID:	0x1230
	Process Name:	C:\$WINDOWS.~BT\Sources\SetupHost.exe

Auditing Settings:
	Original Security Descriptor:	
	New Security Descriptor:		S:ARAI(AU;SAFA;0x1f0116;;;WD)","Microsoft-Windows-Security-Auditing","System.String[]","4907","9/21/2016 8:09:25 AM","9/21/2016 8:09:25 AM",,,
"4907","thig1","System.Byte[]","69705","(13568)","13568","SuccessAudit","Auditing settings on object were changed.

Subject:
	Security ID:		S-1-5-18
	Account Name:		THIG1$
	Account Domain:		WORKGROUP
	Logon ID:		0x3e7

Object:
	Object Server:	Security
	Object Type:	File
	Object Name:	C:\$WINDOWS.~BT\Sources\SafeOS\SafeOS.Mount\windows\winsxs\filemaps\$$_syswow64_lt-lt_aba4b0f463a5371b.cdf-ms
	Handle ID:	0x9dc

Process Information:
	Process ID:	0x1230
	Process Name:	C:\$WINDOWS.~BT\Sources\SetupHost.exe

Auditing Settings:
	Original Security Descriptor:	
	New Security Descriptor:		S:ARAI(AU;SAFA;0x1f0116;;;WD)","Microsoft-Windows-Security-Auditing","System.String[]","4907","9/21/2016 8:09:25 AM","9/21/2016 8:09:25 AM",,,
"4907","thig1","System.Byte[]","69704","(13568)","13568","SuccessAudit","Auditing settings on object were changed.

Subject:
	Security ID:		S-1-5-18
	Account Name:		THIG1$
	Account Domain:		WORKGROUP
	Logon ID:		0x3e7

Object:
	Object Server:	Security
	Object Type:	File
	Object Name:	C:\$WINDOWS.~BT\Sources\SafeOS\SafeOS.Mount\windows\winsxs\filemaps\$$_syswow64_lv-lv_aba4b47863a5320b.cdf-ms
	Handle ID:	0x638

Process Information:
	Process ID:	0x1230
	Process Name:	C:\$WINDOWS.~BT\Sources\SetupHost.exe

Auditing Settings:
	Original Security Descriptor:	
	New Security Descriptor:		S:ARAI(AU;SAFA;0x1f0116;;;WD)","Microsoft-Windows-Security-Auditing","System.String[]","4907","9/21/2016 8:09:25 AM","9/21/2016 8:09:25 AM",,,
"4907","thig1","System.Byte[]","69703","(13568)","13568","SuccessAudit","Auditing settings on object were changed.

Subject:
	Security ID:		S-1-5-18
	Account Name:		THIG1$
	Account Domain:		WORKGROUP
	Logon ID:		0x3e7

Object:
	Object Server:	Security
	Object Type:	File
	Object Name:	C:\$WINDOWS.~BT\Sources\SafeOS\SafeOS.Mount\windows\winsxs\filemaps\$$_syswow64_ko-kr_a9be3642667eee9e.cdf-ms
	Handle ID:	0x8b0

Process Information:
	Process ID:	0x1230
	Process Name:	C:\$WINDOWS.~BT\Sources\SetupHost.exe

Auditing Settings:
	Original Security Descriptor:	
	New Security Descriptor:		S:ARAI(AU;SAFA;0x1f0116;;;WD)","Microsoft-Windows-Security-Auditing","System.String[]","4907","9/21/2016 8:09:25 AM","9/21/2016 8:09:25 AM",,,
"4907","thig1","System.Byte[]","69702","(13568)","13568","SuccessAudit","Auditing settings on object were changed.

Subject:
	Security ID:		S-1-5-18
	Account Name:		THIG1$
	Account Domain:		WORKGROUP
	Logon ID:		0x3e7

Object:
	Object Server:	Security
	Object Type:	File
	Object Name:	C:\$WINDOWS.~BT\Sources\SafeOS\SafeOS.Mount\windows\winsxs\filemaps\$$_syswow64_ja-jp_a7d7bcd46958a348.cdf-ms
	Handle ID:	0xb04

Process Information:
	Process ID:	0x1230
	Process Name:	C:\$WINDOWS.~BT\Sources\SetupHost.exe

Auditing Settings:
	Original Security Descriptor:	
	New Security Descriptor:		S:ARAI(AU;SAFA;0x1f0116;;;WD)","Microsoft-Windows-Security-Auditing","System.String[]","4907","9/21/2016 8:09:25 AM","9/21/2016 8:09:25 AM",,,
"4907","thig1","System.Byte[]","69701","(13568)","13568","SuccessAudit","Auditing settings on object were changed.

Subject:
	Security ID:		S-1-5-18
	Account Name:		THIG1$
	Account Domain:		WORKGROUP
	Logon ID:		0x3e7

Object:
	Object Server:	Security
	Object Type:	File
	Object Name:	C:\$WINDOWS.~BT\Sources\SafeOS\SafeOS.Mount\windows\winsxs\filemaps\$$_syswow64_it-it_a5f14a266c32514d.cdf-ms
	Handle ID:	0x678

Process Information:
	Process ID:	0x1230
	Process Name:	C:\$WINDOWS.~BT\Sources\SetupHost.exe

Auditing Settings:
	Original Security Descriptor:	
	New Security Descriptor:		S:ARAI(AU;SAFA;0x1f0116;;;WD)","Microsoft-Windows-Security-Auditing","System.String[]","4907","9/21/2016 8:09:25 AM","9/21/2016 8:09:25 AM",,,
"4907","thig1","System.Byte[]","69700","(13568)","13568","SuccessAudit","Auditing settings on object were changed.

Subject:
	Security ID:		S-1-5-18
	Account Name:		THIG1$
	Account Domain:		WORKGROUP
	Logon ID:		0x3e7

Object:
	Object Server:	Security
	Object Type:	File
	Object Name:	C:\$WINDOWS.~BT\Sources\SafeOS\SafeOS.Mount\windows\winsxs\filemaps\$$_syswow64_hu-hu_a40ad44e6f0c022b.cdf-ms
	Handle ID:	0x324

Process Information:
	Process ID:	0x1230
	Process Name:	C:\$WINDOWS.~BT\Sources\SetupHost.exe

Auditing Settings:
	Original Security Descriptor:	
	New Security Descriptor:		S:ARAI(AU;SAFA;0x1f0116;;;WD)","Microsoft-Windows-Security-Auditing","System.String[]","4907","9/21/2016 8:09:25 AM","9/21/2016 8:09:25 AM",,,
"4907","thig1","System.Byte[]","69699","(13568)","13568","SuccessAudit","Auditing settings on object were changed.

Subject:
	Security ID:		S-1-5-18
	Account Name:		THIG1$
	Account Domain:		WORKGROUP
	Logon ID:		0x3e7

Object:
	Object Server:	Security
	Object Type:	File
	Object Name:	C:\$WINDOWS.~BT\Sources\SafeOS\SafeOS.Mount\windows\winsxs\filemaps\$$_syswow64_hr-hr_a40acf086f0c09c3.cdf-ms
	Handle ID:	0x920

Process Information:
	Process ID:	0x1230
	Process Name:	C:\$WINDOWS.~BT\Sources\SetupHost.exe

Auditing Settings:
	Original Security Descriptor:	
	New Security Descriptor:		S:ARAI(AU;SAFA;0x1f0116;;;WD)","Microsoft-Windows-Security-Auditing","System.String[]","4907","9/21/2016 8:09:25 AM","9/21/2016 8:09:25 AM",,,
"4907","thig1","System.Byte[]","69698","(13568)","13568","SuccessAudit","Auditing settings on object were changed.

Subject:
	Security ID:		S-1-5-18
	Account Name:		THIG1$
	Account Domain:		WORKGROUP
	Logon ID:		0x3e7

Object:
	Object Server:	Security
	Object Type:	File
	Object Name:	C:\$WINDOWS.~BT\Sources\SafeOS\SafeOS.Mount\windows\winsxs\filemaps\$$_syswow64_he-il_a40ac5786f0c16bd.cdf-ms
	Handle ID:	0xa38

Process Information:
	Process ID:	0x1230
	Process Name:	C:\$WINDOWS.~BT\Sources\SetupHost.exe

Auditing Settings:
	Original Security Descriptor:	
	New Security Descriptor:		S:ARAI(AU;SAFA;0x1f0116;;;WD)","Microsoft-Windows-Security-Auditing","System.String[]","4907","9/21/2016 8:09:25 AM","9/21/2016 8:09:25 AM",,,
"4907","thig1","System.Byte[]","69697","(13568)","13568","SuccessAudit","Auditing settings on object were changed.

Subject:
	Security ID:		S-1-5-18
	Account Name:		THIG1$
	Account Domain:		WORKGROUP
	Logon ID:		0x3e7

Object:
	Object Server:	Security
	Object Type:	File
	Object Name:	C:\$WINDOWS.~BT\Sources\SafeOS\SafeOS.Mount\windows\winsxs\filemaps\$$_syswow64_fr-fr_a03ddfd474bf708f.cdf-ms
	Handle ID:	0x50c

Process Information:
	Process ID:	0x1230
	Process Name:	C:\$WINDOWS.~BT\Sources\SetupHost.exe

Auditing Settings:
	Original Security Descriptor:	
	New Security Descriptor:		S:ARAI(AU;SAFA;0x1f0116;;;WD)","Microsoft-Windows-Security-Auditing","System.String[]","4907","9/21/2016 8:09:25 AM","9/21/2016 8:09:25 AM",,,
"4907","thig1","System.Byte[]","69696","(13568)","13568","SuccessAudit","Auditing settings on object were changed.

Subject:
	Security ID:		S-1-5-18
	Account Name:		THIG1$
	Account Domain:		WORKGROUP
	Logon ID:		0x3e7

Object:
	Object Server:	Security
	Object Type:	File
	Object Name:	C:\$WINDOWS.~BT\Sources\SafeOS\SafeOS.Mount\windows\winsxs\filemaps\$$_syswow64_fr-ca_a03dbf8e74bfa0f5.cdf-ms
	Handle ID:	0xa8c

Process Information:
	Process ID:	0x1230
	Process Name:	C:\$WINDOWS.~BT\Sources\SetupHost.exe

Auditing Settings:
	Original Security Descriptor:	
	New Security Descriptor:		S:ARAI(AU;SAFA;0x1f0116;;;WD)","Microsoft-Windows-Security-Auditing","System.String[]","4907","9/21/2016 8:09:25 AM","9/21/2016 8:09:25 AM",,,
"4907","thig1","System.Byte[]","69695","(13568)","13568","SuccessAudit","Auditing settings on object were changed.

Subject:
	Security ID:		S-1-5-18
	Account Name:		THIG1$
	Account Domain:		WORKGROUP
	Logon ID:		0x3e7

Object:
	Object Server:	Security
	Object Type:	File
	Object Name:	C:\$WINDOWS.~BT\Sources\SafeOS\SafeOS.Mount\windows\winsxs\filemaps\$$_syswow64_fi-fi_a03dd00274bf8757.cdf-ms
	Handle ID:	0x4a4

Process Information:
	Process ID:	0x1230
	Process Name:	C:\$WINDOWS.~BT\Sources\SetupHost.exe

Auditing Settings:
	Original Security Descriptor:	
	New Security Descriptor:		S:ARAI(AU;SAFA;0x1f0116;;;WD)","Microsoft-Windows-Security-Auditing","System.String[]","4907","9/21/2016 8:09:25 AM","9/21/2016 8:09:25 AM",,,
"4907","thig1","System.Byte[]","69694","(13568)","13568","SuccessAudit","Auditing settings on object were changed.

Subject:
	Security ID:		S-1-5-18
	Account Name:		THIG1$
	Account Domain:		WORKGROUP
	Logon ID:		0x3e7

Object:
	Object Server:	Security
	Object Type:	File
	Object Name:	C:\$WINDOWS.~BT\Sources\SafeOS\SafeOS.Mount\windows\winsxs\filemaps\$$_syswow64_es-es_9e5769fc7799216d.cdf-ms
	Handle ID:	0x8f4

Process Information:
	Process ID:	0x1230
	Process Name:	C:\$WINDOWS.~BT\Sources\SetupHost.exe

Auditing Settings:
	Original Security Descriptor:	
	New Security Descriptor:		S:ARAI(AU;SAFA;0x1f0116;;;WD)","Microsoft-Windows-Security-Auditing","System.String[]","4907","9/21/2016 8:09:25 AM","9/21/2016 8:09:25 AM",,,
"4907","thig1","System.Byte[]","69693","(13568)","13568","SuccessAudit","Auditing settings on object were changed.

Subject:
	Security ID:		S-1-5-18
	Account Name:		THIG1$
	Account Domain:		WORKGROUP
	Logon ID:		0x3e7

Object:
	Object Server:	Security
	Object Type:	File
	Object Name:	C:\$WINDOWS.~BT\Sources\SafeOS\SafeOS.Mount\windows\winsxs\filemaps\$$_syswow64_es-mx_9e57737a77991338.cdf-ms
	Handle ID:	0x6b8

Process Information:
	Process ID:	0x1230
	Process Name:	C:\$WINDOWS.~BT\Sources\SetupHost.exe

Auditing Settings:
	Original Security Descriptor:	
	New Security Descriptor:		S:ARAI(AU;SAFA;0x1f0116;;;WD)","Microsoft-Windows-Security-Auditing","System.String[]","4907","9/21/2016 8:09:25 AM","9/21/2016 8:09:25 AM",,,
"4907","thig1","System.Byte[]","69692","(13568)","13568","SuccessAudit","Auditing settings on object were changed.

Subject:
	Security ID:		S-1-5-18
	Account Name:		THIG1$
	Account Domain:		WORKGROUP
	Logon ID:		0x3e7

Object:
	Object Server:	Security
	Object Type:	File
	Object Name:	C:\$WINDOWS.~BT\Sources\SafeOS\SafeOS.Mount\windows\winsxs\filemaps\$$_syswow64_et-ee_9e574f447799499c.cdf-ms
	Handle ID:	0x4cc

Process Information:
	Process ID:	0x1230
	Process Name:	C:\$WINDOWS.~BT\Sources\SetupHost.exe

Auditing Settings:
	Original Security Descriptor:	
	New Security Descriptor:		S:ARAI(AU;SAFA;0x1f0116;;;WD)","Microsoft-Windows-Security-Auditing","System.String[]","4907","9/21/2016 8:09:25 AM","9/21/2016 8:09:25 AM",,,
"4907","thig1","System.Byte[]","69691","(13568)","13568","SuccessAudit","Auditing settings on object were changed.

Subject:
	Security ID:		S-1-5-18
	Account Name:		THIG1$
	Account Domain:		WORKGROUP
	Logon ID:		0x3e7

Object:
	Object Server:	Security
	Object Type:	File
	Object Name:	C:\$WINDOWS.~BT\Sources\SafeOS\SafeOS.Mount\windows\winsxs\filemaps\$$_syswow64_downlevel_6821b3350853d81a.cdf-ms
	Handle ID:	0x9d0

Process Information:
	Process ID:	0x1230
	Process Name:	C:\$WINDOWS.~BT\Sources\SetupHost.exe

Auditing Settings:
	Original Security Descriptor:	
	New Security Descriptor:		S:ARAI(AU;SAFA;0x1f0116;;;WD)","Microsoft-Windows-Security-Auditing","System.String[]","4907","9/21/2016 8:09:25 AM","9/21/2016 8:09:25 AM",,,
"4907","thig1","System.Byte[]","69690","(13568)","13568","SuccessAudit","Auditing settings on object were changed.

Subject:
	Security ID:		S-1-5-18
	Account Name:		THIG1$
	Account Domain:		WORKGROUP
	Logon ID:		0x3e7

Object:
	Object Server:	Security
	Object Type:	File
	Object Name:	C:\$WINDOWS.~BT\Sources\SafeOS\SafeOS.Mount\windows\winsxs\filemaps\$$_syswow64_en-gb_9e574a6a77995043.cdf-ms
	Handle ID:	0xab8

Process Information:
	Process ID:	0x1230
	Process Name:	C:\$WINDOWS.~BT\Sources\SetupHost.exe

Auditing Settings:
	Original Security Descriptor:	
	New Security Descriptor:		S:ARAI(AU;SAFA;0x1f0116;;;WD)","Microsoft-Windows-Security-Auditing","System.String[]","4907","9/21/2016 8:09:25 AM","9/21/2016 8:09:25 AM",,,
"4907","thig1","System.Byte[]","69689","(13568)","13568","SuccessAudit","Auditing settings on object were changed.

Subject:
	Security ID:		S-1-5-18
	Account Name:		THIG1$
	Account Domain:		WORKGROUP
	Logon ID:		0x3e7

Object:
	Object Server:	Security
	Object Type:	File
	Object Name:	C:\$WINDOWS.~BT\Sources\SafeOS\SafeOS.Mount\windows\winsxs\filemaps\$$_syswow64_el-gr_9e57691277992211.cdf-ms
	Handle ID:	0x1264

Process Information:
	Process ID:	0x1230
	Process Name:	C:\$WINDOWS.~BT\Sources\SetupHost.exe

Auditing Settings:
	Original Security Descriptor:	
	New Security Descriptor:		S:ARAI(AU;SAFA;0x1f0116;;;WD)","Microsoft-Windows-Security-Auditing","System.String[]","4907","9/21/2016 8:09:25 AM","9/21/2016 8:09:25 AM",,,
"4907","thig1","System.Byte[]","69688","(13568)","13568","SuccessAudit","Auditing settings on object were changed.

Subject:
	Security ID:		S-1-5-18
	Account Name:		THIG1$
	Account Domain:		WORKGROUP
	Logon ID:		0x3e7

Object:
	Object Server:	Security
	Object Type:	File
	Object Name:	C:\$WINDOWS.~BT\Sources\SafeOS\SafeOS.Mount\windows\winsxs\filemaps\$$_syswow64_drivers_193c6528ad70a5e7.cdf-ms
	Handle ID:	0xaa4

Process Information:
	Process ID:	0x1230
	Process Name:	C:\$WINDOWS.~BT\Sources\SetupHost.exe

Auditing Settings:
	Original Security Descriptor:	
	New Security Descriptor:		S:ARAI(AU;SAFA;0x1f0116;;;WD)","Microsoft-Windows-Security-Auditing","System.String[]","4907","9/21/2016 8:09:25 AM","9/21/2016 8:09:25 AM",,,
"4907","thig1","System.Byte[]","69687","(13568)","13568","SuccessAudit","Auditing settings on object were changed.

Subject:
	Security ID:		S-1-5-18
	Account Name:		THIG1$
	Account Domain:		WORKGROUP
	Logon ID:		0x3e7

Object:
	Object Server:	Security
	Object Type:	File
	Object Name:	C:\$WINDOWS.~BT\Sources\SafeOS\SafeOS.Mount\windows\winsxs\filemaps\$$_syswow64_da-dk_9c70e5ba7a72e5e9.cdf-ms
	Handle ID:	0xde4

Process Information:
	Process ID:	0x1230
	Process Name:	C:\$WINDOWS.~BT\Sources\SetupHost.exe

Auditing Settings:
	Original Security Descriptor:	
	New Security Descriptor:		S:ARAI(AU;SAFA;0x1f0116;;;WD)","Microsoft-Windows-Security-Auditing","System.String[]","4907","9/21/2016 8:09:25 AM","9/21/2016 8:09:25 AM",,,
"4907","thig1","System.Byte[]","69686","(13568)","13568","SuccessAudit","Auditing settings on object were changed.

Subject:
	Security ID:		S-1-5-18
	Account Name:		THIG1$
	Account Domain:		WORKGROUP
	Logon ID:		0x3e7

Object:
	Object Server:	Security
	Object Type:	File
	Object Name:	C:\$WINDOWS.~BT\Sources\SafeOS\SafeOS.Mount\windows\winsxs\filemaps\$$_syswow64_de-de_9c70d9c67a72f843.cdf-ms
	Handle ID:	0x1880

Process Information:
	Process ID:	0x1230
	Process Name:	C:\$WINDOWS.~BT\Sources\SetupHost.exe

Auditing Settings:
	Original Security Descriptor:	
	New Security Descriptor:		S:ARAI(AU;SAFA;0x1f0116;;;WD)","Microsoft-Windows-Security-Auditing","System.String[]","4907","9/21/2016 8:09:25 AM","9/21/2016 8:09:25 AM",,,
"4907","thig1","System.Byte[]","69685","(13568)","13568","SuccessAudit","Auditing settings on object were changed.

Subject:
	Security ID:		S-1-5-18
	Account Name:		THIG1$
	Account Domain:		WORKGROUP
	Logon ID:		0x3e7

Object:
	Object Server:	Security
	Object Type:	File
	Object Name:	C:\$WINDOWS.~BT\Sources\SafeOS\SafeOS.Mount\windows\winsxs\filemaps\$$_syswow64_cs-cz_9a8a88127d4c744a.cdf-ms
	Handle ID:	0x187c

Process Information:
	Process ID:	0x1230
	Process Name:	C:\$WINDOWS.~BT\Sources\SetupHost.exe

Auditing Settings:
	Original Security Descriptor:	
	New Security Descriptor:		S:ARAI(AU;SAFA;0x1f0116;;;WD)","Microsoft-Windows-Security-Auditing","System.String[]","4907","9/21/2016 8:09:25 AM","9/21/2016 8:09:25 AM",,,
"4907","thig1","System.Byte[]","69684","(13568)","13568","SuccessAudit","Auditing settings on object were changed.

Subject:
	Security ID:		S-1-5-18
	Account Name:		THIG1$
	Account Domain:		WORKGROUP
	Logon ID:		0x3e7

Object:
	Object Server:	Security
	Object Type:	File
	Object Name:	C:\$WINDOWS.~BT\Sources\SafeOS\SafeOS.Mount\windows\winsxs\filemaps\$$_syswow64_config_regback_520dcf8c985ef2ff.cdf-ms
	Handle ID:	0x5dc

Process Information:
	Process ID:	0x1230
	Process Name:	C:\$WINDOWS.~BT\Sources\SetupHost.exe

Auditing Settings:
	Original Security Descriptor:	
	New Security Descriptor:		S:ARAI(AU;SAFA;0x1f0116;;;WD)","Microsoft-Windows-Security-Auditing","System.String[]","4907","9/21/2016 8:09:25 AM","9/21/2016 8:09:25 AM",,,
"4907","thig1","System.Byte[]","69683","(13568)","13568","SuccessAudit","Auditing settings on object were changed.

Subject:
	Security ID:		S-1-5-18
	Account Name:		THIG1$
	Account Domain:		WORKGROUP
	Logon ID:		0x3e7

Object:
	Object Server:	Security
	Object Type:	File
	Object Name:	C:\$WINDOWS.~BT\Sources\SafeOS\SafeOS.Mount\windows\winsxs\filemaps\$$_syswow64_config_397022e597c7bf30.cdf-ms
	Handle ID:	0x1878

Process Information:
	Process ID:	0x1230
	Process Name:	C:\$WINDOWS.~BT\Sources\SetupHost.exe

Auditing Settings:
	Original Security Descriptor:	
	New Security Descriptor:		S:ARAI(AU;SAFA;0x1f0116;;;WD)","Microsoft-Windows-Security-Auditing","System.String[]","4907","9/21/2016 8:09:25 AM","9/21/2016 8:09:25 AM",,,
"4907","thig1","System.Byte[]","69682","(13568)","13568","SuccessAudit","Auditing settings on object were changed.

Subject:
	Security ID:		S-1-5-18
	Account Name:		THIG1$
	Account Domain:		WORKGROUP
	Logon ID:		0x3e7

Object:
	Object Server:	Security
	Object Type:	File
	Object Name:	C:\$WINDOWS.~BT\Sources\SafeOS\SafeOS.Mount\windows\winsxs\filemaps\$$_syswow64_bg-bg_98a3ee16802659ff.cdf-ms
	Handle ID:	0x1874

Process Information:
	Process ID:	0x1230
	Process Name:	C:\$WINDOWS.~BT\Sources\SetupHost.exe

Auditing Settings:
	Original Security Descriptor:	
	New Security Descriptor:		S:ARAI(AU;SAFA;0x1f0116;;;WD)","Microsoft-Windows-Security-Auditing","System.String[]","4907","9/21/2016 8:09:25 AM","9/21/2016 8:09:25 AM",,,
"4907","thig1","System.Byte[]","69681","(13568)","13568","SuccessAudit","Auditing settings on object were changed.

Subject:
	Security ID:		S-1-5-18
	Account Name:		THIG1$
	Account Domain:		WORKGROUP
	Logon ID:		0x3e7

Object:
	Object Server:	Security
	Object Type:	File
	Object Name:	C:\$WINDOWS.~BT\Sources\SafeOS\SafeOS.Mount\windows\winsxs\filemaps\$$_syswow64_ar-sa_96bd698c83002208.cdf-ms
	Handle ID:	0x1870

Process Information:
	Process ID:	0x1230
	Process Name:	C:\$WINDOWS.~BT\Sources\SetupHost.exe

Auditing Settings:
	Original Security Descriptor:	
	New Security Descriptor:		S:ARAI(AU;SAFA;0x1f0116;;;WD)","Microsoft-Windows-Security-Auditing","System.String[]","4907","9/21/2016 8:09:25 AM","9/21/2016 8:09:25 AM",,,
"4907","thig1","System.Byte[]","69680","(13568)","13568","SuccessAudit","Auditing settings on object were changed.

Subject:
	Security ID:		S-1-5-18
	Account Name:		THIG1$
	Account Domain:		WORKGROUP
	Logon ID:		0x3e7

Object:
	Object Server:	Security
	Object Type:	File
	Object Name:	C:\$WINDOWS.~BT\Sources\SafeOS\SafeOS.Mount\windows\winsxs\filemaps\$$_system32_zh-tw_6a84aa664900aad6.cdf-ms
	Handle ID:	0x186c

Process Information:
	Process ID:	0x1230
	Process Name:	C:\$WINDOWS.~BT\Sources\SetupHost.exe

Auditing Settings:
	Original Security Descriptor:	
	New Security Descriptor:		S:ARAI(AU;SAFA;0x1f0116;;;WD)","Microsoft-Windows-Security-Auditing","System.String[]","4907","9/21/2016 8:09:25 AM","9/21/2016 8:09:25 AM",,,
"4907","thig1","System.Byte[]","69679","(13568)","13568","SuccessAudit","Auditing settings on object were changed.

Subject:
	Security ID:		S-1-5-18
	Account Name:		THIG1$
	Account Domain:		WORKGROUP
	Logon ID:		0x3e7

Object:
	Object Server:	Security
	Object Type:	File
	Object Name:	C:\$WINDOWS.~BT\Sources\SafeOS\SafeOS.Mount\windows\winsxs\filemaps\$$_system32_zh-hk_6a84939e4900ccf6.cdf-ms
	Handle ID:	0x1868

Process Information:
	Process ID:	0x1230
	Process Name:	C:\$WINDOWS.~BT\Sources\SetupHost.exe

Auditing Settings:
	Original Security Descriptor:	
	New Security Descriptor:		S:ARAI(AU;SAFA;0x1f0116;;;WD)","Microsoft-Windows-Security-Auditing","System.String[]","4907","9/21/2016 8:09:25 AM","9/21/2016 8:09:25 AM",,,
"4907","thig1","System.Byte[]","69678","(13568)","13568","SuccessAudit","Auditing settings on object were changed.

Subject:
	Security ID:		S-1-5-18
	Account Name:		THIG1$
	Account Domain:		WORKGROUP
	Logon ID:		0x3e7

Object:
	Object Server:	Security
	Object Type:	File
	Object Name:	C:\$WINDOWS.~BT\Sources\SafeOS\SafeOS.Mount\windows\winsxs\filemaps\$$_system32_zh-cn_6a8499504900c466.cdf-ms
	Handle ID:	0x1864

Process Information:
	Process ID:	0x1230
	Process Name:	C:\$WINDOWS.~BT\Sources\SetupHost.exe

Auditing Settings:
	Original Security Descriptor:	
	New Security Descriptor:		S:ARAI(AU;SAFA;0x1f0116;;;WD)","Microsoft-Windows-Security-Auditing","System.String[]","4907","9/21/2016 8:09:25 AM","9/21/2016 8:09:25 AM",,,
"4907","thig1","System.Byte[]","69677","(13568)","13568","SuccessAudit","Auditing settings on object were changed.

Subject:
	Security ID:		S-1-5-18
	Account Name:		THIG1$
	Account Domain:		WORKGROUP
	Logon ID:		0x3e7

Object:
	Object Server:	Security
	Object Type:	File
	Object Name:	C:\$WINDOWS.~BT\Sources\SafeOS\SafeOS.Mount\windows\winsxs\filemaps\$$_system32_winevt_logs_2ccd04a261f738ce.cdf-ms
	Handle ID:	0x1860

Process Information:
	Process ID:	0x1230
	Process Name:	C:\$WINDOWS.~BT\Sources\SetupHost.exe

Auditing Settings:
	Original Security Descriptor:	
	New Security Descriptor:		S:ARAI(AU;SAFA;0x1f0116;;;WD)","Microsoft-Windows-Security-Auditing","System.String[]","4907","9/21/2016 8:09:25 AM","9/21/2016 8:09:25 AM",,,
"4907","thig1","System.Byte[]","69676","(13568)","13568","SuccessAudit","Auditing settings on object were changed.

Subject:
	Security ID:		S-1-5-18
	Account Name:		THIG1$
	Account Domain:		WORKGROUP
	Logon ID:		0x3e7

Object:
	Object Server:	Security
	Object Type:	File
	Object Name:	C:\$WINDOWS.~BT\Sources\SafeOS\SafeOS.Mount\windows\winsxs\filemaps\$$_system32_winevt_39519e6af36cf6a7.cdf-ms
	Handle ID:	0x185c

Process Information:
	Process ID:	0x1230
	Process Name:	C:\$WINDOWS.~BT\Sources\SetupHost.exe

Auditing Settings:
	Original Security Descriptor:	
	New Security Descriptor:		S:ARAI(AU;SAFA;0x1f0116;;;WD)","Microsoft-Windows-Security-Auditing","System.String[]","4907","9/21/2016 8:09:25 AM","9/21/2016 8:09:25 AM",,,
"4907","thig1","System.Byte[]","69675","(13568)","13568","SuccessAudit","Auditing settings on object were changed.

Subject:
	Security ID:		S-1-5-18
	Account Name:		THIG1$
	Account Domain:		WORKGROUP
	Logon ID:		0x3e7

Object:
	Object Server:	Security
	Object Type:	File
	Object Name:	C:\$WINDOWS.~BT\Sources\SafeOS\SafeOS.Mount\windows\winsxs\filemaps\$$_system32_wbem_tmf_026f0fb07227ea72.cdf-ms
	Handle ID:	0x1858

Process Information:
	Process ID:	0x1230
	Process Name:	C:\$WINDOWS.~BT\Sources\SetupHost.exe

Auditing Settings:
	Original Security Descriptor:	
	New Security Descriptor:		S:ARAI(AU;SAFA;0x1f0116;;;WD)","Microsoft-Windows-Security-Auditing","System.String[]","4907","9/21/2016 8:09:25 AM","9/21/2016 8:09:25 AM",,,
"4907","thig1","System.Byte[]","69674","(13568)","13568","SuccessAudit","Auditing settings on object were changed.

Subject:
	Security ID:		S-1-5-18
	Account Name:		THIG1$
	Account Domain:		WORKGROUP
	Logon ID:		0x3e7

Object:
	Object Server:	Security
	Object Type:	File
	Object Name:	C:\$WINDOWS.~BT\Sources\SafeOS\SafeOS.Mount\windows\winsxs\filemaps\$$_system32_wbem_repository_3ba7d111b51b3c3b.cdf-ms
	Handle ID:	0x1854

Process Information:
	Process ID:	0x1230
	Process Name:	C:\$WINDOWS.~BT\Sources\SetupHost.exe

Auditing Settings:
	Original Security Descriptor:	
	New Security Descriptor:		S:ARAI(AU;SAFA;0x1f0116;;;WD)","Microsoft-Windows-Security-Auditing","System.String[]","4907","9/21/2016 8:09:25 AM","9/21/2016 8:09:25 AM",,,
"4907","thig1","System.Byte[]","69673","(13568)","13568","SuccessAudit","Auditing settings on object were changed.

Subject:
	Security ID:		S-1-5-18
	Account Name:		THIG1$
	Account Domain:		WORKGROUP
	Logon ID:		0x3e7

Object:
	Object Server:	Security
	Object Type:	File
	Object Name:	C:\$WINDOWS.~BT\Sources\SafeOS\SafeOS.Mount\windows\winsxs\filemaps\$$_system32_wbem_autorecover_78e2d7bf652dcf48.cdf-ms
	Handle ID:	0x1850

Process Information:
	Process ID:	0x1230
	Process Name:	C:\$WINDOWS.~BT\Sources\SetupHost.exe

Auditing Settings:
	Original Security Descriptor:	
	New Security Descriptor:		S:ARAI(AU;SAFA;0x1f0116;;;WD)","Microsoft-Windows-Security-Auditing","System.String[]","4907","9/21/2016 8:09:25 AM","9/21/2016 8:09:25 AM",,,
"4907","thig1","System.Byte[]","69672","(13568)","13568","SuccessAudit","Auditing settings on object were changed.

Subject:
	Security ID:		S-1-5-18
	Account Name:		THIG1$
	Account Domain:		WORKGROUP
	Logon ID:		0x3e7

Object:
	Object Server:	Security
	Object Type:	File
	Object Name:	C:\$WINDOWS.~BT\Sources\SafeOS\SafeOS.Mount\windows\winsxs\filemaps\$$_system32_wbem_logs_1fef5bbcc5e77768.cdf-ms
	Handle ID:	0x184c

Process Information:
	Process ID:	0x1230
	Process Name:	C:\$WINDOWS.~BT\Sources\SetupHost.exe

Auditing Settings:
	Original Security Descriptor:	
	New Security Descriptor:		S:ARAI(AU;SAFA;0x1f0116;;;WD)","Microsoft-Windows-Security-Auditing","System.String[]","4907","9/21/2016 8:09:25 AM","9/21/2016 8:09:25 AM",,,
"4907","thig1","System.Byte[]","69671","(13568)","13568","SuccessAudit","Auditing settings on object were changed.

Subject:
	Security ID:		S-1-5-18
	Account Name:		THIG1$
	Account Domain:		WORKGROUP
	Logon ID:		0x3e7

Object:
	Object Server:	Security
	Object Type:	File
	Object Name:	C:\$WINDOWS.~BT\Sources\SafeOS\SafeOS.Mount\windows\winsxs\filemaps\$$_system32_uk-ua_61042a3457416b73.cdf-ms
	Handle ID:	0x1848

Process Information:
	Process ID:	0x1230
	Process Name:	C:\$WINDOWS.~BT\Sources\SetupHost.exe

Auditing Settings:
	Original Security Descriptor:	
	New Security Descriptor:		S:ARAI(AU;SAFA;0x1f0116;;;WD)","Microsoft-Windows-Security-Auditing","System.String[]","4907","9/21/2016 8:09:25 AM","9/21/2016 8:09:25 AM",,,
"4907","thig1","System.Byte[]","69670","(13568)","13568","SuccessAudit","Auditing settings on object were changed.

Subject:
	Security ID:		S-1-5-18
	Account Name:		THIG1$
	Account Domain:		WORKGROUP
	Logon ID:		0x3e7

Object:
	Object Server:	Security
	Object Type:	File
	Object Name:	C:\$WINDOWS.~BT\Sources\SafeOS\SafeOS.Mount\windows\winsxs\filemaps\$$_system32_tr-tr_5f1dd1e45a1af0a7.cdf-ms
	Handle ID:	0x1844

Process Information:
	Process ID:	0x1230
	Process Name:	C:\$WINDOWS.~BT\Sources\SetupHost.exe

Auditing Settings:
	Original Security Descriptor:	
	New Security Descriptor:		S:ARAI(AU;SAFA;0x1f0116;;;WD)","Microsoft-Windows-Security-Auditing","System.String[]","4907","9/21/2016 8:09:25 AM","9/21/2016 8:09:25 AM",,,
"4907","thig1","System.Byte[]","69669","(13568)","13568","SuccessAudit","Auditing settings on object were changed.

Subject:
	Security ID:		S-1-5-18
	Account Name:		THIG1$
	Account Domain:		WORKGROUP
	Logon ID:		0x3e7

Object:
	Object Server:	Security
	Object Type:	File
	Object Name:	C:\$WINDOWS.~BT\Sources\SafeOS\SafeOS.Mount\windows\winsxs\filemaps\$$_system32_th-th_5f1dc0505a1b09f7.cdf-ms
	Handle ID:	0x1840

Process Information:
	Process ID:	0x1230
	Process Name:	C:\$WINDOWS.~BT\Sources\SetupHost.exe

Auditing Settings:
	Original Security Descriptor:	
	New Security Descriptor:		S:ARAI(AU;SAFA;0x1f0116;;;WD)","Microsoft-Windows-Security-Auditing","System.String[]","4907","9/21/2016 8:09:25 AM","9/21/2016 8:09:25 AM",,,
"4907","thig1","System.Byte[]","69668","(13568)","13568","SuccessAudit","Auditing settings on object were changed.

Subject:
	Security ID:		S-1-5-18
	Account Name:		THIG1$
	Account Domain:		WORKGROUP
	Logon ID:		0x3e7

Object:
	Object Server:	Security
	Object Type:	File
	Object Name:	C:\$WINDOWS.~BT\Sources\SafeOS\SafeOS.Mount\windows\winsxs\filemaps\$$_system32_sv-se_5d37410c5cf4ca56.cdf-ms
	Handle ID:	0x183c

Process Information:
	Process ID:	0x1230
	Process Name:	C:\$WINDOWS.~BT\Sources\SetupHost.exe

Auditing Settings:
	Original Security Descriptor:	
	New Security Descriptor:		S:ARAI(AU;SAFA;0x1f0116;;;WD)","Microsoft-Windows-Security-Auditing","System.String[]","4907","9/21/2016 8:09:25 AM","9/21/2016 8:09:25 AM",,,
"4907","thig1","System.Byte[]","69667","(13568)","13568","SuccessAudit","Auditing settings on object were changed.

Subject:
	Security ID:		S-1-5-18
	Account Name:		THIG1$
	Account Domain:		WORKGROUP
	Logon ID:		0x3e7

Object:
	Object Server:	Security
	Object Type:	File
	Object Name:	C:\$WINDOWS.~BT\Sources\SafeOS\SafeOS.Mount\windows\winsxs\filemaps\$$_system32_sr-latn-rs_36d1e04b1e65a349.cdf-ms
	Handle ID:	0x1838

Process Information:
	Process ID:	0x1230
	Process Name:	C:\$WINDOWS.~BT\Sources\SetupHost.exe

Auditing Settings:
	Original Security Descriptor:	
	New Security Descriptor:		S:ARAI(AU;SAFA;0x1f0116;;;WD)","Microsoft-Windows-Security-Auditing","System.String[]","4907","9/21/2016 8:09:25 AM","9/21/2016 8:09:25 AM",,,
"4907","thig1","System.Byte[]","69666","(13568)","13568","SuccessAudit","Auditing settings on object were changed.

Subject:
	Security ID:		S-1-5-18
	Account Name:		THIG1$
	Account Domain:		WORKGROUP
	Logon ID:		0x3e7

Object:
	Object Server:	Security
	Object Type:	File
	Object Name:	C:\$WINDOWS.~BT\Sources\SafeOS\SafeOS.Mount\windows\winsxs\filemaps\$$_system32_sr-latn-cs_36d1c3d11e65ce00.cdf-ms
	Handle ID:	0x1834

Process Information:
	Process ID:	0x1230
	Process Name:	C:\$WINDOWS.~BT\Sources\SetupHost.exe

Auditing Settings:
	Original Security Descriptor:	
	New Security Descriptor:		S:ARAI(AU;SAFA;0x1f0116;;;WD)","Microsoft-Windows-Security-Auditing","System.String[]","4907","9/21/2016 8:09:25 AM","9/21/2016 8:09:25 AM",,,
"4907","thig1","System.Byte[]","69665","(13568)","13568","SuccessAudit","Auditing settings on object were changed.

Subject:
	Security ID:		S-1-5-18
	Account Name:		THIG1$
	Account Domain:		WORKGROUP
	Logon ID:		0x3e7

Object:
	Object Server:	Security
	Object Type:	File
	Object Name:	C:\$WINDOWS.~BT\Sources\SafeOS\SafeOS.Mount\windows\winsxs\filemaps\$$_system32_spp_tokens_ppdlic_0f09ba294211a24b.cdf-ms
	Handle ID:	0x1830

Process Information:
	Process ID:	0x1230
	Process Name:	C:\$WINDOWS.~BT\Sources\SetupHost.exe

Auditing Settings:
	Original Security Descriptor:	
	New Security Descriptor:		S:ARAI(AU;SAFA;0x1f0116;;;WD)","Microsoft-Windows-Security-Auditing","System.String[]","4907","9/21/2016 8:09:25 AM","9/21/2016 8:09:25 AM",,,
"4907","thig1","System.Byte[]","69664","(13568)","13568","SuccessAudit","Auditing settings on object were changed.

Subject:
	Security ID:		S-1-5-18
	Account Name:		THIG1$
	Account Domain:		WORKGROUP
	Logon ID:		0x3e7

Object:
	Object Server:	Security
	Object Type:	File
	Object Name:	C:\$WINDOWS.~BT\Sources\SafeOS\SafeOS.Mount\windows\winsxs\filemaps\$$_system32_smi_store_machine_f7f45ee58c75b061.cdf-ms
	Handle ID:	0x182c

Process Information:
	Process ID:	0x1230
	Process Name:	C:\$WINDOWS.~BT\Sources\SetupHost.exe

Auditing Settings:
	Original Security Descriptor:	
	New Security Descriptor:		S:ARAI(AU;SAFA;0x1f0116;;;WD)","Microsoft-Windows-Security-Auditing","System.String[]","4907","9/21/2016 8:09:25 AM","9/21/2016 8:09:25 AM",,,
"4907","thig1","System.Byte[]","69663","(13568)","13568","SuccessAudit","Auditing settings on object were changed.

Subject:
	Security ID:		S-1-5-18
	Account Name:		THIG1$
	Account Domain:		WORKGROUP
	Logon ID:		0x3e7

Object:
	Object Server:	Security
	Object Type:	File
	Object Name:	C:\$WINDOWS.~BT\Sources\SafeOS\SafeOS.Mount\windows\winsxs\filemaps\$$_system32_smi_store_500af0907ede5ff6.cdf-ms
	Handle ID:	0x1828

Process Information:
	Process ID:	0x1230
	Process Name:	C:\$WINDOWS.~BT\Sources\SetupHost.exe

Auditing Settings:
	Original Security Descriptor:	
	New Security Descriptor:		S:ARAI(AU;SAFA;0x1f0116;;;WD)","Microsoft-Windows-Security-Auditing","System.String[]","4907","9/21/2016 8:09:25 AM","9/21/2016 8:09:25 AM",,,
"4907","thig1","System.Byte[]","69662","(13568)","13568","SuccessAudit","Auditing settings on object were changed.

Subject:
	Security ID:		S-1-5-18
	Account Name:		THIG1$
	Account Domain:		WORKGROUP
	Logon ID:		0x3e7

Object:
	Object Server:	Security
	Object Type:	File
	Object Name:	C:\$WINDOWS.~BT\Sources\SafeOS\SafeOS.Mount\windows\winsxs\filemaps\$$_system32_smi_manifests_0e3cdef1f9ad7c5f.cdf-ms
	Handle ID:	0x1824

Process Information:
	Process ID:	0x1230
	Process Name:	C:\$WINDOWS.~BT\Sources\SetupHost.exe

Auditing Settings:
	Original Security Descriptor:	
	New Security Descriptor:		S:ARAI(AU;SAFA;0x1f0116;;;WD)","Microsoft-Windows-Security-Auditing","System.String[]","4907","9/21/2016 8:09:25 AM","9/21/2016 8:09:25 AM",,,
"4907","thig1","System.Byte[]","69661","(13568)","13568","SuccessAudit","Auditing settings on object were changed.

Subject:
	Security ID:		S-1-5-18
	Account Name:		THIG1$
	Account Domain:		WORKGROUP
	Logon ID:		0x3e7

Object:
	Object Server:	Security
	Object Type:	File
	Object Name:	C:\$WINDOWS.~BT\Sources\SafeOS\SafeOS.Mount\windows\winsxs\filemaps\$$_system32_smi_06656483d047b9b9.cdf-ms
	Handle ID:	0x1820

Process Information:
	Process ID:	0x1230
	Process Name:	C:\$WINDOWS.~BT\Sources\SetupHost.exe

Auditing Settings:
	Original Security Descriptor:	
	New Security Descriptor:		S:ARAI(AU;SAFA;0x1f0116;;;WD)","Microsoft-Windows-Security-Auditing","System.String[]","4907","9/21/2016 8:09:25 AM","9/21/2016 8:09:25 AM",,,
"4907","thig1","System.Byte[]","69660","(13568)","13568","SuccessAudit","Auditing settings on object were changed.

Subject:
	Security ID:		S-1-5-18
	Account Name:		THIG1$
	Account Domain:		WORKGROUP
	Logon ID:		0x3e7

Object:
	Object Server:	Security
	Object Type:	File
	Object Name:	C:\$WINDOWS.~BT\Sources\SafeOS\SafeOS.Mount\windows\winsxs\filemaps\$$_system32_sl-si_5d374a0c5cf4bbc8.cdf-ms
	Handle ID:	0x181c

Process Information:
	Process ID:	0x1230
	Process Name:	C:\$WINDOWS.~BT\Sources\SetupHost.exe

Auditing Settings:
	Original Security Descriptor:	
	New Security Descriptor:		S:ARAI(AU;SAFA;0x1f0116;;;WD)","Microsoft-Windows-Security-Auditing","System.String[]","4907","9/21/2016 8:09:25 AM","9/21/2016 8:09:25 AM",,,
"4907","thig1","System.Byte[]","69659","(13568)","13568","SuccessAudit","Auditing settings on object were changed.

Subject:
	Security ID:		S-1-5-18
	Account Name:		THIG1$
	Account Domain:		WORKGROUP
	Logon ID:		0x3e7

Object:
	Object Server:	Security
	Object Type:	File
	Object Name:	C:\$WINDOWS.~BT\Sources\SafeOS\SafeOS.Mount\windows\winsxs\filemaps\$$_system32_sk-sk_5d374dfc5cf4b5c5.cdf-ms
	Handle ID:	0x1818

Process Information:
	Process ID:	0x1230
	Process Name:	C:\$WINDOWS.~BT\Sources\SetupHost.exe

Auditing Settings:
	Original Security Descriptor:	
	New Security Descriptor:		S:ARAI(AU;SAFA;0x1f0116;;;WD)","Microsoft-Windows-Security-Auditing","System.String[]","4907","9/21/2016 8:09:25 AM","9/21/2016 8:09:25 AM",,,
"4907","thig1","System.Byte[]","69658","(13568)","13568","SuccessAudit","Auditing settings on object were changed.

Subject:
	Security ID:		S-1-5-18
	Account Name:		THIG1$
	Account Domain:		WORKGROUP
	Logon ID:		0x3e7

Object:
	Object Server:	Security
	Object Type:	File
	Object Name:	C:\$WINDOWS.~BT\Sources\SafeOS\SafeOS.Mount\windows\winsxs\filemaps\$$_system32_ru-ru_5b50e7f65fce4fdb.cdf-ms
	Handle ID:	0x1814

Process Information:
	Process ID:	0x1230
	Process Name:	C:\$WINDOWS.~BT\Sources\SetupHost.exe

Auditing Settings:
	Original Security Descriptor:	
	New Security Descriptor:		S:ARAI(AU;SAFA;0x1f0116;;;WD)","Microsoft-Windows-Security-Auditing","System.String[]","4907","9/21/2016 8:09:25 AM","9/21/2016 8:09:25 AM",,,
"4907","thig1","System.Byte[]","69657","(13568)","13568","SuccessAudit","Auditing settings on object were changed.

Subject:
	Security ID:		S-1-5-18
	Account Name:		THIG1$
	Account Domain:		WORKGROUP
	Logon ID:		0x3e7

Object:
	Object Server:	Security
	Object Type:	File
	Object Name:	C:\$WINDOWS.~BT\Sources\SafeOS\SafeOS.Mount\windows\winsxs\filemaps\$$_system32_ro-ro_5b50dd6a5fce5f0b.cdf-ms
	Handle ID:	0x1810

Process Information:
	Process ID:	0x1230
	Process Name:	C:\$WINDOWS.~BT\Sources\SetupHost.exe

Auditing Settings:
	Original Security Descriptor:	
	New Security Descriptor:		S:ARAI(AU;SAFA;0x1f0116;;;WD)","Microsoft-Windows-Security-Auditing","System.String[]","4907","9/21/2016 8:09:25 AM","9/21/2016 8:09:25 AM",,,
"4907","thig1","System.Byte[]","69656","(13568)","13568","SuccessAudit","Auditing settings on object were changed.

Subject:
	Security ID:		S-1-5-18
	Account Name:		THIG1$
	Account Domain:		WORKGROUP
	Logon ID:		0x3e7

Object:
	Object Server:	Security
	Object Type:	File
	Object Name:	C:\$WINDOWS.~BT\Sources\SafeOS\SafeOS.Mount\windows\winsxs\filemaps\$$_system32_ras_sstpproxy_454ca701ebc80170.cdf-ms
	Handle ID:	0x180c

Process Information:
	Process ID:	0x1230
	Process Name:	C:\$WINDOWS.~BT\Sources\SetupHost.exe

Auditing Settings:
	Original Security Descriptor:	
	New Security Descriptor:		S:ARAI(AU;SAFA;0x1f0116;;;WD)","Microsoft-Windows-Security-Auditing","System.String[]","4907","9/21/2016 8:09:25 AM","9/21/2016 8:09:25 AM",,,
