"4907","thig1","System.Byte[]","70982","(13568)","13568","SuccessAudit","Auditing settings on object were changed.

Subject:
	Security ID:		S-1-5-18
	Account Name:		THIG1$
	Account Domain:		WORKGROUP
	Logon ID:		0x3e7

Object:
	Object Server:	Security
	Object Type:	File
	Object Name:	C:\$WINDOWS.~BT\Sources\SafeOS\SafeOS.Mount\windows\winsxs\amd64_microsoft-windows-wmi-core_31bf3856ad364e35_10.0.14393.0_none_e6c86e90364b445a\wmi20.dtd
	Handle ID:	0x1a20

Process Information:
	Process ID:	0x1230
	Process Name:	C:\$WINDOWS.~BT\Sources\SetupHost.exe

Auditing Settings:
	Original Security Descriptor:	
	New Security Descriptor:		S:ARAI(AU;SAFA;DCLCRPCRSDWDWO;;;WD)","Microsoft-Windows-Security-Auditing","System.String[]","4907","9/21/2016 8:09:37 AM","9/21/2016 8:09:37 AM",,,
"4907","thig1","System.Byte[]","70981","(13568)","13568","SuccessAudit","Auditing settings on object were changed.

Subject:
	Security ID:		S-1-5-18
	Account Name:		THIG1$
	Account Domain:		WORKGROUP
	Logon ID:		0x3e7

Object:
	Object Server:	Security
	Object Type:	File
	Object Name:	C:\$WINDOWS.~BT\Sources\SafeOS\SafeOS.Mount\windows\winsxs\amd64_microsoft-windows-wmi-core_31bf3856ad364e35_10.0.14393.0_none_e6c86e90364b445a\cim20.dtd
	Handle ID:	0x1864

Process Information:
	Process ID:	0x1230
	Process Name:	C:\$WINDOWS.~BT\Sources\SetupHost.exe

Auditing Settings:
	Original Security Descriptor:	
	New Security Descriptor:		S:ARAI(AU;SAFA;DCLCRPCRSDWDWO;;;WD)","Microsoft-Windows-Security-Auditing","System.String[]","4907","9/21/2016 8:09:37 AM","9/21/2016 8:09:37 AM",,,
"4907","thig1","System.Byte[]","70980","(13568)","13568","SuccessAudit","Auditing settings on object were changed.

Subject:
	Security ID:		S-1-5-18
	Account Name:		THIG1$
	Account Domain:		WORKGROUP
	Logon ID:		0x3e7

Object:
	Object Server:	Security
	Object Type:	File
	Object Name:	C:\$WINDOWS.~BT\Sources\SafeOS\SafeOS.Mount\windows\winsxs\amd64_microsoft-windows-g..-base-mof.resources_31bf3856ad364e35_10.0.14393.0_en-us_ce1e95d5ba9910be\rsop.mfl
	Handle ID:	0x1d6c

Process Information:
	Process ID:	0x1230
	Process Name:	C:\$WINDOWS.~BT\Sources\SetupHost.exe

Auditing Settings:
	Original Security Descriptor:	
	New Security Descriptor:		S:ARAI(AU;SAFA;DCLCRPCRSDWDWO;;;WD)","Microsoft-Windows-Security-Auditing","System.String[]","4907","9/21/2016 8:09:37 AM","9/21/2016 8:09:37 AM",,,
"4907","thig1","System.Byte[]","70979","(13568)","13568","SuccessAudit","Auditing settings on object were changed.

Subject:
	Security ID:		S-1-5-18
	Account Name:		THIG1$
	Account Domain:		WORKGROUP
	Logon ID:		0x3e7

Object:
	Object Server:	Security
	Object Type:	File
	Object Name:	C:\$WINDOWS.~BT\Sources\SafeOS\SafeOS.Mount\windows\winsxs\amd64_microsoft-windows-hbaapi.resources_31bf3856ad364e35_10.0.14393.0_en-us_be12b7237ade5e51\hbaapi.mfl
	Handle ID:	0x156c

Process Information:
	Process ID:	0x1230
	Process Name:	C:\$WINDOWS.~BT\Sources\SetupHost.exe

Auditing Settings:
	Original Security Descriptor:	
	New Security Descriptor:		S:ARAI(AU;SAFA;DCLCRPCRSDWDWO;;;WD)","Microsoft-Windows-Security-Auditing","System.String[]","4907","9/21/2016 8:09:37 AM","9/21/2016 8:09:37 AM",,,
"4907","thig1","System.Byte[]","70978","(13568)","13568","SuccessAudit","Auditing settings on object were changed.

Subject:
	Security ID:		S-1-5-18
	Account Name:		THIG1$
	Account Domain:		WORKGROUP
	Logon ID:		0x3e7

Object:
	Object Server:	Security
	Object Type:	File
	Object Name:	C:\$WINDOWS.~BT\Sources\SafeOS\SafeOS.Mount\windows\winsxs\amd64_microsoft-windows-w..e-utility.resources_31bf3856ad364e35_10.0.14393.0_en-us_2cd191b3d801cca5\WMIC.exe.mui
	Handle ID:	0x1d5c

Process Information:
	Process ID:	0x1230
	Process Name:	C:\$WINDOWS.~BT\Sources\SetupHost.exe

Auditing Settings:
	Original Security Descriptor:	
	New Security Descriptor:		S:ARAI(AU;SAFA;DCLCRPCRSDWDWO;;;WD)","Microsoft-Windows-Security-Auditing","System.String[]","4907","9/21/2016 8:09:37 AM","9/21/2016 8:09:37 AM",,,
"4907","thig1","System.Byte[]","70977","(13568)","13568","SuccessAudit","Auditing settings on object were changed.

Subject:
	Security ID:		S-1-5-18
	Account Name:		THIG1$
	Account Domain:		WORKGROUP
	Logon ID:		0x3e7

Object:
	Object Server:	Security
	Object Type:	File
	Object Name:	C:\$WINDOWS.~BT\Sources\SafeOS\SafeOS.Mount\windows\winsxs\amd64_microsoft-windows-wmi-core.resources_31bf3856ad364e35_10.0.14393.0_en-us_023bf9b5de5b6393\wmiutils.dll.mui
	Handle ID:	0x564

Process Information:
	Process ID:	0x1230
	Process Name:	C:\$WINDOWS.~BT\Sources\SetupHost.exe

Auditing Settings:
	Original Security Descriptor:	
	New Security Descriptor:		S:ARAI(AU;SAFA;DCLCRPCRSDWDWO;;;WD)","Microsoft-Windows-Security-Auditing","System.String[]","4907","9/21/2016 8:09:37 AM","9/21/2016 8:09:37 AM",,,
"4907","thig1","System.Byte[]","70976","(13568)","13568","SuccessAudit","Auditing settings on object were changed.

Subject:
	Security ID:		S-1-5-18
	Account Name:		THIG1$
	Account Domain:		WORKGROUP
	Logon ID:		0x3e7

Object:
	Object Server:	Security
	Object Type:	File
	Object Name:	C:\$WINDOWS.~BT\Sources\SafeOS\SafeOS.Mount\windows\winsxs\amd64_microsoft-windows-wmi-core-providerhost_31bf3856ad364e35_10.0.14393.0_none_3dd72a06a217ae2e\WmiPrvSE.exe
	Handle ID:	0x14f0

Process Information:
	Process ID:	0x1230
	Process Name:	C:\$WINDOWS.~BT\Sources\SetupHost.exe

Auditing Settings:
	Original Security Descriptor:	
	New Security Descriptor:		S:ARAI(AU;SAFA;DCLCRPCRSDWDWO;;;WD)","Microsoft-Windows-Security-Auditing","System.String[]","4907","9/21/2016 8:09:37 AM","9/21/2016 8:09:37 AM",,,
"4907","thig1","System.Byte[]","70975","(13568)","13568","SuccessAudit","Auditing settings on object were changed.

Subject:
	Security ID:		S-1-5-18
	Account Name:		THIG1$
	Account Domain:		WORKGROUP
	Logon ID:		0x3e7

Object:
	Object Server:	Security
	Object Type:	File
	Object Name:	C:\$WINDOWS.~BT\Sources\SafeOS\SafeOS.Mount\windows\winsxs\amd64_microsoft-windows-w..-provider.resources_31bf3856ad364e35_10.0.14393.0_en-us_2ebd5edc33e8511a\wmipicmp.mfl
	Handle ID:	0x19e8

Process Information:
	Process ID:	0x1230
	Process Name:	C:\$WINDOWS.~BT\Sources\SetupHost.exe

Auditing Settings:
	Original Security Descriptor:	
	New Security Descriptor:		S:ARAI(AU;SAFA;DCLCRPCRSDWDWO;;;WD)","Microsoft-Windows-Security-Auditing","System.String[]","4907","9/21/2016 8:09:37 AM","9/21/2016 8:09:37 AM",,,
"4907","thig1","System.Byte[]","70974","(13568)","13568","SuccessAudit","Auditing settings on object were changed.

Subject:
	Security ID:		S-1-5-18
	Account Name:		THIG1$
	Account Domain:		WORKGROUP
	Logon ID:		0x3e7

Object:
	Object Server:	Security
	Object Type:	File
	Object Name:	C:\$WINDOWS.~BT\Sources\SafeOS\SafeOS.Mount\windows\winsxs\amd64_microsoft-windows-w..lity-base.resources_31bf3856ad364e35_10.0.14393.0_en-us_5389621eedc226ff\xml.xsl
	Handle ID:	0x16b4

Process Information:
	Process ID:	0x1230
	Process Name:	C:\$WINDOWS.~BT\Sources\SetupHost.exe

Auditing Settings:
	Original Security Descriptor:	
	New Security Descriptor:		S:ARAI(AU;SAFA;DCLCRPCRSDWDWO;;;WD)","Microsoft-Windows-Security-Auditing","System.String[]","4907","9/21/2016 8:09:37 AM","9/21/2016 8:09:37 AM",,,
"4907","thig1","System.Byte[]","70973","(13568)","13568","SuccessAudit","Auditing settings on object were changed.

Subject:
	Security ID:		S-1-5-18
	Account Name:		THIG1$
	Account Domain:		WORKGROUP
	Logon ID:		0x3e7

Object:
	Object Server:	Security
	Object Type:	File
	Object Name:	C:\$WINDOWS.~BT\Sources\SafeOS\SafeOS.Mount\windows\winsxs\amd64_microsoft-windows-w..-provider.resources_31bf3856ad364e35_10.0.14393.0_en-us_28a5d07ca23e0823\wmipsess.mfl
	Handle ID:	0x156c

Process Information:
	Process ID:	0x1230
	Process Name:	C:\$WINDOWS.~BT\Sources\SetupHost.exe

Auditing Settings:
	Original Security Descriptor:	
	New Security Descriptor:		S:ARAI(AU;SAFA;DCLCRPCRSDWDWO;;;WD)","Microsoft-Windows-Security-Auditing","System.String[]","4907","9/21/2016 8:09:37 AM","9/21/2016 8:09:37 AM",,,
"4907","thig1","System.Byte[]","70972","(13568)","13568","SuccessAudit","Auditing settings on object were changed.

Subject:
	Security ID:		S-1-5-18
	Account Name:		THIG1$
	Account Domain:		WORKGROUP
	Logon ID:		0x3e7

Object:
	Object Server:	Security
	Object Type:	File
	Object Name:	C:\$WINDOWS.~BT\Sources\SafeOS\SafeOS.Mount\windows\winsxs\amd64_microsoft-windows-wmi-core-svc.resources_31bf3856ad364e35_10.0.14393.0_en-us_ba1cb39543054b6c\WMIsvc.dll.mui
	Handle ID:	0x1864

Process Information:
	Process ID:	0x1230
	Process Name:	C:\$WINDOWS.~BT\Sources\SetupHost.exe

Auditing Settings:
	Original Security Descriptor:	
	New Security Descriptor:		S:ARAI(AU;SAFA;DCLCRPCRSDWDWO;;;WD)","Microsoft-Windows-Security-Auditing","System.String[]","4907","9/21/2016 8:09:37 AM","9/21/2016 8:09:37 AM",,,
"4907","thig1","System.Byte[]","70971","(13568)","13568","SuccessAudit","Auditing settings on object were changed.

Subject:
	Security ID:		S-1-5-18
	Account Name:		THIG1$
	Account Domain:		WORKGROUP
	Logon ID:		0x3e7

Object:
	Object Server:	Security
	Object Type:	File
	Object Name:	C:\$WINDOWS.~BT\Sources\SafeOS\SafeOS.Mount\windows\winsxs\amd64_microsoft-windows-w..-provider.resources_31bf3856ad364e35_10.0.14393.0_en-us_2ebd5edc33e8511a\WMIPICMP.dll.mui
	Handle ID:	0xb60

Process Information:
	Process ID:	0x1230
	Process Name:	C:\$WINDOWS.~BT\Sources\SetupHost.exe

Auditing Settings:
	Original Security Descriptor:	
	New Security Descriptor:		S:ARAI(AU;SAFA;DCLCRPCRSDWDWO;;;WD)","Microsoft-Windows-Security-Auditing","System.String[]","4907","9/21/2016 8:09:37 AM","9/21/2016 8:09:37 AM",,,
"4907","thig1","System.Byte[]","70970","(13568)","13568","SuccessAudit","Auditing settings on object were changed.

Subject:
	Security ID:		S-1-5-18
	Account Name:		THIG1$
	Account Domain:		WORKGROUP
	Logon ID:		0x3e7

Object:
	Object Server:	Security
	Object Type:	File
	Object Name:	C:\$WINDOWS.~BT\Sources\SafeOS\SafeOS.Mount\windows\winsxs\amd64_microsoft-windows-wmi-core.resources_31bf3856ad364e35_10.0.14393.0_en-us_023bf9b5de5b6393\WinMgmtR.dll.mui
	Handle ID:	0x1a20

Process Information:
	Process ID:	0x1230
	Process Name:	C:\$WINDOWS.~BT\Sources\SetupHost.exe

Auditing Settings:
	Original Security Descriptor:	
	New Security Descriptor:		S:ARAI(AU;SAFA;DCLCRPCRSDWDWO;;;WD)","Microsoft-Windows-Security-Auditing","System.String[]","4907","9/21/2016 8:09:37 AM","9/21/2016 8:09:37 AM",,,
"4907","thig1","System.Byte[]","70969","(13568)","13568","SuccessAudit","Auditing settings on object were changed.

Subject:
	Security ID:		S-1-5-18
	Account Name:		THIG1$
	Account Domain:		WORKGROUP
	Logon ID:		0x3e7

Object:
	Object Server:	Security
	Object Type:	File
	Object Name:	C:\$WINDOWS.~BT\Sources\SafeOS\SafeOS.Mount\windows\winsxs\amd64_microsoft-windows-w..-provider.resources_31bf3856ad364e35_10.0.14393.0_en-us_28a5d07ca23e0823\wmipdskq.mfl
	Handle ID:	0x1d6c

Process Information:
	Process ID:	0x1230
	Process Name:	C:\$WINDOWS.~BT\Sources\SetupHost.exe

Auditing Settings:
	Original Security Descriptor:	
	New Security Descriptor:		S:ARAI(AU;SAFA;DCLCRPCRSDWDWO;;;WD)","Microsoft-Windows-Security-Auditing","System.String[]","4907","9/21/2016 8:09:37 AM","9/21/2016 8:09:37 AM",,,
"4907","thig1","System.Byte[]","70968","(13568)","13568","SuccessAudit","Auditing settings on object were changed.

Subject:
	Security ID:		S-1-5-18
	Account Name:		THIG1$
	Account Domain:		WORKGROUP
	Logon ID:		0x3e7

Object:
	Object Server:	Security
	Object Type:	File
	Object Name:	C:\$WINDOWS.~BT\Sources\SafeOS\SafeOS.Mount\windows\winsxs\amd64_microsoft-windows-w..-provider.resources_31bf3856ad364e35_10.0.14393.0_en-us_28a5d07ca23e0823\wmipdfs.mfl
	Handle ID:	0x156c

Process Information:
	Process ID:	0x1230
	Process Name:	C:\$WINDOWS.~BT\Sources\SetupHost.exe

Auditing Settings:
	Original Security Descriptor:	
	New Security Descriptor:		S:ARAI(AU;SAFA;DCLCRPCRSDWDWO;;;WD)","Microsoft-Windows-Security-Auditing","System.String[]","4907","9/21/2016 8:09:37 AM","9/21/2016 8:09:37 AM",,,
"4907","thig1","System.Byte[]","70967","(13568)","13568","SuccessAudit","Auditing settings on object were changed.

Subject:
	Security ID:		S-1-5-18
	Account Name:		THIG1$
	Account Domain:		WORKGROUP
	Logon ID:		0x3e7

Object:
	Object Server:	Security
	Object Type:	File
	Object Name:	C:\$WINDOWS.~BT\Sources\SafeOS\SafeOS.Mount\windows\winsxs\amd64_microsoft-windows-w..-provider.resources_31bf3856ad364e35_10.0.14393.0_en-us_fce9c869d3a83f90\regevent.mfl
	Handle ID:	0x1d5c

Process Information:
	Process ID:	0x1230
	Process Name:	C:\$WINDOWS.~BT\Sources\SetupHost.exe

Auditing Settings:
	Original Security Descriptor:	
	New Security Descriptor:		S:ARAI(AU;SAFA;DCLCRPCRSDWDWO;;;WD)","Microsoft-Windows-Security-Auditing","System.String[]","4907","9/21/2016 8:09:37 AM","9/21/2016 8:09:37 AM",,,
"4907","thig1","System.Byte[]","70966","(13568)","13568","SuccessAudit","Auditing settings on object were changed.

Subject:
	Security ID:		S-1-5-18
	Account Name:		THIG1$
	Account Domain:		WORKGROUP
	Logon ID:		0x3e7

Object:
	Object Server:	Security
	Object Type:	File
	Object Name:	C:\$WINDOWS.~BT\Sources\SafeOS\SafeOS.Mount\windows\winsxs\amd64_microsoft-windows-wmi-core.resources_31bf3856ad364e35_10.0.14393.0_en-us_023bf9b5de5b6393\WmiApSrv.exe.mui
	Handle ID:	0x564

Process Information:
	Process ID:	0x1230
	Process Name:	C:\$WINDOWS.~BT\Sources\SetupHost.exe

Auditing Settings:
	Original Security Descriptor:	
	New Security Descriptor:		S:ARAI(AU;SAFA;DCLCRPCRSDWDWO;;;WD)","Microsoft-Windows-Security-Auditing","System.String[]","4907","9/21/2016 8:09:37 AM","9/21/2016 8:09:37 AM",,,
"4907","thig1","System.Byte[]","70965","(13568)","13568","SuccessAudit","Auditing settings on object were changed.

Subject:
	Security ID:		S-1-5-18
	Account Name:		THIG1$
	Account Domain:		WORKGROUP
	Logon ID:		0x3e7

Object:
	Object Server:	Security
	Object Type:	File
	Object Name:	C:\$WINDOWS.~BT\Sources\SafeOS\SafeOS.Mount\windows\winsxs\amd64_microsoft-windows-wmi-tools.resources_31bf3856ad364e35_10.0.14393.0_en-us_74eb71dd3b26e66f\wbemtest.exe.mui
	Handle ID:	0x1b00

Process Information:
	Process ID:	0x1230
	Process Name:	C:\$WINDOWS.~BT\Sources\SetupHost.exe

Auditing Settings:
	Original Security Descriptor:	
	New Security Descriptor:		S:ARAI(AU;SAFA;DCLCRPCRSDWDWO;;;WD)","Microsoft-Windows-Security-Auditing","System.String[]","4907","9/21/2016 8:09:37 AM","9/21/2016 8:09:37 AM",,,
"4907","thig1","System.Byte[]","70964","(13568)","13568","SuccessAudit","Auditing settings on object were changed.

Subject:
	Security ID:		S-1-5-18
	Account Name:		THIG1$
	Account Domain:		WORKGROUP
	Logon ID:		0x3e7

Object:
	Object Server:	Security
	Object Type:	File
	Object Name:	C:\$WINDOWS.~BT\Sources\SafeOS\SafeOS.Mount\windows\winsxs\amd64_microsoft-windows-s..iprovider.resources_31bf3856ad364e35_10.0.14393.0_en-us_040006b3b4c13e07\vds.mfl
	Handle ID:	0x1d6c

Process Information:
	Process ID:	0x1230
	Process Name:	C:\$WINDOWS.~BT\Sources\SetupHost.exe

Auditing Settings:
	Original Security Descriptor:	
	New Security Descriptor:		S:ARAI(AU;SAFA;DCLCRPCRSDWDWO;;;WD)","Microsoft-Windows-Security-Auditing","System.String[]","4907","9/21/2016 8:09:37 AM","9/21/2016 8:09:37 AM",,,
"4907","thig1","System.Byte[]","70963","(13568)","13568","SuccessAudit","Auditing settings on object were changed.

Subject:
	Security ID:		S-1-5-18
	Account Name:		THIG1$
	Account Domain:		WORKGROUP
	Logon ID:		0x3e7

Object:
	Object Server:	Security
	Object Type:	File
	Object Name:	C:\$WINDOWS.~BT\Sources\SafeOS\SafeOS.Mount\windows\winsxs\amd64_microsoft-windows-wmi-core-svc.resources_31bf3856ad364e35_10.0.14393.0_en-us_ba1cb39543054b6c\WmiApRpl.dll.mui
	Handle ID:	0x1b78

Process Information:
	Process ID:	0x1230
	Process Name:	C:\$WINDOWS.~BT\Sources\SetupHost.exe

Auditing Settings:
	Original Security Descriptor:	
	New Security Descriptor:		S:ARAI(AU;SAFA;DCLCRPCRSDWDWO;;;WD)","Microsoft-Windows-Security-Auditing","System.String[]","4907","9/21/2016 8:09:37 AM","9/21/2016 8:09:37 AM",,,
"4907","thig1","System.Byte[]","70962","(13568)","13568","SuccessAudit","Auditing settings on object were changed.

Subject:
	Security ID:		S-1-5-18
	Account Name:		THIG1$
	Account Domain:		WORKGROUP
	Logon ID:		0x3e7

Object:
	Object Server:	Security
	Object Type:	File
	Object Name:	C:\$WINDOWS.~BT\Sources\SafeOS\SafeOS.Mount\windows\winsxs\amd64_microsoft-windows-wmi-core.resources_31bf3856ad364e35_10.0.14393.0_en-us_023bf9b5de5b6393\WmiApRes.dll.mui
	Handle ID:	0x18b4

Process Information:
	Process ID:	0x1230
	Process Name:	C:\$WINDOWS.~BT\Sources\SetupHost.exe

Auditing Settings:
	Original Security Descriptor:	
	New Security Descriptor:		S:ARAI(AU;SAFA;DCLCRPCRSDWDWO;;;WD)","Microsoft-Windows-Security-Auditing","System.String[]","4907","9/21/2016 8:09:37 AM","9/21/2016 8:09:37 AM",,,
"4907","thig1","System.Byte[]","70961","(13568)","13568","SuccessAudit","Auditing settings on object were changed.

Subject:
	Security ID:		S-1-5-18
	Account Name:		THIG1$
	Account Domain:		WORKGROUP
	Logon ID:		0x3e7

Object:
	Object Server:	Security
	Object Type:	File
	Object Name:	C:\$WINDOWS.~BT\Sources\SafeOS\SafeOS.Mount\windows\winsxs\amd64_microsoft-windows-wmi-core-svc.resources_31bf3856ad364e35_10.0.14393.0_en-us_ba1cb39543054b6c\WinMgmt.exe.mui
	Handle ID:	0x1a20

Process Information:
	Process ID:	0x1230
	Process Name:	C:\$WINDOWS.~BT\Sources\SetupHost.exe

Auditing Settings:
	Original Security Descriptor:	
	New Security Descriptor:		S:ARAI(AU;SAFA;DCLCRPCRSDWDWO;;;WD)","Microsoft-Windows-Security-Auditing","System.String[]","4907","9/21/2016 8:09:37 AM","9/21/2016 8:09:37 AM",,,
"4907","thig1","System.Byte[]","70960","(13568)","13568","SuccessAudit","Auditing settings on object were changed.

Subject:
	Security ID:		S-1-5-18
	Account Name:		THIG1$
	Account Domain:		WORKGROUP
	Logon ID:		0x3e7

Object:
	Object Server:	Security
	Object Type:	File
	Object Name:	C:\$WINDOWS.~BT\Sources\SafeOS\SafeOS.Mount\windows\winsxs\amd64_microsoft-windows-winlogon-mof.resources_31bf3856ad364e35_10.0.14393.0_en-us_562f4ed136017036\winlogon.mfl
	Handle ID:	0x1d6c

Process Information:
	Process ID:	0x1230
	Process Name:	C:\$WINDOWS.~BT\Sources\SetupHost.exe

Auditing Settings:
	Original Security Descriptor:	
	New Security Descriptor:		S:ARAI(AU;SAFA;DCLCRPCRSDWDWO;;;WD)","Microsoft-Windows-Security-Auditing","System.String[]","4907","9/21/2016 8:09:37 AM","9/21/2016 8:09:37 AM",,,
"4907","thig1","System.Byte[]","70959","(13568)","13568","SuccessAudit","Auditing settings on object were changed.

Subject:
	Security ID:		S-1-5-18
	Account Name:		THIG1$
	Account Domain:		WORKGROUP
	Logon ID:		0x3e7

Object:
	Object Server:	Security
	Object Type:	File
	Object Name:	C:\$WINDOWS.~BT\Sources\SafeOS\SafeOS.Mount\windows\winsxs\amd64_microsoft-windows-wininit-mof.resources_31bf3856ad364e35_10.0.14393.0_en-us_959cb0b269c1f72b\wininit.mfl
	Handle ID:	0x1d70

Process Information:
	Process ID:	0x1230
	Process Name:	C:\$WINDOWS.~BT\Sources\SetupHost.exe

Auditing Settings:
	Original Security Descriptor:	
	New Security Descriptor:		S:ARAI(AU;SAFA;DCLCRPCRSDWDWO;;;WD)","Microsoft-Windows-Security-Auditing","System.String[]","4907","9/21/2016 8:09:37 AM","9/21/2016 8:09:37 AM",,,
"4907","thig1","System.Byte[]","70958","(13568)","13568","SuccessAudit","Auditing settings on object were changed.

Subject:
	Security ID:		S-1-5-18
	Account Name:		THIG1$
	Account Domain:		WORKGROUP
	Logon ID:		0x3e7

Object:
	Object Server:	Security
	Object Type:	File
	Object Name:	C:\$WINDOWS.~BT\Sources\SafeOS\SafeOS.Mount\windows\winsxs\amd64_microsoft-windows-w..ommand-line-utility_31bf3856ad364e35_10.0.14393.0_none_cf1e40d9e3899682\WMIC.exe
	Handle ID:	0x18b4

Process Information:
	Process ID:	0x1230
	Process Name:	C:\$WINDOWS.~BT\Sources\SetupHost.exe

Auditing Settings:
	Original Security Descriptor:	
	New Security Descriptor:		S:ARAI(AU;SAFA;DCLCRPCRSDWDWO;;;WD)","Microsoft-Windows-Security-Auditing","System.String[]","4907","9/21/2016 8:09:37 AM","9/21/2016 8:09:37 AM",,,
"4907","thig1","System.Byte[]","70957","(13568)","13568","SuccessAudit","Auditing settings on object were changed.

Subject:
	Security ID:		S-1-5-18
	Account Name:		THIG1$
	Account Domain:		WORKGROUP
	Logon ID:		0x3e7

Object:
	Object Server:	Security
	Object Type:	File
	Object Name:	C:\$WINDOWS.~BT\Sources\SafeOS\SafeOS.Mount\windows\winsxs\amd64_microsoft-windows-w..mcore-dll.resources_31bf3856ad364e35_10.0.14393.0_en-us_0534498b408eb29b\wbemcore.dll.mui
	Handle ID:	0x1ca8

Process Information:
	Process ID:	0x1230
	Process Name:	C:\$WINDOWS.~BT\Sources\SetupHost.exe

Auditing Settings:
	Original Security Descriptor:	
	New Security Descriptor:		S:ARAI(AU;SAFA;DCLCRPCRSDWDWO;;;WD)","Microsoft-Windows-Security-Auditing","System.String[]","4907","9/21/2016 8:09:37 AM","9/21/2016 8:09:37 AM",,,
"4907","thig1","System.Byte[]","70956","(13568)","13568","SuccessAudit","Auditing settings on object were changed.

Subject:
	Security ID:		S-1-5-18
	Account Name:		THIG1$
	Account Domain:		WORKGROUP
	Logon ID:		0x3e7

Object:
	Object Server:	Security
	Object Type:	File
	Object Name:	C:\$WINDOWS.~BT\Sources\SafeOS\SafeOS.Mount\windows\winsxs\amd64_microsoft-windows-s..iprovider.resources_31bf3856ad364e35_10.0.14393.0_en-us_040006b3b4c13e07\vdswmi.dll.mui
	Handle ID:	0x1958

Process Information:
	Process ID:	0x1230
	Process Name:	C:\$WINDOWS.~BT\Sources\SetupHost.exe

Auditing Settings:
	Original Security Descriptor:	
	New Security Descriptor:		S:ARAI(AU;SAFA;DCLCRPCRSDWDWO;;;WD)","Microsoft-Windows-Security-Auditing","System.String[]","4907","9/21/2016 8:09:37 AM","9/21/2016 8:09:37 AM",,,
"4907","thig1","System.Byte[]","70955","(13568)","13568","SuccessAudit","Auditing settings on object were changed.

Subject:
	Security ID:		S-1-5-18
	Account Name:		THIG1$
	Account Domain:		WORKGROUP
	Logon ID:		0x3e7

Object:
	Object Server:	Security
	Object Type:	File
	Object Name:	C:\$WINDOWS.~BT\Sources\SafeOS\SafeOS.Mount\windows\winsxs\amd64_microsoft-windows-w..consumers.resources_31bf3856ad364e35_10.0.14393.0_en-us_8d8ef10e35ce773f\scrcons.exe.mui
	Handle ID:	0x1b2c

Process Information:
	Process ID:	0x1230
	Process Name:	C:\$WINDOWS.~BT\Sources\SetupHost.exe

Auditing Settings:
	Original Security Descriptor:	
	New Security Descriptor:		S:ARAI(AU;SAFA;DCLCRPCRSDWDWO;;;WD)","Microsoft-Windows-Security-Auditing","System.String[]","4907","9/21/2016 8:09:37 AM","9/21/2016 8:09:37 AM",,,
"4907","thig1","System.Byte[]","70954","(13568)","13568","SuccessAudit","Auditing settings on object were changed.

Subject:
	Security ID:		S-1-5-18
	Account Name:		THIG1$
	Account Domain:		WORKGROUP
	Logon ID:		0x3e7

Object:
	Object Server:	Security
	Object Type:	File
	Object Name:	C:\$WINDOWS.~BT\Sources\SafeOS\SafeOS.Mount\windows\winsxs\amd64_microsoft-windows-wmi-core-svc_31bf3856ad364e35_10.0.14393.0_none_ce27274b0da3c2f5\WMIsvc.dll
	Handle ID:	0x1d70

Process Information:
	Process ID:	0x1230
	Process Name:	C:\$WINDOWS.~BT\Sources\SetupHost.exe

Auditing Settings:
	Original Security Descriptor:	
	New Security Descriptor:		S:ARAI(AU;SAFA;DCLCRPCRSDWDWO;;;WD)","Microsoft-Windows-Security-Auditing","System.String[]","4907","9/21/2016 8:09:37 AM","9/21/2016 8:09:37 AM",,,
"4907","thig1","System.Byte[]","70953","(13568)","13568","SuccessAudit","Auditing settings on object were changed.

Subject:
	Security ID:		S-1-5-18
	Account Name:		THIG1$
	Account Domain:		WORKGROUP
	Logon ID:		0x3e7

Object:
	Object Server:	Security
	Object Type:	File
	Object Name:	C:\$WINDOWS.~BT\Sources\SafeOS\SafeOS.Mount\windows\winsxs\amd64_microsoft-windows-u..rvice-mof.resources_31bf3856ad364e35_10.0.14393.0_en-us_228de75122dd2adf\profileassociationprovider.mfl
	Handle ID:	0x187c

Process Information:
	Process ID:	0x1230
	Process Name:	C:\$WINDOWS.~BT\Sources\SetupHost.exe

Auditing Settings:
	Original Security Descriptor:	
	New Security Descriptor:		S:ARAI(AU;SAFA;DCLCRPCRSDWDWO;;;WD)","Microsoft-Windows-Security-Auditing","System.String[]","4907","9/21/2016 8:09:37 AM","9/21/2016 8:09:37 AM",,,
"4907","thig1","System.Byte[]","70952","(13568)","13568","SuccessAudit","Auditing settings on object were changed.

Subject:
	Security ID:		S-1-5-18
	Account Name:		THIG1$
	Account Domain:		WORKGROUP
	Logon ID:		0x3e7

Object:
	Object Server:	Security
	Object Type:	File
	Object Name:	C:\$WINDOWS.~BT\Sources\SafeOS\SafeOS.Mount\windows\winsxs\amd64_microsoft-windows-u..rvice-mof.resources_31bf3856ad364e35_10.0.14393.0_en-us_228de75122dd2adf\powermeterprovider.mfl
	Handle ID:	0x1958

Process Information:
	Process ID:	0x1230
	Process Name:	C:\$WINDOWS.~BT\Sources\SetupHost.exe

Auditing Settings:
	Original Security Descriptor:	
	New Security Descriptor:		S:ARAI(AU;SAFA;DCLCRPCRSDWDWO;;;WD)","Microsoft-Windows-Security-Auditing","System.String[]","4907","9/21/2016 8:09:37 AM","9/21/2016 8:09:37 AM",,,
"4907","thig1","System.Byte[]","70951","(13568)","13568","SuccessAudit","Auditing settings on object were changed.

Subject:
	Security ID:		S-1-5-18
	Account Name:		THIG1$
	Account Domain:		WORKGROUP
	Logon ID:		0x3e7

Object:
	Object Server:	Security
	Object Type:	File
	Object Name:	C:\$WINDOWS.~BT\Sources\SafeOS\SafeOS.Mount\windows\winsxs\amd64_microsoft-windows-wmi-filter.resources_31bf3856ad364e35_10.0.14393.0_en-us_f029654bcb11f2f2\PolicMan.mfl
	Handle ID:	0x1d6c

Process Information:
	Process ID:	0x1230
	Process Name:	C:\$WINDOWS.~BT\Sources\SetupHost.exe

Auditing Settings:
	Original Security Descriptor:	
	New Security Descriptor:		S:ARAI(AU;SAFA;DCLCRPCRSDWDWO;;;WD)","Microsoft-Windows-Security-Auditing","System.String[]","4907","9/21/2016 8:09:37 AM","9/21/2016 8:09:37 AM",,,
"4907","thig1","System.Byte[]","70950","(13568)","13568","SuccessAudit","Auditing settings on object were changed.

Subject:
	Security ID:		S-1-5-18
	Account Name:		THIG1$
	Account Domain:		WORKGROUP
	Logon ID:		0x3e7

Object:
	Object Server:	Security
	Object Type:	File
	Object Name:	C:\$WINDOWS.~BT\Sources\SafeOS\SafeOS.Mount\windows\winsxs\amd64_microsoft-windows-u..rvice-mof.resources_31bf3856ad364e35_10.0.14393.0_en-us_228de75122dd2adf\cimdmtf.mfl
	Handle ID:	0x1b2c

Process Information:
	Process ID:	0x1230
	Process Name:	C:\$WINDOWS.~BT\Sources\SetupHost.exe

Auditing Settings:
	Original Security Descriptor:	
	New Security Descriptor:		S:ARAI(AU;SAFA;DCLCRPCRSDWDWO;;;WD)","Microsoft-Windows-Security-Auditing","System.String[]","4907","9/21/2016 8:09:37 AM","9/21/2016 8:09:37 AM",,,
"4907","thig1","System.Byte[]","70949","(13568)","13568","SuccessAudit","Auditing settings on object were changed.

Subject:
	Security ID:		S-1-5-18
	Account Name:		THIG1$
	Account Domain:		WORKGROUP
	Logon ID:		0x3e7

Object:
	Object Server:	Security
	Object Type:	File
	Object Name:	C:\$WINDOWS.~BT\Sources\SafeOS\SafeOS.Mount\windows\winsxs\amd64_microsoft-windows-wmi-core.resources_31bf3856ad364e35_10.0.14393.0_en-us_023bf9b5de5b6393\mofd.dll.mui
	Handle ID:	0x564

Process Information:
	Process ID:	0x1230
	Process Name:	C:\$WINDOWS.~BT\Sources\SetupHost.exe

Auditing Settings:
	Original Security Descriptor:	
	New Security Descriptor:		S:ARAI(AU;SAFA;DCLCRPCRSDWDWO;;;WD)","Microsoft-Windows-Security-Auditing","System.String[]","4907","9/21/2016 8:09:37 AM","9/21/2016 8:09:37 AM",,,
"4907","thig1","System.Byte[]","70948","(13568)","13568","SuccessAudit","Auditing settings on object were changed.

Subject:
	Security ID:		S-1-5-18
	Account Name:		THIG1$
	Account Domain:		WORKGROUP
	Logon ID:		0x3e7

Object:
	Object Server:	Security
	Object Type:	File
	Object Name:	C:\$WINDOWS.~BT\Sources\SafeOS\SafeOS.Mount\windows\winsxs\amd64_microsoft-windows-wmi-core.resources_31bf3856ad364e35_10.0.14393.0_en-us_023bf9b5de5b6393\NCProv.dll.mui
	Handle ID:	0x156c

Process Information:
	Process ID:	0x1230
	Process Name:	C:\$WINDOWS.~BT\Sources\SetupHost.exe

Auditing Settings:
	Original Security Descriptor:	
	New Security Descriptor:		S:ARAI(AU;SAFA;DCLCRPCRSDWDWO;;;WD)","Microsoft-Windows-Security-Auditing","System.String[]","4907","9/21/2016 8:09:37 AM","9/21/2016 8:09:37 AM",,,
"4907","thig1","System.Byte[]","70947","(13568)","13568","SuccessAudit","Auditing settings on object were changed.

Subject:
	Security ID:		S-1-5-18
	Account Name:		THIG1$
	Account Domain:		WORKGROUP
	Logon ID:		0x3e7

Object:
	Object Server:	Security
	Object Type:	File
	Object Name:	C:\$WINDOWS.~BT\Sources\SafeOS\SafeOS.Mount\windows\winsxs\amd64_microsoft-windows-wmi-core.resources_31bf3856ad364e35_10.0.14393.0_en-us_023bf9b5de5b6393\mofcomp.exe.mui
	Handle ID:	0x1864

Process Information:
	Process ID:	0x1230
	Process Name:	C:\$WINDOWS.~BT\Sources\SetupHost.exe

Auditing Settings:
	Original Security Descriptor:	
	New Security Descriptor:		S:ARAI(AU;SAFA;DCLCRPCRSDWDWO;;;WD)","Microsoft-Windows-Security-Auditing","System.String[]","4907","9/21/2016 8:09:37 AM","9/21/2016 8:09:37 AM",,,
"4907","thig1","System.Byte[]","70946","(13568)","13568","SuccessAudit","Auditing settings on object were changed.

Subject:
	Security ID:		S-1-5-18
	Account Name:		THIG1$
	Account Domain:		WORKGROUP
	Logon ID:		0x3e7

Object:
	Object Server:	Security
	Object Type:	File
	Object Name:	C:\$WINDOWS.~BT\Sources\SafeOS\SafeOS.Mount\windows\winsxs\amd64_microsoft-windows-w..-provider.resources_31bf3856ad364e35_10.0.14393.0_en-us_effb77aa92e35050\krnlprov.mfl
	Handle ID:	0x14f0

Process Information:
	Process ID:	0x1230
	Process Name:	C:\$WINDOWS.~BT\Sources\SetupHost.exe

Auditing Settings:
	Original Security Descriptor:	
	New Security Descriptor:		S:ARAI(AU;SAFA;DCLCRPCRSDWDWO;;;WD)","Microsoft-Windows-Security-Auditing","System.String[]","4907","9/21/2016 8:09:37 AM","9/21/2016 8:09:37 AM",,,
"4907","thig1","System.Byte[]","70945","(13568)","13568","SuccessAudit","Auditing settings on object were changed.

Subject:
	Security ID:		S-1-5-18
	Account Name:		THIG1$
	Account Domain:		WORKGROUP
	Logon ID:		0x3e7

Object:
	Object Server:	Security
	Object Type:	File
	Object Name:	C:\$WINDOWS.~BT\Sources\SafeOS\SafeOS.Mount\windows\winsxs\amd64_microsoft-windows-w..lity-base.resources_31bf3856ad364e35_10.0.14393.0_en-us_5389621eedc226ff\mof.xsl
	Handle ID:	0xb30

Process Information:
	Process ID:	0x1230
	Process Name:	C:\$WINDOWS.~BT\Sources\SetupHost.exe

Auditing Settings:
	Original Security Descriptor:	
	New Security Descriptor:		S:ARAI(AU;SAFA;DCLCRPCRSDWDWO;;;WD)","Microsoft-Windows-Security-Auditing","System.String[]","4907","9/21/2016 8:09:37 AM","9/21/2016 8:09:37 AM",,,
"4907","thig1","System.Byte[]","70944","(13568)","13568","SuccessAudit","Auditing settings on object were changed.

Subject:
	Security ID:		S-1-5-18
	Account Name:		THIG1$
	Account Domain:		WORKGROUP
	Logon ID:		0x3e7

Object:
	Object Server:	Security
	Object Type:	File
	Object Name:	C:\$WINDOWS.~BT\Sources\SafeOS\SafeOS.Mount\windows\winsxs\amd64_microsoft-windows-wmi-core_31bf3856ad364e35_10.0.14393.0_none_e6c86e90364b445a\wmiutils.dll
	Handle ID:	0x1d7c

Process Information:
	Process ID:	0x1230
	Process Name:	C:\$WINDOWS.~BT\Sources\SetupHost.exe

Auditing Settings:
	Original Security Descriptor:	
	New Security Descriptor:		S:ARAI(AU;SAFA;DCLCRPCRSDWDWO;;;WD)","Microsoft-Windows-Security-Auditing","System.String[]","4907","9/21/2016 8:09:37 AM","9/21/2016 8:09:37 AM",,,
"4907","thig1","System.Byte[]","70943","(13568)","13568","SuccessAudit","Auditing settings on object were changed.

Subject:
	Security ID:		S-1-5-18
	Account Name:		THIG1$
	Account Domain:		WORKGROUP
	Logon ID:		0x3e7

Object:
	Object Server:	Security
	Object Type:	File
	Object Name:	C:\$WINDOWS.~BT\Sources\SafeOS\SafeOS.Mount\windows\winsxs\amd64_microsoft-windows-w..lity-base.resources_31bf3856ad364e35_10.0.14393.0_en-us_5389621eedc226ff\cli.mfl
	Handle ID:	0xa10

Process Information:
	Process ID:	0x1230
	Process Name:	C:\$WINDOWS.~BT\Sources\SetupHost.exe

Auditing Settings:
	Original Security Descriptor:	
	New Security Descriptor:		S:ARAI(AU;SAFA;DCLCRPCRSDWDWO;;;WD)","Microsoft-Windows-Security-Auditing","System.String[]","4907","9/21/2016 8:09:37 AM","9/21/2016 8:09:37 AM",,,
"4907","thig1","System.Byte[]","70942","(13568)","13568","SuccessAudit","Auditing settings on object were changed.

Subject:
	Security ID:		S-1-5-18
	Account Name:		THIG1$
	Account Domain:		WORKGROUP
	Logon ID:		0x3e7

Object:
	Object Server:	Security
	Object Type:	File
	Object Name:	C:\$WINDOWS.~BT\Sources\SafeOS\SafeOS.Mount\windows\winsxs\amd64_microsoft-windows-w..-provider.resources_31bf3856ad364e35_10.0.14393.0_en-us_effb77aa92e35050\KrnlProv.dll.mui
	Handle ID:	0x10a0

Process Information:
	Process ID:	0x1230
	Process Name:	C:\$WINDOWS.~BT\Sources\SetupHost.exe

Auditing Settings:
	Original Security Descriptor:	
	New Security Descriptor:		S:ARAI(AU;SAFA;DCLCRPCRSDWDWO;;;WD)","Microsoft-Windows-Security-Auditing","System.String[]","4907","9/21/2016 8:09:37 AM","9/21/2016 8:09:37 AM",,,
"4907","thig1","System.Byte[]","70941","(13568)","13568","SuccessAudit","Auditing settings on object were changed.

Subject:
	Security ID:		S-1-5-18
	Account Name:		THIG1$
	Account Domain:		WORKGROUP
	Logon ID:		0x3e7

Object:
	Object Server:	Security
	Object Type:	File
	Object Name:	C:\$WINDOWS.~BT\Sources\SafeOS\SafeOS.Mount\windows\winsxs\amd64_microsoft-windows-w..lity-base.resources_31bf3856ad364e35_10.0.14393.0_en-us_5389621eedc226ff\htable.xsl
	Handle ID:	0x1970

Process Information:
	Process ID:	0x1230
	Process Name:	C:\$WINDOWS.~BT\Sources\SetupHost.exe

Auditing Settings:
	Original Security Descriptor:	
	New Security Descriptor:		S:ARAI(AU;SAFA;DCLCRPCRSDWDWO;;;WD)","Microsoft-Windows-Security-Auditing","System.String[]","4907","9/21/2016 8:09:37 AM","9/21/2016 8:09:37 AM",,,
"4907","thig1","System.Byte[]","70940","(13568)","13568","SuccessAudit","Auditing settings on object were changed.

Subject:
	Security ID:		S-1-5-18
	Account Name:		THIG1$
	Account Domain:		WORKGROUP
	Logon ID:		0x3e7

Object:
	Object Server:	Security
	Object Type:	File
	Object Name:	C:\$WINDOWS.~BT\Sources\SafeOS\SafeOS.Mount\windows\winsxs\amd64_microsoft-windows-w..lity-base.resources_31bf3856ad364e35_10.0.14393.0_en-us_5389621eedc226ff\hform.xsl
	Handle ID:	0x1d60

Process Information:
	Process ID:	0x1230
	Process Name:	C:\$WINDOWS.~BT\Sources\SetupHost.exe

Auditing Settings:
	Original Security Descriptor:	
	New Security Descriptor:		S:ARAI(AU;SAFA;DCLCRPCRSDWDWO;;;WD)","Microsoft-Windows-Security-Auditing","System.String[]","4907","9/21/2016 8:09:37 AM","9/21/2016 8:09:37 AM",,,
"4907","thig1","System.Byte[]","70939","(13568)","13568","SuccessAudit","Auditing settings on object were changed.

Subject:
	Security ID:		S-1-5-18
	Account Name:		THIG1$
	Account Domain:		WORKGROUP
	Logon ID:		0x3e7

Object:
	Object Server:	Security
	Object Type:	File
	Object Name:	C:\$WINDOWS.~BT\Sources\SafeOS\SafeOS.Mount\windows\winsxs\amd64_microsoft-windows-wmi-core-fastprox-dll_31bf3856ad364e35_10.0.14393.0_none_28bdbed5906f484f\fastprox.dll
	Handle ID:	0x1ae0

Process Information:
	Process ID:	0x1230
	Process Name:	C:\$WINDOWS.~BT\Sources\SetupHost.exe

Auditing Settings:
	Original Security Descriptor:	
	New Security Descriptor:		S:ARAI(AU;SAFA;DCLCRPCRSDWDWO;;;WD)","Microsoft-Windows-Security-Auditing","System.String[]","4907","9/21/2016 8:09:37 AM","9/21/2016 8:09:37 AM",,,
"4907","thig1","System.Byte[]","70938","(13568)","13568","SuccessAudit","Auditing settings on object were changed.

Subject:
	Security ID:		S-1-5-18
	Account Name:		THIG1$
	Account Domain:		WORKGROUP
	Logon ID:		0x3e7

Object:
	Object Server:	Security
	Object Type:	File
	Object Name:	C:\$WINDOWS.~BT\Sources\SafeOS\SafeOS.Mount\windows\winsxs\amd64_microsoft-windows-f..acefilter.resources_31bf3856ad364e35_10.0.14393.0_en-us_e59c315f24172315\filetrace.mfl
	Handle ID:	0x7f8

Process Information:
	Process ID:	0x1230
	Process Name:	C:\$WINDOWS.~BT\Sources\SetupHost.exe

Auditing Settings:
	Original Security Descriptor:	
	New Security Descriptor:		S:ARAI(AU;SAFA;DCLCRPCRSDWDWO;;;WD)","Microsoft-Windows-Security-Auditing","System.String[]","4907","9/21/2016 8:09:37 AM","9/21/2016 8:09:37 AM",,,
"4907","thig1","System.Byte[]","70937","(13568)","13568","SuccessAudit","Auditing settings on object were changed.

Subject:
	Security ID:		S-1-5-18
	Account Name:		THIG1$
	Account Domain:		WORKGROUP
	Logon ID:		0x3e7

Object:
	Object Server:	Security
	Object Type:	File
	Object Name:	C:\$WINDOWS.~BT\Sources\SafeOS\SafeOS.Mount\windows\winsxs\amd64_microsoft-windows-w..lity-base.resources_31bf3856ad364e35_10.0.14393.0_en-us_5389621eedc226ff\cliegaliases.mfl
	Handle ID:	0x1bac

Process Information:
	Process ID:	0x1230
	Process Name:	C:\$WINDOWS.~BT\Sources\SetupHost.exe

Auditing Settings:
	Original Security Descriptor:	
	New Security Descriptor:		S:ARAI(AU;SAFA;DCLCRPCRSDWDWO;;;WD)","Microsoft-Windows-Security-Auditing","System.String[]","4907","9/21/2016 8:09:37 AM","9/21/2016 8:09:37 AM",,,
"4907","thig1","System.Byte[]","70936","(13568)","13568","SuccessAudit","Auditing settings on object were changed.

Subject:
	Security ID:		S-1-5-18
	Account Name:		THIG1$
	Account Domain:		WORKGROUP
	Logon ID:		0x3e7

Object:
	Object Server:	Security
	Object Type:	File
	Object Name:	C:\$WINDOWS.~BT\Sources\SafeOS\SafeOS.Mount\windows\winsxs\amd64_microsoft-windows-wmi-wdm-provider_31bf3856ad364e35_10.0.14393.0_none_a7a7378078c255e7\wmiprov.dll
	Handle ID:	0x1994

Process Information:
	Process ID:	0x1230
	Process Name:	C:\$WINDOWS.~BT\Sources\SetupHost.exe

Auditing Settings:
	Original Security Descriptor:	
	New Security Descriptor:		S:ARAI(AU;SAFA;DCLCRPCRSDWDWO;;;WD)","Microsoft-Windows-Security-Auditing","System.String[]","4907","9/21/2016 8:09:37 AM","9/21/2016 8:09:37 AM",,,
"4907","thig1","System.Byte[]","70935","(13568)","13568","SuccessAudit","Auditing settings on object were changed.

Subject:
	Security ID:		S-1-5-18
	Account Name:		THIG1$
	Account Domain:		WORKGROUP
	Logon ID:		0x3e7

Object:
	Object Server:	Security
	Object Type:	File
	Object Name:	C:\$WINDOWS.~BT\Sources\SafeOS\SafeOS.Mount\windows\winsxs\amd64_microsoft-windows-w..lity-base.resources_31bf3856ad364e35_10.0.14393.0_en-us_5389621eedc226ff\csv.xsl
	Handle ID:	0x1bb8

Process Information:
	Process ID:	0x1230
	Process Name:	C:\$WINDOWS.~BT\Sources\SetupHost.exe

Auditing Settings:
	Original Security Descriptor:	
	New Security Descriptor:		S:ARAI(AU;SAFA;DCLCRPCRSDWDWO;;;WD)","Microsoft-Windows-Security-Auditing","System.String[]","4907","9/21/2016 8:09:37 AM","9/21/2016 8:09:37 AM",,,
"4907","thig1","System.Byte[]","70934","(13568)","13568","SuccessAudit","Auditing settings on object were changed.

Subject:
	Security ID:		S-1-5-18
	Account Name:		THIG1$
	Account Domain:		WORKGROUP
	Logon ID:		0x3e7

Object:
	Object Server:	Security
	Object Type:	File
	Object Name:	C:\$WINDOWS.~BT\Sources\SafeOS\SafeOS.Mount\windows\winsxs\amd64_microsoft-windows-wmi-core-wbemess-dll_31bf3856ad364e35_10.0.14393.0_none_9149ba9f46538ba6\wbemess.dll
	Handle ID:	0xbb8

Process Information:
	Process ID:	0x1230
	Process Name:	C:\$WINDOWS.~BT\Sources\SetupHost.exe

Auditing Settings:
	Original Security Descriptor:	
	New Security Descriptor:		S:ARAI(AU;SAFA;DCLCRPCRSDWDWO;;;WD)","Microsoft-Windows-Security-Auditing","System.String[]","4907","9/21/2016 8:09:37 AM","9/21/2016 8:09:37 AM",,,
"4907","thig1","System.Byte[]","70933","(13568)","13568","SuccessAudit","Auditing settings on object were changed.

Subject:
	Security ID:		S-1-5-18
	Account Name:		THIG1$
	Account Domain:		WORKGROUP
	Logon ID:		0x3e7

Object:
	Object Server:	Security
	Object Type:	File
	Object Name:	C:\$WINDOWS.~BT\Sources\SafeOS\SafeOS.Mount\windows\winsxs\amd64_microsoft-windows-w..win32-dll.resources_31bf3856ad364e35_10.0.14393.0_en-us_d11ab2dd3057b43f\cimwin32.dll.mui
	Handle ID:	0x1d70

Process Information:
	Process ID:	0x1230
	Process Name:	C:\$WINDOWS.~BT\Sources\SetupHost.exe

Auditing Settings:
	Original Security Descriptor:	
	New Security Descriptor:		S:ARAI(AU;SAFA;DCLCRPCRSDWDWO;;;WD)","Microsoft-Windows-Security-Auditing","System.String[]","4907","9/21/2016 8:09:37 AM","9/21/2016 8:09:37 AM",,,
"4907","thig1","System.Byte[]","70932","(13568)","13568","SuccessAudit","Auditing settings on object were changed.

Subject:
	Security ID:		S-1-5-18
	Account Name:		THIG1$
	Account Domain:		WORKGROUP
	Logon ID:		0x3e7

Object:
	Object Server:	Security
	Object Type:	File
	Object Name:	C:\$WINDOWS.~BT\Sources\SafeOS\SafeOS.Mount\windows\winsxs\amd64_microsoft-windows-w..in32-provider-admin_31bf3856ad364e35_10.0.14393.0_none_687504e61b8ade5c\WMIPSESS.dll
	Handle ID:	0x1ca8

Process Information:
	Process ID:	0x1230
	Process Name:	C:\$WINDOWS.~BT\Sources\SetupHost.exe

Auditing Settings:
	Original Security Descriptor:	
	New Security Descriptor:		S:ARAI(AU;SAFA;DCLCRPCRSDWDWO;;;WD)","Microsoft-Windows-Security-Auditing","System.String[]","4907","9/21/2016 8:09:37 AM","9/21/2016 8:09:37 AM",,,
"4907","thig1","System.Byte[]","70931","(13568)","13568","SuccessAudit","Auditing settings on object were changed.

Subject:
	Security ID:		S-1-5-18
	Account Name:		THIG1$
	Account Domain:		WORKGROUP
	Logon ID:		0x3e7

Object:
	Object Server:	Security
	Object Type:	File
	Object Name:	C:\$WINDOWS.~BT\Sources\SafeOS\SafeOS.Mount\windows\winsxs\amd64_microsoft-windows-w..d-line-utility-base_31bf3856ad364e35_10.0.14393.0_none_3b403a9cda13cb02\xsl-mappings.xml
	Handle ID:	0x18b4

Process Information:
	Process ID:	0x1230
	Process Name:	C:\$WINDOWS.~BT\Sources\SetupHost.exe

Auditing Settings:
	Original Security Descriptor:	
	New Security Descriptor:		S:ARAI(AU;SAFA;DCLCRPCRSDWDWO;;;WD)","Microsoft-Windows-Security-Auditing","System.String[]","4907","9/21/2016 8:09:37 AM","9/21/2016 8:09:37 AM",,,
"4907","thig1","System.Byte[]","70930","(13568)","13568","SuccessAudit","Auditing settings on object were changed.

Subject:
	Security ID:		S-1-5-18
	Account Name:		THIG1$
	Account Domain:		WORKGROUP
	Logon ID:		0x3e7

Object:
	Object Server:	Security
	Object Type:	File
	Object Name:	C:\$WINDOWS.~BT\Sources\SafeOS\SafeOS.Mount\windows\winsxs\amd64_microsoft-windows-wmi-ping-provider_31bf3856ad364e35_10.0.14393.0_none_78fa6abfe4fa3f8b\WMIPICMP.dll
	Handle ID:	0xc28

Process Information:
	Process ID:	0x1230
	Process Name:	C:\$WINDOWS.~BT\Sources\SetupHost.exe

Auditing Settings:
	Original Security Descriptor:	
	New Security Descriptor:		S:ARAI(AU;SAFA;DCLCRPCRSDWDWO;;;WD)","Microsoft-Windows-Security-Auditing","System.String[]","4907","9/21/2016 8:09:37 AM","9/21/2016 8:09:37 AM",,,
"4907","thig1","System.Byte[]","70929","(13568)","13568","SuccessAudit","Auditing settings on object were changed.

Subject:
	Security ID:		S-1-5-18
	Account Name:		THIG1$
	Account Domain:		WORKGROUP
	Logon ID:		0x3e7

Object:
	Object Server:	Security
	Object Type:	File
	Object Name:	C:\$WINDOWS.~BT\Sources\SafeOS\SafeOS.Mount\windows\winsxs\amd64_microsoft-windows-wmi-win32-provider_31bf3856ad364e35_10.0.14393.0_none_f43f71318d03c940\wmipsess.mof
	Handle ID:	0x1864

Process Information:
	Process ID:	0x1230
	Process Name:	C:\$WINDOWS.~BT\Sources\SetupHost.exe

Auditing Settings:
	Original Security Descriptor:	
	New Security Descriptor:		S:ARAI(AU;SAFA;DCLCRPCRSDWDWO;;;WD)","Microsoft-Windows-Security-Auditing","System.String[]","4907","9/21/2016 8:09:37 AM","9/21/2016 8:09:37 AM",,,
"4907","thig1","System.Byte[]","70928","(13568)","13568","SuccessAudit","Auditing settings on object were changed.

Subject:
	Security ID:		S-1-5-18
	Account Name:		THIG1$
	Account Domain:		WORKGROUP
	Logon ID:		0x3e7

Object:
	Object Server:	Security
	Object Type:	File
	Object Name:	C:\$WINDOWS.~BT\Sources\SafeOS\SafeOS.Mount\windows\winsxs\amd64_microsoft-windows-w..in32-provider-admin_31bf3856ad364e35_10.0.14393.0_none_687504e61b8ade5c\wmipdskq.dll
	Handle ID:	0x16b4

Process Information:
	Process ID:	0x1230
	Process Name:	C:\$WINDOWS.~BT\Sources\SetupHost.exe

Auditing Settings:
	Original Security Descriptor:	
	New Security Descriptor:		S:ARAI(AU;SAFA;DCLCRPCRSDWDWO;;;WD)","Microsoft-Windows-Security-Auditing","System.String[]","4907","9/21/2016 8:09:37 AM","9/21/2016 8:09:37 AM",,,
"4907","thig1","System.Byte[]","70927","(13568)","13568","SuccessAudit","Auditing settings on object were changed.

Subject:
	Security ID:		S-1-5-18
	Account Name:		THIG1$
	Account Domain:		WORKGROUP
	Logon ID:		0x3e7

Object:
	Object Server:	Security
	Object Type:	File
	Object Name:	C:\$WINDOWS.~BT\Sources\SafeOS\SafeOS.Mount\windows\winsxs\amd64_microsoft-windows-wmi-core-providerhost_31bf3856ad364e35_10.0.14393.0_none_3dd72a06a217ae2e\WmiDcPrv.dll
	Handle ID:	0x1764

Process Information:
	Process ID:	0x1230
	Process Name:	C:\$WINDOWS.~BT\Sources\SetupHost.exe

Auditing Settings:
	Original Security Descriptor:	
	New Security Descriptor:		S:ARAI(AU;SAFA;DCLCRPCRSDWDWO;;;WD)","Microsoft-Windows-Security-Auditing","System.String[]","4907","9/21/2016 8:09:37 AM","9/21/2016 8:09:37 AM",,,
"4907","thig1","System.Byte[]","70926","(13568)","13568","SuccessAudit","Auditing settings on object were changed.

Subject:
	Security ID:		S-1-5-18
	Account Name:		THIG1$
	Account Domain:		WORKGROUP
	Logon ID:		0x3e7

Object:
	Object Server:	Security
	Object Type:	File
	Object Name:	C:\$WINDOWS.~BT\Sources\SafeOS\SafeOS.Mount\windows\winsxs\amd64_microsoft-windows-w..in32-provider-admin_31bf3856ad364e35_10.0.14393.0_none_687504e61b8ade5c\wmipcima.dll
	Handle ID:	0x1d08

Process Information:
	Process ID:	0x1230
	Process Name:	C:\$WINDOWS.~BT\Sources\SetupHost.exe

Auditing Settings:
	Original Security Descriptor:	
	New Security Descriptor:		S:ARAI(AU;SAFA;DCLCRPCRSDWDWO;;;WD)","Microsoft-Windows-Security-Auditing","System.String[]","4907","9/21/2016 8:09:37 AM","9/21/2016 8:09:37 AM",,,
"4907","thig1","System.Byte[]","70925","(13568)","13568","SuccessAudit","Auditing settings on object were changed.

Subject:
	Security ID:		S-1-5-18
	Account Name:		THIG1$
	Account Domain:		WORKGROUP
	Logon ID:		0x3e7

Object:
	Object Server:	Security
	Object Type:	File
	Object Name:	C:\$WINDOWS.~BT\Sources\SafeOS\SafeOS.Mount\windows\winsxs\amd64_microsoft-windows-wmi-core_31bf3856ad364e35_10.0.14393.0_none_e6c86e90364b445a\WmiApSrv.exe
	Handle ID:	0x10a0

Process Information:
	Process ID:	0x1230
	Process Name:	C:\$WINDOWS.~BT\Sources\SetupHost.exe

Auditing Settings:
	Original Security Descriptor:	
	New Security Descriptor:		S:ARAI(AU;SAFA;DCLCRPCRSDWDWO;;;WD)","Microsoft-Windows-Security-Auditing","System.String[]","4907","9/21/2016 8:09:37 AM","9/21/2016 8:09:37 AM",,,
"4907","thig1","System.Byte[]","70924","(13568)","13568","SuccessAudit","Auditing settings on object were changed.

Subject:
	Security ID:		S-1-5-18
	Account Name:		THIG1$
	Account Domain:		WORKGROUP
	Logon ID:		0x3e7

Object:
	Object Server:	Security
	Object Type:	File
	Object Name:	C:\$WINDOWS.~BT\Sources\SafeOS\SafeOS.Mount\windows\winsxs\amd64_microsoft-windows-wmi-ping-provider_31bf3856ad364e35_10.0.14393.0_none_78fa6abfe4fa3f8b\wmipicmp.mof
	Handle ID:	0x156c

Process Information:
	Process ID:	0x1230
	Process Name:	C:\$WINDOWS.~BT\Sources\SetupHost.exe

Auditing Settings:
	Original Security Descriptor:	
	New Security Descriptor:		S:ARAI(AU;SAFA;DCLCRPCRSDWDWO;;;WD)","Microsoft-Windows-Security-Auditing","System.String[]","4907","9/21/2016 8:09:37 AM","9/21/2016 8:09:37 AM",,,
"4907","thig1","System.Byte[]","70923","(13568)","13568","SuccessAudit","Auditing settings on object were changed.

Subject:
	Security ID:		S-1-5-18
	Account Name:		THIG1$
	Account Domain:		WORKGROUP
	Logon ID:		0x3e7

Object:
	Object Server:	Security
	Object Type:	File
	Object Name:	C:\$WINDOWS.~BT\Sources\SafeOS\SafeOS.Mount\windows\winsxs\amd64_microsoft-windows-wmi-win32-provider_31bf3856ad364e35_10.0.14393.0_none_f43f71318d03c940\wmipdskq.mof
	Handle ID:	0xb30

Process Information:
	Process ID:	0x1230
	Process Name:	C:\$WINDOWS.~BT\Sources\SetupHost.exe

Auditing Settings:
	Original Security Descriptor:	
	New Security Descriptor:		S:ARAI(AU;SAFA;DCLCRPCRSDWDWO;;;WD)","Microsoft-Windows-Security-Auditing","System.String[]","4907","9/21/2016 8:09:37 AM","9/21/2016 8:09:37 AM",,,
"4907","thig1","System.Byte[]","70922","(13568)","13568","SuccessAudit","Auditing settings on object were changed.

Subject:
	Security ID:		S-1-5-18
	Account Name:		THIG1$
	Account Domain:		WORKGROUP
	Logon ID:		0x3e7

Object:
	Object Server:	Security
	Object Type:	File
	Object Name:	C:\$WINDOWS.~BT\Sources\SafeOS\SafeOS.Mount\windows\winsxs\amd64_microsoft-windows-w..in32-provider-admin_31bf3856ad364e35_10.0.14393.0_none_687504e61b8ade5c\wmipdfs.dll
	Handle ID:	0x19b0

Process Information:
	Process ID:	0x1230
	Process Name:	C:\$WINDOWS.~BT\Sources\SetupHost.exe

Auditing Settings:
	Original Security Descriptor:	
	New Security Descriptor:		S:ARAI(AU;SAFA;DCLCRPCRSDWDWO;;;WD)","Microsoft-Windows-Security-Auditing","System.String[]","4907","9/21/2016 8:09:37 AM","9/21/2016 8:09:37 AM",,,
"4907","thig1","System.Byte[]","70921","(13568)","13568","SuccessAudit","Auditing settings on object were changed.

Subject:
	Security ID:		S-1-5-18
	Account Name:		THIG1$
	Account Domain:		WORKGROUP
	Logon ID:		0x3e7

Object:
	Object Server:	Security
	Object Type:	File
	Object Name:	C:\$WINDOWS.~BT\Sources\SafeOS\SafeOS.Mount\windows\winsxs\amd64_microsoft-windows-wmi-core_31bf3856ad364e35_10.0.14393.0_none_e6c86e90364b445a\WMICOOKR.dll
	Handle ID:	0x19e8

Process Information:
	Process ID:	0x1230
	Process Name:	C:\$WINDOWS.~BT\Sources\SetupHost.exe

Auditing Settings:
	Original Security Descriptor:	
	New Security Descriptor:		S:ARAI(AU;SAFA;DCLCRPCRSDWDWO;;;WD)","Microsoft-Windows-Security-Auditing","System.String[]","4907","9/21/2016 8:09:37 AM","9/21/2016 8:09:37 AM",,,
