"4907","thig1","System.Byte[]","70105","(13568)","13568","SuccessAudit","Auditing settings on object were changed.

Subject:
	Security ID:		S-1-5-18
	Account Name:		THIG1$
	Account Domain:		WORKGROUP
	Logon ID:		0x3e7

Object:
	Object Server:	Security
	Object Type:	File
	Object Name:	C:\$WINDOWS.~BT\Sources\SafeOS\SafeOS.Mount\windows\winsxs\amd64_netax88772.inf.resources_31bf3856ad364e35_10.0.14393.0_en-us_36db339fe237df16\NETAX88772.inf_loc
	Handle ID:	0xaa4

Process Information:
	Process ID:	0x1230
	Process Name:	C:\$WINDOWS.~BT\Sources\SetupHost.exe

Auditing Settings:
	Original Security Descriptor:	
	New Security Descriptor:		S:ARAI(AU;SAFA;DCLCRPCRSDWDWO;;;WD)","Microsoft-Windows-Security-Auditing","System.String[]","4907","9/21/2016 8:09:33 AM","9/21/2016 8:09:33 AM",,,
"4907","thig1","System.Byte[]","70104","(13568)","13568","SuccessAudit","Auditing settings on object were changed.

Subject:
	Security ID:		S-1-5-18
	Account Name:		THIG1$
	Account Domain:		WORKGROUP
	Logon ID:		0x3e7

Object:
	Object Server:	Security
	Object Type:	File
	Object Name:	C:\$WINDOWS.~BT\Sources\SafeOS\SafeOS.Mount\windows\winsxs\amd64_netax88179_178a.inf.resources_31bf3856ad364e35_10.0.14393.0_en-us_20331969e195ebe3\NETAX88179_178a.inf_loc
	Handle ID:	0x16ac

Process Information:
	Process ID:	0x1230
	Process Name:	C:\$WINDOWS.~BT\Sources\SetupHost.exe

Auditing Settings:
	Original Security Descriptor:	
	New Security Descriptor:		S:ARAI(AU;SAFA;DCLCRPCRSDWDWO;;;WD)","Microsoft-Windows-Security-Auditing","System.String[]","4907","9/21/2016 8:09:33 AM","9/21/2016 8:09:33 AM",,,
"4907","thig1","System.Byte[]","70103","(13568)","13568","SuccessAudit","Auditing settings on object were changed.

Subject:
	Security ID:		S-1-5-18
	Account Name:		THIG1$
	Account Domain:		WORKGROUP
	Logon ID:		0x3e7

Object:
	Object Server:	Security
	Object Type:	File
	Object Name:	C:\$WINDOWS.~BT\Sources\SafeOS\SafeOS.Mount\windows\winsxs\amd64_netbnad8.inf.resources_31bf3856ad364e35_10.0.14393.0_en-us_8c4fe5eba850a2b8\netbnad8.inf_loc
	Handle ID:	0xbb8

Process Information:
	Process ID:	0x1230
	Process Name:	C:\$WINDOWS.~BT\Sources\SetupHost.exe

Auditing Settings:
	Original Security Descriptor:	
	New Security Descriptor:		S:ARAI(AU;SAFA;DCLCRPCRSDWDWO;;;WD)","Microsoft-Windows-Security-Auditing","System.String[]","4907","9/21/2016 8:09:33 AM","9/21/2016 8:09:33 AM",,,
"4907","thig1","System.Byte[]","70102","(13568)","13568","SuccessAudit","Auditing settings on object were changed.

Subject:
	Security ID:		S-1-5-18
	Account Name:		THIG1$
	Account Domain:		WORKGROUP
	Logon ID:		0x3e7

Object:
	Object Server:	Security
	Object Type:	File
	Object Name:	C:\$WINDOWS.~BT\Sources\SafeOS\SafeOS.Mount\windows\winsxs\amd64_net9500-x64-n650f.inf.resources_31bf3856ad364e35_10.0.14393.0_en-us_39ab0a2a74837526\net9500-x64-n650f.inf_loc
	Handle ID:	0x8b0

Process Information:
	Process ID:	0x1230
	Process Name:	C:\$WINDOWS.~BT\Sources\SetupHost.exe

Auditing Settings:
	Original Security Descriptor:	
	New Security Descriptor:		S:ARAI(AU;SAFA;DCLCRPCRSDWDWO;;;WD)","Microsoft-Windows-Security-Auditing","System.String[]","4907","9/21/2016 8:09:33 AM","9/21/2016 8:09:33 AM",,,
"4907","thig1","System.Byte[]","70101","(13568)","13568","SuccessAudit","Auditing settings on object were changed.

Subject:
	Security ID:		S-1-5-18
	Account Name:		THIG1$
	Account Domain:		WORKGROUP
	Logon ID:		0x3e7

Object:
	Object Server:	Security
	Object Type:	File
	Object Name:	C:\$WINDOWS.~BT\Sources\SafeOS\SafeOS.Mount\windows\winsxs\amd64_netavpna.inf.resources_31bf3856ad364e35_10.0.14393.0_en-us_951ccf94ea0d99b9\netavpna.inf_loc
	Handle ID:	0x1948

Process Information:
	Process ID:	0x1230
	Process Name:	C:\$WINDOWS.~BT\Sources\SetupHost.exe

Auditing Settings:
	Original Security Descriptor:	
	New Security Descriptor:		S:ARAI(AU;SAFA;DCLCRPCRSDWDWO;;;WD)","Microsoft-Windows-Security-Auditing","System.String[]","4907","9/21/2016 8:09:33 AM","9/21/2016 8:09:33 AM",,,
"4907","thig1","System.Byte[]","70100","(13568)","13568","SuccessAudit","Auditing settings on object were changed.

Subject:
	Security ID:		S-1-5-18
	Account Name:		THIG1$
	Account Domain:		WORKGROUP
	Logon ID:		0x3e7

Object:
	Object Server:	Security
	Object Type:	File
	Object Name:	C:\$WINDOWS.~BT\Sources\SafeOS\SafeOS.Mount\windows\winsxs\amd64_net7800-x64-n650f.inf.resources_31bf3856ad364e35_10.0.14393.0_en-us_567abe082b10d8bb\net7800-x64-n650f.inf_loc
	Handle ID:	0x1538

Process Information:
	Process ID:	0x1230
	Process Name:	C:\$WINDOWS.~BT\Sources\SetupHost.exe

Auditing Settings:
	Original Security Descriptor:	
	New Security Descriptor:		S:ARAI(AU;SAFA;DCLCRPCRSDWDWO;;;WD)","Microsoft-Windows-Security-Auditing","System.String[]","4907","9/21/2016 8:09:33 AM","9/21/2016 8:09:33 AM",,,
"4907","thig1","System.Byte[]","70099","(13568)","13568","SuccessAudit","Auditing settings on object were changed.

Subject:
	Security ID:		S-1-5-18
	Account Name:		THIG1$
	Account Domain:		WORKGROUP
	Logon ID:		0x3e7

Object:
	Object Server:	Security
	Object Type:	File
	Object Name:	C:\$WINDOWS.~BT\Sources\SafeOS\SafeOS.Mount\windows\winsxs\amd64_net40i64.inf.resources_31bf3856ad364e35_10.0.14393.0_en-us_450d6a4ae9558aba\net40i64.inf_loc
	Handle ID:	0x17bc

Process Information:
	Process ID:	0x1230
	Process Name:	C:\$WINDOWS.~BT\Sources\SetupHost.exe

Auditing Settings:
	Original Security Descriptor:	
	New Security Descriptor:		S:ARAI(AU;SAFA;DCLCRPCRSDWDWO;;;WD)","Microsoft-Windows-Security-Auditing","System.String[]","4907","9/21/2016 8:09:33 AM","9/21/2016 8:09:33 AM",,,
"4907","thig1","System.Byte[]","70098","(13568)","13568","SuccessAudit","Auditing settings on object were changed.

Subject:
	Security ID:		S-1-5-18
	Account Name:		THIG1$
	Account Domain:		WORKGROUP
	Logon ID:		0x3e7

Object:
	Object Server:	Security
	Object Type:	File
	Object Name:	C:\$WINDOWS.~BT\Sources\SafeOS\SafeOS.Mount\windows\winsxs\amd64_net44amd.inf.resources_31bf3856ad364e35_10.0.14393.0_en-us_7e616f6bfd6f37af\net44amd.inf_loc
	Handle ID:	0x938

Process Information:
	Process ID:	0x1230
	Process Name:	C:\$WINDOWS.~BT\Sources\SetupHost.exe

Auditing Settings:
	Original Security Descriptor:	
	New Security Descriptor:		S:ARAI(AU;SAFA;DCLCRPCRSDWDWO;;;WD)","Microsoft-Windows-Security-Auditing","System.String[]","4907","9/21/2016 8:09:33 AM","9/21/2016 8:09:33 AM",,,
"4907","thig1","System.Byte[]","70097","(13568)","13568","SuccessAudit","Auditing settings on object were changed.

Subject:
	Security ID:		S-1-5-18
	Account Name:		THIG1$
	Account Domain:		WORKGROUP
	Logon ID:		0x3e7

Object:
	Object Server:	Security
	Object Type:	File
	Object Name:	C:\$WINDOWS.~BT\Sources\SafeOS\SafeOS.Mount\windows\winsxs\amd64_net1ic64.inf.resources_31bf3856ad364e35_10.0.14393.0_en-us_baefcd82e15b8704\net1ic64.inf_loc
	Handle ID:	0x1824

Process Information:
	Process ID:	0x1230
	Process Name:	C:\$WINDOWS.~BT\Sources\SetupHost.exe

Auditing Settings:
	Original Security Descriptor:	
	New Security Descriptor:		S:ARAI(AU;SAFA;DCLCRPCRSDWDWO;;;WD)","Microsoft-Windows-Security-Auditing","System.String[]","4907","9/21/2016 8:09:33 AM","9/21/2016 8:09:33 AM",,,
"4907","thig1","System.Byte[]","70096","(13568)","13568","SuccessAudit","Auditing settings on object were changed.

Subject:
	Security ID:		S-1-5-18
	Account Name:		THIG1$
	Account Domain:		WORKGROUP
	Logon ID:		0x3e7

Object:
	Object Server:	Security
	Object Type:	File
	Object Name:	C:\$WINDOWS.~BT\Sources\SafeOS\SafeOS.Mount\windows\winsxs\amd64_net7500-x64-n650f.inf.resources_31bf3856ad364e35_10.0.14393.0_en-us_8bd6dc345dc22778\net7500-x64-n650f.inf_loc
	Handle ID:	0x188c

Process Information:
	Process ID:	0x1230
	Process Name:	C:\$WINDOWS.~BT\Sources\SetupHost.exe

Auditing Settings:
	Original Security Descriptor:	
	New Security Descriptor:		S:ARAI(AU;SAFA;DCLCRPCRSDWDWO;;;WD)","Microsoft-Windows-Security-Auditing","System.String[]","4907","9/21/2016 8:09:33 AM","9/21/2016 8:09:33 AM",,,
"4907","thig1","System.Byte[]","70095","(13568)","13568","SuccessAudit","Auditing settings on object were changed.

Subject:
	Security ID:		S-1-5-18
	Account Name:		THIG1$
	Account Domain:		WORKGROUP
	Logon ID:		0x3e7

Object:
	Object Server:	Security
	Object Type:	File
	Object Name:	C:\$WINDOWS.~BT\Sources\SafeOS\SafeOS.Mount\windows\winsxs\amd64_net1yx64.inf.resources_31bf3856ad364e35_10.0.14393.0_en-us_243f6229100a5727\net1yx64.inf_loc
	Handle ID:	0x1bcc

Process Information:
	Process ID:	0x1230
	Process Name:	C:\$WINDOWS.~BT\Sources\SetupHost.exe

Auditing Settings:
	Original Security Descriptor:	
	New Security Descriptor:		S:ARAI(AU;SAFA;DCLCRPCRSDWDWO;;;WD)","Microsoft-Windows-Security-Auditing","System.String[]","4907","9/21/2016 8:09:33 AM","9/21/2016 8:09:33 AM",,,
"4907","thig1","System.Byte[]","70094","(13568)","13568","SuccessAudit","Auditing settings on object were changed.

Subject:
	Security ID:		S-1-5-18
	Account Name:		THIG1$
	Account Domain:		WORKGROUP
	Logon ID:		0x3e7

Object:
	Object Server:	Security
	Object Type:	File
	Object Name:	C:\$WINDOWS.~BT\Sources\SafeOS\SafeOS.Mount\windows\winsxs\amd64_ndisuio.inf.resources_31bf3856ad364e35_10.0.14393.0_en-us_f90cc87c85ab8859\ndisuio.inf_loc
	Handle ID:	0x1720

Process Information:
	Process ID:	0x1230
	Process Name:	C:\$WINDOWS.~BT\Sources\SetupHost.exe

Auditing Settings:
	Original Security Descriptor:	
	New Security Descriptor:		S:ARAI(AU;SAFA;DCLCRPCRSDWDWO;;;WD)","Microsoft-Windows-Security-Auditing","System.String[]","4907","9/21/2016 8:09:33 AM","9/21/2016 8:09:33 AM",,,
"4907","thig1","System.Byte[]","70093","(13568)","13568","SuccessAudit","Auditing settings on object were changed.

Subject:
	Security ID:		S-1-5-18
	Account Name:		THIG1$
	Account Domain:		WORKGROUP
	Logon ID:		0x3e7

Object:
	Object Server:	Security
	Object Type:	File
	Object Name:	C:\$WINDOWS.~BT\Sources\SafeOS\SafeOS.Mount\windows\winsxs\amd64_ndisimplatformmp.inf.resources_31bf3856ad364e35_10.0.14393.0_en-us_1b7962b15b6d78b4\NdisImPlatformMp.inf_loc
	Handle ID:	0x1e08

Process Information:
	Process ID:	0x1230
	Process Name:	C:\$WINDOWS.~BT\Sources\SetupHost.exe

Auditing Settings:
	Original Security Descriptor:	
	New Security Descriptor:		S:ARAI(AU;SAFA;DCLCRPCRSDWDWO;;;WD)","Microsoft-Windows-Security-Auditing","System.String[]","4907","9/21/2016 8:09:33 AM","9/21/2016 8:09:33 AM",,,
"4907","thig1","System.Byte[]","70092","(13568)","13568","SuccessAudit","Auditing settings on object were changed.

Subject:
	Security ID:		S-1-5-18
	Account Name:		THIG1$
	Account Domain:		WORKGROUP
	Logon ID:		0x3e7

Object:
	Object Server:	Security
	Object Type:	File
	Object Name:	C:\$WINDOWS.~BT\Sources\SafeOS\SafeOS.Mount\windows\winsxs\amd64_ndisvirtualbus.inf.resources_31bf3856ad364e35_10.0.14393.0_en-us_55754333a1e945df\NdisVirtualBus.inf_loc
	Handle ID:	0x1a2c

Process Information:
	Process ID:	0x1230
	Process Name:	C:\$WINDOWS.~BT\Sources\SetupHost.exe

Auditing Settings:
	Original Security Descriptor:	
	New Security Descriptor:		S:ARAI(AU;SAFA;DCLCRPCRSDWDWO;;;WD)","Microsoft-Windows-Security-Auditing","System.String[]","4907","9/21/2016 8:09:33 AM","9/21/2016 8:09:33 AM",,,
"4907","thig1","System.Byte[]","70091","(13568)","13568","SuccessAudit","Auditing settings on object were changed.

Subject:
	Security ID:		S-1-5-18
	Account Name:		THIG1$
	Account Domain:		WORKGROUP
	Logon ID:		0x3e7

Object:
	Object Server:	Security
	Object Type:	File
	Object Name:	C:\$WINDOWS.~BT\Sources\SafeOS\SafeOS.Mount\windows\winsxs\amd64_ndisimplatform.inf.resources_31bf3856ad364e35_10.0.14393.0_en-us_dc19266d7d0d96cd\NdisImPlatform.inf_loc
	Handle ID:	0x9cc

Process Information:
	Process ID:	0x1230
	Process Name:	C:\$WINDOWS.~BT\Sources\SetupHost.exe

Auditing Settings:
	Original Security Descriptor:	
	New Security Descriptor:		S:ARAI(AU;SAFA;DCLCRPCRSDWDWO;;;WD)","Microsoft-Windows-Security-Auditing","System.String[]","4907","9/21/2016 8:09:33 AM","9/21/2016 8:09:33 AM",,,
"4907","thig1","System.Byte[]","70090","(13568)","13568","SuccessAudit","Auditing settings on object were changed.

Subject:
	Security ID:		S-1-5-18
	Account Name:		THIG1$
	Account Domain:		WORKGROUP
	Logon ID:		0x3e7

Object:
	Object Server:	Security
	Object Type:	File
	Object Name:	C:\$WINDOWS.~BT\Sources\SafeOS\SafeOS.Mount\windows\winsxs\amd64_mwlu97w8x64.inf.resources_31bf3856ad364e35_10.0.14393.0_en-us_e9a22071febbe124\mwlu97w8x64.inf_loc
	Handle ID:	0x1764

Process Information:
	Process ID:	0x1230
	Process Name:	C:\$WINDOWS.~BT\Sources\SetupHost.exe

Auditing Settings:
	Original Security Descriptor:	
	New Security Descriptor:		S:ARAI(AU;SAFA;DCLCRPCRSDWDWO;;;WD)","Microsoft-Windows-Security-Auditing","System.String[]","4907","9/21/2016 8:09:33 AM","9/21/2016 8:09:33 AM",,,
"4907","thig1","System.Byte[]","70089","(13568)","13568","SuccessAudit","Auditing settings on object were changed.

Subject:
	Security ID:		S-1-5-18
	Account Name:		THIG1$
	Account Domain:		WORKGROUP
	Logon ID:		0x3e7

Object:
	Object Server:	Security
	Object Type:	File
	Object Name:	C:\$WINDOWS.~BT\Sources\SafeOS\SafeOS.Mount\windows\winsxs\amd64_mvumis.inf.resources_31bf3856ad364e35_10.0.14393.0_en-us_3e409b22f7293be7\mvumis.inf_loc
	Handle ID:	0xb30

Process Information:
	Process ID:	0x1230
	Process Name:	C:\$WINDOWS.~BT\Sources\SetupHost.exe

Auditing Settings:
	Original Security Descriptor:	
	New Security Descriptor:		S:ARAI(AU;SAFA;DCLCRPCRSDWDWO;;;WD)","Microsoft-Windows-Security-Auditing","System.String[]","4907","9/21/2016 8:09:33 AM","9/21/2016 8:09:33 AM",,,
"4907","thig1","System.Byte[]","70088","(13568)","13568","SuccessAudit","Auditing settings on object were changed.

Subject:
	Security ID:		S-1-5-18
	Account Name:		THIG1$
	Account Domain:		WORKGROUP
	Logon ID:		0x3e7

Object:
	Object Server:	Security
	Object Type:	File
	Object Name:	C:\$WINDOWS.~BT\Sources\SafeOS\SafeOS.Mount\windows\winsxs\amd64_mtconfig.inf.resources_31bf3856ad364e35_10.0.14393.0_en-us_a82dfbc0db918fef\MTConfig.inf_loc
	Handle ID:	0x538

Process Information:
	Process ID:	0x1230
	Process Name:	C:\$WINDOWS.~BT\Sources\SetupHost.exe

Auditing Settings:
	Original Security Descriptor:	
	New Security Descriptor:		S:ARAI(AU;SAFA;DCLCRPCRSDWDWO;;;WD)","Microsoft-Windows-Security-Auditing","System.String[]","4907","9/21/2016 8:09:33 AM","9/21/2016 8:09:33 AM",,,
"4907","thig1","System.Byte[]","70087","(13568)","13568","SuccessAudit","Auditing settings on object were changed.

Subject:
	Security ID:		S-1-5-18
	Account Name:		THIG1$
	Account Domain:		WORKGROUP
	Logon ID:		0x3e7

Object:
	Object Server:	Security
	Object Type:	File
	Object Name:	C:\$WINDOWS.~BT\Sources\SafeOS\SafeOS.Mount\windows\winsxs\amd64_msmouse.inf.resources_31bf3856ad364e35_10.0.14393.0_en-us_fee4205eacca5acf\msmouse.inf_loc
	Handle ID:	0x1790

Process Information:
	Process ID:	0x1230
	Process Name:	C:\$WINDOWS.~BT\Sources\SetupHost.exe

Auditing Settings:
	Original Security Descriptor:	
	New Security Descriptor:		S:ARAI(AU;SAFA;DCLCRPCRSDWDWO;;;WD)","Microsoft-Windows-Security-Auditing","System.String[]","4907","9/21/2016 8:09:33 AM","9/21/2016 8:09:33 AM",,,
"4907","thig1","System.Byte[]","70086","(13568)","13568","SuccessAudit","Auditing settings on object were changed.

Subject:
	Security ID:		S-1-5-18
	Account Name:		THIG1$
	Account Domain:		WORKGROUP
	Logon ID:		0x3e7

Object:
	Object Server:	Security
	Object Type:	File
	Object Name:	C:\$WINDOWS.~BT\Sources\SafeOS\SafeOS.Mount\windows\winsxs\amd64_msux64w10.inf.resources_31bf3856ad364e35_10.0.14393.0_en-us_bdaa1c93d6fa3629\msux64w10.INF_loc
	Handle ID:	0x8cc

Process Information:
	Process ID:	0x1230
	Process Name:	C:\$WINDOWS.~BT\Sources\SetupHost.exe

Auditing Settings:
	Original Security Descriptor:	
	New Security Descriptor:		S:ARAI(AU;SAFA;DCLCRPCRSDWDWO;;;WD)","Microsoft-Windows-Security-Auditing","System.String[]","4907","9/21/2016 8:09:33 AM","9/21/2016 8:09:33 AM",,,
"4907","thig1","System.Byte[]","70085","(13568)","13568","SuccessAudit","Auditing settings on object were changed.

Subject:
	Security ID:		S-1-5-18
	Account Name:		THIG1$
	Account Domain:		WORKGROUP
	Logon ID:		0x3e7

Object:
	Object Server:	Security
	Object Type:	File
	Object Name:	C:\$WINDOWS.~BT\Sources\SafeOS\SafeOS.Mount\windows\winsxs\amd64_msports.inf.resources_31bf3856ad364e35_10.0.14393.0_en-us_3580d95d49e964ea\msports.inf_loc
	Handle ID:	0x15a4

Process Information:
	Process ID:	0x1230
	Process Name:	C:\$WINDOWS.~BT\Sources\SetupHost.exe

Auditing Settings:
	Original Security Descriptor:	
	New Security Descriptor:		S:ARAI(AU;SAFA;DCLCRPCRSDWDWO;;;WD)","Microsoft-Windows-Security-Auditing","System.String[]","4907","9/21/2016 8:09:33 AM","9/21/2016 8:09:33 AM",,,
"4907","thig1","System.Byte[]","70084","(13568)","13568","SuccessAudit","Auditing settings on object were changed.

Subject:
	Security ID:		S-1-5-18
	Account Name:		THIG1$
	Account Domain:		WORKGROUP
	Logon ID:		0x3e7

Object:
	Object Server:	Security
	Object Type:	File
	Object Name:	C:\$WINDOWS.~BT\Sources\SafeOS\SafeOS.Mount\windows\winsxs\amd64_mssmbios.inf.resources_31bf3856ad364e35_10.0.14393.0_en-us_5c05df5a0b931767\mssmbios.inf_loc
	Handle ID:	0x85c

Process Information:
	Process ID:	0x1230
	Process Name:	C:\$WINDOWS.~BT\Sources\SetupHost.exe

Auditing Settings:
	Original Security Descriptor:	
	New Security Descriptor:		S:ARAI(AU;SAFA;DCLCRPCRSDWDWO;;;WD)","Microsoft-Windows-Security-Auditing","System.String[]","4907","9/21/2016 8:09:33 AM","9/21/2016 8:09:33 AM",,,
"4907","thig1","System.Byte[]","70083","(13568)","13568","SuccessAudit","Auditing settings on object were changed.

Subject:
	Security ID:		S-1-5-18
	Account Name:		THIG1$
	Account Domain:		WORKGROUP
	Logon ID:		0x3e7

Object:
	Object Server:	Security
	Object Type:	File
	Object Name:	C:\$WINDOWS.~BT\Sources\SafeOS\SafeOS.Mount\windows\winsxs\amd64_mshdc.inf.resources_31bf3856ad364e35_10.0.14393.0_en-us_9be6c9dc2419ace1\mshdc.inf_loc
	Handle ID:	0x158c

Process Information:
	Process ID:	0x1230
	Process Name:	C:\$WINDOWS.~BT\Sources\SetupHost.exe

Auditing Settings:
	Original Security Descriptor:	
	New Security Descriptor:		S:ARAI(AU;SAFA;DCLCRPCRSDWDWO;;;WD)","Microsoft-Windows-Security-Auditing","System.String[]","4907","9/21/2016 8:09:33 AM","9/21/2016 8:09:33 AM",,,
"4907","thig1","System.Byte[]","70082","(13568)","13568","SuccessAudit","Auditing settings on object were changed.

Subject:
	Security ID:		S-1-5-18
	Account Name:		THIG1$
	Account Domain:		WORKGROUP
	Logon ID:		0x3e7

Object:
	Object Server:	Security
	Object Type:	File
	Object Name:	C:\$WINDOWS.~BT\Sources\SafeOS\SafeOS.Mount\windows\winsxs\amd64_megasr.inf.resources_31bf3856ad364e35_10.0.14393.0_en-us_3c1eafd6d86c1eeb\megasr.inf_loc
	Handle ID:	0x17c4

Process Information:
	Process ID:	0x1230
	Process Name:	C:\$WINDOWS.~BT\Sources\SetupHost.exe

Auditing Settings:
	Original Security Descriptor:	
	New Security Descriptor:		S:ARAI(AU;SAFA;DCLCRPCRSDWDWO;;;WD)","Microsoft-Windows-Security-Auditing","System.String[]","4907","9/21/2016 8:09:33 AM","9/21/2016 8:09:33 AM",,,
"4907","thig1","System.Byte[]","70081","(13568)","13568","SuccessAudit","Auditing settings on object were changed.

Subject:
	Security ID:		S-1-5-18
	Account Name:		THIG1$
	Account Domain:		WORKGROUP
	Logon ID:		0x3e7

Object:
	Object Server:	Security
	Object Type:	File
	Object Name:	C:\$WINDOWS.~BT\Sources\SafeOS\SafeOS.Mount\windows\winsxs\amd64_mlx4_bus.inf.resources_31bf3856ad364e35_10.0.14393.0_en-us_7fb6362402b94e94\mlx4_bus.inf_loc
	Handle ID:	0x1884

Process Information:
	Process ID:	0x1230
	Process Name:	C:\$WINDOWS.~BT\Sources\SetupHost.exe

Auditing Settings:
	Original Security Descriptor:	
	New Security Descriptor:		S:ARAI(AU;SAFA;DCLCRPCRSDWDWO;;;WD)","Microsoft-Windows-Security-Auditing","System.String[]","4907","9/21/2016 8:09:33 AM","9/21/2016 8:09:33 AM",,,
"4907","thig1","System.Byte[]","70080","(13568)","13568","SuccessAudit","Auditing settings on object were changed.

Subject:
	Security ID:		S-1-5-18
	Account Name:		THIG1$
	Account Domain:		WORKGROUP
	Logon ID:		0x3e7

Object:
	Object Server:	Security
	Object Type:	File
	Object Name:	C:\$WINDOWS.~BT\Sources\SafeOS\SafeOS.Mount\windows\winsxs\amd64_mrvlpcie8897.inf.resources_31bf3856ad364e35_10.0.14393.0_en-us_2b5862d4707612ec\mrvlpcie8897.inf_loc
	Handle ID:	0x1e04

Process Information:
	Process ID:	0x1230
	Process Name:	C:\$WINDOWS.~BT\Sources\SetupHost.exe

Auditing Settings:
	Original Security Descriptor:	
	New Security Descriptor:		S:ARAI(AU;SAFA;DCLCRPCRSDWDWO;;;WD)","Microsoft-Windows-Security-Auditing","System.String[]","4907","9/21/2016 8:09:33 AM","9/21/2016 8:09:33 AM",,,
"4907","thig1","System.Byte[]","70079","(13568)","13568","SuccessAudit","Auditing settings on object were changed.

Subject:
	Security ID:		S-1-5-18
	Account Name:		THIG1$
	Account Domain:		WORKGROUP
	Logon ID:		0x3e7

Object:
	Object Server:	Security
	Object Type:	File
	Object Name:	C:\$WINDOWS.~BT\Sources\SafeOS\SafeOS.Mount\windows\winsxs\amd64_mchgr.inf.resources_31bf3856ad364e35_10.0.14393.0_en-us_ce914be71fa0ca9d\mchgr.inf_loc
	Handle ID:	0x1d84

Process Information:
	Process ID:	0x1230
	Process Name:	C:\$WINDOWS.~BT\Sources\SetupHost.exe

Auditing Settings:
	Original Security Descriptor:	
	New Security Descriptor:		S:ARAI(AU;SAFA;DCLCRPCRSDWDWO;;;WD)","Microsoft-Windows-Security-Auditing","System.String[]","4907","9/21/2016 8:09:33 AM","9/21/2016 8:09:33 AM",,,
"4907","thig1","System.Byte[]","70078","(13568)","13568","SuccessAudit","Auditing settings on object were changed.

Subject:
	Security ID:		S-1-5-18
	Account Name:		THIG1$
	Account Domain:		WORKGROUP
	Logon ID:		0x3e7

Object:
	Object Server:	Security
	Object Type:	File
	Object Name:	C:\$WINDOWS.~BT\Sources\SafeOS\SafeOS.Mount\windows\winsxs\amd64_mf.inf.resources_31bf3856ad364e35_10.0.14393.0_en-us_ee45ca7a98b73367\mf.inf_loc
	Handle ID:	0x144c

Process Information:
	Process ID:	0x1230
	Process Name:	C:\$WINDOWS.~BT\Sources\SetupHost.exe

Auditing Settings:
	Original Security Descriptor:	
	New Security Descriptor:		S:ARAI(AU;SAFA;DCLCRPCRSDWDWO;;;WD)","Microsoft-Windows-Security-Auditing","System.String[]","4907","9/21/2016 8:09:33 AM","9/21/2016 8:09:33 AM",,,
"4907","thig1","System.Byte[]","70077","(13568)","13568","SuccessAudit","Auditing settings on object were changed.

Subject:
	Security ID:		S-1-5-18
	Account Name:		THIG1$
	Account Domain:		WORKGROUP
	Logon ID:		0x3e7

Object:
	Object Server:	Security
	Object Type:	File
	Object Name:	C:\$WINDOWS.~BT\Sources\SafeOS\SafeOS.Mount\windows\winsxs\amd64_machine.inf.resources_31bf3856ad364e35_10.0.14393.0_en-us_72817cf004b84add\machine.inf_loc
	Handle ID:	0x6c0

Process Information:
	Process ID:	0x1230
	Process Name:	C:\$WINDOWS.~BT\Sources\SetupHost.exe

Auditing Settings:
	Original Security Descriptor:	
	New Security Descriptor:		S:ARAI(AU;SAFA;DCLCRPCRSDWDWO;;;WD)","Microsoft-Windows-Security-Auditing","System.String[]","4907","9/21/2016 8:09:33 AM","9/21/2016 8:09:33 AM",,,
"4907","thig1","System.Byte[]","70076","(13568)","13568","SuccessAudit","Auditing settings on object were changed.

Subject:
	Security ID:		S-1-5-18
	Account Name:		THIG1$
	Account Domain:		WORKGROUP
	Logon ID:		0x3e7

Object:
	Object Server:	Security
	Object Type:	File
	Object Name:	C:\$WINDOWS.~BT\Sources\SafeOS\SafeOS.Mount\windows\winsxs\amd64_megasas.inf.resources_31bf3856ad364e35_10.0.14393.0_en-us_999c21d0aae23cd3\megasas.inf_loc
	Handle ID:	0x18c4

Process Information:
	Process ID:	0x1230
	Process Name:	C:\$WINDOWS.~BT\Sources\SetupHost.exe

Auditing Settings:
	Original Security Descriptor:	
	New Security Descriptor:		S:ARAI(AU;SAFA;DCLCRPCRSDWDWO;;;WD)","Microsoft-Windows-Security-Auditing","System.String[]","4907","9/21/2016 8:09:33 AM","9/21/2016 8:09:33 AM",,,
"4907","thig1","System.Byte[]","70075","(13568)","13568","SuccessAudit","Auditing settings on object were changed.

Subject:
	Security ID:		S-1-5-18
	Account Name:		THIG1$
	Account Domain:		WORKGROUP
	Logon ID:		0x3e7

Object:
	Object Server:	Security
	Object Type:	File
	Object Name:	C:\$WINDOWS.~BT\Sources\SafeOS\SafeOS.Mount\windows\winsxs\amd64_keyboard.inf.resources_31bf3856ad364e35_10.0.14393.0_en-us_5c1d3d048310d90f\keyboard.inf_loc
	Handle ID:	0x1b58

Process Information:
	Process ID:	0x1230
	Process Name:	C:\$WINDOWS.~BT\Sources\SetupHost.exe

Auditing Settings:
	Original Security Descriptor:	
	New Security Descriptor:		S:ARAI(AU;SAFA;DCLCRPCRSDWDWO;;;WD)","Microsoft-Windows-Security-Auditing","System.String[]","4907","9/21/2016 8:09:33 AM","9/21/2016 8:09:33 AM",,,
"4907","thig1","System.Byte[]","70074","(13568)","13568","SuccessAudit","Auditing settings on object were changed.

Subject:
	Security ID:		S-1-5-18
	Account Name:		THIG1$
	Account Domain:		WORKGROUP
	Logon ID:		0x3e7

Object:
	Object Server:	Security
	Object Type:	File
	Object Name:	C:\$WINDOWS.~BT\Sources\SafeOS\SafeOS.Mount\windows\winsxs\amd64_lsi_sss.inf.resources_31bf3856ad364e35_10.0.14393.0_en-us_f524b966aa5abe6c\lsi_sss.inf_loc
	Handle ID:	0x1ad8

Process Information:
	Process ID:	0x1230
	Process Name:	C:\$WINDOWS.~BT\Sources\SetupHost.exe

Auditing Settings:
	Original Security Descriptor:	
	New Security Descriptor:		S:ARAI(AU;SAFA;DCLCRPCRSDWDWO;;;WD)","Microsoft-Windows-Security-Auditing","System.String[]","4907","9/21/2016 8:09:33 AM","9/21/2016 8:09:33 AM",,,
"4907","thig1","System.Byte[]","70073","(13568)","13568","SuccessAudit","Auditing settings on object were changed.

Subject:
	Security ID:		S-1-5-18
	Account Name:		THIG1$
	Account Domain:		WORKGROUP
	Logon ID:		0x3e7

Object:
	Object Server:	Security
	Object Type:	File
	Object Name:	C:\$WINDOWS.~BT\Sources\SafeOS\SafeOS.Mount\windows\winsxs\amd64_lsi_sas3i.inf.resources_31bf3856ad364e35_10.0.14393.0_en-us_212b6b30779f1184\lsi_sas3i.inf_loc
	Handle ID:	0x1a6c

Process Information:
	Process ID:	0x1230
	Process Name:	C:\$WINDOWS.~BT\Sources\SetupHost.exe

Auditing Settings:
	Original Security Descriptor:	
	New Security Descriptor:		S:ARAI(AU;SAFA;DCLCRPCRSDWDWO;;;WD)","Microsoft-Windows-Security-Auditing","System.String[]","4907","9/21/2016 8:09:33 AM","9/21/2016 8:09:33 AM",,,
"4907","thig1","System.Byte[]","70072","(13568)","13568","SuccessAudit","Auditing settings on object were changed.

Subject:
	Security ID:		S-1-5-18
	Account Name:		THIG1$
	Account Domain:		WORKGROUP
	Logon ID:		0x3e7

Object:
	Object Server:	Security
	Object Type:	File
	Object Name:	C:\$WINDOWS.~BT\Sources\SafeOS\SafeOS.Mount\windows\winsxs\amd64_lsi_sas2i.inf.resources_31bf3856ad364e35_10.0.14393.0_en-us_dd743de64e2a799b\lsi_sas2i.inf_loc
	Handle ID:	0xadc

Process Information:
	Process ID:	0x1230
	Process Name:	C:\$WINDOWS.~BT\Sources\SetupHost.exe

Auditing Settings:
	Original Security Descriptor:	
	New Security Descriptor:		S:ARAI(AU;SAFA;DCLCRPCRSDWDWO;;;WD)","Microsoft-Windows-Security-Auditing","System.String[]","4907","9/21/2016 8:09:33 AM","9/21/2016 8:09:33 AM",,,
"4907","thig1","System.Byte[]","70071","(13568)","13568","SuccessAudit","Auditing settings on object were changed.

Subject:
	Security ID:		S-1-5-18
	Account Name:		THIG1$
	Account Domain:		WORKGROUP
	Logon ID:		0x3e7

Object:
	Object Server:	Security
	Object Type:	File
	Object Name:	C:\$WINDOWS.~BT\Sources\SafeOS\SafeOS.Mount\windows\winsxs\amd64_lsi_sas.inf.resources_31bf3856ad364e35_10.0.14393.0_en-us_3a2a5c639051916a\lsi_sas.inf_loc
	Handle ID:	0x1970

Process Information:
	Process ID:	0x1230
	Process Name:	C:\$WINDOWS.~BT\Sources\SetupHost.exe

Auditing Settings:
	Original Security Descriptor:	
	New Security Descriptor:		S:ARAI(AU;SAFA;DCLCRPCRSDWDWO;;;WD)","Microsoft-Windows-Security-Auditing","System.String[]","4907","9/21/2016 8:09:33 AM","9/21/2016 8:09:33 AM",,,
"4907","thig1","System.Byte[]","70070","(13568)","13568","SuccessAudit","Auditing settings on object were changed.

Subject:
	Security ID:		S-1-5-18
	Account Name:		THIG1$
	Account Domain:		WORKGROUP
	Logon ID:		0x3e7

Object:
	Object Server:	Security
	Object Type:	File
	Object Name:	C:\$WINDOWS.~BT\Sources\SafeOS\SafeOS.Mount\windows\winsxs\amd64_lltdio.inf.resources_31bf3856ad364e35_10.0.14393.0_en-us_a4dcb17b13bfdb7c\lltdio.inf_loc
	Handle ID:	0x5f4

Process Information:
	Process ID:	0x1230
	Process Name:	C:\$WINDOWS.~BT\Sources\SetupHost.exe

Auditing Settings:
	Original Security Descriptor:	
	New Security Descriptor:		S:ARAI(AU;SAFA;DCLCRPCRSDWDWO;;;WD)","Microsoft-Windows-Security-Auditing","System.String[]","4907","9/21/2016 8:09:33 AM","9/21/2016 8:09:33 AM",,,
"4907","thig1","System.Byte[]","70069","(13568)","13568","SuccessAudit","Auditing settings on object were changed.

Subject:
	Security ID:		S-1-5-18
	Account Name:		THIG1$
	Account Domain:		WORKGROUP
	Logon ID:		0x3e7

Object:
	Object Server:	Security
	Object Type:	File
	Object Name:	C:\$WINDOWS.~BT\Sources\SafeOS\SafeOS.Mount\windows\winsxs\amd64_input.inf.resources_31bf3856ad364e35_10.0.14393.0_en-us_4f141e9cd368afaa\input.inf_loc
	Handle ID:	0x1b88

Process Information:
	Process ID:	0x1230
	Process Name:	C:\$WINDOWS.~BT\Sources\SetupHost.exe

Auditing Settings:
	Original Security Descriptor:	
	New Security Descriptor:		S:ARAI(AU;SAFA;DCLCRPCRSDWDWO;;;WD)","Microsoft-Windows-Security-Auditing","System.String[]","4907","9/21/2016 8:09:33 AM","9/21/2016 8:09:33 AM",,,
"4907","thig1","System.Byte[]","70068","(13568)","13568","SuccessAudit","Auditing settings on object were changed.

Subject:
	Security ID:		S-1-5-18
	Account Name:		THIG1$
	Account Domain:		WORKGROUP
	Logon ID:		0x3e7

Object:
	Object Server:	Security
	Object Type:	File
	Object Name:	C:\$WINDOWS.~BT\Sources\SafeOS\SafeOS.Mount\windows\winsxs\amd64_kdnic.inf.resources_31bf3856ad364e35_10.0.14393.0_en-us_e1bd138b445b3ea9\kdnic.inf_loc
	Handle ID:	0x177c

Process Information:
	Process ID:	0x1230
	Process Name:	C:\$WINDOWS.~BT\Sources\SetupHost.exe

Auditing Settings:
	Original Security Descriptor:	
	New Security Descriptor:		S:ARAI(AU;SAFA;DCLCRPCRSDWDWO;;;WD)","Microsoft-Windows-Security-Auditing","System.String[]","4907","9/21/2016 8:09:33 AM","9/21/2016 8:09:33 AM",,,
"4907","thig1","System.Byte[]","70067","(13568)","13568","SuccessAudit","Auditing settings on object were changed.

Subject:
	Security ID:		S-1-5-18
	Account Name:		THIG1$
	Account Domain:		WORKGROUP
	Logon ID:		0x3e7

Object:
	Object Server:	Security
	Object Type:	File
	Object Name:	C:\$WINDOWS.~BT\Sources\SafeOS\SafeOS.Mount\windows\winsxs\amd64_ipoib6x.inf.resources_31bf3856ad364e35_10.0.14393.0_en-us_2d8d04b62b10a68b\ipoib6x.inf_loc
	Handle ID:	0x1e18

Process Information:
	Process ID:	0x1230
	Process Name:	C:\$WINDOWS.~BT\Sources\SetupHost.exe

Auditing Settings:
	Original Security Descriptor:	
	New Security Descriptor:		S:ARAI(AU;SAFA;DCLCRPCRSDWDWO;;;WD)","Microsoft-Windows-Security-Auditing","System.String[]","4907","9/21/2016 8:09:33 AM","9/21/2016 8:09:33 AM",,,
"4907","thig1","System.Byte[]","70066","(13568)","13568","SuccessAudit","Auditing settings on object were changed.

Subject:
	Security ID:		S-1-5-18
	Account Name:		THIG1$
	Account Domain:		WORKGROUP
	Logon ID:		0x3e7

Object:
	Object Server:	Security
	Object Type:	File
	Object Name:	C:\$WINDOWS.~BT\Sources\SafeOS\SafeOS.Mount\windows\winsxs\amd64_iscsi.inf.resources_31bf3856ad364e35_10.0.14393.0_en-us_1ac57e9f387e7cc9\iscsi.inf_loc
	Handle ID:	0x1950

Process Information:
	Process ID:	0x1230
	Process Name:	C:\$WINDOWS.~BT\Sources\SetupHost.exe

Auditing Settings:
	Original Security Descriptor:	
	New Security Descriptor:		S:ARAI(AU;SAFA;DCLCRPCRSDWDWO;;;WD)","Microsoft-Windows-Security-Auditing","System.String[]","4907","9/21/2016 8:09:33 AM","9/21/2016 8:09:33 AM",,,
"4907","thig1","System.Byte[]","70065","(13568)","13568","SuccessAudit","Auditing settings on object were changed.

Subject:
	Security ID:		S-1-5-18
	Account Name:		THIG1$
	Account Domain:		WORKGROUP
	Logon ID:		0x3e7

Object:
	Object Server:	Security
	Object Type:	File
	Object Name:	C:\$WINDOWS.~BT\Sources\SafeOS\SafeOS.Mount\windows\winsxs\amd64_ipmidrv.inf.resources_31bf3856ad364e35_10.0.14393.0_en-us_75878526d24e16e9\ipmidrv.inf_loc
	Handle ID:	0x51c

Process Information:
	Process ID:	0x1230
	Process Name:	C:\$WINDOWS.~BT\Sources\SetupHost.exe

Auditing Settings:
	Original Security Descriptor:	
	New Security Descriptor:		S:ARAI(AU;SAFA;DCLCRPCRSDWDWO;;;WD)","Microsoft-Windows-Security-Auditing","System.String[]","4907","9/21/2016 8:09:33 AM","9/21/2016 8:09:33 AM",,,
"4907","thig1","System.Byte[]","70064","(13568)","13568","SuccessAudit","Auditing settings on object were changed.

Subject:
	Security ID:		S-1-5-18
	Account Name:		THIG1$
	Account Domain:		WORKGROUP
	Logon ID:		0x3e7

Object:
	Object Server:	Security
	Object Type:	File
	Object Name:	C:\$WINDOWS.~BT\Sources\SafeOS\SafeOS.Mount\windows\winsxs\amd64_ialpssi_i2c.inf.resources_31bf3856ad364e35_10.0.14393.0_en-us_51f84c71a578eaf8\iaLPSSi_I2C.INF_loc
	Handle ID:	0x195c

Process Information:
	Process ID:	0x1230
	Process Name:	C:\$WINDOWS.~BT\Sources\SetupHost.exe

Auditing Settings:
	Original Security Descriptor:	
	New Security Descriptor:		S:ARAI(AU;SAFA;DCLCRPCRSDWDWO;;;WD)","Microsoft-Windows-Security-Auditing","System.String[]","4907","9/21/2016 8:09:33 AM","9/21/2016 8:09:33 AM",,,
"4907","thig1","System.Byte[]","70063","(13568)","13568","SuccessAudit","Auditing settings on object were changed.

Subject:
	Security ID:		S-1-5-18
	Account Name:		THIG1$
	Account Domain:		WORKGROUP
	Logon ID:		0x3e7

Object:
	Object Server:	Security
	Object Type:	File
	Object Name:	C:\$WINDOWS.~BT\Sources\SafeOS\SafeOS.Mount\windows\winsxs\amd64_iastorv.inf.resources_31bf3856ad364e35_10.0.14393.0_en-us_166866ee98b06c2e\iastorv.inf_loc
	Handle ID:	0x778

Process Information:
	Process ID:	0x1230
	Process Name:	C:\$WINDOWS.~BT\Sources\SetupHost.exe

Auditing Settings:
	Original Security Descriptor:	
	New Security Descriptor:		S:ARAI(AU;SAFA;DCLCRPCRSDWDWO;;;WD)","Microsoft-Windows-Security-Auditing","System.String[]","4907","9/21/2016 8:09:33 AM","9/21/2016 8:09:33 AM",,,
"4907","thig1","System.Byte[]","70062","(13568)","13568","SuccessAudit","Auditing settings on object were changed.

Subject:
	Security ID:		S-1-5-18
	Account Name:		THIG1$
	Account Domain:		WORKGROUP
	Logon ID:		0x3e7

Object:
	Object Server:	Security
	Object Type:	File
	Object Name:	C:\$WINDOWS.~BT\Sources\SafeOS\SafeOS.Mount\windows\winsxs\amd64_iastorav.inf.resources_31bf3856ad364e35_10.0.14393.0_en-us_1804749dd032ab3f\iastorav.inf_loc
	Handle ID:	0x1588

Process Information:
	Process ID:	0x1230
	Process Name:	C:\$WINDOWS.~BT\Sources\SetupHost.exe

Auditing Settings:
	Original Security Descriptor:	
	New Security Descriptor:		S:ARAI(AU;SAFA;DCLCRPCRSDWDWO;;;WD)","Microsoft-Windows-Security-Auditing","System.String[]","4907","9/21/2016 8:09:33 AM","9/21/2016 8:09:33 AM",,,
"4907","thig1","System.Byte[]","70061","(13568)","13568","SuccessAudit","Auditing settings on object were changed.

Subject:
	Security ID:		S-1-5-18
	Account Name:		THIG1$
	Account Domain:		WORKGROUP
	Logon ID:		0x3e7

Object:
	Object Server:	Security
	Object Type:	File
	Object Name:	C:\$WINDOWS.~BT\Sources\SafeOS\SafeOS.Mount\windows\winsxs\amd64_ialpssi_gpio.inf.resources_31bf3856ad364e35_10.0.14393.0_en-us_ee3ddd495f2142c1\ialpssi_gpio.INF_loc
	Handle ID:	0x52c

Process Information:
	Process ID:	0x1230
	Process Name:	C:\$WINDOWS.~BT\Sources\SetupHost.exe

Auditing Settings:
	Original Security Descriptor:	
	New Security Descriptor:		S:ARAI(AU;SAFA;DCLCRPCRSDWDWO;;;WD)","Microsoft-Windows-Security-Auditing","System.String[]","4907","9/21/2016 8:09:33 AM","9/21/2016 8:09:33 AM",,,
"4907","thig1","System.Byte[]","70060","(13568)","13568","SuccessAudit","Auditing settings on object were changed.

Subject:
	Security ID:		S-1-5-18
	Account Name:		THIG1$
	Account Domain:		WORKGROUP
	Logon ID:		0x3e7

Object:
	Object Server:	Security
	Object Type:	File
	Object Name:	C:\$WINDOWS.~BT\Sources\SafeOS\SafeOS.Mount\windows\winsxs\amd64_ialpss2i_i2c_skl.inf.resources_31bf3856ad364e35_10.0.14393.0_en-us_dfffc8a6fe35fbcf\iaLPSS2i_I2C_SKL.inf_loc
	Handle ID:	0x908

Process Information:
	Process ID:	0x1230
	Process Name:	C:\$WINDOWS.~BT\Sources\SetupHost.exe

Auditing Settings:
	Original Security Descriptor:	
	New Security Descriptor:		S:ARAI(AU;SAFA;DCLCRPCRSDWDWO;;;WD)","Microsoft-Windows-Security-Auditing","System.String[]","4907","9/21/2016 8:09:33 AM","9/21/2016 8:09:33 AM",,,
"4907","thig1","System.Byte[]","70059","(13568)","13568","SuccessAudit","Auditing settings on object were changed.

Subject:
	Security ID:		S-1-5-18
	Account Name:		THIG1$
	Account Domain:		WORKGROUP
	Logon ID:		0x3e7

Object:
	Object Server:	Security
	Object Type:	File
	Object Name:	C:\$WINDOWS.~BT\Sources\SafeOS\SafeOS.Mount\windows\winsxs\amd64_hpsamd.inf.resources_31bf3856ad364e35_10.0.14393.0_en-us_30d2e29c366bb4a7\hpsamd.inf_loc
	Handle ID:	0x1b3c

Process Information:
	Process ID:	0x1230
	Process Name:	C:\$WINDOWS.~BT\Sources\SetupHost.exe

Auditing Settings:
	Original Security Descriptor:	
	New Security Descriptor:		S:ARAI(AU;SAFA;DCLCRPCRSDWDWO;;;WD)","Microsoft-Windows-Security-Auditing","System.String[]","4907","9/21/2016 8:09:33 AM","9/21/2016 8:09:33 AM",,,
"4907","thig1","System.Byte[]","70058","(13568)","13568","SuccessAudit","Auditing settings on object were changed.

Subject:
	Security ID:		S-1-5-18
	Account Name:		THIG1$
	Account Domain:		WORKGROUP
	Logon ID:		0x3e7

Object:
	Object Server:	Security
	Object Type:	File
	Object Name:	C:\$WINDOWS.~BT\Sources\SafeOS\SafeOS.Mount\windows\winsxs\amd64_iai2c.inf.resources_31bf3856ad364e35_10.0.14393.0_en-us_c2d6b11f782a9fce\iai2c.inf_loc
	Handle ID:	0x17ac

Process Information:
	Process ID:	0x1230
	Process Name:	C:\$WINDOWS.~BT\Sources\SetupHost.exe

Auditing Settings:
	Original Security Descriptor:	
	New Security Descriptor:		S:ARAI(AU;SAFA;DCLCRPCRSDWDWO;;;WD)","Microsoft-Windows-Security-Auditing","System.String[]","4907","9/21/2016 8:09:33 AM","9/21/2016 8:09:33 AM",,,
"4907","thig1","System.Byte[]","70057","(13568)","13568","SuccessAudit","Auditing settings on object were changed.

Subject:
	Security ID:		S-1-5-18
	Account Name:		THIG1$
	Account Domain:		WORKGROUP
	Logon ID:		0x3e7

Object:
	Object Server:	Security
	Object Type:	File
	Object Name:	C:\$WINDOWS.~BT\Sources\SafeOS\SafeOS.Mount\windows\winsxs\amd64_ialpss2i_gpio2_skl.inf.resources_31bf3856ad364e35_10.0.14393.0_en-us_0ba1306f34afc08e\iaLPSS2i_GPIO2_SKL.inf_loc
	Handle ID:	0xb5c

Process Information:
	Process ID:	0x1230
	Process Name:	C:\$WINDOWS.~BT\Sources\SetupHost.exe

Auditing Settings:
	Original Security Descriptor:	
	New Security Descriptor:		S:ARAI(AU;SAFA;DCLCRPCRSDWDWO;;;WD)","Microsoft-Windows-Security-Auditing","System.String[]","4907","9/21/2016 8:09:33 AM","9/21/2016 8:09:33 AM",,,
"4907","thig1","System.Byte[]","70056","(13568)","13568","SuccessAudit","Auditing settings on object were changed.

Subject:
	Security ID:		S-1-5-18
	Account Name:		THIG1$
	Account Domain:		WORKGROUP
	Logon ID:		0x3e7

Object:
	Object Server:	Security
	Object Type:	File
	Object Name:	C:\$WINDOWS.~BT\Sources\SafeOS\SafeOS.Mount\windows\winsxs\amd64_iagpio.inf.resources_31bf3856ad364e35_10.0.14393.0_en-us_b9d59f9b6a1d41c3\iagpio.inf_loc
	Handle ID:	0x19bc

Process Information:
	Process ID:	0x1230
	Process Name:	C:\$WINDOWS.~BT\Sources\SetupHost.exe

Auditing Settings:
	Original Security Descriptor:	
	New Security Descriptor:		S:ARAI(AU;SAFA;DCLCRPCRSDWDWO;;;WD)","Microsoft-Windows-Security-Auditing","System.String[]","4907","9/21/2016 8:09:33 AM","9/21/2016 8:09:33 AM",,,
"4907","thig1","System.Byte[]","70055","(13568)","13568","SuccessAudit","Auditing settings on object were changed.

Subject:
	Security ID:		S-1-5-18
	Account Name:		THIG1$
	Account Domain:		WORKGROUP
	Logon ID:		0x3e7

Object:
	Object Server:	Security
	Object Type:	File
	Object Name:	C:\$WINDOWS.~BT\Sources\SafeOS\SafeOS.Mount\windows\winsxs\amd64_hidvhf.inf.resources_31bf3856ad364e35_10.0.14393.0_en-us_7826267dd26ee4f1\hidvhf.inf_loc
	Handle ID:	0x1424

Process Information:
	Process ID:	0x1230
	Process Name:	C:\$WINDOWS.~BT\Sources\SetupHost.exe

Auditing Settings:
	Original Security Descriptor:	
	New Security Descriptor:		S:ARAI(AU;SAFA;DCLCRPCRSDWDWO;;;WD)","Microsoft-Windows-Security-Auditing","System.String[]","4907","9/21/2016 8:09:33 AM","9/21/2016 8:09:33 AM",,,
"4907","thig1","System.Byte[]","70054","(13568)","13568","SuccessAudit","Auditing settings on object were changed.

Subject:
	Security ID:		S-1-5-18
	Account Name:		THIG1$
	Account Domain:		WORKGROUP
	Logon ID:		0x3e7

Object:
	Object Server:	Security
	Object Type:	File
	Object Name:	C:\$WINDOWS.~BT\Sources\SafeOS\SafeOS.Mount\windows\winsxs\amd64_hidinterrupt.inf.resources_31bf3856ad364e35_10.0.14393.0_en-us_c4df40d952bedb74\hidinterrupt.inf_loc
	Handle ID:	0xd7c

Process Information:
	Process ID:	0x1230
	Process Name:	C:\$WINDOWS.~BT\Sources\SetupHost.exe

Auditing Settings:
	Original Security Descriptor:	
	New Security Descriptor:		S:ARAI(AU;SAFA;DCLCRPCRSDWDWO;;;WD)","Microsoft-Windows-Security-Auditing","System.String[]","4907","9/21/2016 8:09:33 AM","9/21/2016 8:09:33 AM",,,
"4907","thig1","System.Byte[]","70053","(13568)","13568","SuccessAudit","Auditing settings on object were changed.

Subject:
	Security ID:		S-1-5-18
	Account Name:		THIG1$
	Account Domain:		WORKGROUP
	Logon ID:		0x3e7

Object:
	Object Server:	Security
	Object Type:	File
	Object Name:	C:\$WINDOWS.~BT\Sources\SafeOS\SafeOS.Mount\windows\winsxs\amd64_hidserv.inf.resources_31bf3856ad364e35_10.0.14393.0_en-us_53ad709d5c3c9967\hidserv.inf_loc
	Handle ID:	0x1834

Process Information:
	Process ID:	0x1230
	Process Name:	C:\$WINDOWS.~BT\Sources\SetupHost.exe

Auditing Settings:
	Original Security Descriptor:	
	New Security Descriptor:		S:ARAI(AU;SAFA;DCLCRPCRSDWDWO;;;WD)","Microsoft-Windows-Security-Auditing","System.String[]","4907","9/21/2016 8:09:33 AM","9/21/2016 8:09:33 AM",,,
"4907","thig1","System.Byte[]","70052","(13568)","13568","SuccessAudit","Auditing settings on object were changed.

Subject:
	Security ID:		S-1-5-18
	Account Name:		THIG1$
	Account Domain:		WORKGROUP
	Logon ID:		0x3e7

Object:
	Object Server:	Security
	Object Type:	File
	Object Name:	C:\$WINDOWS.~BT\Sources\SafeOS\SafeOS.Mount\windows\winsxs\amd64_hiddigi.inf.resources_31bf3856ad364e35_10.0.14393.0_en-us_646120cced2564dc\hiddigi.inf_loc
	Handle ID:	0x888

Process Information:
	Process ID:	0x1230
	Process Name:	C:\$WINDOWS.~BT\Sources\SetupHost.exe

Auditing Settings:
	Original Security Descriptor:	
	New Security Descriptor:		S:ARAI(AU;SAFA;DCLCRPCRSDWDWO;;;WD)","Microsoft-Windows-Security-Auditing","System.String[]","4907","9/21/2016 8:09:33 AM","9/21/2016 8:09:33 AM",,,
"4907","thig1","System.Byte[]","70051","(13568)","13568","SuccessAudit","Auditing settings on object were changed.

Subject:
	Security ID:		S-1-5-18
	Account Name:		THIG1$
	Account Domain:		WORKGROUP
	Logon ID:		0x3e7

Object:
	Object Server:	Security
	Object Type:	File
	Object Name:	C:\$WINDOWS.~BT\Sources\SafeOS\SafeOS.Mount\windows\winsxs\amd64_hidi2c.inf.resources_31bf3856ad364e35_10.0.14393.0_en-us_bbee3dc9e0e37391\hidi2c.inf_loc
	Handle ID:	0x16b4

Process Information:
	Process ID:	0x1230
	Process Name:	C:\$WINDOWS.~BT\Sources\SetupHost.exe

Auditing Settings:
	Original Security Descriptor:	
	New Security Descriptor:		S:ARAI(AU;SAFA;DCLCRPCRSDWDWO;;;WD)","Microsoft-Windows-Security-Auditing","System.String[]","4907","9/21/2016 8:09:33 AM","9/21/2016 8:09:33 AM",,,
"4907","thig1","System.Byte[]","70050","(13568)","13568","SuccessAudit","Auditing settings on object were changed.

Subject:
	Security ID:		S-1-5-18
	Account Name:		THIG1$
	Account Domain:		WORKGROUP
	Logon ID:		0x3e7

Object:
	Object Server:	Security
	Object Type:	File
	Object Name:	C:\$WINDOWS.~BT\Sources\SafeOS\SafeOS.Mount\windows\winsxs\amd64_halextpl080.inf.resources_31bf3856ad364e35_10.0.14393.0_en-us_727fd875f018a8d8\HalExtPL080.inf_loc
	Handle ID:	0x1b80

Process Information:
	Process ID:	0x1230
	Process Name:	C:\$WINDOWS.~BT\Sources\SetupHost.exe

Auditing Settings:
	Original Security Descriptor:	
	New Security Descriptor:		S:ARAI(AU;SAFA;DCLCRPCRSDWDWO;;;WD)","Microsoft-Windows-Security-Auditing","System.String[]","4907","9/21/2016 8:09:33 AM","9/21/2016 8:09:33 AM",,,
"4907","thig1","System.Byte[]","70049","(13568)","13568","SuccessAudit","Auditing settings on object were changed.

Subject:
	Security ID:		S-1-5-18
	Account Name:		THIG1$
	Account Domain:		WORKGROUP
	Logon ID:		0x3e7

Object:
	Object Server:	Security
	Object Type:	File
	Object Name:	C:\$WINDOWS.~BT\Sources\SafeOS\SafeOS.Mount\windows\winsxs\amd64_hdaudbus.inf.resources_31bf3856ad364e35_10.0.14393.0_en-us_0c98eaeea80a7686\hdaudbus.inf_loc
	Handle ID:	0x874

Process Information:
	Process ID:	0x1230
	Process Name:	C:\$WINDOWS.~BT\Sources\SetupHost.exe

Auditing Settings:
	Original Security Descriptor:	
	New Security Descriptor:		S:ARAI(AU;SAFA;DCLCRPCRSDWDWO;;;WD)","Microsoft-Windows-Security-Auditing","System.String[]","4907","9/21/2016 8:09:33 AM","9/21/2016 8:09:33 AM",,,
"4907","thig1","System.Byte[]","70048","(13568)","13568","SuccessAudit","Auditing settings on object were changed.

Subject:
	Security ID:		S-1-5-18
	Account Name:		THIG1$
	Account Domain:		WORKGROUP
	Logon ID:		0x3e7

Object:
	Object Server:	Security
	Object Type:	File
	Object Name:	C:\$WINDOWS.~BT\Sources\SafeOS\SafeOS.Mount\windows\winsxs\amd64_hidbatt.inf.resources_31bf3856ad364e35_10.0.14393.0_en-us_95223c19277f0870\hidbatt.inf_loc
	Handle ID:	0xae4

Process Information:
	Process ID:	0x1230
	Process Name:	C:\$WINDOWS.~BT\Sources\SetupHost.exe

Auditing Settings:
	Original Security Descriptor:	
	New Security Descriptor:		S:ARAI(AU;SAFA;DCLCRPCRSDWDWO;;;WD)","Microsoft-Windows-Security-Auditing","System.String[]","4907","9/21/2016 8:09:33 AM","9/21/2016 8:09:33 AM",,,
"4907","thig1","System.Byte[]","70047","(13568)","13568","SuccessAudit","Auditing settings on object were changed.

Subject:
	Security ID:		S-1-5-18
	Account Name:		THIG1$
	Account Domain:		WORKGROUP
	Logon ID:		0x3e7

Object:
	Object Server:	Security
	Object Type:	File
	Object Name:	C:\$WINDOWS.~BT\Sources\SafeOS\SafeOS.Mount\windows\winsxs\amd64_flpydisk.inf.resources_31bf3856ad364e35_10.0.14393.0_en-us_4178ac191870cf96\flpydisk.inf_loc
	Handle ID:	0x9c4

Process Information:
	Process ID:	0x1230
	Process Name:	C:\$WINDOWS.~BT\Sources\SetupHost.exe

Auditing Settings:
	Original Security Descriptor:	
	New Security Descriptor:		S:ARAI(AU;SAFA;DCLCRPCRSDWDWO;;;WD)","Microsoft-Windows-Security-Auditing","System.String[]","4907","9/21/2016 8:09:33 AM","9/21/2016 8:09:33 AM",,,
"4907","thig1","System.Byte[]","70046","(13568)","13568","SuccessAudit","Auditing settings on object were changed.

Subject:
	Security ID:		S-1-5-18
	Account Name:		THIG1$
	Account Domain:		WORKGROUP
	Logon ID:		0x3e7

Object:
	Object Server:	Security
	Object Type:	File
	Object Name:	C:\$WINDOWS.~BT\Sources\SafeOS\SafeOS.Mount\windows\winsxs\amd64_hal.inf.resources_31bf3856ad364e35_10.0.14393.0_en-us_6aff11f6c44aa89b\hal.inf_loc
	Handle ID:	0x1be0

Process Information:
	Process ID:	0x1230
	Process Name:	C:\$WINDOWS.~BT\Sources\SetupHost.exe

Auditing Settings:
	Original Security Descriptor:	
	New Security Descriptor:		S:ARAI(AU;SAFA;DCLCRPCRSDWDWO;;;WD)","Microsoft-Windows-Security-Auditing","System.String[]","4907","9/21/2016 8:09:33 AM","9/21/2016 8:09:33 AM",,,
"4907","thig1","System.Byte[]","70045","(13568)","13568","SuccessAudit","Auditing settings on object were changed.

Subject:
	Security ID:		S-1-5-18
	Account Name:		THIG1$
	Account Domain:		WORKGROUP
	Logon ID:		0x3e7

Object:
	Object Server:	Security
	Object Type:	File
	Object Name:	C:\$WINDOWS.~BT\Sources\SafeOS\SafeOS.Mount\windows\winsxs\amd64_genericusbfn.inf.resources_31bf3856ad364e35_10.0.14393.0_en-us_5d369aabf9831565\genericusbfn.inf_loc
	Handle ID:	0xa78

Process Information:
	Process ID:	0x1230
	Process Name:	C:\$WINDOWS.~BT\Sources\SetupHost.exe

Auditing Settings:
	Original Security Descriptor:	
	New Security Descriptor:		S:ARAI(AU;SAFA;DCLCRPCRSDWDWO;;;WD)","Microsoft-Windows-Security-Auditing","System.String[]","4907","9/21/2016 8:09:33 AM","9/21/2016 8:09:33 AM",,,
"4907","thig1","System.Byte[]","70044","(13568)","13568","SuccessAudit","Auditing settings on object were changed.

Subject:
	Security ID:		S-1-5-18
	Account Name:		THIG1$
	Account Domain:		WORKGROUP
	Logon ID:		0x3e7

Object:
	Object Server:	Security
	Object Type:	File
	Object Name:	C:\$WINDOWS.~BT\Sources\SafeOS\SafeOS.Mount\windows\winsxs\amd64_halextintclpiodma.inf.resources_31bf3856ad364e35_10.0.14393.0_en-us_6caf099594df3f1e\HalExtIntcLpioDma.inf_loc
	Handle ID:	0x1264

Process Information:
	Process ID:	0x1230
	Process Name:	C:\$WINDOWS.~BT\Sources\SetupHost.exe

Auditing Settings:
	Original Security Descriptor:	
	New Security Descriptor:		S:ARAI(AU;SAFA;DCLCRPCRSDWDWO;;;WD)","Microsoft-Windows-Security-Auditing","System.String[]","4907","9/21/2016 8:09:33 AM","9/21/2016 8:09:33 AM",,,
"4907","thig1","System.Byte[]","70043","(13568)","13568","SuccessAudit","Auditing settings on object were changed.

Subject:
	Security ID:		S-1-5-18
	Account Name:		THIG1$
	Account Domain:		WORKGROUP
	Logon ID:		0x3e7

Object:
	Object Server:	Security
	Object Type:	File
	Object Name:	C:\$WINDOWS.~BT\Sources\SafeOS\SafeOS.Mount\windows\winsxs\amd64_errdev.inf.resources_31bf3856ad364e35_10.0.14393.0_en-us_cd098f897b6e8a10\errdev.inf_loc
	Handle ID:	0x147c

Process Information:
	Process ID:	0x1230
	Process Name:	C:\$WINDOWS.~BT\Sources\SetupHost.exe

Auditing Settings:
	Original Security Descriptor:	
	New Security Descriptor:		S:ARAI(AU;SAFA;DCLCRPCRSDWDWO;;;WD)","Microsoft-Windows-Security-Auditing","System.String[]","4907","9/21/2016 8:09:33 AM","9/21/2016 8:09:33 AM",,,
