"4907","thig1","System.Byte[]","71046","(13568)","13568","SuccessAudit","Auditing settings on object were changed.

Subject:
	Security ID:		S-1-5-18
	Account Name:		THIG1$
	Account Domain:		WORKGROUP
	Logon ID:		0x3e7

Object:
	Object Server:	Security
	Object Type:	File
	Object Name:	C:\$WINDOWS.~BT\Sources\SafeOS\SafeOS.Mount\windows\winsxs\amd64_microsoft-windows-font-truetype-kartika_31bf3856ad364e35_10.0.14393.0_none_37a08b1c2f86306d\kartikab.ttf
	Handle ID:	0x15a0

Process Information:
	Process ID:	0x1230
	Process Name:	C:\$WINDOWS.~BT\Sources\SetupHost.exe

Auditing Settings:
	Original Security Descriptor:	
	New Security Descriptor:		S:ARAI(AU;SAFA;DCLCRPCRSDWDWO;;;WD)","Microsoft-Windows-Security-Auditing","System.String[]","4907","9/21/2016 8:09:40 AM","9/21/2016 8:09:40 AM",,,
"4907","thig1","System.Byte[]","71045","(13568)","13568","SuccessAudit","Auditing settings on object were changed.

Subject:
	Security ID:		S-1-5-18
	Account Name:		THIG1$
	Account Domain:		WORKGROUP
	Logon ID:		0x3e7

Object:
	Object Server:	Security
	Object Type:	File
	Object Name:	C:\$WINDOWS.~BT\Sources\SafeOS\SafeOS.Mount\windows\winsxs\amd64_microsoft-windows-f..truetype-gadugibold_31bf3856ad364e35_10.0.14393.0_none_ad946671c8ec4ff6\gadugib.ttf
	Handle ID:	0x878

Process Information:
	Process ID:	0x1230
	Process Name:	C:\$WINDOWS.~BT\Sources\SetupHost.exe

Auditing Settings:
	Original Security Descriptor:	
	New Security Descriptor:		S:ARAI(AU;SAFA;DCLCRPCRSDWDWO;;;WD)","Microsoft-Windows-Security-Auditing","System.String[]","4907","9/21/2016 8:09:40 AM","9/21/2016 8:09:40 AM",,,
"4907","thig1","System.Byte[]","71044","(13568)","13568","SuccessAudit","Auditing settings on object were changed.

Subject:
	Security ID:		S-1-5-18
	Account Name:		THIG1$
	Account Domain:		WORKGROUP
	Logon ID:		0x3e7

Object:
	Object Server:	Security
	Object Type:	File
	Object Name:	C:\$WINDOWS.~BT\Sources\SafeOS\SafeOS.Mount\windows\winsxs\amd64_microsoft-windows-font-truetype-kartika_31bf3856ad364e35_10.0.14393.0_none_37a08b1c2f86306d\kartika.ttf
	Handle ID:	0x558

Process Information:
	Process ID:	0x1230
	Process Name:	C:\$WINDOWS.~BT\Sources\SetupHost.exe

Auditing Settings:
	Original Security Descriptor:	
	New Security Descriptor:		S:ARAI(AU;SAFA;DCLCRPCRSDWDWO;;;WD)","Microsoft-Windows-Security-Auditing","System.String[]","4907","9/21/2016 8:09:40 AM","9/21/2016 8:09:40 AM",,,
"4907","thig1","System.Byte[]","71043","(13568)","13568","SuccessAudit","Auditing settings on object were changed.

Subject:
	Security ID:		S-1-5-18
	Account Name:		THIG1$
	Account Domain:		WORKGROUP
	Logon ID:		0x3e7

Object:
	Object Server:	Security
	Object Type:	File
	Object Name:	C:\$WINDOWS.~BT\Sources\SafeOS\SafeOS.Mount\windows\winsxs\amd64_microsoft-windows-font-truetype-gautami_31bf3856ad364e35_10.0.14393.0_none_a928da9fb2ed4f26\gautamib.ttf
	Handle ID:	0x1610

Process Information:
	Process ID:	0x1230
	Process Name:	C:\$WINDOWS.~BT\Sources\SetupHost.exe

Auditing Settings:
	Original Security Descriptor:	
	New Security Descriptor:		S:ARAI(AU;SAFA;DCLCRPCRSDWDWO;;;WD)","Microsoft-Windows-Security-Auditing","System.String[]","4907","9/21/2016 8:09:40 AM","9/21/2016 8:09:40 AM",,,
"4907","thig1","System.Byte[]","71042","(13568)","13568","SuccessAudit","Auditing settings on object were changed.

Subject:
	Security ID:		S-1-5-18
	Account Name:		THIG1$
	Account Domain:		WORKGROUP
	Logon ID:		0x3e7

Object:
	Object Server:	Security
	Object Type:	File
	Object Name:	C:\$WINDOWS.~BT\Sources\SafeOS\SafeOS.Mount\windows\winsxs\amd64_microsoft-windows-font-truetype-gadugi_31bf3856ad364e35_10.0.14393.0_none_11b32d673bf298c3\gadugi.ttf
	Handle ID:	0x14e8

Process Information:
	Process ID:	0x1230
	Process Name:	C:\$WINDOWS.~BT\Sources\SetupHost.exe

Auditing Settings:
	Original Security Descriptor:	
	New Security Descriptor:		S:ARAI(AU;SAFA;DCLCRPCRSDWDWO;;;WD)","Microsoft-Windows-Security-Auditing","System.String[]","4907","9/21/2016 8:09:40 AM","9/21/2016 8:09:40 AM",,,
"4907","thig1","System.Byte[]","71041","(13568)","13568","SuccessAudit","Auditing settings on object were changed.

Subject:
	Security ID:		S-1-5-18
	Account Name:		THIG1$
	Account Domain:		WORKGROUP
	Logon ID:		0x3e7

Object:
	Object Server:	Security
	Object Type:	File
	Object Name:	C:\$WINDOWS.~BT\Sources\SafeOS\SafeOS.Mount\windows\winsxs\amd64_microsoft-windows-font-truetype-euphemia_31bf3856ad364e35_10.0.14393.0_none_e59898d36fab2a14\euphemia.ttf
	Handle ID:	0x1b5c

Process Information:
	Process ID:	0x1230
	Process Name:	C:\$WINDOWS.~BT\Sources\SetupHost.exe

Auditing Settings:
	Original Security Descriptor:	
	New Security Descriptor:		S:ARAI(AU;SAFA;DCLCRPCRSDWDWO;;;WD)","Microsoft-Windows-Security-Auditing","System.String[]","4907","9/21/2016 8:09:40 AM","9/21/2016 8:09:40 AM",,,
"4907","thig1","System.Byte[]","71040","(13568)","13568","SuccessAudit","Auditing settings on object were changed.

Subject:
	Security ID:		S-1-5-18
	Account Name:		THIG1$
	Account Domain:		WORKGROUP
	Logon ID:		0x3e7

Object:
	Object Server:	Security
	Object Type:	File
	Object Name:	C:\$WINDOWS.~BT\Sources\SafeOS\SafeOS.Mount\windows\winsxs\amd64_microsoft-windows-f..-truetype-browallia_31bf3856ad364e35_10.0.14393.0_none_f975d025984c4175\browalia.ttc
	Handle ID:	0x1b44

Process Information:
	Process ID:	0x1230
	Process Name:	C:\$WINDOWS.~BT\Sources\SetupHost.exe

Auditing Settings:
	Original Security Descriptor:	
	New Security Descriptor:		S:ARAI(AU;SAFA;DCLCRPCRSDWDWO;;;WD)","Microsoft-Windows-Security-Auditing","System.String[]","4907","9/21/2016 8:09:40 AM","9/21/2016 8:09:40 AM",,,
"4907","thig1","System.Byte[]","71039","(13568)","13568","SuccessAudit","Auditing settings on object were changed.

Subject:
	Security ID:		S-1-5-18
	Account Name:		THIG1$
	Account Domain:		WORKGROUP
	Logon ID:		0x3e7

Object:
	Object Server:	Security
	Object Type:	File
	Object Name:	C:\$WINDOWS.~BT\Sources\SafeOS\SafeOS.Mount\windows\winsxs\amd64_microsoft-windows-f..pe-estrangeloedessa_31bf3856ad364e35_10.0.14393.0_none_2a232bee90a79eed\estre.ttf
	Handle ID:	0x160c

Process Information:
	Process ID:	0x1230
	Process Name:	C:\$WINDOWS.~BT\Sources\SetupHost.exe

Auditing Settings:
	Original Security Descriptor:	
	New Security Descriptor:		S:ARAI(AU;SAFA;DCLCRPCRSDWDWO;;;WD)","Microsoft-Windows-Security-Auditing","System.String[]","4907","9/21/2016 8:09:40 AM","9/21/2016 8:09:40 AM",,,
"4907","thig1","System.Byte[]","71038","(13568)","13568","SuccessAudit","Auditing settings on object were changed.

Subject:
	Security ID:		S-1-5-18
	Account Name:		THIG1$
	Account Domain:		WORKGROUP
	Logon ID:		0x3e7

Object:
	Object Server:	Security
	Object Type:	File
	Object Name:	C:\$WINDOWS.~BT\Sources\SafeOS\SafeOS.Mount\windows\winsxs\amd64_microsoft-windows-font-truetype-daunpenh_31bf3856ad364e35_10.0.14393.0_none_353919c63a7810d5\daunpenh.ttf
	Handle ID:	0x554

Process Information:
	Process ID:	0x1230
	Process Name:	C:\$WINDOWS.~BT\Sources\SetupHost.exe

Auditing Settings:
	Original Security Descriptor:	
	New Security Descriptor:		S:ARAI(AU;SAFA;DCLCRPCRSDWDWO;;;WD)","Microsoft-Windows-Security-Auditing","System.String[]","4907","9/21/2016 8:09:40 AM","9/21/2016 8:09:40 AM",,,
"4907","thig1","System.Byte[]","71037","(13568)","13568","SuccessAudit","Auditing settings on object were changed.

Subject:
	Security ID:		S-1-5-18
	Account Name:		THIG1$
	Account Domain:		WORKGROUP
	Logon ID:		0x3e7

Object:
	Object Server:	Security
	Object Type:	File
	Object Name:	C:\$WINDOWS.~BT\Sources\SafeOS\SafeOS.Mount\windows\winsxs\amd64_microsoft-windows-f..-truetype-dokchampa_31bf3856ad364e35_10.0.14393.0_none_7ef5ad83186e5278\dokchamp.ttf
	Handle ID:	0xa48

Process Information:
	Process ID:	0x1230
	Process Name:	C:\$WINDOWS.~BT\Sources\SetupHost.exe

Auditing Settings:
	Original Security Descriptor:	
	New Security Descriptor:		S:ARAI(AU;SAFA;DCLCRPCRSDWDWO;;;WD)","Microsoft-Windows-Security-Auditing","System.String[]","4907","9/21/2016 8:09:40 AM","9/21/2016 8:09:40 AM",,,
"4907","thig1","System.Byte[]","71036","(13568)","13568","SuccessAudit","Auditing settings on object were changed.

Subject:
	Security ID:		S-1-5-18
	Account Name:		THIG1$
	Account Domain:		WORKGROUP
	Logon ID:		0x3e7

Object:
	Object Server:	Security
	Object Type:	File
	Object Name:	C:\$WINDOWS.~BT\Sources\SafeOS\SafeOS.Mount\windows\winsxs\amd64_microsoft-windows-i..dsetup-rejuvenation_31bf3856ad364e35_10.0.14393.0_none_800d8b1a276e423d\setupplatform.dll
	Handle ID:	0x1664

Process Information:
	Process ID:	0x1230
	Process Name:	C:\$WINDOWS.~BT\Sources\SetupHost.exe

Auditing Settings:
	Original Security Descriptor:	
	New Security Descriptor:		S:ARAI(AU;SAFA;DCLCRPCRSDWDWO;;;WD)","Microsoft-Windows-Security-Auditing","System.String[]","4907","9/21/2016 8:09:40 AM","9/21/2016 8:09:40 AM",,,
"4907","thig1","System.Byte[]","71035","(13568)","13568","SuccessAudit","Auditing settings on object were changed.

Subject:
	Security ID:		S-1-5-18
	Account Name:		THIG1$
	Account Domain:		WORKGROUP
	Logon ID:		0x3e7

Object:
	Object Server:	Security
	Object Type:	File
	Object Name:	C:\$WINDOWS.~BT\Sources\SafeOS\SafeOS.Mount\windows\winsxs\amd64_microsoft-windows-i..ejuvenation-onecore_31bf3856ad364e35_10.0.14393.0_none_15ae9e9c51fedb73\wpx.dll
	Handle ID:	0xa84

Process Information:
	Process ID:	0x1230
	Process Name:	C:\$WINDOWS.~BT\Sources\SetupHost.exe

Auditing Settings:
	Original Security Descriptor:	
	New Security Descriptor:		S:ARAI(AU;SAFA;DCLCRPCRSDWDWO;;;WD)","Microsoft-Windows-Security-Auditing","System.String[]","4907","9/21/2016 8:09:40 AM","9/21/2016 8:09:40 AM",,,
"4907","thig1","System.Byte[]","71034","(13568)","13568","SuccessAudit","Auditing settings on object were changed.

Subject:
	Security ID:		S-1-5-18
	Account Name:		THIG1$
	Account Domain:		WORKGROUP
	Logon ID:		0x3e7

Object:
	Object Server:	Security
	Object Type:	File
	Object Name:	C:\$WINDOWS.~BT\Sources\SafeOS\SafeOS.Mount\windows\winsxs\amd64_microsoft-windows-i..dsetup-rejuvenation_31bf3856ad364e35_10.0.14393.0_none_800d8b1a276e423d\unbcl.dll
	Handle ID:	0x570

Process Information:
	Process ID:	0x1230
	Process Name:	C:\$WINDOWS.~BT\Sources\SetupHost.exe

Auditing Settings:
	Original Security Descriptor:	
	New Security Descriptor:		S:ARAI(AU;SAFA;DCLCRPCRSDWDWO;;;WD)","Microsoft-Windows-Security-Auditing","System.String[]","4907","9/21/2016 8:09:40 AM","9/21/2016 8:09:40 AM",,,
"4907","thig1","System.Byte[]","71033","(13568)","13568","SuccessAudit","Auditing settings on object were changed.

Subject:
	Security ID:		S-1-5-18
	Account Name:		THIG1$
	Account Domain:		WORKGROUP
	Logon ID:		0x3e7

Object:
	Object Server:	Security
	Object Type:	File
	Object Name:	C:\$WINDOWS.~BT\Sources\SafeOS\SafeOS.Mount\windows\winsxs\amd64_microsoft-windows-i..uvenation.resources_31bf3856ad364e35_10.0.14393.0_en-us_71553c7263c6aea0\setupplatform.exe.mui
	Handle ID:	0x10d8

Process Information:
	Process ID:	0x1230
	Process Name:	C:\$WINDOWS.~BT\Sources\SetupHost.exe

Auditing Settings:
	Original Security Descriptor:	
	New Security Descriptor:		S:ARAI(AU;SAFA;DCLCRPCRSDWDWO;;;WD)","Microsoft-Windows-Security-Auditing","System.String[]","4907","9/21/2016 8:09:40 AM","9/21/2016 8:09:40 AM",,,
"4907","thig1","System.Byte[]","71032","(13568)","13568","SuccessAudit","Auditing settings on object were changed.

Subject:
	Security ID:		S-1-5-18
	Account Name:		THIG1$
	Account Domain:		WORKGROUP
	Logon ID:		0x3e7

Object:
	Object Server:	Security
	Object Type:	File
	Object Name:	C:\$WINDOWS.~BT\Sources\SafeOS\SafeOS.Mount\windows\winsxs\amd64_microsoft-windows-i..dsetup-rejuvenation_31bf3856ad364e35_10.0.14393.0_none_800d8b1a276e423d\wdsutil.dll
	Handle ID:	0x4d0

Process Information:
	Process ID:	0x1230
	Process Name:	C:\$WINDOWS.~BT\Sources\SetupHost.exe

Auditing Settings:
	Original Security Descriptor:	
	New Security Descriptor:		S:ARAI(AU;SAFA;DCLCRPCRSDWDWO;;;WD)","Microsoft-Windows-Security-Auditing","System.String[]","4907","9/21/2016 8:09:40 AM","9/21/2016 8:09:40 AM",,,
"4907","thig1","System.Byte[]","71031","(13568)","13568","SuccessAudit","Auditing settings on object were changed.

Subject:
	Security ID:		S-1-5-18
	Account Name:		THIG1$
	Account Domain:		WORKGROUP
	Logon ID:		0x3e7

Object:
	Object Server:	Security
	Object Type:	File
	Object Name:	C:\$WINDOWS.~BT\Sources\SafeOS\SafeOS.Mount\windows\winsxs\amd64_microsoft-windows-i..dsetup-rejuvenation_31bf3856ad364e35_10.0.14393.0_none_800d8b1a276e423d\reagent.dll
	Handle ID:	0x15c0

Process Information:
	Process ID:	0x1230
	Process Name:	C:\$WINDOWS.~BT\Sources\SetupHost.exe

Auditing Settings:
	Original Security Descriptor:	
	New Security Descriptor:		S:ARAI(AU;SAFA;DCLCRPCRSDWDWO;;;WD)","Microsoft-Windows-Security-Auditing","System.String[]","4907","9/21/2016 8:09:40 AM","9/21/2016 8:09:40 AM",,,
"4907","thig1","System.Byte[]","71030","(13568)","13568","SuccessAudit","Auditing settings on object were changed.

Subject:
	Security ID:		S-1-5-18
	Account Name:		THIG1$
	Account Domain:		WORKGROUP
	Logon ID:		0x3e7

Object:
	Object Server:	Security
	Object Type:	File
	Object Name:	C:\$WINDOWS.~BT\Sources\SafeOS\SafeOS.Mount\windows\winsxs\amd64_microsoft-windows-i..ejuvenation-onecore_31bf3856ad364e35_10.0.14393.0_none_15ae9e9c51fedb73\unattend.dll
	Handle ID:	0xc24

Process Information:
	Process ID:	0x1230
	Process Name:	C:\$WINDOWS.~BT\Sources\SetupHost.exe

Auditing Settings:
	Original Security Descriptor:	
	New Security Descriptor:		S:ARAI(AU;SAFA;DCLCRPCRSDWDWO;;;WD)","Microsoft-Windows-Security-Auditing","System.String[]","4907","9/21/2016 8:09:40 AM","9/21/2016 8:09:40 AM",,,
"4907","thig1","System.Byte[]","71029","(13568)","13568","SuccessAudit","Auditing settings on object were changed.

Subject:
	Security ID:		S-1-5-18
	Account Name:		THIG1$
	Account Domain:		WORKGROUP
	Logon ID:		0x3e7

Object:
	Object Server:	Security
	Object Type:	File
	Object Name:	C:\$WINDOWS.~BT\Sources\SafeOS\SafeOS.Mount\windows\winsxs\amd64_microsoft-windows-i..dsetup-rejuvenation_31bf3856ad364e35_10.0.14393.0_none_800d8b1a276e423d\upgrade_frmwrk.xml
	Handle ID:	0x1958

Process Information:
	Process ID:	0x1230
	Process Name:	C:\$WINDOWS.~BT\Sources\SetupHost.exe

Auditing Settings:
	Original Security Descriptor:	
	New Security Descriptor:		S:ARAI(AU;SAFA;DCLCRPCRSDWDWO;;;WD)","Microsoft-Windows-Security-Auditing","System.String[]","4907","9/21/2016 8:09:40 AM","9/21/2016 8:09:40 AM",,,
"4907","thig1","System.Byte[]","71028","(13568)","13568","SuccessAudit","Auditing settings on object were changed.

Subject:
	Security ID:		S-1-5-18
	Account Name:		THIG1$
	Account Domain:		WORKGROUP
	Logon ID:		0x3e7

Object:
	Object Server:	Security
	Object Type:	File
	Object Name:	C:\$WINDOWS.~BT\Sources\SafeOS\SafeOS.Mount\windows\winsxs\amd64_microsoft-windows-i..dsetup-rejuvenation_31bf3856ad364e35_10.0.14393.0_none_800d8b1a276e423d\setupplatform.exe
	Handle ID:	0x1df4

Process Information:
	Process ID:	0x1230
	Process Name:	C:\$WINDOWS.~BT\Sources\SetupHost.exe

Auditing Settings:
	Original Security Descriptor:	
	New Security Descriptor:		S:ARAI(AU;SAFA;DCLCRPCRSDWDWO;;;WD)","Microsoft-Windows-Security-Auditing","System.String[]","4907","9/21/2016 8:09:40 AM","9/21/2016 8:09:40 AM",,,
"4907","thig1","System.Byte[]","71027","(13568)","13568","SuccessAudit","Auditing settings on object were changed.

Subject:
	Security ID:		S-1-5-18
	Account Name:		THIG1$
	Account Domain:		WORKGROUP
	Logon ID:		0x3e7

Object:
	Object Server:	Security
	Object Type:	File
	Object Name:	C:\$WINDOWS.~BT\Sources\SafeOS\SafeOS.Mount\windows\winsxs\amd64_microsoft-windows-i..dsetup-rejuvenation_31bf3856ad364e35_10.0.14393.0_none_800d8b1a276e423d\offline.xml
	Handle ID:	0x760

Process Information:
	Process ID:	0x1230
	Process Name:	C:\$WINDOWS.~BT\Sources\SetupHost.exe

Auditing Settings:
	Original Security Descriptor:	
	New Security Descriptor:		S:ARAI(AU;SAFA;DCLCRPCRSDWDWO;;;WD)","Microsoft-Windows-Security-Auditing","System.String[]","4907","9/21/2016 8:09:40 AM","9/21/2016 8:09:40 AM",,,
"4907","thig1","System.Byte[]","71026","(13568)","13568","SuccessAudit","Auditing settings on object were changed.

Subject:
	Security ID:		S-1-5-18
	Account Name:		THIG1$
	Account Domain:		WORKGROUP
	Logon ID:		0x3e7

Object:
	Object Server:	Security
	Object Type:	File
	Object Name:	C:\$WINDOWS.~BT\Sources\SafeOS\SafeOS.Mount\windows\winsxs\amd64_microsoft-windows-i..dsetup-rejuvenation_31bf3856ad364e35_10.0.14393.0_none_800d8b1a276e423d\hwcompat.dll
	Handle ID:	0x5b8

Process Information:
	Process ID:	0x1230
	Process Name:	C:\$WINDOWS.~BT\Sources\SetupHost.exe

Auditing Settings:
	Original Security Descriptor:	
	New Security Descriptor:		S:ARAI(AU;SAFA;DCLCRPCRSDWDWO;;;WD)","Microsoft-Windows-Security-Auditing","System.String[]","4907","9/21/2016 8:09:40 AM","9/21/2016 8:09:40 AM",,,
"4907","thig1","System.Byte[]","71025","(13568)","13568","SuccessAudit","Auditing settings on object were changed.

Subject:
	Security ID:		S-1-5-18
	Account Name:		THIG1$
	Account Domain:		WORKGROUP
	Logon ID:		0x3e7

Object:
	Object Server:	Security
	Object Type:	File
	Object Name:	C:\$WINDOWS.~BT\Sources\SafeOS\SafeOS.Mount\windows\winsxs\amd64_microsoft-windows-i..dsetup-rejuvenation_31bf3856ad364e35_10.0.14393.0_none_800d8b1a276e423d\diagER.dll
	Handle ID:	0x1cc4

Process Information:
	Process ID:	0x1230
	Process Name:	C:\$WINDOWS.~BT\Sources\SetupHost.exe

Auditing Settings:
	Original Security Descriptor:	
	New Security Descriptor:		S:ARAI(AU;SAFA;DCLCRPCRSDWDWO;;;WD)","Microsoft-Windows-Security-Auditing","System.String[]","4907","9/21/2016 8:09:40 AM","9/21/2016 8:09:40 AM",,,
"4907","thig1","System.Byte[]","71024","(13568)","13568","SuccessAudit","Auditing settings on object were changed.

Subject:
	Security ID:		S-1-5-18
	Account Name:		THIG1$
	Account Domain:		WORKGROUP
	Logon ID:		0x3e7

Object:
	Object Server:	Security
	Object Type:	File
	Object Name:	C:\$WINDOWS.~BT\Sources\SafeOS\SafeOS.Mount\windows\winsxs\filemaps\sources_recovery_fa3a0fbfbc08eda1.cdf-ms
	Handle ID:	0x1864

Process Information:
	Process ID:	0x1230
	Process Name:	C:\$WINDOWS.~BT\Sources\SetupHost.exe

Auditing Settings:
	Original Security Descriptor:	
	New Security Descriptor:		S:ARAI(AU;SAFA;0x1f0116;;;WD)","Microsoft-Windows-Security-Auditing","System.String[]","4907","9/21/2016 8:09:37 AM","9/21/2016 8:09:37 AM",,,
"4907","thig1","System.Byte[]","71023","(13568)","13568","SuccessAudit","Auditing settings on object were changed.

Subject:
	Security ID:		S-1-5-18
	Account Name:		THIG1$
	Account Domain:		WORKGROUP
	Logon ID:		0x3e7

Object:
	Object Server:	Security
	Object Type:	File
	Object Name:	C:\$WINDOWS.~BT\Sources\SafeOS\SafeOS.Mount\windows\winsxs\filemaps\sources_en-us_2e88d920877a69ae.cdf-ms
	Handle ID:	0xad4

Process Information:
	Process ID:	0x1230
	Process Name:	C:\$WINDOWS.~BT\Sources\SetupHost.exe

Auditing Settings:
	Original Security Descriptor:	
	New Security Descriptor:		S:ARAI(AU;SAFA;0x1f0116;;;WD)","Microsoft-Windows-Security-Auditing","System.String[]","4907","9/21/2016 8:09:37 AM","9/21/2016 8:09:37 AM",,,
"4907","thig1","System.Byte[]","71022","(13568)","13568","SuccessAudit","Auditing settings on object were changed.

Subject:
	Security ID:		S-1-5-18
	Account Name:		THIG1$
	Account Domain:		WORKGROUP
	Logon ID:		0x3e7

Object:
	Object Server:	Security
	Object Type:	File
	Object Name:	C:\$WINDOWS.~BT\Sources\SafeOS\SafeOS.Mount\windows\winsxs\filemaps\sources.cdf-ms
	Handle ID:	0x1a20

Process Information:
	Process ID:	0x1230
	Process Name:	C:\$WINDOWS.~BT\Sources\SetupHost.exe

Auditing Settings:
	Original Security Descriptor:	
	New Security Descriptor:		S:ARAI(AU;SAFA;0x1f0116;;;WD)","Microsoft-Windows-Security-Auditing","System.String[]","4907","9/21/2016 8:09:37 AM","9/21/2016 8:09:37 AM",,,
"4907","thig1","System.Byte[]","71021","(13568)","13568","SuccessAudit","Auditing settings on object were changed.

Subject:
	Security ID:		S-1-5-18
	Account Name:		THIG1$
	Account Domain:		WORKGROUP
	Logon ID:		0x3e7

Object:
	Object Server:	Security
	Object Type:	File
	Object Name:	C:\$WINDOWS.~BT\Sources\SafeOS\SafeOS.Mount\windows\winsxs\filemaps\program_files_common_files_microsoft_shared_ink_languagemodel_ccceb944834c6c97.cdf-ms
	Handle ID:	0x1864

Process Information:
	Process ID:	0x1230
	Process Name:	C:\$WINDOWS.~BT\Sources\SetupHost.exe

Auditing Settings:
	Original Security Descriptor:	
	New Security Descriptor:		S:ARAI(AU;SAFA;0x1f0116;;;WD)","Microsoft-Windows-Security-Auditing","System.String[]","4907","9/21/2016 8:09:37 AM","9/21/2016 8:09:37 AM",,,
"4907","thig1","System.Byte[]","71020","(13568)","13568","SuccessAudit","Auditing settings on object were changed.

Subject:
	Security ID:		S-1-5-18
	Account Name:		THIG1$
	Account Domain:		WORKGROUP
	Logon ID:		0x3e7

Object:
	Object Server:	Security
	Object Type:	File
	Object Name:	C:\$WINDOWS.~BT\Sources\SafeOS\SafeOS.Mount\windows\winsxs\filemaps\program_files_common_files_microsoft_shared_ink_fsdefinitions_symbols_4eaf815d64e8ecbc.cdf-ms
	Handle ID:	0x14f0

Process Information:
	Process ID:	0x1230
	Process Name:	C:\$WINDOWS.~BT\Sources\SetupHost.exe

Auditing Settings:
	Original Security Descriptor:	
	New Security Descriptor:		S:ARAI(AU;SAFA;0x1f0116;;;WD)","Microsoft-Windows-Security-Auditing","System.String[]","4907","9/21/2016 8:09:37 AM","9/21/2016 8:09:37 AM",,,
"4907","thig1","System.Byte[]","71019","(13568)","13568","SuccessAudit","Auditing settings on object were changed.

Subject:
	Security ID:		S-1-5-18
	Account Name:		THIG1$
	Account Domain:		WORKGROUP
	Logon ID:		0x3e7

Object:
	Object Server:	Security
	Object Type:	File
	Object Name:	C:\$WINDOWS.~BT\Sources\SafeOS\SafeOS.Mount\windows\winsxs\filemaps\program_files_common_files_microsoft_shared_ink_fsdefinitions_oskpred_4ada71c56aba89ef.cdf-ms
	Handle ID:	0x1864

Process Information:
	Process ID:	0x1230
	Process Name:	C:\$WINDOWS.~BT\Sources\SetupHost.exe

Auditing Settings:
	Original Security Descriptor:	
	New Security Descriptor:		S:ARAI(AU;SAFA;0x1f0116;;;WD)","Microsoft-Windows-Security-Auditing","System.String[]","4907","9/21/2016 8:09:37 AM","9/21/2016 8:09:37 AM",,,
"4907","thig1","System.Byte[]","71018","(13568)","13568","SuccessAudit","Auditing settings on object were changed.

Subject:
	Security ID:		S-1-5-18
	Account Name:		THIG1$
	Account Domain:		WORKGROUP
	Logon ID:		0x3e7

Object:
	Object Server:	Security
	Object Type:	File
	Object Name:	C:\$WINDOWS.~BT\Sources\SafeOS\SafeOS.Mount\windows\winsxs\filemaps\program_files_common_files_microsoft_shared_ink_fsdefinitions_osknumpad_ee37ed195958108b.cdf-ms
	Handle ID:	0xad4

Process Information:
	Process ID:	0x1230
	Process Name:	C:\$WINDOWS.~BT\Sources\SetupHost.exe

Auditing Settings:
	Original Security Descriptor:	
	New Security Descriptor:		S:ARAI(AU;SAFA;0x1f0116;;;WD)","Microsoft-Windows-Security-Auditing","System.String[]","4907","9/21/2016 8:09:37 AM","9/21/2016 8:09:37 AM",,,
"4907","thig1","System.Byte[]","71017","(13568)","13568","SuccessAudit","Auditing settings on object were changed.

Subject:
	Security ID:		S-1-5-18
	Account Name:		THIG1$
	Account Domain:		WORKGROUP
	Logon ID:		0x3e7

Object:
	Object Server:	Security
	Object Type:	File
	Object Name:	C:\$WINDOWS.~BT\Sources\SafeOS\SafeOS.Mount\windows\winsxs\filemaps\program_files_common_files_microsoft_shared_ink_fsdefinitions_osknav_bb31da33c2376c77.cdf-ms
	Handle ID:	0x1864

Process Information:
	Process ID:	0x1230
	Process Name:	C:\$WINDOWS.~BT\Sources\SetupHost.exe

Auditing Settings:
	Original Security Descriptor:	
	New Security Descriptor:		S:ARAI(AU;SAFA;0x1f0116;;;WD)","Microsoft-Windows-Security-Auditing","System.String[]","4907","9/21/2016 8:09:37 AM","9/21/2016 8:09:37 AM",,,
"4907","thig1","System.Byte[]","71016","(13568)","13568","SuccessAudit","Auditing settings on object were changed.

Subject:
	Security ID:		S-1-5-18
	Account Name:		THIG1$
	Account Domain:		WORKGROUP
	Logon ID:		0x3e7

Object:
	Object Server:	Security
	Object Type:	File
	Object Name:	C:\$WINDOWS.~BT\Sources\SafeOS\SafeOS.Mount\windows\winsxs\filemaps\program_files_common_files_microsoft_shared_ink_fsdefinitions_oskmenu_4ada925d6aba5911.cdf-ms
	Handle ID:	0xa98

Process Information:
	Process ID:	0x1230
	Process Name:	C:\$WINDOWS.~BT\Sources\SetupHost.exe

Auditing Settings:
	Original Security Descriptor:	
	New Security Descriptor:		S:ARAI(AU;SAFA;0x1f0116;;;WD)","Microsoft-Windows-Security-Auditing","System.String[]","4907","9/21/2016 8:09:37 AM","9/21/2016 8:09:37 AM",,,
"4907","thig1","System.Byte[]","71015","(13568)","13568","SuccessAudit","Auditing settings on object were changed.

Subject:
	Security ID:		S-1-5-18
	Account Name:		THIG1$
	Account Domain:		WORKGROUP
	Logon ID:		0x3e7

Object:
	Object Server:	Security
	Object Type:	File
	Object Name:	C:\$WINDOWS.~BT\Sources\SafeOS\SafeOS.Mount\windows\winsxs\filemaps\program_files_common_files_microsoft_shared_ink_fsdefinitions_oskclearui_efb22b63342a179d.cdf-ms
	Handle ID:	0xad4

Process Information:
	Process ID:	0x1230
	Process Name:	C:\$WINDOWS.~BT\Sources\SetupHost.exe

Auditing Settings:
	Original Security Descriptor:	
	New Security Descriptor:		S:ARAI(AU;SAFA;0x1f0116;;;WD)","Microsoft-Windows-Security-Auditing","System.String[]","4907","9/21/2016 8:09:37 AM","9/21/2016 8:09:37 AM",,,
"4907","thig1","System.Byte[]","71014","(13568)","13568","SuccessAudit","Auditing settings on object were changed.

Subject:
	Security ID:		S-1-5-18
	Account Name:		THIG1$
	Account Domain:		WORKGROUP
	Logon ID:		0x3e7

Object:
	Object Server:	Security
	Object Type:	File
	Object Name:	C:\$WINDOWS.~BT\Sources\SafeOS\SafeOS.Mount\windows\winsxs\filemaps\program_files_common_files_microsoft_shared_ink_fsdefinitions_main_992db4c6307e339e.cdf-ms
	Handle ID:	0x1864

Process Information:
	Process ID:	0x1230
	Process Name:	C:\$WINDOWS.~BT\Sources\SetupHost.exe

Auditing Settings:
	Original Security Descriptor:	
	New Security Descriptor:		S:ARAI(AU;SAFA;0x1f0116;;;WD)","Microsoft-Windows-Security-Auditing","System.String[]","4907","9/21/2016 8:09:37 AM","9/21/2016 8:09:37 AM",,,
"4907","thig1","System.Byte[]","71013","(13568)","13568","SuccessAudit","Auditing settings on object were changed.

Subject:
	Security ID:		S-1-5-18
	Account Name:		THIG1$
	Account Domain:		WORKGROUP
	Logon ID:		0x3e7

Object:
	Object Server:	Security
	Object Type:	File
	Object Name:	C:\$WINDOWS.~BT\Sources\SafeOS\SafeOS.Mount\windows\winsxs\filemaps\program_files_common_files_microsoft_shared_ink_fsdefinitions_keypad_bb29f287c24d4a93.cdf-ms
	Handle ID:	0xa98

Process Information:
	Process ID:	0x1230
	Process Name:	C:\$WINDOWS.~BT\Sources\SetupHost.exe

Auditing Settings:
	Original Security Descriptor:	
	New Security Descriptor:		S:ARAI(AU;SAFA;0x1f0116;;;WD)","Microsoft-Windows-Security-Auditing","System.String[]","4907","9/21/2016 8:09:37 AM","9/21/2016 8:09:37 AM",,,
"4907","thig1","System.Byte[]","71012","(13568)","13568","SuccessAudit","Auditing settings on object were changed.

Subject:
	Security ID:		S-1-5-18
	Account Name:		THIG1$
	Account Domain:		WORKGROUP
	Logon ID:		0x3e7

Object:
	Object Server:	Security
	Object Type:	File
	Object Name:	C:\$WINDOWS.~BT\Sources\SafeOS\SafeOS.Mount\windows\winsxs\filemaps\program_files_common_files_microsoft_shared_ink_fsdefinitions_insert_bb25e7d5c2685e4a.cdf-ms
	Handle ID:	0x1864

Process Information:
	Process ID:	0x1230
	Process Name:	C:\$WINDOWS.~BT\Sources\SetupHost.exe

Auditing Settings:
	Original Security Descriptor:	
	New Security Descriptor:		S:ARAI(AU;SAFA;0x1f0116;;;WD)","Microsoft-Windows-Security-Auditing","System.String[]","4907","9/21/2016 8:09:37 AM","9/21/2016 8:09:37 AM",,,
"4907","thig1","System.Byte[]","71011","(13568)","13568","SuccessAudit","Auditing settings on object were changed.

Subject:
	Security ID:		S-1-5-18
	Account Name:		THIG1$
	Account Domain:		WORKGROUP
	Logon ID:		0x3e7

Object:
	Object Server:	Security
	Object Type:	File
	Object Name:	C:\$WINDOWS.~BT\Sources\SafeOS\SafeOS.Mount\windows\winsxs\filemaps\program_files_common_files_microsoft_shared_ink_fsdefinitions_auxpad_bb15ebb5c2b76782.cdf-ms
	Handle ID:	0xad4

Process Information:
	Process ID:	0x1230
	Process Name:	C:\$WINDOWS.~BT\Sources\SetupHost.exe

Auditing Settings:
	Original Security Descriptor:	
	New Security Descriptor:		S:ARAI(AU;SAFA;0x1f0116;;;WD)","Microsoft-Windows-Security-Auditing","System.String[]","4907","9/21/2016 8:09:37 AM","9/21/2016 8:09:37 AM",,,
"4907","thig1","System.Byte[]","71010","(13568)","13568","SuccessAudit","Auditing settings on object were changed.

Subject:
	Security ID:		S-1-5-18
	Account Name:		THIG1$
	Account Domain:		WORKGROUP
	Logon ID:		0x3e7

Object:
	Object Server:	Security
	Object Type:	File
	Object Name:	C:\$WINDOWS.~BT\Sources\SafeOS\SafeOS.Mount\windows\winsxs\filemaps\program_files_common_files_microsoft_shared_ink_fsdefinitions_92b215ec670a7f35.cdf-ms
	Handle ID:	0x1958

Process Information:
	Process ID:	0x1230
	Process Name:	C:\$WINDOWS.~BT\Sources\SetupHost.exe

Auditing Settings:
	Original Security Descriptor:	
	New Security Descriptor:		S:ARAI(AU;SAFA;0x1f0116;;;WD)","Microsoft-Windows-Security-Auditing","System.String[]","4907","9/21/2016 8:09:37 AM","9/21/2016 8:09:37 AM",,,
"4907","thig1","System.Byte[]","71009","(13568)","13568","SuccessAudit","Auditing settings on object were changed.

Subject:
	Security ID:		S-1-5-18
	Account Name:		THIG1$
	Account Domain:		WORKGROUP
	Logon ID:		0x3e7

Object:
	Object Server:	Security
	Object Type:	File
	Object Name:	C:\$WINDOWS.~BT\Sources\SafeOS\SafeOS.Mount\windows\winsxs\filemaps\program_files_common_files_microsoft_shared_ink_en-us_8a16130a1a0cde0c.cdf-ms
	Handle ID:	0xa94

Process Information:
	Process ID:	0x1230
	Process Name:	C:\$WINDOWS.~BT\Sources\SetupHost.exe

Auditing Settings:
	Original Security Descriptor:	
	New Security Descriptor:		S:ARAI(AU;SAFA;0x1f0116;;;WD)","Microsoft-Windows-Security-Auditing","System.String[]","4907","9/21/2016 8:09:37 AM","9/21/2016 8:09:37 AM",,,
"4907","thig1","System.Byte[]","71008","(13568)","13568","SuccessAudit","Auditing settings on object were changed.

Subject:
	Security ID:		S-1-5-18
	Account Name:		THIG1$
	Account Domain:		WORKGROUP
	Logon ID:		0x3e7

Object:
	Object Server:	Security
	Object Type:	File
	Object Name:	C:\$WINDOWS.~BT\Sources\SafeOS\SafeOS.Mount\windows\winsxs\filemaps\program_files_common_files_microsoft_shared_ink_3c86e3db0b3b254c.cdf-ms
	Handle ID:	0x1d70

Process Information:
	Process ID:	0x1230
	Process Name:	C:\$WINDOWS.~BT\Sources\SetupHost.exe

Auditing Settings:
	Original Security Descriptor:	
	New Security Descriptor:		S:ARAI(AU;SAFA;0x1f0116;;;WD)","Microsoft-Windows-Security-Auditing","System.String[]","4907","9/21/2016 8:09:37 AM","9/21/2016 8:09:37 AM",,,
"4907","thig1","System.Byte[]","71007","(13568)","13568","SuccessAudit","Auditing settings on object were changed.

Subject:
	Security ID:		S-1-5-18
	Account Name:		THIG1$
	Account Domain:		WORKGROUP
	Logon ID:		0x3e7

Object:
	Object Server:	Security
	Object Type:	File
	Object Name:	C:\$WINDOWS.~BT\Sources\SafeOS\SafeOS.Mount\windows\winsxs\filemaps\program_files_common_files_microsoft_shared_818c5a0e45020fba.cdf-ms
	Handle ID:	0x19b0

Process Information:
	Process ID:	0x1230
	Process Name:	C:\$WINDOWS.~BT\Sources\SetupHost.exe

Auditing Settings:
	Original Security Descriptor:	
	New Security Descriptor:		S:ARAI(AU;SAFA;0x1f0116;;;WD)","Microsoft-Windows-Security-Auditing","System.String[]","4907","9/21/2016 8:09:37 AM","9/21/2016 8:09:37 AM",,,
"4907","thig1","System.Byte[]","71006","(13568)","13568","SuccessAudit","Auditing settings on object were changed.

Subject:
	Security ID:		S-1-5-18
	Account Name:		THIG1$
	Account Domain:		WORKGROUP
	Logon ID:		0x3e7

Object:
	Object Server:	Security
	Object Type:	File
	Object Name:	C:\$WINDOWS.~BT\Sources\SafeOS\SafeOS.Mount\windows\winsxs\filemaps\programdata_microsoft_windows_wer_temp_783673b09e921b6b.cdf-ms
	Handle ID:	0x1a1c

Process Information:
	Process ID:	0x1230
	Process Name:	C:\$WINDOWS.~BT\Sources\SetupHost.exe

Auditing Settings:
	Original Security Descriptor:	
	New Security Descriptor:		S:ARAI(AU;SAFA;0x1f0116;;;WD)","Microsoft-Windows-Security-Auditing","System.String[]","4907","9/21/2016 8:09:37 AM","9/21/2016 8:09:37 AM",,,
"4907","thig1","System.Byte[]","71005","(13568)","13568","SuccessAudit","Auditing settings on object were changed.

Subject:
	Security ID:		S-1-5-18
	Account Name:		THIG1$
	Account Domain:		WORKGROUP
	Logon ID:		0x3e7

Object:
	Object Server:	Security
	Object Type:	File
	Object Name:	C:\$WINDOWS.~BT\Sources\SafeOS\SafeOS.Mount\windows\winsxs\filemaps\programdata_microsoft_windows_wer_reportqueue_9ca35f30fc68b178.cdf-ms
	Handle ID:	0xb30

Process Information:
	Process ID:	0x1230
	Process Name:	C:\$WINDOWS.~BT\Sources\SetupHost.exe

Auditing Settings:
	Original Security Descriptor:	
	New Security Descriptor:		S:ARAI(AU;SAFA;0x1f0116;;;WD)","Microsoft-Windows-Security-Auditing","System.String[]","4907","9/21/2016 8:09:37 AM","9/21/2016 8:09:37 AM",,,
"4907","thig1","System.Byte[]","71004","(13568)","13568","SuccessAudit","Auditing settings on object were changed.

Subject:
	Security ID:		S-1-5-18
	Account Name:		THIG1$
	Account Domain:		WORKGROUP
	Logon ID:		0x3e7

Object:
	Object Server:	Security
	Object Type:	File
	Object Name:	C:\$WINDOWS.~BT\Sources\SafeOS\SafeOS.Mount\windows\winsxs\filemaps\programdata_microsoft_windows_wer_reportarchive_5449504010b82c41.cdf-ms
	Handle ID:	0x1a1c

Process Information:
	Process ID:	0x1230
	Process Name:	C:\$WINDOWS.~BT\Sources\SetupHost.exe

Auditing Settings:
	Original Security Descriptor:	
	New Security Descriptor:		S:ARAI(AU;SAFA;0x1f0116;;;WD)","Microsoft-Windows-Security-Auditing","System.String[]","4907","9/21/2016 8:09:37 AM","9/21/2016 8:09:37 AM",,,
"4907","thig1","System.Byte[]","71003","(13568)","13568","SuccessAudit","Auditing settings on object were changed.

Subject:
	Security ID:		S-1-5-18
	Account Name:		THIG1$
	Account Domain:		WORKGROUP
	Logon ID:		0x3e7

Object:
	Object Server:	Security
	Object Type:	File
	Object Name:	C:\$WINDOWS.~BT\Sources\SafeOS\SafeOS.Mount\windows\winsxs\filemaps\programdata_microsoft_windows_start_menu_programs_administrative_tools_50eba26877c48094.cdf-ms
	Handle ID:	0x1d70

Process Information:
	Process ID:	0x1230
	Process Name:	C:\$WINDOWS.~BT\Sources\SetupHost.exe

Auditing Settings:
	Original Security Descriptor:	
	New Security Descriptor:		S:ARAI(AU;SAFA;0x1f0116;;;WD)","Microsoft-Windows-Security-Auditing","System.String[]","4907","9/21/2016 8:09:37 AM","9/21/2016 8:09:37 AM",,,
"4907","thig1","System.Byte[]","71002","(13568)","13568","SuccessAudit","Auditing settings on object were changed.

Subject:
	Security ID:		S-1-5-18
	Account Name:		THIG1$
	Account Domain:		WORKGROUP
	Logon ID:		0x3e7

Object:
	Object Server:	Security
	Object Type:	File
	Object Name:	C:\$WINDOWS.~BT\Sources\SafeOS\SafeOS.Mount\windows\winsxs\filemaps\programdata_microsoft_crypto_pcpksp_windowsaik_cb9775b914a8e5a2.cdf-ms
	Handle ID:	0x1958

Process Information:
	Process ID:	0x1230
	Process Name:	C:\$WINDOWS.~BT\Sources\SetupHost.exe

Auditing Settings:
	Original Security Descriptor:	
	New Security Descriptor:		S:ARAI(AU;SAFA;0x1f0116;;;WD)","Microsoft-Windows-Security-Auditing","System.String[]","4907","9/21/2016 8:09:37 AM","9/21/2016 8:09:37 AM",,,
"4907","thig1","System.Byte[]","71001","(13568)","13568","SuccessAudit","Auditing settings on object were changed.

Subject:
	Security ID:		S-1-5-18
	Account Name:		THIG1$
	Account Domain:		WORKGROUP
	Logon ID:		0x3e7

Object:
	Object Server:	Security
	Object Type:	File
	Object Name:	C:\$WINDOWS.~BT\Sources\SafeOS\SafeOS.Mount\windows\winsxs\filemaps\$$_system32_wbem_xml_026f0f207227ebbc.cdf-ms
	Handle ID:	0x1864

Process Information:
	Process ID:	0x1230
	Process Name:	C:\$WINDOWS.~BT\Sources\SetupHost.exe

Auditing Settings:
	Original Security Descriptor:	
	New Security Descriptor:		S:ARAI(AU;SAFA;0x1f0116;;;WD)","Microsoft-Windows-Security-Auditing","System.String[]","4907","9/21/2016 8:09:37 AM","9/21/2016 8:09:37 AM",,,
"4907","thig1","System.Byte[]","71000","(13568)","13568","SuccessAudit","Auditing settings on object were changed.

Subject:
	Security ID:		S-1-5-18
	Account Name:		THIG1$
	Account Domain:		WORKGROUP
	Logon ID:		0x3e7

Object:
	Object Server:	Security
	Object Type:	File
	Object Name:	C:\$WINDOWS.~BT\Sources\SafeOS\SafeOS.Mount\windows\winsxs\filemaps\$$_boot_dvd_efi_de3c4ceb52549e1c.cdf-ms
	Handle ID:	0xb60

Process Information:
	Process ID:	0x1230
	Process Name:	C:\$WINDOWS.~BT\Sources\SetupHost.exe

Auditing Settings:
	Original Security Descriptor:	
	New Security Descriptor:		S:ARAI(AU;SAFA;0x1f0116;;;WD)","Microsoft-Windows-Security-Auditing","System.String[]","4907","9/21/2016 8:09:37 AM","9/21/2016 8:09:37 AM",,,
"4907","thig1","System.Byte[]","70999","(13568)","13568","SuccessAudit","Auditing settings on object were changed.

Subject:
	Security ID:		S-1-5-18
	Account Name:		THIG1$
	Account Domain:		WORKGROUP
	Logon ID:		0x3e7

Object:
	Object Server:	Security
	Object Type:	File
	Object Name:	C:\$WINDOWS.~BT\Sources\SafeOS\SafeOS.Mount\windows\winsxs\filemaps\$$_boot_dvd_efi_en-us_8245c3aed97c0844.cdf-ms
	Handle ID:	0x1b78

Process Information:
	Process ID:	0x1230
	Process Name:	C:\$WINDOWS.~BT\Sources\SetupHost.exe

Auditing Settings:
	Original Security Descriptor:	
	New Security Descriptor:		S:ARAI(AU;SAFA;0x1f0116;;;WD)","Microsoft-Windows-Security-Auditing","System.String[]","4907","9/21/2016 8:09:37 AM","9/21/2016 8:09:37 AM",,,
"4907","thig1","System.Byte[]","70998","(13568)","13568","SuccessAudit","Auditing settings on object were changed.

Subject:
	Security ID:		S-1-5-18
	Account Name:		THIG1$
	Account Domain:		WORKGROUP
	Logon ID:		0x3e7

Object:
	Object Server:	Security
	Object Type:	File
	Object Name:	C:\$WINDOWS.~BT\Sources\SafeOS\SafeOS.Mount\windows\winsxs\filemaps\$$_boot_dvd_pcat_de3c62295de3e26e.cdf-ms
	Handle ID:	0x1864

Process Information:
	Process ID:	0x1230
	Process Name:	C:\$WINDOWS.~BT\Sources\SetupHost.exe

Auditing Settings:
	Original Security Descriptor:	
	New Security Descriptor:		S:ARAI(AU;SAFA;0x1f0116;;;WD)","Microsoft-Windows-Security-Auditing","System.String[]","4907","9/21/2016 8:09:37 AM","9/21/2016 8:09:37 AM",,,
"4907","thig1","System.Byte[]","70997","(13568)","13568","SuccessAudit","Auditing settings on object were changed.

Subject:
	Security ID:		S-1-5-18
	Account Name:		THIG1$
	Account Domain:		WORKGROUP
	Logon ID:		0x3e7

Object:
	Object Server:	Security
	Object Type:	File
	Object Name:	C:\$WINDOWS.~BT\Sources\SafeOS\SafeOS.Mount\windows\winsxs\filemaps\$$.cdf-ms
	Handle ID:	0x16a4

Process Information:
	Process ID:	0x1230
	Process Name:	C:\$WINDOWS.~BT\Sources\SetupHost.exe

Auditing Settings:
	Original Security Descriptor:	
	New Security Descriptor:		S:ARAI(AU;SAFA;0x1f0116;;;WD)","Microsoft-Windows-Security-Auditing","System.String[]","4907","9/21/2016 8:09:37 AM","9/21/2016 8:09:37 AM",,,
"4907","thig1","System.Byte[]","70996","(13568)","13568","SuccessAudit","Auditing settings on object were changed.

Subject:
	Security ID:		S-1-5-18
	Account Name:		THIG1$
	Account Domain:		WORKGROUP
	Logon ID:		0x3e7

Object:
	Object Server:	Security
	Object Type:	File
	Object Name:	C:\$WINDOWS.~BT\Sources\SafeOS\SafeOS.Mount\windows\winsxs\filemaps\$$_boot_dvd_pcat_en-us_80af7686f451a150.cdf-ms
	Handle ID:	0x1d70

Process Information:
	Process ID:	0x1230
	Process Name:	C:\$WINDOWS.~BT\Sources\SetupHost.exe

Auditing Settings:
	Original Security Descriptor:	
	New Security Descriptor:		S:ARAI(AU;SAFA;0x1f0116;;;WD)","Microsoft-Windows-Security-Auditing","System.String[]","4907","9/21/2016 8:09:37 AM","9/21/2016 8:09:37 AM",,,
"4907","thig1","System.Byte[]","70995","(13568)","13568","SuccessAudit","Auditing settings on object were changed.

Subject:
	Security ID:		S-1-5-18
	Account Name:		THIG1$
	Account Domain:		WORKGROUP
	Logon ID:		0x3e7

Object:
	Object Server:	Security
	Object Type:	File
	Object Name:	C:\$WINDOWS.~BT\Sources\SafeOS\SafeOS.Mount\windows\winsxs\filemaps\$$_en-us_40104e69a1d105cc.cdf-ms
	Handle ID:	0x1864

Process Information:
	Process ID:	0x1230
	Process Name:	C:\$WINDOWS.~BT\Sources\SetupHost.exe

Auditing Settings:
	Original Security Descriptor:	
	New Security Descriptor:		S:ARAI(AU;SAFA;0x1f0116;;;WD)","Microsoft-Windows-Security-Auditing","System.String[]","4907","9/21/2016 8:09:37 AM","9/21/2016 8:09:37 AM",,,
"4907","thig1","System.Byte[]","70994","(13568)","13568","SuccessAudit","Auditing settings on object were changed.

Subject:
	Security ID:		S-1-5-18
	Account Name:		THIG1$
	Account Domain:		WORKGROUP
	Logon ID:		0x3e7

Object:
	Object Server:	Security
	Object Type:	File
	Object Name:	C:\$WINDOWS.~BT\Sources\SafeOS\SafeOS.Mount\windows\winsxs\filemaps\$$_logs_measuredboot_ab1fadc53c86b337.cdf-ms
	Handle ID:	0x1528

Process Information:
	Process ID:	0x1230
	Process Name:	C:\$WINDOWS.~BT\Sources\SetupHost.exe

Auditing Settings:
	Original Security Descriptor:	
	New Security Descriptor:		S:ARAI(AU;SAFA;0x1f0116;;;WD)","Microsoft-Windows-Security-Auditing","System.String[]","4907","9/21/2016 8:09:37 AM","9/21/2016 8:09:37 AM",,,
"4907","thig1","System.Byte[]","70993","(13568)","13568","SuccessAudit","Auditing settings on object were changed.

Subject:
	Security ID:		S-1-5-18
	Account Name:		THIG1$
	Account Domain:		WORKGROUP
	Logon ID:		0x3e7

Object:
	Object Server:	Security
	Object Type:	File
	Object Name:	C:\$WINDOWS.~BT\Sources\SafeOS\SafeOS.Mount\windows\winsxs\filemaps\$$_livekernelreports_13126bbee8c1252a.cdf-ms
	Handle ID:	0x1b00

Process Information:
	Process ID:	0x1230
	Process Name:	C:\$WINDOWS.~BT\Sources\SetupHost.exe

Auditing Settings:
	Original Security Descriptor:	
	New Security Descriptor:		S:ARAI(AU;SAFA;0x1f0116;;;WD)","Microsoft-Windows-Security-Auditing","System.String[]","4907","9/21/2016 8:09:37 AM","9/21/2016 8:09:37 AM",,,
"4907","thig1","System.Byte[]","70992","(13568)","13568","SuccessAudit","Auditing settings on object were changed.

Subject:
	Security ID:		S-1-5-18
	Account Name:		THIG1$
	Account Domain:		WORKGROUP
	Logon ID:		0x3e7

Object:
	Object Server:	Security
	Object Type:	File
	Object Name:	C:\$WINDOWS.~BT\Sources\SafeOS\SafeOS.Mount\windows\winsxs\filemaps\$$_system32_migration_927a21df1acd7c18.cdf-ms
	Handle ID:	0x1d5c

Process Information:
	Process ID:	0x1230
	Process Name:	C:\$WINDOWS.~BT\Sources\SetupHost.exe

Auditing Settings:
	Original Security Descriptor:	
	New Security Descriptor:		S:ARAI(AU;SAFA;0x1f0116;;;WD)","Microsoft-Windows-Security-Auditing","System.String[]","4907","9/21/2016 8:09:37 AM","9/21/2016 8:09:37 AM",,,
"4907","thig1","System.Byte[]","70991","(13568)","13568","SuccessAudit","Auditing settings on object were changed.

Subject:
	Security ID:		S-1-5-18
	Account Name:		THIG1$
	Account Domain:		WORKGROUP
	Logon ID:		0x3e7

Object:
	Object Server:	Security
	Object Type:	File
	Object Name:	C:\$WINDOWS.~BT\Sources\SafeOS\SafeOS.Mount\windows\winsxs\wow64_microsoft-windows-w..codec-dll.resources_31bf3856ad364e35_10.0.14393.0_en-us_b94e0a2881d8acd9\mibincodec.dll.mui
	Handle ID:	0x18b4

Process Information:
	Process ID:	0x1230
	Process Name:	C:\$WINDOWS.~BT\Sources\SetupHost.exe

Auditing Settings:
	Original Security Descriptor:	
	New Security Descriptor:		S:ARAI(AU;SAFA;DCLCRPCRSDWDWO;;;WD)","Microsoft-Windows-Security-Auditing","System.String[]","4907","9/21/2016 8:09:37 AM","9/21/2016 8:09:37 AM",,,
"4907","thig1","System.Byte[]","70990","(13568)","13568","SuccessAudit","Auditing settings on object were changed.

Subject:
	Security ID:		S-1-5-18
	Account Name:		THIG1$
	Account Domain:		WORKGROUP
	Logon ID:		0x3e7

Object:
	Object Server:	Security
	Object Type:	File
	Object Name:	C:\$WINDOWS.~BT\Sources\SafeOS\SafeOS.Mount\windows\winsxs\wow64_microsoft-windows-w..codec-dll.resources_31bf3856ad364e35_10.0.14393.0_en-us_155b642f17fc921e\mimofcodec.dll.mui
	Handle ID:	0x1b78

Process Information:
	Process ID:	0x1230
	Process Name:	C:\$WINDOWS.~BT\Sources\SetupHost.exe

Auditing Settings:
	Original Security Descriptor:	
	New Security Descriptor:		S:ARAI(AU;SAFA;DCLCRPCRSDWDWO;;;WD)","Microsoft-Windows-Security-Auditing","System.String[]","4907","9/21/2016 8:09:37 AM","9/21/2016 8:09:37 AM",,,
"4907","thig1","System.Byte[]","70989","(13568)","13568","SuccessAudit","Auditing settings on object were changed.

Subject:
	Security ID:		S-1-5-18
	Account Name:		THIG1$
	Account Domain:		WORKGROUP
	Logon ID:		0x3e7

Object:
	Object Server:	Security
	Object Type:	File
	Object Name:	C:\$WINDOWS.~BT\Sources\SafeOS\SafeOS.Mount\windows\winsxs\wow64_microsoft-windows-winomi-mimofcodec-dll_31bf3856ad364e35_10.0.14393.0_none_7d4f28367278d043\mimofcodec.dll
	Handle ID:	0xb60

Process Information:
	Process ID:	0x1230
	Process Name:	C:\$WINDOWS.~BT\Sources\SetupHost.exe

Auditing Settings:
	Original Security Descriptor:	
	New Security Descriptor:		S:ARAI(AU;SAFA;DCLCRPCRSDWDWO;;;WD)","Microsoft-Windows-Security-Auditing","System.String[]","4907","9/21/2016 8:09:37 AM","9/21/2016 8:09:37 AM",,,
"4907","thig1","System.Byte[]","70988","(13568)","13568","SuccessAudit","Auditing settings on object were changed.

Subject:
	Security ID:		S-1-5-18
	Account Name:		THIG1$
	Account Domain:		WORKGROUP
	Logon ID:		0x3e7

Object:
	Object Server:	Security
	Object Type:	File
	Object Name:	C:\$WINDOWS.~BT\Sources\SafeOS\SafeOS.Mount\windows\winsxs\wow64_microsoft-windows-winomi-mibincodec-dll_31bf3856ad364e35_10.0.14393.0_none_80639d62b8da7136\mibincodec.dll
	Handle ID:	0x564

Process Information:
	Process ID:	0x1230
	Process Name:	C:\$WINDOWS.~BT\Sources\SetupHost.exe

Auditing Settings:
	Original Security Descriptor:	
	New Security Descriptor:		S:ARAI(AU;SAFA;DCLCRPCRSDWDWO;;;WD)","Microsoft-Windows-Security-Auditing","System.String[]","4907","9/21/2016 8:09:37 AM","9/21/2016 8:09:37 AM",,,
"4907","thig1","System.Byte[]","70987","(13568)","13568","SuccessAudit","Auditing settings on object were changed.

Subject:
	Security ID:		S-1-5-18
	Account Name:		THIG1$
	Account Domain:		WORKGROUP
	Logon ID:		0x3e7

Object:
	Object Server:	Security
	Object Type:	File
	Object Name:	C:\$WINDOWS.~BT\Sources\SafeOS\SafeOS.Mount\windows\winsxs\amd64_microsoft-windows-w..d-line-utility-base_31bf3856ad364e35_10.0.14393.0_none_3b403a9cda13cb02\cliegaliases.mof
	Handle ID:	0x1528

Process Information:
	Process ID:	0x1230
	Process Name:	C:\$WINDOWS.~BT\Sources\SetupHost.exe

Auditing Settings:
	Original Security Descriptor:	
	New Security Descriptor:		S:ARAI(AU;SAFA;DCLCRPCRSDWDWO;;;WD)","Microsoft-Windows-Security-Auditing","System.String[]","4907","9/21/2016 8:09:37 AM","9/21/2016 8:09:37 AM",,,
"4907","thig1","System.Byte[]","70986","(13568)","13568","SuccessAudit","Auditing settings on object were changed.

Subject:
	Security ID:		S-1-5-18
	Account Name:		THIG1$
	Account Domain:		WORKGROUP
	Logon ID:		0x3e7

Object:
	Object Server:	Security
	Object Type:	File
	Object Name:	C:\$WINDOWS.~BT\Sources\SafeOS\SafeOS.Mount\windows\winsxs\amd64_microsoft-windows-w..ovider-cimwin32-dll_31bf3856ad364e35_10.0.14393.0_none_fd1f5cac1cc26fec\cimwin32.dll
	Handle ID:	0x1d5c

Process Information:
	Process ID:	0x1230
	Process Name:	C:\$WINDOWS.~BT\Sources\SetupHost.exe

Auditing Settings:
	Original Security Descriptor:	
	New Security Descriptor:		S:ARAI(AU;SAFA;DCLCRPCRSDWDWO;;;WD)","Microsoft-Windows-Security-Auditing","System.String[]","4907","9/21/2016 8:09:37 AM","9/21/2016 8:09:37 AM",,,
"4907","thig1","System.Byte[]","70985","(13568)","13568","SuccessAudit","Auditing settings on object were changed.

Subject:
	Security ID:		S-1-5-18
	Account Name:		THIG1$
	Account Domain:		WORKGROUP
	Logon ID:		0x3e7

Object:
	Object Server:	Security
	Object Type:	File
	Object Name:	C:\$WINDOWS.~BT\Sources\SafeOS\SafeOS.Mount\windows\winsxs\amd64_microsoft-windows-wmi-core-wbemcore-dll_31bf3856ad364e35_10.0.14393.0_none_0f341e5eed8452dc\wbemcore.dll
	Handle ID:	0x1d70

Process Information:
	Process ID:	0x1230
	Process Name:	C:\$WINDOWS.~BT\Sources\SetupHost.exe

Auditing Settings:
	Original Security Descriptor:	
	New Security Descriptor:		S:ARAI(AU;SAFA;DCLCRPCRSDWDWO;;;WD)","Microsoft-Windows-Security-Auditing","System.String[]","4907","9/21/2016 8:09:37 AM","9/21/2016 8:09:37 AM",,,
"4907","thig1","System.Byte[]","70984","(13568)","13568","SuccessAudit","Auditing settings on object were changed.

Subject:
	Security ID:		S-1-5-18
	Account Name:		THIG1$
	Account Domain:		WORKGROUP
	Logon ID:		0x3e7

Object:
	Object Server:	Security
	Object Type:	File
	Object Name:	C:\$WINDOWS.~BT\Sources\SafeOS\SafeOS.Mount\windows\winsxs\amd64_microsoft-windows-wmi-text-encoding_31bf3856ad364e35_10.0.14393.0_none_e6f5d28852c33c9c\wmi2xml.dll
	Handle ID:	0x14f0

Process Information:
	Process ID:	0x1230
	Process Name:	C:\$WINDOWS.~BT\Sources\SetupHost.exe

Auditing Settings:
	Original Security Descriptor:	
	New Security Descriptor:		S:ARAI(AU;SAFA;DCLCRPCRSDWDWO;;;WD)","Microsoft-Windows-Security-Auditing","System.String[]","4907","9/21/2016 8:09:37 AM","9/21/2016 8:09:37 AM",,,
"4907","thig1","System.Byte[]","70983","(13568)","13568","SuccessAudit","Auditing settings on object were changed.

Subject:
	Security ID:		S-1-5-18
	Account Name:		THIG1$
	Account Domain:		WORKGROUP
	Logon ID:		0x3e7

Object:
	Object Server:	Security
	Object Type:	File
	Object Name:	C:\$WINDOWS.~BT\Sources\SafeOS\SafeOS.Mount\windows\winsxs\amd64_microsoft-windows-wmi-core-providerhost_31bf3856ad364e35_10.0.14393.0_none_3dd72a06a217ae2e\WmiPrvSD.dll
	Handle ID:	0xb30

Process Information:
	Process ID:	0x1230
	Process Name:	C:\$WINDOWS.~BT\Sources\SetupHost.exe

Auditing Settings:
	Original Security Descriptor:	
	New Security Descriptor:		S:ARAI(AU;SAFA;DCLCRPCRSDWDWO;;;WD)","Microsoft-Windows-Security-Auditing","System.String[]","4907","9/21/2016 8:09:37 AM","9/21/2016 8:09:37 AM",,,
