"4907","thig1","System.Byte[]","71170","(13568)","13568","SuccessAudit","Auditing settings on object were changed.

Subject:
	Security ID:		S-1-5-18
	Account Name:		THIG1$
	Account Domain:		WORKGROUP
	Logon ID:		0x3e7

Object:
	Object Server:	Security
	Object Type:	File
	Object Name:	C:\$WINDOWS.~BT\Sources\SafeOS\SafeOS.Mount\windows\winsxs\amd64_microsoft-windows-i..dsetup-rejuvenation_31bf3856ad364e35_10.0.14393.0_none_800d8b1a276e423d\upgrade_data.xml
	Handle ID:	0x1510

Process Information:
	Process ID:	0x1230
	Process Name:	C:\$WINDOWS.~BT\Sources\SetupHost.exe

Auditing Settings:
	Original Security Descriptor:	
	New Security Descriptor:		S:ARAI(AU;SAFA;DCLCRPCRSDWDWO;;;WD)","Microsoft-Windows-Security-Auditing","System.String[]","4907","9/21/2016 8:09:42 AM","9/21/2016 8:09:42 AM",,,
"4907","thig1","System.Byte[]","71169","(13568)","13568","SuccessAudit","Auditing settings on object were changed.

Subject:
	Security ID:		S-1-5-18
	Account Name:		THIG1$
	Account Domain:		WORKGROUP
	Logon ID:		0x3e7

Object:
	Object Server:	Security
	Object Type:	File
	Object Name:	C:\$WINDOWS.~BT\Sources\SafeOS\SafeOS.Mount\windows\winsxs\amd64_microsoft-windows-i..dsetup-rejuvenation_31bf3856ad364e35_10.0.14393.0_none_800d8b1a276e423d\uninstall_data.xml
	Handle ID:	0x19bc

Process Information:
	Process ID:	0x1230
	Process Name:	C:\$WINDOWS.~BT\Sources\SetupHost.exe

Auditing Settings:
	Original Security Descriptor:	
	New Security Descriptor:		S:ARAI(AU;SAFA;DCLCRPCRSDWDWO;;;WD)","Microsoft-Windows-Security-Auditing","System.String[]","4907","9/21/2016 8:09:42 AM","9/21/2016 8:09:42 AM",,,
"4907","thig1","System.Byte[]","71168","(13568)","13568","SuccessAudit","Auditing settings on object were changed.

Subject:
	Security ID:		S-1-5-18
	Account Name:		THIG1$
	Account Domain:		WORKGROUP
	Logon ID:		0x3e7

Object:
	Object Server:	Security
	Object Type:	File
	Object Name:	C:\$WINDOWS.~BT\Sources\SafeOS\SafeOS.Mount\windows\winsxs\amd64_microsoft-windows-i..dsetup-rejuvenation_31bf3856ad364e35_10.0.14393.0_none_800d8b1a276e423d\uninstall.xml
	Handle ID:	0x1af0

Process Information:
	Process ID:	0x1230
	Process Name:	C:\$WINDOWS.~BT\Sources\SetupHost.exe

Auditing Settings:
	Original Security Descriptor:	
	New Security Descriptor:		S:ARAI(AU;SAFA;DCLCRPCRSDWDWO;;;WD)","Microsoft-Windows-Security-Auditing","System.String[]","4907","9/21/2016 8:09:42 AM","9/21/2016 8:09:42 AM",,,
"4907","thig1","System.Byte[]","71167","(13568)","13568","SuccessAudit","Auditing settings on object were changed.

Subject:
	Security ID:		S-1-5-18
	Account Name:		THIG1$
	Account Domain:		WORKGROUP
	Logon ID:		0x3e7

Object:
	Object Server:	Security
	Object Type:	File
	Object Name:	C:\$WINDOWS.~BT\Sources\SafeOS\SafeOS.Mount\windows\winsxs\amd64_microsoft-windows-i..dsetup-rejuvenation_31bf3856ad364e35_10.0.14393.0_none_800d8b1a276e423d\sflistwb.woa.dat
	Handle ID:	0x190c

Process Information:
	Process ID:	0x1230
	Process Name:	C:\$WINDOWS.~BT\Sources\SetupHost.exe

Auditing Settings:
	Original Security Descriptor:	
	New Security Descriptor:		S:ARAI(AU;SAFA;DCLCRPCRSDWDWO;;;WD)","Microsoft-Windows-Security-Auditing","System.String[]","4907","9/21/2016 8:09:42 AM","9/21/2016 8:09:42 AM",,,
"4907","thig1","System.Byte[]","71166","(13568)","13568","SuccessAudit","Auditing settings on object were changed.

Subject:
	Security ID:		S-1-5-18
	Account Name:		THIG1$
	Account Domain:		WORKGROUP
	Logon ID:		0x3e7

Object:
	Object Server:	Security
	Object Type:	File
	Object Name:	C:\$WINDOWS.~BT\Sources\SafeOS\SafeOS.Mount\windows\winsxs\amd64_microsoft-windows-storagemanagementwmi_31bf3856ad364e35_10.0.14393.0_none_7e606f2c61443046\storagewmi_passthru.dll
	Handle ID:	0x1694

Process Information:
	Process ID:	0x1230
	Process Name:	C:\$WINDOWS.~BT\Sources\SetupHost.exe

Auditing Settings:
	Original Security Descriptor:	
	New Security Descriptor:		S:ARAI(AU;SAFA;DCLCRPCRSDWDWO;;;WD)","Microsoft-Windows-Security-Auditing","System.String[]","4907","9/21/2016 8:09:42 AM","9/21/2016 8:09:42 AM",,,
"4907","thig1","System.Byte[]","71165","(13568)","13568","SuccessAudit","Auditing settings on object were changed.

Subject:
	Security ID:		S-1-5-18
	Account Name:		THIG1$
	Account Domain:		WORKGROUP
	Logon ID:		0x3e7

Object:
	Object Server:	Security
	Object Type:	File
	Object Name:	C:\$WINDOWS.~BT\Sources\SafeOS\SafeOS.Mount\windows\winsxs\amd64_microsoft-windows-ie-htmlrendering_31bf3856ad364e35_11.0.14393.0_none_74a8f8efa3b5fd5a\mshtml.tlb
	Handle ID:	0x1bb8

Process Information:
	Process ID:	0x1230
	Process Name:	C:\$WINDOWS.~BT\Sources\SetupHost.exe

Auditing Settings:
	Original Security Descriptor:	
	New Security Descriptor:		S:ARAI(AU;SAFA;DCLCRPCRSDWDWO;;;WD)","Microsoft-Windows-Security-Auditing","System.String[]","4907","9/21/2016 8:09:42 AM","9/21/2016 8:09:42 AM",,,
"4907","thig1","System.Byte[]","71164","(13568)","13568","SuccessAudit","Auditing settings on object were changed.

Subject:
	Security ID:		S-1-5-18
	Account Name:		THIG1$
	Account Domain:		WORKGROUP
	Logon ID:		0x3e7

Object:
	Object Server:	Security
	Object Type:	File
	Object Name:	C:\$WINDOWS.~BT\Sources\SafeOS\SafeOS.Mount\windows\winsxs\amd64_microsoft-windows-i..dsetup-rejuvenation_31bf3856ad364e35_10.0.14393.0_none_800d8b1a276e423d\sflistw8.woa.dat
	Handle ID:	0x934

Process Information:
	Process ID:	0x1230
	Process Name:	C:\$WINDOWS.~BT\Sources\SetupHost.exe

Auditing Settings:
	Original Security Descriptor:	
	New Security Descriptor:		S:ARAI(AU;SAFA;DCLCRPCRSDWDWO;;;WD)","Microsoft-Windows-Security-Auditing","System.String[]","4907","9/21/2016 8:09:42 AM","9/21/2016 8:09:42 AM",,,
"4907","thig1","System.Byte[]","71163","(13568)","13568","SuccessAudit","Auditing settings on object were changed.

Subject:
	Security ID:		S-1-5-18
	Account Name:		THIG1$
	Account Domain:		WORKGROUP
	Logon ID:		0x3e7

Object:
	Object Server:	Security
	Object Type:	File
	Object Name:	C:\$WINDOWS.~BT\Sources\SafeOS\SafeOS.Mount\windows\winsxs\amd64_microsoft-windows-i..dsetup-rejuvenation_31bf3856ad364e35_10.0.14393.0_none_800d8b1a276e423d\SFPATWT.inf
	Handle ID:	0x734

Process Information:
	Process ID:	0x1230
	Process Name:	C:\$WINDOWS.~BT\Sources\SetupHost.exe

Auditing Settings:
	Original Security Descriptor:	
	New Security Descriptor:		S:ARAI(AU;SAFA;DCLCRPCRSDWDWO;;;WD)","Microsoft-Windows-Security-Auditing","System.String[]","4907","9/21/2016 8:09:42 AM","9/21/2016 8:09:42 AM",,,
"4907","thig1","System.Byte[]","71162","(13568)","13568","SuccessAudit","Auditing settings on object were changed.

Subject:
	Security ID:		S-1-5-18
	Account Name:		THIG1$
	Account Domain:		WORKGROUP
	Logon ID:		0x3e7

Object:
	Object Server:	Security
	Object Type:	File
	Object Name:	C:\$WINDOWS.~BT\Sources\SafeOS\SafeOS.Mount\windows\winsxs\amd64_microsoft-windows-i..dsetup-rejuvenation_31bf3856ad364e35_10.0.14393.0_none_800d8b1a276e423d\SFPATWB.inf
	Handle ID:	0xa1c

Process Information:
	Process ID:	0x1230
	Process Name:	C:\$WINDOWS.~BT\Sources\SetupHost.exe

Auditing Settings:
	Original Security Descriptor:	
	New Security Descriptor:		S:ARAI(AU;SAFA;DCLCRPCRSDWDWO;;;WD)","Microsoft-Windows-Security-Auditing","System.String[]","4907","9/21/2016 8:09:42 AM","9/21/2016 8:09:42 AM",,,
"4907","thig1","System.Byte[]","71161","(13568)","13568","SuccessAudit","Auditing settings on object were changed.

Subject:
	Security ID:		S-1-5-18
	Account Name:		THIG1$
	Account Domain:		WORKGROUP
	Logon ID:		0x3e7

Object:
	Object Server:	Security
	Object Type:	File
	Object Name:	C:\$WINDOWS.~BT\Sources\SafeOS\SafeOS.Mount\windows\winsxs\amd64_microsoft-windows-i..dsetup-rejuvenation_31bf3856ad364e35_10.0.14393.0_none_800d8b1a276e423d\SFPATRS1.inf
	Handle ID:	0x1c7c

Process Information:
	Process ID:	0x1230
	Process Name:	C:\$WINDOWS.~BT\Sources\SetupHost.exe

Auditing Settings:
	Original Security Descriptor:	
	New Security Descriptor:		S:ARAI(AU;SAFA;DCLCRPCRSDWDWO;;;WD)","Microsoft-Windows-Security-Auditing","System.String[]","4907","9/21/2016 8:09:42 AM","9/21/2016 8:09:42 AM",,,
"4907","thig1","System.Byte[]","71160","(13568)","13568","SuccessAudit","Auditing settings on object were changed.

Subject:
	Security ID:		S-1-5-18
	Account Name:		THIG1$
	Account Domain:		WORKGROUP
	Logon ID:		0x3e7

Object:
	Object Server:	Security
	Object Type:	File
	Object Name:	C:\$WINDOWS.~BT\Sources\SafeOS\SafeOS.Mount\windows\winsxs\amd64_microsoft-windows-i..dsetup-rejuvenation_31bf3856ad364e35_10.0.14393.0_none_800d8b1a276e423d\SFPATW8.inf
	Handle ID:	0x195c

Process Information:
	Process ID:	0x1230
	Process Name:	C:\$WINDOWS.~BT\Sources\SetupHost.exe

Auditing Settings:
	Original Security Descriptor:	
	New Security Descriptor:		S:ARAI(AU;SAFA;DCLCRPCRSDWDWO;;;WD)","Microsoft-Windows-Security-Auditing","System.String[]","4907","9/21/2016 8:09:42 AM","9/21/2016 8:09:42 AM",,,
"4907","thig1","System.Byte[]","71159","(13568)","13568","SuccessAudit","Auditing settings on object were changed.

Subject:
	Security ID:		S-1-5-18
	Account Name:		THIG1$
	Account Domain:		WORKGROUP
	Logon ID:		0x3e7

Object:
	Object Server:	Security
	Object Type:	File
	Object Name:	C:\$WINDOWS.~BT\Sources\SafeOS\SafeOS.Mount\windows\winsxs\amd64_microsoft-windows-i..dsetup-rejuvenation_31bf3856ad364e35_10.0.14393.0_none_800d8b1a276e423d\SFPATW7.inf
	Handle ID:	0x1a18

Process Information:
	Process ID:	0x1230
	Process Name:	C:\$WINDOWS.~BT\Sources\SetupHost.exe

Auditing Settings:
	Original Security Descriptor:	
	New Security Descriptor:		S:ARAI(AU;SAFA;DCLCRPCRSDWDWO;;;WD)","Microsoft-Windows-Security-Auditing","System.String[]","4907","9/21/2016 8:09:42 AM","9/21/2016 8:09:42 AM",,,
"4907","thig1","System.Byte[]","71158","(13568)","13568","SuccessAudit","Auditing settings on object were changed.

Subject:
	Security ID:		S-1-5-18
	Account Name:		THIG1$
	Account Domain:		WORKGROUP
	Logon ID:		0x3e7

Object:
	Object Server:	Security
	Object Type:	File
	Object Name:	C:\$WINDOWS.~BT\Sources\SafeOS\SafeOS.Mount\windows\winsxs\amd64_microsoft-windows-i..dsetup-rejuvenation_31bf3856ad364e35_10.0.14393.0_none_800d8b1a276e423d\SFPAT.inf
	Handle ID:	0x1e00

Process Information:
	Process ID:	0x1230
	Process Name:	C:\$WINDOWS.~BT\Sources\SetupHost.exe

Auditing Settings:
	Original Security Descriptor:	
	New Security Descriptor:		S:ARAI(AU;SAFA;DCLCRPCRSDWDWO;;;WD)","Microsoft-Windows-Security-Auditing","System.String[]","4907","9/21/2016 8:09:42 AM","9/21/2016 8:09:42 AM",,,
"4907","thig1","System.Byte[]","71157","(13568)","13568","SuccessAudit","Auditing settings on object were changed.

Subject:
	Security ID:		S-1-5-18
	Account Name:		THIG1$
	Account Domain:		WORKGROUP
	Logon ID:		0x3e7

Object:
	Object Server:	Security
	Object Type:	File
	Object Name:	C:\$WINDOWS.~BT\Sources\SafeOS\SafeOS.Mount\windows\winsxs\amd64_microsoft-windows-i..dsetup-rejuvenation_31bf3856ad364e35_10.0.14393.0_none_800d8b1a276e423d\SFCN.dat
	Handle ID:	0x1c2c

Process Information:
	Process ID:	0x1230
	Process Name:	C:\$WINDOWS.~BT\Sources\SetupHost.exe

Auditing Settings:
	Original Security Descriptor:	
	New Security Descriptor:		S:ARAI(AU;SAFA;DCLCRPCRSDWDWO;;;WD)","Microsoft-Windows-Security-Auditing","System.String[]","4907","9/21/2016 8:09:42 AM","9/21/2016 8:09:42 AM",,,
"4907","thig1","System.Byte[]","71156","(13568)","13568","SuccessAudit","Auditing settings on object were changed.

Subject:
	Security ID:		S-1-5-18
	Account Name:		THIG1$
	Account Domain:		WORKGROUP
	Logon ID:		0x3e7

Object:
	Object Server:	Security
	Object Type:	File
	Object Name:	C:\$WINDOWS.~BT\Sources\SafeOS\SafeOS.Mount\windows\winsxs\amd64_microsoft-windows-i..dsetup-rejuvenation_31bf3856ad364e35_10.0.14393.0_none_800d8b1a276e423d\SFLCID.dat
	Handle ID:	0x98c

Process Information:
	Process ID:	0x1230
	Process Name:	C:\$WINDOWS.~BT\Sources\SetupHost.exe

Auditing Settings:
	Original Security Descriptor:	
	New Security Descriptor:		S:ARAI(AU;SAFA;DCLCRPCRSDWDWO;;;WD)","Microsoft-Windows-Security-Auditing","System.String[]","4907","9/21/2016 8:09:42 AM","9/21/2016 8:09:42 AM",,,
"4907","thig1","System.Byte[]","71155","(13568)","13568","SuccessAudit","Auditing settings on object were changed.

Subject:
	Security ID:		S-1-5-18
	Account Name:		THIG1$
	Account Domain:		WORKGROUP
	Logon ID:		0x3e7

Object:
	Object Server:	Security
	Object Type:	File
	Object Name:	C:\$WINDOWS.~BT\Sources\SafeOS\SafeOS.Mount\windows\winsxs\amd64_microsoft-windows-i..dsetup-rejuvenation_31bf3856ad364e35_10.0.14393.0_none_800d8b1a276e423d\setupplatform.cfg
	Handle ID:	0x1c1c

Process Information:
	Process ID:	0x1230
	Process Name:	C:\$WINDOWS.~BT\Sources\SetupHost.exe

Auditing Settings:
	Original Security Descriptor:	
	New Security Descriptor:		S:ARAI(AU;SAFA;DCLCRPCRSDWDWO;;;WD)","Microsoft-Windows-Security-Auditing","System.String[]","4907","9/21/2016 8:09:42 AM","9/21/2016 8:09:42 AM",,,
"4907","thig1","System.Byte[]","71154","(13568)","13568","SuccessAudit","Auditing settings on object were changed.

Subject:
	Security ID:		S-1-5-18
	Account Name:		THIG1$
	Account Domain:		WORKGROUP
	Logon ID:		0x3e7

Object:
	Object Server:	Security
	Object Type:	File
	Object Name:	C:\$WINDOWS.~BT\Sources\SafeOS\SafeOS.Mount\windows\winsxs\amd64_microsoft-windows-i..dsetup-rejuvenation_31bf3856ad364e35_10.0.14393.0_none_800d8b1a276e423d\oscomps.xml
	Handle ID:	0x1c3c

Process Information:
	Process ID:	0x1230
	Process Name:	C:\$WINDOWS.~BT\Sources\SetupHost.exe

Auditing Settings:
	Original Security Descriptor:	
	New Security Descriptor:		S:ARAI(AU;SAFA;DCLCRPCRSDWDWO;;;WD)","Microsoft-Windows-Security-Auditing","System.String[]","4907","9/21/2016 8:09:42 AM","9/21/2016 8:09:42 AM",,,
"4907","thig1","System.Byte[]","71153","(13568)","13568","SuccessAudit","Auditing settings on object were changed.

Subject:
	Security ID:		S-1-5-18
	Account Name:		THIG1$
	Account Domain:		WORKGROUP
	Logon ID:		0x3e7

Object:
	Object Server:	Security
	Object Type:	File
	Object Name:	C:\$WINDOWS.~BT\Sources\SafeOS\SafeOS.Mount\windows\winsxs\amd64_microsoft-windows-onex_31bf3856ad364e35_10.0.14393.0_none_d33f8768340e44b9\onex.dll
	Handle ID:	0x1ae4

Process Information:
	Process ID:	0x1230
	Process Name:	C:\$WINDOWS.~BT\Sources\SetupHost.exe

Auditing Settings:
	Original Security Descriptor:	
	New Security Descriptor:		S:ARAI(AU;SAFA;DCLCRPCRSDWDWO;;;WD)","Microsoft-Windows-Security-Auditing","System.String[]","4907","9/21/2016 8:09:42 AM","9/21/2016 8:09:42 AM",,,
"4907","thig1","System.Byte[]","71152","(13568)","13568","SuccessAudit","Auditing settings on object were changed.

Subject:
	Security ID:		S-1-5-18
	Account Name:		THIG1$
	Account Domain:		WORKGROUP
	Logon ID:		0x3e7

Object:
	Object Server:	Security
	Object Type:	File
	Object Name:	C:\$WINDOWS.~BT\Sources\SafeOS\SafeOS.Mount\windows\winsxs\amd64_microsoft-windows-i..ablenetworkgraphics_31bf3856ad364e35_11.0.14393.0_none_4f2c557c94f5f62d\pngfilt.dll
	Handle ID:	0x1c40

Process Information:
	Process ID:	0x1230
	Process Name:	C:\$WINDOWS.~BT\Sources\SetupHost.exe

Auditing Settings:
	Original Security Descriptor:	
	New Security Descriptor:		S:ARAI(AU;SAFA;DCLCRPCRSDWDWO;;;WD)","Microsoft-Windows-Security-Auditing","System.String[]","4907","9/21/2016 8:09:42 AM","9/21/2016 8:09:42 AM",,,
"4907","thig1","System.Byte[]","71151","(13568)","13568","SuccessAudit","Auditing settings on object were changed.

Subject:
	Security ID:		S-1-5-18
	Account Name:		THIG1$
	Account Domain:		WORKGROUP
	Logon ID:		0x3e7

Object:
	Object Server:	Security
	Object Type:	File
	Object Name:	C:\$WINDOWS.~BT\Sources\SafeOS\SafeOS.Mount\windows\winsxs\amd64_microsoft-windows-com-oleui_31bf3856ad364e35_10.0.14393.0_none_4de8657ac4741dfd\oledlg.dll
	Handle ID:	0x1c50

Process Information:
	Process ID:	0x1230
	Process Name:	C:\$WINDOWS.~BT\Sources\SetupHost.exe

Auditing Settings:
	Original Security Descriptor:	
	New Security Descriptor:		S:ARAI(AU;SAFA;DCLCRPCRSDWDWO;;;WD)","Microsoft-Windows-Security-Auditing","System.String[]","4907","9/21/2016 8:09:42 AM","9/21/2016 8:09:42 AM",,,
"4907","thig1","System.Byte[]","71150","(13568)","13568","SuccessAudit","Auditing settings on object were changed.

Subject:
	Security ID:		S-1-5-18
	Account Name:		THIG1$
	Account Domain:		WORKGROUP
	Logon ID:		0x3e7

Object:
	Object Server:	Security
	Object Type:	File
	Object Name:	C:\$WINDOWS.~BT\Sources\SafeOS\SafeOS.Mount\windows\winsxs\amd64_microsoft-windows-i..dsetup-rejuvenation_31bf3856ad364e35_10.0.14393.0_none_800d8b1a276e423d\oscomps.woa.xml
	Handle ID:	0x1c54

Process Information:
	Process ID:	0x1230
	Process Name:	C:\$WINDOWS.~BT\Sources\SetupHost.exe

Auditing Settings:
	Original Security Descriptor:	
	New Security Descriptor:		S:ARAI(AU;SAFA;DCLCRPCRSDWDWO;;;WD)","Microsoft-Windows-Security-Auditing","System.String[]","4907","9/21/2016 8:09:42 AM","9/21/2016 8:09:42 AM",,,
"4907","thig1","System.Byte[]","71149","(13568)","13568","SuccessAudit","Auditing settings on object were changed.

Subject:
	Security ID:		S-1-5-18
	Account Name:		THIG1$
	Account Domain:		WORKGROUP
	Logon ID:		0x3e7

Object:
	Object Server:	Security
	Object Type:	File
	Object Name:	C:\$WINDOWS.~BT\Sources\SafeOS\SafeOS.Mount\windows\winsxs\amd64_microsoft-windows-i..dsetup-rejuvenation_31bf3856ad364e35_10.0.14393.0_none_800d8b1a276e423d\osfilter.inf
	Handle ID:	0x1a8c

Process Information:
	Process ID:	0x1230
	Process Name:	C:\$WINDOWS.~BT\Sources\SetupHost.exe

Auditing Settings:
	Original Security Descriptor:	
	New Security Descriptor:		S:ARAI(AU;SAFA;DCLCRPCRSDWDWO;;;WD)","Microsoft-Windows-Security-Auditing","System.String[]","4907","9/21/2016 8:09:42 AM","9/21/2016 8:09:42 AM",,,
"4907","thig1","System.Byte[]","71148","(13568)","13568","SuccessAudit","Auditing settings on object were changed.

Subject:
	Security ID:		S-1-5-18
	Account Name:		THIG1$
	Account Domain:		WORKGROUP
	Logon ID:		0x3e7

Object:
	Object Server:	Security
	Object Type:	File
	Object Name:	C:\$WINDOWS.~BT\Sources\SafeOS\SafeOS.Mount\windows\winsxs\amd64_microsoft-windows-i..dsetup-rejuvenation_31bf3856ad364e35_10.0.14393.0_none_800d8b1a276e423d\MXEAgent.dll
	Handle ID:	0x150c

Process Information:
	Process ID:	0x1230
	Process Name:	C:\$WINDOWS.~BT\Sources\SetupHost.exe

Auditing Settings:
	Original Security Descriptor:	
	New Security Descriptor:		S:ARAI(AU;SAFA;DCLCRPCRSDWDWO;;;WD)","Microsoft-Windows-Security-Auditing","System.String[]","4907","9/21/2016 8:09:42 AM","9/21/2016 8:09:42 AM",,,
"4907","thig1","System.Byte[]","71147","(13568)","13568","SuccessAudit","Auditing settings on object were changed.

Subject:
	Security ID:		S-1-5-18
	Account Name:		THIG1$
	Account Domain:		WORKGROUP
	Logon ID:		0x3e7

Object:
	Object Server:	Security
	Object Type:	File
	Object Name:	C:\$WINDOWS.~BT\Sources\SafeOS\SafeOS.Mount\windows\winsxs\amd64_microsoft-windows-i..dsetup-rejuvenation_31bf3856ad364e35_10.0.14393.0_none_800d8b1a276e423d\migstore.dll
	Handle ID:	0x1c18

Process Information:
	Process ID:	0x1230
	Process Name:	C:\$WINDOWS.~BT\Sources\SetupHost.exe

Auditing Settings:
	Original Security Descriptor:	
	New Security Descriptor:		S:ARAI(AU;SAFA;DCLCRPCRSDWDWO;;;WD)","Microsoft-Windows-Security-Auditing","System.String[]","4907","9/21/2016 8:09:42 AM","9/21/2016 8:09:42 AM",,,
"4907","thig1","System.Byte[]","71146","(13568)","13568","SuccessAudit","Auditing settings on object were changed.

Subject:
	Security ID:		S-1-5-18
	Account Name:		THIG1$
	Account Domain:		WORKGROUP
	Logon ID:		0x3e7

Object:
	Object Server:	Security
	Object Type:	File
	Object Name:	C:\$WINDOWS.~BT\Sources\SafeOS\SafeOS.Mount\windows\winsxs\amd64_microsoft-windows-ie-htmlediting_31bf3856ad364e35_11.0.14393.0_none_a98ecfbac4f14732\mshtmled.dll
	Handle ID:	0x1c68

Process Information:
	Process ID:	0x1230
	Process Name:	C:\$WINDOWS.~BT\Sources\SetupHost.exe

Auditing Settings:
	Original Security Descriptor:	
	New Security Descriptor:		S:ARAI(AU;SAFA;DCLCRPCRSDWDWO;;;WD)","Microsoft-Windows-Security-Auditing","System.String[]","4907","9/21/2016 8:09:42 AM","9/21/2016 8:09:42 AM",,,
"4907","thig1","System.Byte[]","71145","(13568)","13568","SuccessAudit","Auditing settings on object were changed.

Subject:
	Security ID:		S-1-5-18
	Account Name:		THIG1$
	Account Domain:		WORKGROUP
	Logon ID:		0x3e7

Object:
	Object Server:	Security
	Object Type:	File
	Object Name:	C:\$WINDOWS.~BT\Sources\SafeOS\SafeOS.Mount\windows\winsxs\amd64_microsoft-windows-t..cesframework-msimtf_31bf3856ad364e35_10.0.14393.0_none_fef9efd8014ef599\msimtf.dll
	Handle ID:	0x41c

Process Information:
	Process ID:	0x1230
	Process Name:	C:\$WINDOWS.~BT\Sources\SetupHost.exe

Auditing Settings:
	Original Security Descriptor:	
	New Security Descriptor:		S:ARAI(AU;SAFA;DCLCRPCRSDWDWO;;;WD)","Microsoft-Windows-Security-Auditing","System.String[]","4907","9/21/2016 8:09:42 AM","9/21/2016 8:09:42 AM",,,
"4907","thig1","System.Byte[]","71144","(13568)","13568","SuccessAudit","Auditing settings on object were changed.

Subject:
	Security ID:		S-1-5-18
	Account Name:		THIG1$
	Account Domain:		WORKGROUP
	Logon ID:		0x3e7

Object:
	Object Server:	Security
	Object Type:	File
	Object Name:	C:\$WINDOWS.~BT\Sources\SafeOS\SafeOS.Mount\windows\winsxs\amd64_microsoft-windows-ie-ratings_31bf3856ad364e35_11.0.14393.0_none_28f824a7de47bd05\msrating.dll
	Handle ID:	0xb08

Process Information:
	Process ID:	0x1230
	Process Name:	C:\$WINDOWS.~BT\Sources\SetupHost.exe

Auditing Settings:
	Original Security Descriptor:	
	New Security Descriptor:		S:ARAI(AU;SAFA;DCLCRPCRSDWDWO;;;WD)","Microsoft-Windows-Security-Auditing","System.String[]","4907","9/21/2016 8:09:42 AM","9/21/2016 8:09:42 AM",,,
"4907","thig1","System.Byte[]","71143","(13568)","13568","SuccessAudit","Auditing settings on object were changed.

Subject:
	Security ID:		S-1-5-18
	Account Name:		THIG1$
	Account Domain:		WORKGROUP
	Logon ID:		0x3e7

Object:
	Object Server:	Security
	Object Type:	File
	Object Name:	C:\$WINDOWS.~BT\Sources\SafeOS\SafeOS.Mount\windows\winsxs\amd64_microsoft-windows-mlang_31bf3856ad364e35_10.0.14393.0_none_8453b6f3fab0f2a6\mlang.dat
	Handle ID:	0x18f8

Process Information:
	Process ID:	0x1230
	Process Name:	C:\$WINDOWS.~BT\Sources\SetupHost.exe

Auditing Settings:
	Original Security Descriptor:	
	New Security Descriptor:		S:ARAI(AU;SAFA;DCLCRPCRSDWDWO;;;WD)","Microsoft-Windows-Security-Auditing","System.String[]","4907","9/21/2016 8:09:42 AM","9/21/2016 8:09:42 AM",,,
"4907","thig1","System.Byte[]","71142","(13568)","13568","SuccessAudit","Auditing settings on object were changed.

Subject:
	Security ID:		S-1-5-18
	Account Name:		THIG1$
	Account Domain:		WORKGROUP
	Logon ID:		0x3e7

Object:
	Object Server:	Security
	Object Type:	File
	Object Name:	C:\$WINDOWS.~BT\Sources\SafeOS\SafeOS.Mount\windows\winsxs\amd64_microsoft-windows-i..dsetup-rejuvenation_31bf3856ad364e35_10.0.14393.0_none_800d8b1a276e423d\migsys.dll
	Handle ID:	0x1c58

Process Information:
	Process ID:	0x1230
	Process Name:	C:\$WINDOWS.~BT\Sources\SetupHost.exe

Auditing Settings:
	Original Security Descriptor:	
	New Security Descriptor:		S:ARAI(AU;SAFA;DCLCRPCRSDWDWO;;;WD)","Microsoft-Windows-Security-Auditing","System.String[]","4907","9/21/2016 8:09:42 AM","9/21/2016 8:09:42 AM",,,
"4907","thig1","System.Byte[]","71141","(13568)","13568","SuccessAudit","Auditing settings on object were changed.

Subject:
	Security ID:		S-1-5-18
	Account Name:		THIG1$
	Account Domain:		WORKGROUP
	Logon ID:		0x3e7

Object:
	Object Server:	Security
	Object Type:	File
	Object Name:	C:\$WINDOWS.~BT\Sources\SafeOS\SafeOS.Mount\windows\winsxs\amd64_microsoft-windows-mlang_31bf3856ad364e35_10.0.14393.0_none_8453b6f3fab0f2a6\mlang.dll
	Handle ID:	0xa08

Process Information:
	Process ID:	0x1230
	Process Name:	C:\$WINDOWS.~BT\Sources\SetupHost.exe

Auditing Settings:
	Original Security Descriptor:	
	New Security Descriptor:		S:ARAI(AU;SAFA;DCLCRPCRSDWDWO;;;WD)","Microsoft-Windows-Security-Auditing","System.String[]","4907","9/21/2016 8:09:42 AM","9/21/2016 8:09:42 AM",,,
"4907","thig1","System.Byte[]","71140","(13568)","13568","SuccessAudit","Auditing settings on object were changed.

Subject:
	Security ID:		S-1-5-18
	Account Name:		THIG1$
	Account Domain:		WORKGROUP
	Logon ID:		0x3e7

Object:
	Object Server:	Security
	Object Type:	File
	Object Name:	C:\$WINDOWS.~BT\Sources\SafeOS\SafeOS.Mount\windows\winsxs\amd64_microsoft-windows-ie-htmlapplication_31bf3856ad364e35_11.0.14393.0_none_babfd5948aea111e\mshta.exe
	Handle ID:	0x91c

Process Information:
	Process ID:	0x1230
	Process Name:	C:\$WINDOWS.~BT\Sources\SetupHost.exe

Auditing Settings:
	Original Security Descriptor:	
	New Security Descriptor:		S:ARAI(AU;SAFA;DCLCRPCRSDWDWO;;;WD)","Microsoft-Windows-Security-Auditing","System.String[]","4907","9/21/2016 8:09:42 AM","9/21/2016 8:09:42 AM",,,
"4907","thig1","System.Byte[]","71139","(13568)","13568","SuccessAudit","Auditing settings on object were changed.

Subject:
	Security ID:		S-1-5-18
	Account Name:		THIG1$
	Account Domain:		WORKGROUP
	Logon ID:		0x3e7

Object:
	Object Server:	Security
	Object Type:	File
	Object Name:	C:\$WINDOWS.~BT\Sources\SafeOS\SafeOS.Mount\windows\winsxs\amd64_microsoft-windows-i..dsetup-rejuvenation_31bf3856ad364e35_10.0.14393.0_none_800d8b1a276e423d\mighost.exe
	Handle ID:	0x1a24

Process Information:
	Process ID:	0x1230
	Process Name:	C:\$WINDOWS.~BT\Sources\SetupHost.exe

Auditing Settings:
	Original Security Descriptor:	
	New Security Descriptor:		S:ARAI(AU;SAFA;DCLCRPCRSDWDWO;;;WD)","Microsoft-Windows-Security-Auditing","System.String[]","4907","9/21/2016 8:09:42 AM","9/21/2016 8:09:42 AM",,,
"4907","thig1","System.Byte[]","71138","(13568)","13568","SuccessAudit","Auditing settings on object were changed.

Subject:
	Security ID:		S-1-5-18
	Account Name:		THIG1$
	Account Domain:		WORKGROUP
	Logon ID:		0x3e7

Object:
	Object Server:	Security
	Object Type:	File
	Object Name:	C:\$WINDOWS.~BT\Sources\SafeOS\SafeOS.Mount\windows\winsxs\amd64_microsoft-windows-i..dsetup-rejuvenation_31bf3856ad364e35_10.0.14393.0_none_800d8b1a276e423d\migapp.xml
	Handle ID:	0x1ab8

Process Information:
	Process ID:	0x1230
	Process Name:	C:\$WINDOWS.~BT\Sources\SetupHost.exe

Auditing Settings:
	Original Security Descriptor:	
	New Security Descriptor:		S:ARAI(AU;SAFA;DCLCRPCRSDWDWO;;;WD)","Microsoft-Windows-Security-Auditing","System.String[]","4907","9/21/2016 8:09:42 AM","9/21/2016 8:09:42 AM",,,
"4907","thig1","System.Byte[]","71137","(13568)","13568","SuccessAudit","Auditing settings on object were changed.

Subject:
	Security ID:		S-1-5-18
	Account Name:		THIG1$
	Account Domain:		WORKGROUP
	Logon ID:		0x3e7

Object:
	Object Server:	Security
	Object Type:	File
	Object Name:	C:\$WINDOWS.~BT\Sources\SafeOS\SafeOS.Mount\windows\winsxs\amd64_microsoft-windows-directx-d3dcompiler_31bf3856ad364e35_10.0.14393.0_none_16c685cf32c30d2b\D3DCompiler_47.dll
	Handle ID:	0x19e8

Process Information:
	Process ID:	0x1230
	Process Name:	C:\$WINDOWS.~BT\Sources\SetupHost.exe

Auditing Settings:
	Original Security Descriptor:	
	New Security Descriptor:		S:ARAI(AU;SAFA;DCLCRPCRSDWDWO;;;WD)","Microsoft-Windows-Security-Auditing","System.String[]","4907","9/21/2016 8:09:42 AM","9/21/2016 8:09:42 AM",,,
"4907","thig1","System.Byte[]","71136","(13568)","13568","SuccessAudit","Auditing settings on object were changed.

Subject:
	Security ID:		S-1-5-18
	Account Name:		THIG1$
	Account Domain:		WORKGROUP
	Logon ID:		0x3e7

Object:
	Object Server:	Security
	Object Type:	File
	Object Name:	C:\$WINDOWS.~BT\Sources\SafeOS\SafeOS.Mount\windows\winsxs\amd64_microsoft-windows-i..dsetup-rejuvenation_31bf3856ad364e35_10.0.14393.0_none_800d8b1a276e423d\migisol.dll
	Handle ID:	0x1554

Process Information:
	Process ID:	0x1230
	Process Name:	C:\$WINDOWS.~BT\Sources\SetupHost.exe

Auditing Settings:
	Original Security Descriptor:	
	New Security Descriptor:		S:ARAI(AU;SAFA;DCLCRPCRSDWDWO;;;WD)","Microsoft-Windows-Security-Auditing","System.String[]","4907","9/21/2016 8:09:42 AM","9/21/2016 8:09:42 AM",,,
"4907","thig1","System.Byte[]","71135","(13568)","13568","SuccessAudit","Auditing settings on object were changed.

Subject:
	Security ID:		S-1-5-18
	Account Name:		THIG1$
	Account Domain:		WORKGROUP
	Logon ID:		0x3e7

Object:
	Object Server:	Security
	Object Type:	File
	Object Name:	C:\$WINDOWS.~BT\Sources\SafeOS\SafeOS.Mount\windows\winsxs\amd64_microsoft-windows-i..dsetup-rejuvenation_31bf3856ad364e35_10.0.14393.0_none_800d8b1a276e423d\migres.dll
	Handle ID:	0x1a74

Process Information:
	Process ID:	0x1230
	Process Name:	C:\$WINDOWS.~BT\Sources\SetupHost.exe

Auditing Settings:
	Original Security Descriptor:	
	New Security Descriptor:		S:ARAI(AU;SAFA;DCLCRPCRSDWDWO;;;WD)","Microsoft-Windows-Security-Auditing","System.String[]","4907","9/21/2016 8:09:42 AM","9/21/2016 8:09:42 AM",,,
"4907","thig1","System.Byte[]","71134","(13568)","13568","SuccessAudit","Auditing settings on object were changed.

Subject:
	Security ID:		S-1-5-18
	Account Name:		THIG1$
	Account Domain:		WORKGROUP
	Logon ID:		0x3e7

Object:
	Object Server:	Security
	Object Type:	File
	Object Name:	C:\$WINDOWS.~BT\Sources\SafeOS\SafeOS.Mount\windows\winsxs\amd64_microsoft-windows-mail-comm-dll_31bf3856ad364e35_10.0.14393.0_none_a72595e56f3f48d0\inetcomm.dll
	Handle ID:	0x54c

Process Information:
	Process ID:	0x1230
	Process Name:	C:\$WINDOWS.~BT\Sources\SetupHost.exe

Auditing Settings:
	Original Security Descriptor:	
	New Security Descriptor:		S:ARAI(AU;SAFA;DCLCRPCRSDWDWO;;;WD)","Microsoft-Windows-Security-Auditing","System.String[]","4907","9/21/2016 8:09:42 AM","9/21/2016 8:09:42 AM",,,
"4907","thig1","System.Byte[]","71133","(13568)","13568","SuccessAudit","Auditing settings on object were changed.

Subject:
	Security ID:		S-1-5-18
	Account Name:		THIG1$
	Account Domain:		WORKGROUP
	Logon ID:		0x3e7

Object:
	Object Server:	Security
	Object Type:	File
	Object Name:	C:\$WINDOWS.~BT\Sources\SafeOS\SafeOS.Mount\windows\winsxs\amd64_microsoft-windows-l2na_31bf3856ad364e35_10.0.14393.0_none_d8384c3c30bf9d10\l2nacp.dll
	Handle ID:	0x1a70

Process Information:
	Process ID:	0x1230
	Process Name:	C:\$WINDOWS.~BT\Sources\SetupHost.exe

Auditing Settings:
	Original Security Descriptor:	
	New Security Descriptor:		S:ARAI(AU;SAFA;DCLCRPCRSDWDWO;;;WD)","Microsoft-Windows-Security-Auditing","System.String[]","4907","9/21/2016 8:09:42 AM","9/21/2016 8:09:42 AM",,,
"4907","thig1","System.Byte[]","71132","(13568)","13568","SuccessAudit","Auditing settings on object were changed.

Subject:
	Security ID:		S-1-5-18
	Account Name:		THIG1$
	Account Domain:		WORKGROUP
	Logon ID:		0x3e7

Object:
	Object Server:	Security
	Object Type:	File
	Object Name:	C:\$WINDOWS.~BT\Sources\SafeOS\SafeOS.Mount\windows\winsxs\amd64_microsoft-windows-i..i_initiator_service_31bf3856ad364e35_10.0.14393.0_none_07e816b92bca94ac\iscsiwmiv2.dll
	Handle ID:	0x1a78

Process Information:
	Process ID:	0x1230
	Process Name:	C:\$WINDOWS.~BT\Sources\SetupHost.exe

Auditing Settings:
	Original Security Descriptor:	
	New Security Descriptor:		S:ARAI(AU;SAFA;DCLCRPCRSDWDWO;;;WD)","Microsoft-Windows-Security-Auditing","System.String[]","4907","9/21/2016 8:09:42 AM","9/21/2016 8:09:42 AM",,,
"4907","thig1","System.Byte[]","71131","(13568)","13568","SuccessAudit","Auditing settings on object were changed.

Subject:
	Security ID:		S-1-5-18
	Account Name:		THIG1$
	Account Domain:		WORKGROUP
	Logon ID:		0x3e7

Object:
	Object Server:	Security
	Object Type:	File
	Object Name:	C:\$WINDOWS.~BT\Sources\SafeOS\SafeOS.Mount\windows\winsxs\amd64_microsoft-windows-ie-htmlrendering_31bf3856ad364e35_11.0.14393.0_none_74a8f8efa3b5fd5a\indexeddbserver.dll
	Handle ID:	0x1a58

Process Information:
	Process ID:	0x1230
	Process Name:	C:\$WINDOWS.~BT\Sources\SetupHost.exe

Auditing Settings:
	Original Security Descriptor:	
	New Security Descriptor:		S:ARAI(AU;SAFA;DCLCRPCRSDWDWO;;;WD)","Microsoft-Windows-Security-Auditing","System.String[]","4907","9/21/2016 8:09:42 AM","9/21/2016 8:09:42 AM",,,
"4907","thig1","System.Byte[]","71130","(13568)","13568","SuccessAudit","Auditing settings on object were changed.

Subject:
	Security ID:		S-1-5-18
	Account Name:		THIG1$
	Account Domain:		WORKGROUP
	Logon ID:		0x3e7

Object:
	Object Server:	Security
	Object Type:	File
	Object Name:	C:\$WINDOWS.~BT\Sources\SafeOS\SafeOS.Mount\windows\winsxs\amd64_microsoft-windows-i..i_initiator_service_31bf3856ad364e35_10.0.14393.0_none_07e816b92bca94ac\iscsiexe.dll
	Handle ID:	0x1584

Process Information:
	Process ID:	0x1230
	Process Name:	C:\$WINDOWS.~BT\Sources\SetupHost.exe

Auditing Settings:
	Original Security Descriptor:	
	New Security Descriptor:		S:ARAI(AU;SAFA;DCLCRPCRSDWDWO;;;WD)","Microsoft-Windows-Security-Auditing","System.String[]","4907","9/21/2016 8:09:42 AM","9/21/2016 8:09:42 AM",,,
"4907","thig1","System.Byte[]","71129","(13568)","13568","SuccessAudit","Auditing settings on object were changed.

Subject:
	Security ID:		S-1-5-18
	Account Name:		THIG1$
	Account Domain:		WORKGROUP
	Logon ID:		0x3e7

Object:
	Object Server:	Security
	Object Type:	File
	Object Name:	C:\$WINDOWS.~BT\Sources\SafeOS\SafeOS.Mount\windows\winsxs\amd64_microsoft-windows-i..i_initiator_service_31bf3856ad364e35_10.0.14393.0_none_07e816b92bca94ac\iscsiwmi.dll
	Handle ID:	0x149c

Process Information:
	Process ID:	0x1230
	Process Name:	C:\$WINDOWS.~BT\Sources\SetupHost.exe

Auditing Settings:
	Original Security Descriptor:	
	New Security Descriptor:		S:ARAI(AU;SAFA;DCLCRPCRSDWDWO;;;WD)","Microsoft-Windows-Security-Auditing","System.String[]","4907","9/21/2016 8:09:42 AM","9/21/2016 8:09:42 AM",,,
"4907","thig1","System.Byte[]","71128","(13568)","13568","SuccessAudit","Auditing settings on object were changed.

Subject:
	Security ID:		S-1-5-18
	Account Name:		THIG1$
	Account Domain:		WORKGROUP
	Logon ID:		0x3e7

Object:
	Object Server:	Security
	Object Type:	File
	Object Name:	C:\$WINDOWS.~BT\Sources\SafeOS\SafeOS.Mount\windows\winsxs\amd64_microsoft-windows-i..i_initiator_service_31bf3856ad364e35_10.0.14393.0_none_07e816b92bca94ac\iscsicli.exe
	Handle ID:	0x19f4

Process Information:
	Process ID:	0x1230
	Process Name:	C:\$WINDOWS.~BT\Sources\SetupHost.exe

Auditing Settings:
	Original Security Descriptor:	
	New Security Descriptor:		S:ARAI(AU;SAFA;DCLCRPCRSDWDWO;;;WD)","Microsoft-Windows-Security-Auditing","System.String[]","4907","9/21/2016 8:09:42 AM","9/21/2016 8:09:42 AM",,,
"4907","thig1","System.Byte[]","71127","(13568)","13568","SuccessAudit","Auditing settings on object were changed.

Subject:
	Security ID:		S-1-5-18
	Account Name:		THIG1$
	Account Domain:		WORKGROUP
	Logon ID:		0x3e7

Object:
	Object Server:	Security
	Object Type:	File
	Object Name:	C:\$WINDOWS.~BT\Sources\SafeOS\SafeOS.Mount\windows\winsxs\amd64_microsoft-windows-i..i_initiator_service_31bf3856ad364e35_10.0.14393.0_none_07e816b92bca94ac\iscsidsc.dll
	Handle ID:	0x1468

Process Information:
	Process ID:	0x1230
	Process Name:	C:\$WINDOWS.~BT\Sources\SetupHost.exe

Auditing Settings:
	Original Security Descriptor:	
	New Security Descriptor:		S:ARAI(AU;SAFA;DCLCRPCRSDWDWO;;;WD)","Microsoft-Windows-Security-Auditing","System.String[]","4907","9/21/2016 8:09:42 AM","9/21/2016 8:09:42 AM",,,
"4907","thig1","System.Byte[]","71126","(13568)","13568","SuccessAudit","Auditing settings on object were changed.

Subject:
	Security ID:		S-1-5-18
	Account Name:		THIG1$
	Account Domain:		WORKGROUP
	Logon ID:		0x3e7

Object:
	Object Server:	Security
	Object Type:	File
	Object Name:	C:\$WINDOWS.~BT\Sources\SafeOS\SafeOS.Mount\windows\winsxs\amd64_microsoft-windows-i..i_initiator_service_31bf3856ad364e35_10.0.14393.0_none_07e816b92bca94ac\iscsium.dll
	Handle ID:	0x470

Process Information:
	Process ID:	0x1230
	Process Name:	C:\$WINDOWS.~BT\Sources\SetupHost.exe

Auditing Settings:
	Original Security Descriptor:	
	New Security Descriptor:		S:ARAI(AU;SAFA;DCLCRPCRSDWDWO;;;WD)","Microsoft-Windows-Security-Auditing","System.String[]","4907","9/21/2016 8:09:42 AM","9/21/2016 8:09:42 AM",,,
"4907","thig1","System.Byte[]","71125","(13568)","13568","SuccessAudit","Auditing settings on object were changed.

Subject:
	Security ID:		S-1-5-18
	Account Name:		THIG1$
	Account Domain:		WORKGROUP
	Logon ID:		0x3e7

Object:
	Object Server:	Security
	Object Type:	File
	Object Name:	C:\$WINDOWS.~BT\Sources\SafeOS\SafeOS.Mount\windows\winsxs\amd64_microsoft-windows-mail-comm-dll_31bf3856ad364e35_10.0.14393.0_none_a72595e56f3f48d0\INETRES.dll
	Handle ID:	0x1dfc

Process Information:
	Process ID:	0x1230
	Process Name:	C:\$WINDOWS.~BT\Sources\SetupHost.exe

Auditing Settings:
	Original Security Descriptor:	
	New Security Descriptor:		S:ARAI(AU;SAFA;DCLCRPCRSDWDWO;;;WD)","Microsoft-Windows-Security-Auditing","System.String[]","4907","9/21/2016 8:09:42 AM","9/21/2016 8:09:42 AM",,,
"4907","thig1","System.Byte[]","71124","(13568)","13568","SuccessAudit","Auditing settings on object were changed.

Subject:
	Security ID:		S-1-5-18
	Account Name:		THIG1$
	Account Domain:		WORKGROUP
	Logon ID:		0x3e7

Object:
	Object Server:	Security
	Object Type:	File
	Object Name:	C:\$WINDOWS.~BT\Sources\SafeOS\SafeOS.Mount\windows\winsxs\amd64_microsoft-windows-i..i_initiator_service_31bf3856ad364e35_10.0.14393.0_none_07e816b92bca94ac\iscsied.dll
	Handle ID:	0x1b84

Process Information:
	Process ID:	0x1230
	Process Name:	C:\$WINDOWS.~BT\Sources\SetupHost.exe

Auditing Settings:
	Original Security Descriptor:	
	New Security Descriptor:		S:ARAI(AU;SAFA;DCLCRPCRSDWDWO;;;WD)","Microsoft-Windows-Security-Auditing","System.String[]","4907","9/21/2016 8:09:42 AM","9/21/2016 8:09:42 AM",,,
"4907","thig1","System.Byte[]","71123","(13568)","13568","SuccessAudit","Auditing settings on object were changed.

Subject:
	Security ID:		S-1-5-18
	Account Name:		THIG1$
	Account Domain:		WORKGROUP
	Logon ID:		0x3e7

Object:
	Object Server:	Security
	Object Type:	File
	Object Name:	C:\$WINDOWS.~BT\Sources\SafeOS\SafeOS.Mount\windows\winsxs\amd64_microsoft-windows-ie-imagesupport_31bf3856ad364e35_11.0.14393.0_none_9f5aaf27749afdeb\imgutil.dll
	Handle ID:	0x16b4

Process Information:
	Process ID:	0x1230
	Process Name:	C:\$WINDOWS.~BT\Sources\SetupHost.exe

Auditing Settings:
	Original Security Descriptor:	
	New Security Descriptor:		S:ARAI(AU;SAFA;DCLCRPCRSDWDWO;;;WD)","Microsoft-Windows-Security-Auditing","System.String[]","4907","9/21/2016 8:09:42 AM","9/21/2016 8:09:42 AM",,,
"4907","thig1","System.Byte[]","71122","(13568)","13568","SuccessAudit","Auditing settings on object were changed.

Subject:
	Security ID:		S-1-5-18
	Account Name:		THIG1$
	Account Domain:		WORKGROUP
	Logon ID:		0x3e7

Object:
	Object Server:	Security
	Object Type:	File
	Object Name:	C:\$WINDOWS.~BT\Sources\SafeOS\SafeOS.Mount\windows\winsxs\amd64_microsoft-windows-directx-direct3d11_31bf3856ad364e35_10.0.14393.0_none_1d2cba51e45ebbc9\d3d11.dll
	Handle ID:	0x19d8

Process Information:
	Process ID:	0x1230
	Process Name:	C:\$WINDOWS.~BT\Sources\SetupHost.exe

Auditing Settings:
	Original Security Descriptor:	
	New Security Descriptor:		S:ARAI(AU;SAFA;DCLCRPCRSDWDWO;;;WD)","Microsoft-Windows-Security-Auditing","System.String[]","4907","9/21/2016 8:09:42 AM","9/21/2016 8:09:42 AM",,,
"4907","thig1","System.Byte[]","71121","(13568)","13568","SuccessAudit","Auditing settings on object were changed.

Subject:
	Security ID:		S-1-5-18
	Account Name:		THIG1$
	Account Domain:		WORKGROUP
	Logon ID:		0x3e7

Object:
	Object Server:	Security
	Object Type:	File
	Object Name:	C:\$WINDOWS.~BT\Sources\SafeOS\SafeOS.Mount\windows\winsxs\amd64_microsoft-windows-directwrite-fontcache_31bf3856ad364e35_10.0.14393.0_none_321e79c72801d983\FntCache.dll
	Handle ID:	0x780

Process Information:
	Process ID:	0x1230
	Process Name:	C:\$WINDOWS.~BT\Sources\SetupHost.exe

Auditing Settings:
	Original Security Descriptor:	
	New Security Descriptor:		S:ARAI(AU;SAFA;DCLCRPCRSDWDWO;;;WD)","Microsoft-Windows-Security-Auditing","System.String[]","4907","9/21/2016 8:09:42 AM","9/21/2016 8:09:42 AM",,,
"4907","thig1","System.Byte[]","71120","(13568)","13568","SuccessAudit","Auditing settings on object were changed.

Subject:
	Security ID:		S-1-5-18
	Account Name:		THIG1$
	Account Domain:		WORKGROUP
	Logon ID:		0x3e7

Object:
	Object Server:	Security
	Object Type:	File
	Object Name:	C:\$WINDOWS.~BT\Sources\SafeOS\SafeOS.Mount\windows\winsxs\amd64_microsoft-windows-directx-warp10_31bf3856ad364e35_10.0.14393.0_none_17d80f5f6d5f02e8\d3d10warp.dll
	Handle ID:	0x1a00

Process Information:
	Process ID:	0x1230
	Process Name:	C:\$WINDOWS.~BT\Sources\SetupHost.exe

Auditing Settings:
	Original Security Descriptor:	
	New Security Descriptor:		S:ARAI(AU;SAFA;DCLCRPCRSDWDWO;;;WD)","Microsoft-Windows-Security-Auditing","System.String[]","4907","9/21/2016 8:09:42 AM","9/21/2016 8:09:42 AM",,,
"4907","thig1","System.Byte[]","71119","(13568)","13568","SuccessAudit","Auditing settings on object were changed.

Subject:
	Security ID:		S-1-5-18
	Account Name:		THIG1$
	Account Domain:		WORKGROUP
	Logon ID:		0x3e7

Object:
	Object Server:	Security
	Object Type:	File
	Object Name:	C:\$WINDOWS.~BT\Sources\SafeOS\SafeOS.Mount\windows\winsxs\amd64_microsoft-windows-i..dsetup-rejuvenation_31bf3856ad364e35_10.0.14393.0_none_800d8b1a276e423d\hwcompat.txt
	Handle ID:	0x1dd8

Process Information:
	Process ID:	0x1230
	Process Name:	C:\$WINDOWS.~BT\Sources\SetupHost.exe

Auditing Settings:
	Original Security Descriptor:	
	New Security Descriptor:		S:ARAI(AU;SAFA;DCLCRPCRSDWDWO;;;WD)","Microsoft-Windows-Security-Auditing","System.String[]","4907","9/21/2016 8:09:42 AM","9/21/2016 8:09:42 AM",,,
"4907","thig1","System.Byte[]","71118","(13568)","13568","SuccessAudit","Auditing settings on object were changed.

Subject:
	Security ID:		S-1-5-18
	Account Name:		THIG1$
	Account Domain:		WORKGROUP
	Logon ID:		0x3e7

Object:
	Object Server:	Security
	Object Type:	File
	Object Name:	C:\$WINDOWS.~BT\Sources\SafeOS\SafeOS.Mount\windows\winsxs\amd64_microsoft-windows-i..dsetup-rejuvenation_31bf3856ad364e35_10.0.14393.0_none_800d8b1a276e423d\hwexclude.txt
	Handle ID:	0x1b44

Process Information:
	Process ID:	0x1230
	Process Name:	C:\$WINDOWS.~BT\Sources\SetupHost.exe

Auditing Settings:
	Original Security Descriptor:	
	New Security Descriptor:		S:ARAI(AU;SAFA;DCLCRPCRSDWDWO;;;WD)","Microsoft-Windows-Security-Auditing","System.String[]","4907","9/21/2016 8:09:42 AM","9/21/2016 8:09:42 AM",,,
"4907","thig1","System.Byte[]","71117","(13568)","13568","SuccessAudit","Auditing settings on object were changed.

Subject:
	Security ID:		S-1-5-18
	Account Name:		THIG1$
	Account Domain:		WORKGROUP
	Logon ID:		0x3e7

Object:
	Object Server:	Security
	Object Type:	File
	Object Name:	C:\$WINDOWS.~BT\Sources\SafeOS\SafeOS.Mount\windows\winsxs\amd64_microsoft-windows-directx-direct3d9_31bf3856ad364e35_10.0.14393.0_none_efc1d8207778da60\d3d9.dll
	Handle ID:	0x1610

Process Information:
	Process ID:	0x1230
	Process Name:	C:\$WINDOWS.~BT\Sources\SetupHost.exe

Auditing Settings:
	Original Security Descriptor:	
	New Security Descriptor:		S:ARAI(AU;SAFA;DCLCRPCRSDWDWO;;;WD)","Microsoft-Windows-Security-Auditing","System.String[]","4907","9/21/2016 8:09:42 AM","9/21/2016 8:09:42 AM",,,
"4907","thig1","System.Byte[]","71116","(13568)","13568","SuccessAudit","Auditing settings on object were changed.

Subject:
	Security ID:		S-1-5-18
	Account Name:		THIG1$
	Account Domain:		WORKGROUP
	Logon ID:		0x3e7

Object:
	Object Server:	Security
	Object Type:	File
	Object Name:	C:\$WINDOWS.~BT\Sources\SafeOS\SafeOS.Mount\windows\winsxs\amd64_microsoft-windows-wcn-config-registrar_31bf3856ad364e35_10.0.14393.0_none_5a911f4bd89c6b0c\fdWCN.dll
	Handle ID:	0x113c

Process Information:
	Process ID:	0x1230
	Process Name:	C:\$WINDOWS.~BT\Sources\SetupHost.exe

Auditing Settings:
	Original Security Descriptor:	
	New Security Descriptor:		S:ARAI(AU;SAFA;DCLCRPCRSDWDWO;;;WD)","Microsoft-Windows-Security-Auditing","System.String[]","4907","9/21/2016 8:09:42 AM","9/21/2016 8:09:42 AM",,,
"4907","thig1","System.Byte[]","71115","(13568)","13568","SuccessAudit","Auditing settings on object were changed.

Subject:
	Security ID:		S-1-5-18
	Account Name:		THIG1$
	Account Domain:		WORKGROUP
	Logon ID:		0x3e7

Object:
	Object Server:	Security
	Object Type:	File
	Object Name:	C:\$WINDOWS.~BT\Sources\SafeOS\SafeOS.Mount\windows\winsxs\amd64_microsoft-windows-fmapi_31bf3856ad364e35_10.0.14393.0_none_808081744aebcff8\fmapi.dll
	Handle ID:	0x1a6c

Process Information:
	Process ID:	0x1230
	Process Name:	C:\$WINDOWS.~BT\Sources\SetupHost.exe

Auditing Settings:
	Original Security Descriptor:	
	New Security Descriptor:		S:ARAI(AU;SAFA;DCLCRPCRSDWDWO;;;WD)","Microsoft-Windows-Security-Auditing","System.String[]","4907","9/21/2016 8:09:42 AM","9/21/2016 8:09:42 AM",,,
"4907","thig1","System.Byte[]","71114","(13568)","13568","SuccessAudit","Auditing settings on object were changed.

Subject:
	Security ID:		S-1-5-18
	Account Name:		THIG1$
	Account Domain:		WORKGROUP
	Logon ID:		0x3e7

Object:
	Object Server:	Security
	Object Type:	File
	Object Name:	C:\$WINDOWS.~BT\Sources\SafeOS\SafeOS.Mount\windows\winsxs\amd64_microsoft-windows-directx-dxgi_31bf3856ad364e35_10.0.14393.0_none_67f2e3ce353f5e2f\dxgi.dll
	Handle ID:	0x1d5c

Process Information:
	Process ID:	0x1230
	Process Name:	C:\$WINDOWS.~BT\Sources\SetupHost.exe

Auditing Settings:
	Original Security Descriptor:	
	New Security Descriptor:		S:ARAI(AU;SAFA;DCLCRPCRSDWDWO;;;WD)","Microsoft-Windows-Security-Auditing","System.String[]","4907","9/21/2016 8:09:42 AM","9/21/2016 8:09:42 AM",,,
"4907","thig1","System.Byte[]","71113","(13568)","13568","SuccessAudit","Auditing settings on object were changed.

Subject:
	Security ID:		S-1-5-18
	Account Name:		THIG1$
	Account Domain:		WORKGROUP
	Logon ID:		0x3e7

Object:
	Object Server:	Security
	Object Type:	File
	Object Name:	C:\$WINDOWS.~BT\Sources\SafeOS\SafeOS.Mount\windows\winsxs\amd64_microsoft-windows-directx-direct3d12_31bf3856ad364e35_10.0.14393.0_none_1d2ca389e45ed56a\D3D12.dll
	Handle ID:	0x19f0

Process Information:
	Process ID:	0x1230
	Process Name:	C:\$WINDOWS.~BT\Sources\SetupHost.exe

Auditing Settings:
	Original Security Descriptor:	
	New Security Descriptor:		S:ARAI(AU;SAFA;DCLCRPCRSDWDWO;;;WD)","Microsoft-Windows-Security-Auditing","System.String[]","4907","9/21/2016 8:09:42 AM","9/21/2016 8:09:42 AM",,,
"4907","thig1","System.Byte[]","71112","(13568)","13568","SuccessAudit","Auditing settings on object were changed.

Subject:
	Security ID:		S-1-5-18
	Account Name:		THIG1$
	Account Domain:		WORKGROUP
	Logon ID:		0x3e7

Object:
	Object Server:	Security
	Object Type:	File
	Object Name:	C:\$WINDOWS.~BT\Sources\SafeOS\SafeOS.Mount\windows\winsxs\amd64_microsoft-windows-directx-direct3d10_31bf3856ad364e35_10.0.14393.0_none_1d2cd119e45ea228\d3d10.dll
	Handle ID:	0x18e8

Process Information:
	Process ID:	0x1230
	Process Name:	C:\$WINDOWS.~BT\Sources\SetupHost.exe

Auditing Settings:
	Original Security Descriptor:	
	New Security Descriptor:		S:ARAI(AU;SAFA;DCLCRPCRSDWDWO;;;WD)","Microsoft-Windows-Security-Auditing","System.String[]","4907","9/21/2016 8:09:42 AM","9/21/2016 8:09:42 AM",,,
"4907","thig1","System.Byte[]","71111","(13568)","13568","SuccessAudit","Auditing settings on object were changed.

Subject:
	Security ID:		S-1-5-18
	Account Name:		THIG1$
	Account Domain:		WORKGROUP
	Logon ID:		0x3e7

Object:
	Object Server:	Security
	Object Type:	File
	Object Name:	C:\$WINDOWS.~BT\Sources\SafeOS\SafeOS.Mount\windows\winsxs\amd64_microsoft-windows-d..txvideoacceleration_31bf3856ad364e35_10.0.14393.0_none_99491e0958e5947f\dxva2.dll
	Handle ID:	0x1960

Process Information:
	Process ID:	0x1230
	Process Name:	C:\$WINDOWS.~BT\Sources\SetupHost.exe

Auditing Settings:
	Original Security Descriptor:	
	New Security Descriptor:		S:ARAI(AU;SAFA;DCLCRPCRSDWDWO;;;WD)","Microsoft-Windows-Security-Auditing","System.String[]","4907","9/21/2016 8:09:42 AM","9/21/2016 8:09:42 AM",,,
"4907","thig1","System.Byte[]","71110","(13568)","13568","SuccessAudit","Auditing settings on object were changed.

Subject:
	Security ID:		S-1-5-18
	Account Name:		THIG1$
	Account Domain:		WORKGROUP
	Logon ID:		0x3e7

Object:
	Object Server:	Security
	Object Type:	File
	Object Name:	C:\$WINDOWS.~BT\Sources\SafeOS\SafeOS.Mount\windows\winsxs\amd64_microsoft-windows-dafwfdprovider_31bf3856ad364e35_10.0.14393.0_none_27dc224ed7b0476c\dafWfdProvider.dll
	Handle ID:	0x18d4

Process Information:
	Process ID:	0x1230
	Process Name:	C:\$WINDOWS.~BT\Sources\SetupHost.exe

Auditing Settings:
	Original Security Descriptor:	
	New Security Descriptor:		S:ARAI(AU;SAFA;DCLCRPCRSDWDWO;;;WD)","Microsoft-Windows-Security-Auditing","System.String[]","4907","9/21/2016 8:09:42 AM","9/21/2016 8:09:42 AM",,,
"4907","thig1","System.Byte[]","71109","(13568)","13568","SuccessAudit","Auditing settings on object were changed.

Subject:
	Security ID:		S-1-5-18
	Account Name:		THIG1$
	Account Domain:		WORKGROUP
	Logon ID:		0x3e7

Object:
	Object Server:	Security
	Object Type:	File
	Object Name:	C:\$WINDOWS.~BT\Sources\SafeOS\SafeOS.Mount\windows\winsxs\amd64_microsoft-windows-storagemanagementwmi_31bf3856ad364e35_10.0.14393.0_none_7e606f2c61443046\delegatorprovider.dll
	Handle ID:	0x1ca8

Process Information:
	Process ID:	0x1230
	Process Name:	C:\$WINDOWS.~BT\Sources\SetupHost.exe

Auditing Settings:
	Original Security Descriptor:	
	New Security Descriptor:		S:ARAI(AU;SAFA;DCLCRPCRSDWDWO;;;WD)","Microsoft-Windows-Security-Auditing","System.String[]","4907","9/21/2016 8:09:42 AM","9/21/2016 8:09:42 AM",,,
