"6","thig1","System.Byte[]","18852","(0)","0","Information","File System Filter 'wcnfs' (10.0, 2008-01-23T20:38:29.000000000Z) has successfully loaded and registered with Filter Manager.","Microsoft-Windows-FilterManager","System.String[]","6","1/8/2019 5:57:46 PM","1/8/2019 5:57:46 PM","NT AUTHORITY\SYSTEM",,
"16","thig1","System.Byte[]","18851","(0)","0","Information","The description for Event ID '16' in Source 'Microsoft-Windows-Kernel-General' cannot be found.  The local computer may not have the necessary registry information or message DLL files to display the message, or you may not have permission to access them.  The following information is part of the event:'161', '\??\C:\ProgramData\Packages\Microsoft.SkypeApp_kzf8qxf38zg5c\S-1-5-21-3778695357-1403243780-3080767088-1001\SystemAppData\Helium\Cache\9b538cd77c00c90c_COM15.dat', '1', '1'","Microsoft-Windows-Kernel-General","System.String[]","16","1/8/2019 5:57:45 PM","1/8/2019 5:57:45 PM","NT AUTHORITY\SYSTEM",,
"16","thig1","System.Byte[]","18850","(0)","0","Information","The description for Event ID '16' in Source 'Microsoft-Windows-Kernel-General' cannot be found.  The local computer may not have the necessary registry information or message DLL files to display the message, or you may not have permission to access them.  The following information is part of the event:'144', '\??\C:\ProgramData\Packages\Microsoft.SkypeApp_kzf8qxf38zg5c\S-1-5-21-3778695357-1403243780-3080767088-1001\SystemAppData\Helium\UserClasses.dat', '5', '0'","Microsoft-Windows-Kernel-General","System.String[]","16","1/8/2019 5:57:45 PM","1/8/2019 5:57:45 PM","NT AUTHORITY\SYSTEM",,
"16","thig1","System.Byte[]","18849","(0)","0","Information","The description for Event ID '16' in Source 'Microsoft-Windows-Kernel-General' cannot be found.  The local computer may not have the necessary registry information or message DLL files to display the message, or you may not have permission to access them.  The following information is part of the event:'137', '\??\C:\ProgramData\Packages\Microsoft.SkypeApp_kzf8qxf38zg5c\S-1-5-21-3778695357-1403243780-3080767088-1001\SystemAppData\Helium\User.dat', '1', '1'","Microsoft-Windows-Kernel-General","System.String[]","16","1/8/2019 5:57:45 PM","1/8/2019 5:57:45 PM","NT AUTHORITY\SYSTEM",,
"10016","thig1","System.Byte[]","18848","(0)","0","Error","The description for Event ID '10016' in Source 'DCOM' cannot be found.  The local computer may not have the necessary registry information or message DLL files to display the message, or you may not have permission to access them.  The following information is part of the event:'application-specific', 'Local', 'Activation', '{D63B10C5-BB46-4990-A94F-E40B9D520160}', '{9CA88EE3-ACB7-47C8-AFC4-AB702511C276}', 'NT AUTHORITY', 'LOCAL SERVICE', 'S-1-5-19', 'LocalHost (Using LRPC)', 'Unavailable', 'Unavailable'","DCOM","System.String[]","10016","1/8/2019 5:57:16 PM","1/8/2019 5:57:16 PM","NT AUTHORITY\LOCAL SERVICE",,
"7040","thig1","System.Byte[]","18847","(0)","0","Information","The start type of the Background Intelligent Transfer Service service was changed from auto start to demand start.","Service Control Manager","System.String[]","1073748864","1/8/2019 5:55:38 PM","1/8/2019 5:55:38 PM","NT AUTHORITY\SYSTEM",,
"16","thig1","System.Byte[]","18846","(0)","0","Information","The description for Event ID '16' in Source 'Microsoft-Windows-Kernel-General' cannot be found.  The local computer may not have the necessary registry information or message DLL files to display the message, or you may not have permission to access them.  The following information is part of the event:'98', '\??\C:\Users\Destiny\AppData\Local\Packages\Microsoft.SkypeApp_kzf8qxf38zg5c\Settings\settings.dat', '4', '2'","Microsoft-Windows-Kernel-General","System.String[]","16","1/8/2019 5:53:57 PM","1/8/2019 5:53:57 PM","NT AUTHORITY\SYSTEM",,
"7040","thig1","System.Byte[]","18845","(0)","0","Information","The start type of the Background Intelligent Transfer Service service was changed from demand start to auto start.","Service Control Manager","System.String[]","1073748864","1/8/2019 5:53:18 PM","1/8/2019 5:53:18 PM","NT AUTHORITY\SYSTEM",,
"43","thig1","System.Byte[]","18844","(1)","1","Information","Installation Started: Windows has started installing the following update: Definition Update for Windows Defender Antivirus - KB2267602 (Definition 1.283.2551.0)","Microsoft-Windows-WindowsUpdateClient","System.String[]","43","1/8/2019 5:52:49 PM","1/8/2019 5:52:49 PM","NT AUTHORITY\SYSTEM",,
"44","thig1","System.Byte[]","18843","(1)","1","Information","Windows Update started downloading an update.","Microsoft-Windows-WindowsUpdateClient","System.String[]","44","1/8/2019 5:52:49 PM","1/8/2019 5:52:49 PM","NT AUTHORITY\SYSTEM",,
"16","thig1","System.Byte[]","18842","(0)","0","Information","The description for Event ID '16' in Source 'Microsoft-Windows-Kernel-General' cannot be found.  The local computer may not have the necessary registry information or message DLL files to display the message, or you may not have permission to access them.  The following information is part of the event:'119', '\??\C:\WINDOWS\ServiceProfiles\NetworkService\AppData\Local\Microsoft\Windows\DeliveryOptimization\State\dosvcState.dat', '37', '13'","Microsoft-Windows-Kernel-General","System.String[]","16","1/8/2019 5:52:43 PM","1/8/2019 5:52:43 PM","NT AUTHORITY\SYSTEM",,
"19","thig1","System.Byte[]","18841","(1)","1","Information","Installation Successful: Windows successfully installed the following update: 2019-01 Cumulative Update for Windows 10 Version 1803 for x64-based Systems (KB4480966)","Microsoft-Windows-WindowsUpdateClient","System.String[]","19","1/8/2019 5:52:40 PM","1/8/2019 5:52:40 PM","NT AUTHORITY\SYSTEM",,
"10016","thig1","System.Byte[]","18840","(0)","0","Error","The description for Event ID '10016' in Source 'DCOM' cannot be found.  The local computer may not have the necessary registry information or message DLL files to display the message, or you may not have permission to access them.  The following information is part of the event:'application-specific', 'Local', 'Launch', 'Windows.SecurityCenter.WscBrokerManager', 'Unavailable', 'NT AUTHORITY', 'SYSTEM', 'S-1-5-18', 'LocalHost (Using LRPC)', 'Unavailable', 'Unavailable'","DCOM","System.String[]","10016","1/8/2019 5:52:18 PM","1/8/2019 5:52:18 PM","NT AUTHORITY\SYSTEM",,
"10016","thig1","System.Byte[]","18839","(0)","0","Error","The description for Event ID '10016' in Source 'DCOM' cannot be found.  The local computer may not have the necessary registry information or message DLL files to display the message, or you may not have permission to access them.  The following information is part of the event:'application-specific', 'Local', 'Activation', '{D63B10C5-BB46-4990-A94F-E40B9D520160}', '{9CA88EE3-ACB7-47C8-AFC4-AB702511C276}', 'NT AUTHORITY', 'LOCAL SERVICE', 'S-1-5-19', 'LocalHost (Using LRPC)', 'Unavailable', 'Unavailable'","DCOM","System.String[]","10016","1/8/2019 5:51:48 PM","1/8/2019 5:51:48 PM","NT AUTHORITY\LOCAL SERVICE",,
"7022","thig1","System.Byte[]","18838","(0)","0","Error","The System Guard Runtime Monitor Broker service hung on starting.","Service Control Manager","System.String[]","3221232494","1/8/2019 5:51:28 PM","1/8/2019 5:51:28 PM",,,
"16","thig1","System.Byte[]","18837","(0)","0","Information","The description for Event ID '16' in Source 'Microsoft-Windows-Kernel-General' cannot be found.  The local computer may not have the necessary registry information or message DLL files to display the message, or you may not have permission to access them.  The following information is part of the event:'104', '\??\C:\Users\Destiny\AppData\Local\Packages\Microsoft.Windows.Photos_8wekyb3d8bbwe\Settings\settings.dat', '41', '15'","Microsoft-Windows-Kernel-General","System.String[]","16","1/8/2019 5:50:46 PM","1/8/2019 5:50:46 PM","NT AUTHORITY\SYSTEM",,
"7022","thig1","System.Byte[]","18836","(0)","0","Error","The Intel(R) Management and Security Application Local Management Service service hung on starting.","Service Control Manager","System.String[]","3221232494","1/8/2019 5:49:12 PM","1/8/2019 5:49:12 PM",,,
"16","thig1","System.Byte[]","18835","(0)","0","Information","The description for Event ID '16' in Source 'Microsoft-Windows-Kernel-General' cannot be found.  The local computer may not have the necessary registry information or message DLL files to display the message, or you may not have permission to access them.  The following information is part of the event:'99', '\??\C:\Users\Destiny\AppData\Local\Packages\Microsoft.ZuneVideo_8wekyb3d8bbwe\Settings\settings.dat', '18', '4'","Microsoft-Windows-Kernel-General","System.String[]","16","1/8/2019 5:47:41 PM","1/8/2019 5:47:41 PM","NT AUTHORITY\SYSTEM",,
"16","thig1","System.Byte[]","18834","(0)","0","Information","The description for Event ID '16' in Source 'Microsoft-Windows-Kernel-General' cannot be found.  The local computer may not have the necessary registry information or message DLL files to display the message, or you may not have permission to access them.  The following information is part of the event:'96', '\??\C:\Users\Destiny\AppData\Local\Packages\Microsoft.People_8wekyb3d8bbwe\Settings\settings.dat', '3', '1'","Microsoft-Windows-Kernel-General","System.String[]","16","1/8/2019 5:47:02 PM","1/8/2019 5:47:02 PM","NT AUTHORITY\SYSTEM",,
"7040","thig1","System.Byte[]","18833","(0)","0","Information","The start type of the Background Intelligent Transfer Service service was changed from auto start to demand start.","Service Control Manager","System.String[]","1073748864","1/8/2019 5:46:48 PM","1/8/2019 5:46:48 PM","NT AUTHORITY\SYSTEM",,
"16","thig1","System.Byte[]","18832","(0)","0","Information","The description for Event ID '16' in Source 'Microsoft-Windows-Kernel-General' cannot be found.  The local computer may not have the necessary registry information or message DLL files to display the message, or you may not have permission to access them.  The following information is part of the event:'115', '\??\C:\Users\Destiny\AppData\Local\Packages\microsoft.windowscommunicationsapps_8wekyb3d8bbwe\Settings\settings.dat', '156', '41'","Microsoft-Windows-Kernel-General","System.String[]","16","1/8/2019 5:46:38 PM","1/8/2019 5:46:38 PM","NT AUTHORITY\SYSTEM",,
"10010","thig1","System.Byte[]","18831","(0)","0","Error","The description for Event ID '10010' in Source 'DCOM' cannot be found.  The local computer may not have the necessary registry information or message DLL files to display the message, or you may not have permission to access them.  The following information is part of the event:'{784E29F4-5EBE-4279-9948-1E8FE941646D}'","DCOM","System.String[]","10010","1/8/2019 5:46:17 PM","1/8/2019 5:46:17 PM","NT AUTHORITY\SYSTEM",,
"7011","thig1","System.Byte[]","18830","(0)","0","Error","A timeout (30000 milliseconds) was reached while waiting for a transaction response from the wuauserv service.","Service Control Manager","System.String[]","3221232483","1/8/2019 5:46:17 PM","1/8/2019 5:46:17 PM",,,
"10010","thig1","System.Byte[]","18829","(0)","0","Error","The description for Event ID '10010' in Source 'DCOM' cannot be found.  The local computer may not have the necessary registry information or message DLL files to display the message, or you may not have permission to access them.  The following information is part of the event:'{B91D5831-B1BD-4608-8198-D72E155020F7}'","DCOM","System.String[]","10010","1/8/2019 5:46:16 PM","1/8/2019 5:46:16 PM","NT AUTHORITY\SYSTEM",,
"16","thig1","System.Byte[]","18828","(0)","0","Information","The description for Event ID '16' in Source 'Microsoft-Windows-Kernel-General' cannot be found.  The local computer may not have the necessary registry information or message DLL files to display the message, or you may not have permission to access them.  The following information is part of the event:'103', '\??\C:\Users\Destiny\AppData\Local\Packages\Microsoft.MicrosoftEdge_8wekyb3d8bbwe\Settings\settings.dat', '5', '1'","Microsoft-Windows-Kernel-General","System.String[]","16","1/8/2019 5:46:10 PM","1/8/2019 5:46:10 PM","NT AUTHORITY\SYSTEM",,
"16","thig1","System.Byte[]","18827","(0)","0","Information","The description for Event ID '16' in Source 'Microsoft-Windows-Kernel-General' cannot be found.  The local computer may not have the necessary registry information or message DLL files to display the message, or you may not have permission to access them.  The following information is part of the event:'105', '\??\C:\Users\Destiny\AppData\Local\Packages\Microsoft.Windows.Cortana_cw5n1h2txyewy\Settings\settings.dat', '149', '46'","Microsoft-Windows-Kernel-General","System.String[]","16","1/8/2019 5:45:46 PM","1/8/2019 5:45:46 PM","NT AUTHORITY\SYSTEM",,
"16","thig1","System.Byte[]","18826","(0)","0","Information","The description for Event ID '16' in Source 'Microsoft-Windows-Kernel-General' cannot be found.  The local computer may not have the necessary registry information or message DLL files to display the message, or you may not have permission to access them.  The following information is part of the event:'117', '\??\C:\Users\Destiny\AppData\Local\Packages\Microsoft.Windows.ShellExperienceHost_cw5n1h2txyewy\Settings\settings.dat', '7', '2'","Microsoft-Windows-Kernel-General","System.String[]","16","1/8/2019 5:45:28 PM","1/8/2019 5:45:28 PM","NT AUTHORITY\SYSTEM",,
"7000","thig1","System.Byte[]","18825","(0)","0","Error","The Windows Presentation Foundation Font Cache 3.0.0.0 service failed to start due to the following error: 
%%1053","Service Control Manager","System.String[]","3221232472","1/8/2019 5:44:17 PM","1/8/2019 5:44:17 PM",,,
"7009","thig1","System.Byte[]","18824","(0)","0","Error","A timeout was reached (30000 milliseconds) while waiting for the Windows Presentation Foundation Font Cache 3.0.0.0 service to connect.","Service Control Manager","System.String[]","3221232481","1/8/2019 5:44:17 PM","1/8/2019 5:44:17 PM",,,
"7000","thig1","System.Byte[]","18823","(0)","0","Error","The Windows Presentation Foundation Font Cache 3.0.0.0 service failed to start due to the following error: 
%%1053","Service Control Manager","System.String[]","3221232472","1/8/2019 5:43:46 PM","1/8/2019 5:43:46 PM",,,
"7009","thig1","System.Byte[]","18822","(0)","0","Error","A timeout was reached (30000 milliseconds) while waiting for the FontCache3.0.0.0 service to connect.","Service Control Manager","System.String[]","3221232481","1/8/2019 5:43:46 PM","1/8/2019 5:43:46 PM",,,
"10016","thig1","System.Byte[]","18821","(0)","0","Error","The description for Event ID '10016' in Source 'DCOM' cannot be found.  The local computer may not have the necessary registry information or message DLL files to display the message, or you may not have permission to access them.  The following information is part of the event:'application-specific', 'Local', 'Activation', '{6B3B8D23-FA8D-40B9-8DBD-B950333E2C52}', '{4839DDB7-58C2-48F5-8283-E1D1807D0D7D}', 'NT AUTHORITY', 'LOCAL SERVICE', 'S-1-5-19', 'LocalHost (Using LRPC)', 'Unavailable', 'Unavailable'","DCOM","System.String[]","10016","1/8/2019 5:43:32 PM","1/8/2019 5:43:32 PM","NT AUTHORITY\LOCAL SERVICE",,
"10016","thig1","System.Byte[]","18820","(0)","0","Error","The description for Event ID '10016' in Source 'DCOM' cannot be found.  The local computer may not have the necessary registry information or message DLL files to display the message, or you may not have permission to access them.  The following information is part of the event:'application-specific', 'Local', 'Activation', '{6B3B8D23-FA8D-40B9-8DBD-B950333E2C52}', '{4839DDB7-58C2-48F5-8283-E1D1807D0D7D}', 'NT AUTHORITY', 'LOCAL SERVICE', 'S-1-5-19', 'LocalHost (Using LRPC)', 'Unavailable', 'Unavailable'","DCOM","System.String[]","10016","1/8/2019 5:43:32 PM","1/8/2019 5:43:32 PM","NT AUTHORITY\LOCAL SERVICE",,
"10016","thig1","System.Byte[]","18819","(0)","0","Error","The description for Event ID '10016' in Source 'DCOM' cannot be found.  The local computer may not have the necessary registry information or message DLL files to display the message, or you may not have permission to access them.  The following information is part of the event:'application-specific', 'Local', 'Activation', '{D63B10C5-BB46-4990-A94F-E40B9D520160}', '{9CA88EE3-ACB7-47C8-AFC4-AB702511C276}', 'NT AUTHORITY', 'LOCAL SERVICE', 'S-1-5-19', 'LocalHost (Using LRPC)', 'Unavailable', 'Unavailable'","DCOM","System.String[]","10016","1/8/2019 5:43:23 PM","1/8/2019 5:43:23 PM","NT AUTHORITY\LOCAL SERVICE",,
"16","thig1","System.Byte[]","18818","(0)","0","Information","The description for Event ID '16' in Source 'Microsoft-Windows-Kernel-General' cannot be found.  The local computer may not have the necessary registry information or message DLL files to display the message, or you may not have permission to access them.  The following information is part of the event:'65', '\??\C:\Users\Destiny\AppData\Local\Microsoft\Windows\UsrClass.dat', '38118', '3315'","Microsoft-Windows-Kernel-General","System.String[]","16","1/8/2019 5:43:13 PM","1/8/2019 5:43:13 PM","NT AUTHORITY\SYSTEM",,
"7001","thig1","System.Byte[]","18817","(1101)","1101","Information","User Logon Notification for Customer Experience Improvement Program","Microsoft-Windows-Winlogon","System.String[]","7001","1/8/2019 5:43:12 PM","1/8/2019 5:43:12 PM","NT AUTHORITY\SYSTEM",,
"16","thig1","System.Byte[]","18816","(0)","0","Information","The description for Event ID '16' in Source 'Microsoft-Windows-Kernel-General' cannot be found.  The local computer may not have the necessary registry information or message DLL files to display the message, or you may not have permission to access them.  The following information is part of the event:'31', '\??\C:\Users\Default\NTUSER.DAT', '8', '5'","Microsoft-Windows-Kernel-General","System.String[]","16","1/8/2019 5:42:22 PM","1/8/2019 5:42:22 PM","NT AUTHORITY\SYSTEM",,
"16","thig1","System.Byte[]","18815","(0)","0","Information","The description for Event ID '16' in Source 'Microsoft-Windows-Kernel-General' cannot be found.  The local computer may not have the necessary registry information or message DLL files to display the message, or you may not have permission to access them.  The following information is part of the event:'32', '\??\C:\Users\quiknote\NTUSER.DAT', '10', '6'","Microsoft-Windows-Kernel-General","System.String[]","16","1/8/2019 5:42:20 PM","1/8/2019 5:42:20 PM","NT AUTHORITY\SYSTEM",,
"16","thig1","System.Byte[]","18814","(0)","0","Information","The description for Event ID '16' in Source 'Microsoft-Windows-Kernel-General' cannot be found.  The local computer may not have the necessary registry information or message DLL files to display the message, or you may not have permission to access them.  The following information is part of the event:'38', '\??\C:\Users\DefaultAppPool\NTUSER.DAT', '10', '6'","Microsoft-Windows-Kernel-General","System.String[]","16","1/8/2019 5:42:18 PM","1/8/2019 5:42:18 PM","NT AUTHORITY\SYSTEM",,
"16","thig1","System.Byte[]","18813","(0)","0","Information","The description for Event ID '16' in Source 'Microsoft-Windows-Kernel-General' cannot be found.  The local computer may not have the necessary registry information or message DLL files to display the message, or you may not have permission to access them.  The following information is part of the event:'38', '\??\C:\Users\SQLSERVERAGENT\NTUSER.DAT', '10', '6'","Microsoft-Windows-Kernel-General","System.String[]","16","1/8/2019 5:42:15 PM","1/8/2019 5:42:15 PM","NT AUTHORITY\SYSTEM",,
"15","thig1","System.Byte[]","18812","(0)","0","Information","The description for Event ID '15' in Source 'Microsoft-Windows-Kernel-General' cannot be found.  The local computer may not have the necessary registry information or message DLL files to display the message, or you may not have permission to access them.  The following information is part of the event:'31', '\??\C:\Users\Destiny\NTUSER.DAT', '18100224', '17969152'","Microsoft-Windows-Kernel-General","System.String[]","15","1/8/2019 5:42:13 PM","1/8/2019 5:42:13 PM","NT AUTHORITY\SYSTEM",,
"98","thig1","System.Byte[]","18811","(0)","0","Information","The description for Event ID '98' in Source 'Microsoft-Windows-Ntfs' cannot be found.  The local computer may not have the necessary registry information or message DLL files to display the message, or you may not have permission to access them.  The following information is part of the event:'??', '\Device\HarddiskVolume3', '0'","Microsoft-Windows-Ntfs","System.String[]","98","1/8/2019 5:42:00 PM","1/8/2019 5:42:00 PM","NT AUTHORITY\SYSTEM",,
"7026","thig1","System.Byte[]","18810","(0)","0","Information","The following boot-start or system-start driver(s) did not load: 
dam","Service Control Manager","System.String[]","3221232498","1/8/2019 5:41:53 PM","1/8/2019 5:41:53 PM",,,
"7000","thig1","System.Byte[]","18809","(0)","0","Error","The dts_apo_service service failed to start due to the following error: 
%%1053","Service Control Manager","System.String[]","3221232472","1/8/2019 5:41:48 PM","1/8/2019 5:41:48 PM",,,
"7009","thig1","System.Byte[]","18808","(0)","0","Error","A timeout was reached (30000 milliseconds) while waiting for the dts_apo_service service to connect.","Service Control Manager","System.String[]","3221232481","1/8/2019 5:41:48 PM","1/8/2019 5:41:48 PM",,,
"7009","thig1","System.Byte[]","18807","(0)","0","Error","A timeout was reached (30000 milliseconds) while waiting for the HiPatchService service to connect.","Service Control Manager","System.String[]","3221232481","1/8/2019 5:41:47 PM","1/8/2019 5:41:47 PM",,,
"7009","thig1","System.Byte[]","18806","(0)","0","Error","A timeout was reached (30000 milliseconds) while waiting for the com.docker.service service to connect.","Service Control Manager","System.String[]","3221232481","1/8/2019 5:41:47 PM","1/8/2019 5:41:47 PM",,,
"16","thig1","System.Byte[]","18805","(0)","0","Information","The description for Event ID '16' in Source 'Microsoft-Windows-Kernel-General' cannot be found.  The local computer may not have the necessary registry information or message DLL files to display the message, or you may not have permission to access them.  The following information is part of the event:'45', '\??\C:\WINDOWS\AppCompat\Programs\Amcache.hve', '6429', '2362'","Microsoft-Windows-Kernel-General","System.String[]","16","1/8/2019 5:41:46 PM","1/8/2019 5:41:46 PM","NT AUTHORITY\SYSTEM",,
"10001","thig1","System.Byte[]","18804","(0)","0","Information","WLAN Extensibility Module has successfully started.

Module Path: C:\WINDOWS\System32\IWMSSvc.dll
","Microsoft-Windows-WLAN-AutoConfig","System.String[]","10001","1/8/2019 5:41:46 PM","1/8/2019 5:41:46 PM","NT AUTHORITY\SYSTEM",,
"37","thig1","System.Byte[]","18803","(7)","7","Warning","The speed of Hyper-V logical processor 3 is being limited by system firmware. The processor has been in this reduced performance state for 71 seconds since the last report.","Microsoft-Windows-Kernel-Processor-Power","System.String[]","37","1/8/2019 5:41:44 PM","1/8/2019 5:41:44 PM","NT AUTHORITY\SYSTEM",,
"37","thig1","System.Byte[]","18802","(7)","7","Warning","The speed of Hyper-V logical processor 0 is being limited by system firmware. The processor has been in this reduced performance state for 71 seconds since the last report.","Microsoft-Windows-Kernel-Processor-Power","System.String[]","37","1/8/2019 5:41:44 PM","1/8/2019 5:41:44 PM","NT AUTHORITY\SYSTEM",,
"37","thig1","System.Byte[]","18801","(7)","7","Warning","The speed of Hyper-V logical processor 2 is being limited by system firmware. The processor has been in this reduced performance state for 71 seconds since the last report.","Microsoft-Windows-Kernel-Processor-Power","System.String[]","37","1/8/2019 5:41:44 PM","1/8/2019 5:41:44 PM","NT AUTHORITY\SYSTEM",,
"37","thig1","System.Byte[]","18800","(7)","7","Warning","The speed of Hyper-V logical processor 1 is being limited by system firmware. The processor has been in this reduced performance state for 71 seconds since the last report.","Microsoft-Windows-Kernel-Processor-Power","System.String[]","37","1/8/2019 5:41:44 PM","1/8/2019 5:41:44 PM","NT AUTHORITY\SYSTEM",,
"7024","thig1","System.Byte[]","18799","(0)","0","Error","The MSSQLSERVER service terminated with the following service-specific error: 
%%17051","Service Control Manager","System.String[]","3221232496","1/8/2019 5:41:41 PM","1/8/2019 5:41:41 PM",,,
"4000","thig1","System.Byte[]","18798","(0)","0","Information","WLAN AutoConfig service has successfully started.
","Microsoft-Windows-WLAN-AutoConfig","System.String[]","4000","1/8/2019 5:41:26 PM","1/8/2019 5:41:26 PM","NT AUTHORITY\SYSTEM",,
"16","thig1","System.Byte[]","18797","(0)","0","Information","The description for Event ID '16' in Source 'Microsoft-Windows-Kernel-General' cannot be found.  The local computer may not have the necessary registry information or message DLL files to display the message, or you may not have permission to access them.  The following information is part of the event:'70', '\??\C:\Users\SQLTELEMETRY\AppData\Local\Microsoft\Windows\UsrClass.dat', '7', '1'","Microsoft-Windows-Kernel-General","System.String[]","16","1/8/2019 5:41:19 PM","1/8/2019 5:41:19 PM","NT AUTHORITY\SYSTEM",,
"5211","thig1","System.Byte[]","18796","(0)","0","Information","The Windows Process Activation Service (WAS) started with 'Classic' mode using 'ConfigurationSystem'","WAS","System.String[]","1073747035","1/8/2019 5:41:21 PM","1/8/2019 5:41:21 PM",,,
"16","thig1","System.Byte[]","18795","(0)","0","Information","The description for Event ID '16' in Source 'Microsoft-Windows-Kernel-General' cannot be found.  The local computer may not have the necessary registry information or message DLL files to display the message, or you may not have permission to access them.  The following information is part of the event:'69', '\??\C:\Users\MSSQLSERVER\AppData\Local\Microsoft\Windows\UsrClass.dat', '7', '1'","Microsoft-Windows-Kernel-General","System.String[]","16","1/8/2019 5:41:19 PM","1/8/2019 5:41:19 PM","NT AUTHORITY\SYSTEM",,
"16","thig1","System.Byte[]","18794","(0)","0","Information","The description for Event ID '16' in Source 'Microsoft-Windows-Kernel-General' cannot be found.  The local computer may not have the necessary registry information or message DLL files to display the message, or you may not have permission to access them.  The following information is part of the event:'36', '\??\C:\Users\SQLTELEMETRY\ntuser.dat', '59', '21'","Microsoft-Windows-Kernel-General","System.String[]","16","1/8/2019 5:41:18 PM","1/8/2019 5:41:18 PM","NT AUTHORITY\SYSTEM",,
"16","thig1","System.Byte[]","18793","(0)","0","Information","The description for Event ID '16' in Source 'Microsoft-Windows-Kernel-General' cannot be found.  The local computer may not have the necessary registry information or message DLL files to display the message, or you may not have permission to access them.  The following information is part of the event:'35', '\??\C:\Users\MSSQLSERVER\ntuser.dat', '79', '23'","Microsoft-Windows-Kernel-General","System.String[]","16","1/8/2019 5:41:18 PM","1/8/2019 5:41:18 PM","NT AUTHORITY\SYSTEM",,
"7000","thig1","System.Byte[]","18792","(0)","0","Error","The OracleMTSRecoveryService service failed to start due to the following error: 
%%2","Service Control Manager","System.String[]","3221232472","1/8/2019 5:41:17 PM","1/8/2019 5:41:17 PM",,,
"51046","thig1","System.Byte[]","18791","(4)","4","Information","DHCPv6 client service is started","Microsoft-Windows-DHCPv6-Client","System.String[]","51046","1/8/2019 5:41:13 PM","1/8/2019 5:41:13 PM","NT AUTHORITY\LOCAL SERVICE",,
"50103","thig1","System.Byte[]","18790","(4)","4","Information","DHCPv4 client registered for shutdown notification","Microsoft-Windows-Dhcp-Client","System.String[]","50103","1/8/2019 5:41:12 PM","1/8/2019 5:41:12 PM","NT AUTHORITY\LOCAL SERVICE",,
"50036","thig1","System.Byte[]","18789","(4)","4","Information","DHCPv4 client service is started","Microsoft-Windows-Dhcp-Client","System.String[]","50036","1/8/2019 5:41:12 PM","1/8/2019 5:41:12 PM","NT AUTHORITY\LOCAL SERVICE",,
"11","thig1","System.Byte[]","18788","(0)","0","Warning","Custom dynamic link libraries are being loaded for every application. The system administrator should review the list of libraries to ensure they are related to trusted applications. Please visit http://support.microsoft.com/kb/197571 for more information.","Microsoft-Windows-Wininit","System.String[]","11","1/8/2019 5:41:12 PM","1/8/2019 5:41:12 PM","NT AUTHORITY\SYSTEM",,
"16","thig1","System.Byte[]","18787","(0)","0","Information","The description for Event ID '16' in Source 'Microsoft-Windows-Kernel-General' cannot be found.  The local computer may not have the necessary registry information or message DLL files to display the message, or you may not have permission to access them.  The following information is part of the event:'42', '\SystemRoot\System32\Config\bbimigrate\BBI', '1', '1'","Microsoft-Windows-Kernel-General","System.String[]","16","1/8/2019 5:41:07 PM","1/8/2019 5:41:07 PM","NT AUTHORITY\SYSTEM",,
"6","thig1","System.Byte[]","18786","(0)","0","Information","File System Filter 'storqosflt' (10.0, 2070-05-04T15:57:57.000000000Z) has successfully loaded and registered with Filter Manager.","Microsoft-Windows-FilterManager","System.String[]","6","1/8/2019 5:41:06 PM","1/8/2019 5:41:06 PM","NT AUTHORITY\SYSTEM",,
"6","thig1","System.Byte[]","18785","(0)","0","Information","File System Filter 'CldFlt' (10.0, 2046-11-06T10:33:22.000000000Z) has successfully loaded and registered with Filter Manager.","Microsoft-Windows-FilterManager","System.String[]","6","1/8/2019 5:41:06 PM","1/8/2019 5:41:06 PM","NT AUTHORITY\SYSTEM",,
"1","thig1","System.Byte[]","18784","(0)","0","Information","File System Filter 'CldFlt' (Version 10.0, 2046-11-06T10:33:22.000000000Z) unloaded successfully.","Microsoft-Windows-FilterManager","System.String[]","1","1/8/2019 5:41:06 PM","1/8/2019 5:41:06 PM","NT AUTHORITY\SYSTEM",,
"6","thig1","System.Byte[]","18783","(0)","0","Information","File System Filter 'CldFlt' (10.0, 2046-11-06T10:33:22.000000000Z) has successfully loaded and registered with Filter Manager.","Microsoft-Windows-FilterManager","System.String[]","6","1/8/2019 5:41:06 PM","1/8/2019 5:41:06 PM","NT AUTHORITY\SYSTEM",,
"6","thig1","System.Byte[]","18782","(0)","0","Information","File System Filter 'luafv' (10.0, 2043-06-20T14:30:28.000000000Z) has successfully loaded and registered with Filter Manager.","Microsoft-Windows-FilterManager","System.String[]","6","1/8/2019 5:41:06 PM","1/8/2019 5:41:06 PM","NT AUTHORITY\SYSTEM",,
"6","thig1","System.Byte[]","18781","(0)","0","Information","File System Filter 'wcifs' (10.0, 2024-12-16T20:40:30.000000000Z) has successfully loaded and registered with Filter Manager.","Microsoft-Windows-FilterManager","System.String[]","6","1/8/2019 5:41:06 PM","1/8/2019 5:41:06 PM","NT AUTHORITY\SYSTEM",,
"16","thig1","System.Byte[]","18780","(0)","0","Information","The description for Event ID '16' in Source 'Microsoft-Windows-Kernel-General' cannot be found.  The local computer may not have the necessary registry information or message DLL files to display the message, or you may not have permission to access them.  The following information is part of the event:'31', '\SystemRoot\System32\Config\BBI', '409', '101'","Microsoft-Windows-Kernel-General","System.String[]","16","1/8/2019 5:41:06 PM","1/8/2019 5:41:06 PM","NT AUTHORITY\SYSTEM",,
"16","thig1","System.Byte[]","18779","(0)","0","Information","The description for Event ID '16' in Source 'Microsoft-Windows-Kernel-General' cannot be found.  The local computer may not have the necessary registry information or message DLL files to display the message, or you may not have permission to access them.  The following information is part of the event:'56', '\??\C:\WINDOWS\ServiceProfiles\NetworkService\NTUSER.DAT', '114', '24'","Microsoft-Windows-Kernel-General","System.String[]","16","1/8/2019 5:41:04 PM","1/8/2019 5:41:04 PM","NT AUTHORITY\SYSTEM",,
"16","thig1","System.Byte[]","18778","(0)","0","Information","The description for Event ID '16' in Source 'Microsoft-Windows-Kernel-General' cannot be found.  The local computer may not have the necessary registry information or message DLL files to display the message, or you may not have permission to access them.  The following information is part of the event:'54', '\??\C:\WINDOWS\ServiceProfiles\LocalService\NTUSER.DAT', '93', '25'","Microsoft-Windows-Kernel-General","System.String[]","16","1/8/2019 5:41:03 PM","1/8/2019 5:41:03 PM","NT AUTHORITY\SYSTEM",,
"16962","thig1","System.Byte[]","18777","(0)","0","Information","Remote calls to the SAM database are being restricted using the default security descriptor: O:SYG:SYD:(A;;RC;;;BA).
For more information please see http://go.microsoft.com/fwlink/?LinkId=787651.","Microsoft-Windows-Directory-Services-SAM","System.String[]","16962","1/8/2019 5:41:03 PM","1/8/2019 5:41:03 PM","NT AUTHORITY\SYSTEM",,
"16","thig1","System.Byte[]","18776","(0)","0","Information","The description for Event ID '16' in Source 'Microsoft-Windows-Kernel-General' cannot be found.  The local computer may not have the necessary registry information or message DLL files to display the message, or you may not have permission to access them.  The following information is part of the event:'31', '\SystemRoot\System32\Config\SAM', '82', '8'","Microsoft-Windows-Kernel-General","System.String[]","16","1/8/2019 5:41:02 PM","1/8/2019 5:41:02 PM","NT AUTHORITY\SYSTEM",,
"16","thig1","System.Byte[]","18775","(0)","0","Information","The description for Event ID '16' in Source 'Microsoft-Windows-Kernel-General' cannot be found.  The local computer may not have the necessary registry information or message DLL files to display the message, or you may not have permission to access them.  The following information is part of the event:'36', '\SystemRoot\System32\Config\SECURITY', '126', '8'","Microsoft-Windows-Kernel-General","System.String[]","16","1/8/2019 5:41:02 PM","1/8/2019 5:41:02 PM","NT AUTHORITY\SYSTEM",,
"14","thig1","System.Byte[]","18774","(0)","0","Information","Credential Guard (LsaIso.exe) configuration: 0, 0","Microsoft-Windows-Wininit","System.String[]","14","1/8/2019 5:41:02 PM","1/8/2019 5:41:02 PM","NT AUTHORITY\SYSTEM",,
"15","thig1","System.Byte[]","18773","(0)","0","Information","The description for Event ID '15' in Source 'Microsoft-Windows-Kernel-General' cannot be found.  The local computer may not have the necessary registry information or message DLL files to display the message, or you may not have permission to access them.  The following information is part of the event:'35', '\SystemRoot\System32\Config\DEFAULT', '4808704', '4788224'","Microsoft-Windows-Kernel-General","System.String[]","15","1/8/2019 5:40:53 PM","1/8/2019 5:40:53 PM","NT AUTHORITY\SYSTEM",,
"15","thig1","System.Byte[]","18772","(0)","0","Information","The description for Event ID '15' in Source 'Microsoft-Windows-Kernel-General' cannot be found.  The local computer may not have the necessary registry information or message DLL files to display the message, or you may not have permission to access them.  The following information is part of the event:'36', '\SystemRoot\System32\Config\SOFTWARE', '233992192', '222969856'","Microsoft-Windows-Kernel-General","System.String[]","15","1/8/2019 5:40:51 PM","1/8/2019 5:40:51 PM","NT AUTHORITY\SYSTEM",,
"16","thig1","System.Byte[]","18771","(0)","0","Information","The description for Event ID '16' in Source 'Microsoft-Windows-Kernel-General' cannot be found.  The local computer may not have the necessary registry information or message DLL files to display the message, or you may not have permission to access them.  The following information is part of the event:'46', '\Device\HarddiskVolume2\EFI\Microsoft\Boot\BCD', '91', '14'","Microsoft-Windows-Kernel-General","System.String[]","16","1/8/2019 5:40:38 PM","1/8/2019 5:40:38 PM","NT AUTHORITY\SYSTEM",,
"98","thig1","System.Byte[]","18770","(0)","0","Information","The description for Event ID '98' in Source 'Microsoft-Windows-Ntfs' cannot be found.  The local computer may not have the necessary registry information or message DLL files to display the message, or you may not have permission to access them.  The following information is part of the event:'\\?\Volume{eeec4c77-a7ff-11e4-813b-2c600c567e45}', '\Device\HarddiskVolume6', '0'","Microsoft-Windows-Ntfs","System.String[]","98","1/8/2019 5:40:38 PM","1/8/2019 5:40:38 PM","NT AUTHORITY\SYSTEM",,
"98","thig1","System.Byte[]","18769","(0)","0","Information","The description for Event ID '98' in Source 'Microsoft-Windows-Ntfs' cannot be found.  The local computer may not have the necessary registry information or message DLL files to display the message, or you may not have permission to access them.  The following information is part of the event:'\\?\Volume{e5ff2107-7542-11e4-aea1-c260400251e4}', '\Device\HarddiskVolume1', '0'","Microsoft-Windows-Ntfs","System.String[]","98","1/8/2019 5:40:37 PM","1/8/2019 5:40:37 PM","NT AUTHORITY\SYSTEM",,
"98","thig1","System.Byte[]","18768","(0)","0","Information","The description for Event ID '98' in Source 'Microsoft-Windows-Ntfs' cannot be found.  The local computer may not have the necessary registry information or message DLL files to display the message, or you may not have permission to access them.  The following information is part of the event:'\\?\Volume{6d7e0a30-4e47-44f1-8321-9376da38b906}', '\Device\HarddiskVolume5', '0'","Microsoft-Windows-Ntfs","System.String[]","98","1/8/2019 5:40:37 PM","1/8/2019 5:40:37 PM","NT AUTHORITY\SYSTEM",,
"34","thig1","System.Byte[]","18767","(0)","0","Warning","The local adapter does not support an important Low Energy controller state to support peripheral mode.  The minimum required supported state mask is 0x491f7fffff, got 0x1fffffff.  Low Energy peripheral role functionality will not be available.","BTHUSB","System.String[]","2147811362","1/8/2019 5:40:35 PM","1/8/2019 5:40:35 PM",,,
"18","thig1","System.Byte[]","18766","(0)","0","Information","Windows cannot store Bluetooth authentication codes (link keys) on the local adapter. Bluetooth keyboards might not work in the system BIOS during startup.","BTHUSB","System.String[]","1074069522","1/8/2019 5:40:35 PM","1/8/2019 5:40:35 PM",,,
"521","thig1","System.Byte[]","18765","(220)","220","Information","The description for Event ID '521' in Source 'Microsoft-Windows-Kernel-Power' cannot be found.  The local computer may not have the necessary registry information or message DLL files to display the message, or you may not have permission to access them.  The following information is part of the event:'1', '0', '0'","Microsoft-Windows-Kernel-Power","System.String[]","521","1/8/2019 5:40:34 PM","1/8/2019 5:40:34 PM","NT AUTHORITY\SYSTEM",,
"521","thig1","System.Byte[]","18764","(220)","220","Information","The description for Event ID '521' in Source 'Microsoft-Windows-Kernel-Power' cannot be found.  The local computer may not have the necessary registry information or message DLL files to display the message, or you may not have permission to access them.  The following information is part of the event:'0', '0', '0'","Microsoft-Windows-Kernel-Power","System.String[]","521","1/8/2019 5:40:33 PM","1/8/2019 5:40:33 PM","NT AUTHORITY\SYSTEM",,
"55","thig1","System.Byte[]","18763","(47)","47","Information","Hyper-V logical processor 3 exposes the following power management capabilities:

Idle state type: 1 (3 state(s))

Performance state type: 1
Nominal Frequency (MHz): 2601
Maximum performance percentage: 100
Minimum performance percentage: 28
Minimum throttle percentage: 3","Microsoft-Windows-Kernel-Processor-Power","System.String[]","55","1/8/2019 5:40:33 PM","1/8/2019 5:40:33 PM","NT AUTHORITY\SYSTEM",,
"55","thig1","System.Byte[]","18762","(47)","47","Information","Hyper-V logical processor 2 exposes the following power management capabilities:

Idle state type: 1 (3 state(s))

Performance state type: 1
Nominal Frequency (MHz): 2601
Maximum performance percentage: 100
Minimum performance percentage: 28
Minimum throttle percentage: 3","Microsoft-Windows-Kernel-Processor-Power","System.String[]","55","1/8/2019 5:40:33 PM","1/8/2019 5:40:33 PM","NT AUTHORITY\SYSTEM",,
"55","thig1","System.Byte[]","18761","(47)","47","Information","Hyper-V logical processor 1 exposes the following power management capabilities:

Idle state type: 1 (3 state(s))

Performance state type: 1
Nominal Frequency (MHz): 2601
Maximum performance percentage: 100
Minimum performance percentage: 28
Minimum throttle percentage: 3","Microsoft-Windows-Kernel-Processor-Power","System.String[]","55","1/8/2019 5:40:33 PM","1/8/2019 5:40:33 PM","NT AUTHORITY\SYSTEM",,
"55","thig1","System.Byte[]","18760","(47)","47","Information","Hyper-V logical processor 0 exposes the following power management capabilities:

Idle state type: 1 (3 state(s))

Performance state type: 1
Nominal Frequency (MHz): 2601
Maximum performance percentage: 100
Minimum performance percentage: 28
Minimum throttle percentage: 3","Microsoft-Windows-Kernel-Processor-Power","System.String[]","55","1/8/2019 5:40:33 PM","1/8/2019 5:40:33 PM","NT AUTHORITY\SYSTEM",,
"7001","thig1","System.Byte[]","18759","(0)","0","Information","The description for Event ID '1610619737' in Source 'NETwNb64' cannot be found.  The local computer may not have the necessary registry information or message DLL files to display the message, or you may not have permission to access them.  The following information is part of the event:'\Device\NDMP3', 'Intel(R) Dual Band Wireless-AC 3160'","NETwNb64","System.String[]","1610619737","1/8/2019 5:40:33 PM","1/8/2019 5:40:33 PM",,,
"7001","thig1","System.Byte[]","18758","(0)","0","Information","The description for Event ID '1610619737' in Source 'NETwNb64' cannot be found.  The local computer may not have the necessary registry information or message DLL files to display the message, or you may not have permission to access them.  The following information is part of the event:'\Device\NDMP3', 'Intel(R) Dual Band Wireless-AC 3160'","NETwNb64","System.String[]","1610619737","1/8/2019 5:40:33 PM","1/8/2019 5:40:33 PM",,,
"2","thig1","System.Byte[]","18757","(0)","0","Information","Intel(R) Management Engine Interface driver has started successfully.","MEIx64","System.String[]","1074200578","1/8/2019 5:40:32 PM","1/8/2019 5:40:32 PM",,,
"7036","thig1","System.Byte[]","18756","(0)","0","Information","The \Device\NDMP3 service entered the Intel(R) Dual Band Wireless-AC 3160 state.","NETwNb64","System.String[]","1073748860","1/8/2019 5:40:32 PM","1/8/2019 5:40:32 PM",,,
"219","thig1","System.Byte[]","18755","(212)","212","Warning","The driver \Driver\WudfRd failed to load for the device ROOT\WPD\0000.","Microsoft-Windows-Kernel-PnP","System.String[]","219","1/8/2019 5:40:27 PM","1/8/2019 5:40:27 PM","NT AUTHORITY\SYSTEM",,
"10118","thig1","System.Byte[]","18754","(101)","101","Information","UMDF reflector is unable to connect to service control manager (SCM). This is expected during boot, when SCM has not started yet. Will retry when it starts.","Microsoft-Windows-DriverFrameworks-UserMode","System.String[]","10118","1/8/2019 5:40:27 PM","1/8/2019 5:40:27 PM","NT AUTHORITY\SYSTEM",,
"172","thig1","System.Byte[]","18753","(203)","203","Information","The description for Event ID '172' in Source 'Microsoft-Windows-Kernel-Power' cannot be found.  The local computer may not have the necessary registry information or message DLL files to display the message, or you may not have permission to access them.  The following information is part of the event:'2', '6'","Microsoft-Windows-Kernel-Power","System.String[]","172","1/8/2019 5:40:15 PM","1/8/2019 5:40:15 PM","NT AUTHORITY\SYSTEM",,
"6","thig1","System.Byte[]","18752","(0)","0","Information","File System Filter 'npsvctrig' (10.0, 2094-02-20T05:14:30.000000000Z) has successfully loaded and registered with Filter Manager.","Microsoft-Windows-FilterManager","System.String[]","6","1/8/2019 5:40:14 PM","1/8/2019 5:40:14 PM","NT AUTHORITY\SYSTEM",,
"6","thig1","System.Byte[]","18751","(0)","0","Information","File System Filter 'FileCrypt' (10.0, 2070-12-15T18:13:56.000000000Z) has successfully loaded and registered with Filter Manager.","Microsoft-Windows-FilterManager","System.String[]","6","1/8/2019 5:40:12 PM","1/8/2019 5:40:12 PM","NT AUTHORITY\SYSTEM",,
"98","thig1","System.Byte[]","18750","(0)","0","Information","The description for Event ID '98' in Source 'Microsoft-Windows-Ntfs' cannot be found.  The local computer may not have the necessary registry information or message DLL files to display the message, or you may not have permission to access them.  The following information is part of the event:'C:', '\Device\HarddiskVolume4', '0'","Microsoft-Windows-Ntfs","System.String[]","98","1/8/2019 5:40:10 PM","1/8/2019 5:40:10 PM","NT AUTHORITY\SYSTEM",,
"6","thig1","System.Byte[]","18749","(0)","0","Information","File System Filter 'WdFilter' (10.0, 1980-04-16T01:44:02.000000000Z) has successfully loaded and registered with Filter Manager.","Microsoft-Windows-FilterManager","System.String[]","6","1/8/2019 5:40:07 PM","1/8/2019 5:40:07 PM","NT AUTHORITY\SYSTEM",,
"6","thig1","System.Byte[]","18748","(0)","0","Information","File System Filter 'Wof' (10.0, 2036-09-29T08:47:10.000000000Z) has successfully loaded and registered with Filter Manager.","Microsoft-Windows-FilterManager","System.String[]","6","1/8/2019 5:40:07 PM","1/8/2019 5:40:07 PM","NT AUTHORITY\SYSTEM",,
